2024/11/26 19:03:11 - __main__ - INFO - 65 - main - Namespace(batch_size=512, dataset='ml-1m', decay_step=100, description='Diffu_norm_score', device='cuda', diffusion_steps=32, diversity_measure=False, dropout=0.1, emb_dropout=0.3, epoch_time_avg=False, epochs=500, eval_interval=20, gamma=0.1, hidden_act='gelu', hidden_size=128, lambda_uncertainty=0.001, log_file='log/', long_head=False, loss_lambda=0.001, lr=0.001, max_len=50, metric_ks=[5, 10, 20], momentum=None, noise_schedule='trunc_lin', num_blocks=4, num_gpu=1, optimizer='Adam', patience=5, random_seed=1997, rescale_timesteps=True, schedule_sampler_name='lossaware', weight_decay=0)
2024/11/26 19:04:09 - __main__ - INFO - 72 - trainer - Epoch: 0
2024/11/26 19:04:10 - __main__ - INFO - 88 - trainer - [0/1919] Loss: 35.1524
2024/11/26 19:09:23 - __main__ - INFO - 88 - trainer - [384/1919] Loss: 13.1203
2024/11/26 19:14:39 - __main__ - INFO - 88 - trainer - [768/1919] Loss: 8.2499
2024/11/26 19:19:51 - __main__ - INFO - 88 - trainer - [1152/1919] Loss: 7.8802
2024/11/26 19:25:12 - __main__ - INFO - 88 - trainer - [1536/1919] Loss: 7.6077
2024/11/26 19:30:19 - __main__ - INFO - 72 - trainer - Epoch: 1
2024/11/26 19:30:20 - __main__ - INFO - 88 - trainer - [0/1919] Loss: 7.5899
2024/11/26 19:35:27 - __main__ - INFO - 88 - trainer - [384/1919] Loss: 7.5611
2024/11/26 19:40:39 - __main__ - INFO - 88 - trainer - [768/1919] Loss: 7.5760
2024/11/26 19:45:55 - __main__ - INFO - 88 - trainer - [1152/1919] Loss: 7.5331
2024/11/26 19:51:08 - __main__ - INFO - 88 - trainer - [1536/1919] Loss: 7.4903
2024/11/26 19:56:31 - __main__ - INFO - 72 - trainer - Epoch: 2
2024/11/26 19:56:32 - __main__ - INFO - 88 - trainer - [0/1919] Loss: 7.4673
2024/11/26 20:01:40 - __main__ - INFO - 88 - trainer - [384/1919] Loss: 7.5607
2024/11/26 20:06:57 - __main__ - INFO - 88 - trainer - [768/1919] Loss: 7.5992
2024/11/26 20:12:17 - __main__ - INFO - 88 - trainer - [1152/1919] Loss: 7.4822
2024/11/26 20:17:59 - __main__ - INFO - 88 - trainer - [1536/1919] Loss: 7.4960
2024/11/26 20:23:27 - __main__ - INFO - 72 - trainer - Epoch: 3
2024/11/26 20:23:28 - __main__ - INFO - 88 - trainer - [0/1919] Loss: 7.5662
2024/11/26 20:29:09 - __main__ - INFO - 88 - trainer - [384/1919] Loss: 7.4956
2024/11/26 20:34:37 - __main__ - INFO - 88 - trainer - [768/1919] Loss: 7.4854
2024/11/26 20:39:59 - __main__ - INFO - 88 - trainer - [1152/1919] Loss: 7.4613
2024/11/26 20:45:32 - __main__ - INFO - 88 - trainer - [1536/1919] Loss: 7.5888
2024/11/26 20:50:55 - __main__ - INFO - 72 - trainer - Epoch: 4
2024/11/26 20:50:56 - __main__ - INFO - 88 - trainer - [0/1919] Loss: 7.5197
2024/11/26 20:56:32 - __main__ - INFO - 88 - trainer - [384/1919] Loss: 7.5421
2024/11/26 21:01:59 - __main__ - INFO - 88 - trainer - [768/1919] Loss: 7.5320
2024/11/26 21:07:29 - __main__ - INFO - 88 - trainer - [1152/1919] Loss: 7.4967
2024/11/26 21:12:56 - __main__ - INFO - 88 - trainer - [1536/1919] Loss: 7.5835
2024/11/26 21:18:14 - __main__ - INFO - 72 - trainer - Epoch: 5
2024/11/26 21:18:15 - __main__ - INFO - 88 - trainer - [0/1919] Loss: 7.4370
2024/11/26 21:23:39 - __main__ - INFO - 88 - trainer - [384/1919] Loss: 7.5407
2024/11/26 21:29:16 - __main__ - INFO - 88 - trainer - [768/1919] Loss: 7.4333
2024/11/26 21:34:38 - __main__ - INFO - 88 - trainer - [1152/1919] Loss: 7.5295
2024/11/26 21:40:07 - __main__ - INFO - 88 - trainer - [1536/1919] Loss: 7.4425
2024/11/26 21:45:29 - __main__ - INFO - 72 - trainer - Epoch: 6
2024/11/26 21:45:30 - __main__ - INFO - 88 - trainer - [0/1919] Loss: 7.5291
2024/11/26 21:51:15 - __main__ - INFO - 88 - trainer - [384/1919] Loss: 7.5176
2024/11/26 21:57:00 - __main__ - INFO - 88 - trainer - [768/1919] Loss: 7.4915
2024/11/26 22:03:01 - __main__ - INFO - 88 - trainer - [1152/1919] Loss: 7.5146
2024/11/26 22:08:41 - __main__ - INFO - 88 - trainer - [1536/1919] Loss: 7.4912
2024/11/26 22:14:25 - __main__ - INFO - 72 - trainer - Epoch: 7
2024/11/26 22:14:26 - __main__ - INFO - 88 - trainer - [0/1919] Loss: 7.4901
2024/11/26 22:20:15 - __main__ - INFO - 88 - trainer - [384/1919] Loss: 7.4520
2024/11/26 22:25:53 - __main__ - INFO - 88 - trainer - [768/1919] Loss: 7.5591
2024/11/26 22:31:26 - __main__ - INFO - 88 - trainer - [1152/1919] Loss: 7.4989
2024/11/26 22:37:06 - __main__ - INFO - 88 - trainer - [1536/1919] Loss: 7.4730
2024/11/26 22:39:56 - __main__ - INFO - 72 - trainer - Epoch: 8
2024/11/26 22:39:56 - __main__ - INFO - 88 - trainer - [0/1919] Loss: 7.5649
2024/11/26 22:42:13 - __main__ - INFO - 88 - trainer - [384/1919] Loss: 7.4597
2024/11/26 22:44:36 - __main__ - INFO - 88 - trainer - [768/1919] Loss: 7.5502
2024/11/26 22:46:53 - __main__ - INFO - 88 - trainer - [1152/1919] Loss: 7.5154
2024/11/26 22:49:06 - __main__ - INFO - 88 - trainer - [1536/1919] Loss: 7.3915
2024/11/26 22:51:17 - __main__ - INFO - 72 - trainer - Epoch: 9
2024/11/26 22:51:17 - __main__ - INFO - 88 - trainer - [0/1919] Loss: 7.2560
2024/11/26 22:53:35 - __main__ - INFO - 88 - trainer - [384/1919] Loss: 6.9708
2024/11/26 22:55:47 - __main__ - INFO - 88 - trainer - [768/1919] Loss: 6.8526
2024/11/26 22:58:03 - __main__ - INFO - 88 - trainer - [1152/1919] Loss: 6.7938
2024/11/26 23:00:15 - __main__ - INFO - 88 - trainer - [1536/1919] Loss: 6.6084
2024/11/26 23:02:27 - __main__ - INFO - 72 - trainer - Epoch: 10
2024/11/26 23:02:28 - __main__ - INFO - 88 - trainer - [0/1919] Loss: 6.6161
2024/11/26 23:04:42 - __main__ - INFO - 88 - trainer - [384/1919] Loss: 6.5419
2024/11/26 23:06:58 - __main__ - INFO - 88 - trainer - [768/1919] Loss: 6.2883
2024/11/26 23:09:14 - __main__ - INFO - 88 - trainer - [1152/1919] Loss: 6.3778
2024/11/26 23:11:30 - __main__ - INFO - 88 - trainer - [1536/1919] Loss: 6.3552
2024/11/26 23:13:43 - __main__ - INFO - 72 - trainer - Epoch: 11
2024/11/26 23:13:44 - __main__ - INFO - 88 - trainer - [0/1919] Loss: 6.3040
2024/11/26 23:15:57 - __main__ - INFO - 88 - trainer - [384/1919] Loss: 6.2914
2024/11/26 23:18:11 - __main__ - INFO - 88 - trainer - [768/1919] Loss: 6.1464
2024/11/26 23:20:31 - __main__ - INFO - 88 - trainer - [1152/1919] Loss: 6.0883
2024/11/26 23:22:43 - __main__ - INFO - 88 - trainer - [1536/1919] Loss: 5.9865
2024/11/26 23:25:00 - __main__ - INFO - 72 - trainer - Epoch: 12
2024/11/26 23:25:00 - __main__ - INFO - 88 - trainer - [0/1919] Loss: 5.8400
2024/11/26 23:27:13 - __main__ - INFO - 88 - trainer - [384/1919] Loss: 5.9466
2024/11/26 23:29:25 - __main__ - INFO - 88 - trainer - [768/1919] Loss: 6.0267
2024/11/26 23:31:36 - __main__ - INFO - 88 - trainer - [1152/1919] Loss: 6.0095
2024/11/26 23:33:52 - __main__ - INFO - 88 - trainer - [1536/1919] Loss: 5.6617
2024/11/26 23:36:04 - __main__ - INFO - 72 - trainer - Epoch: 13
2024/11/26 23:36:05 - __main__ - INFO - 88 - trainer - [0/1919] Loss: 5.5770
2024/11/26 23:38:18 - __main__ - INFO - 88 - trainer - [384/1919] Loss: 5.4863
2024/11/26 23:40:38 - __main__ - INFO - 88 - trainer - [768/1919] Loss: 5.8359
2024/11/26 23:42:59 - __main__ - INFO - 88 - trainer - [1152/1919] Loss: 5.4322
2024/11/26 23:45:17 - __main__ - INFO - 88 - trainer - [1536/1919] Loss: 5.5012
2024/11/26 23:47:35 - __main__ - INFO - 72 - trainer - Epoch: 14
2024/11/26 23:47:35 - __main__ - INFO - 88 - trainer - [0/1919] Loss: 5.3276
2024/11/26 23:49:59 - __main__ - INFO - 88 - trainer - [384/1919] Loss: 5.3239
2024/11/26 23:52:18 - __main__ - INFO - 88 - trainer - [768/1919] Loss: 5.1800
2024/11/26 23:54:42 - __main__ - INFO - 88 - trainer - [1152/1919] Loss: 5.3810
2024/11/26 23:57:00 - __main__ - INFO - 88 - trainer - [1536/1919] Loss: 5.0871
2024/11/26 23:59:18 - __main__ - INFO - 72 - trainer - Epoch: 15
2024/11/26 23:59:18 - __main__ - INFO - 88 - trainer - [0/1919] Loss: 4.9758
2024/11/27 00:01:37 - __main__ - INFO - 88 - trainer - [384/1919] Loss: 4.9085
2024/11/27 00:04:03 - __main__ - INFO - 88 - trainer - [768/1919] Loss: 4.8927
2024/11/27 00:06:20 - __main__ - INFO - 88 - trainer - [1152/1919] Loss: 4.7650
2024/11/27 00:08:48 - __main__ - INFO - 88 - trainer - [1536/1919] Loss: 4.8967
2024/11/27 00:11:05 - __main__ - INFO - 72 - trainer - Epoch: 16
2024/11/27 00:11:06 - __main__ - INFO - 88 - trainer - [0/1919] Loss: 4.7031
2024/11/27 00:13:24 - __main__ - INFO - 88 - trainer - [384/1919] Loss: 4.4760
2024/11/27 00:15:43 - __main__ - INFO - 88 - trainer - [768/1919] Loss: 4.4878
2024/11/27 00:18:08 - __main__ - INFO - 88 - trainer - [1152/1919] Loss: 4.5277
2024/11/27 00:20:23 - __main__ - INFO - 88 - trainer - [1536/1919] Loss: 4.4779
2024/11/27 00:22:44 - __main__ - INFO - 72 - trainer - Epoch: 17
2024/11/27 00:22:45 - __main__ - INFO - 88 - trainer - [0/1919] Loss: 4.2206
2024/11/27 00:25:05 - __main__ - INFO - 88 - trainer - [384/1919] Loss: 4.1922
2024/11/27 00:27:22 - __main__ - INFO - 88 - trainer - [768/1919] Loss: 4.0241
2024/11/27 00:29:39 - __main__ - INFO - 88 - trainer - [1152/1919] Loss: 4.2322
2024/11/27 00:31:59 - __main__ - INFO - 88 - trainer - [1536/1919] Loss: 4.0156
2024/11/27 00:34:23 - __main__ - INFO - 72 - trainer - Epoch: 18
2024/11/27 00:34:23 - __main__ - INFO - 88 - trainer - [0/1919] Loss: 4.0259
2024/11/27 00:36:43 - __main__ - INFO - 88 - trainer - [384/1919] Loss: 4.0115
2024/11/27 00:39:08 - __main__ - INFO - 88 - trainer - [768/1919] Loss: 3.6752
2024/11/27 00:41:29 - __main__ - INFO - 88 - trainer - [1152/1919] Loss: 3.8304
2024/11/27 00:43:49 - __main__ - INFO - 88 - trainer - [1536/1919] Loss: 4.0457
2024/11/27 00:46:03 - __main__ - INFO - 72 - trainer - Epoch: 19
2024/11/27 00:46:03 - __main__ - INFO - 88 - trainer - [0/1919] Loss: 3.9547
2024/11/27 00:48:23 - __main__ - INFO - 88 - trainer - [384/1919] Loss: 3.5689
2024/11/27 00:50:38 - __main__ - INFO - 88 - trainer - [768/1919] Loss: 3.6179
2024/11/27 00:52:49 - __main__ - INFO - 88 - trainer - [1152/1919] Loss: 3.7298
2024/11/27 00:54:56 - __main__ - INFO - 88 - trainer - [1536/1919] Loss: 3.5337
2024/11/27 00:56:58 - __main__ - INFO - 72 - trainer - Epoch: 20
2024/11/27 00:56:59 - __main__ - INFO - 88 - trainer - [0/1919] Loss: 3.6872
2024/11/27 00:58:57 - __main__ - INFO - 88 - trainer - [384/1919] Loss: 3.6285
2024/11/27 01:01:02 - __main__ - INFO - 88 - trainer - [768/1919] Loss: 3.4522
2024/11/27 01:03:03 - __main__ - INFO - 88 - trainer - [1152/1919] Loss: 3.8448
2024/11/27 01:05:06 - __main__ - INFO - 88 - trainer - [1536/1919] Loss: 3.6055
2024/11/27 01:07:06 - __main__ - INFO - 94 - trainer - start predicting: 2024-11-27 01:07:06.468982
2024/11/27 01:08:45 - __main__ - INFO - 121 - trainer - {'Best_HR@5': 0.0488, 'Best_NDCG@5': 0.0303, 'Best_HR@10': 0.1302, 'Best_NDCG@10': 0.0546, 'Best_HR@20': 0.3297, 'Best_NDCG@20': 0.1036}
2024/11/27 01:08:45 - __main__ - INFO - 122 - trainer - {'Best_epoch_HR@5': 20, 'Best_epoch_NDCG@5': 20, 'Best_epoch_HR@10': 20, 'Best_epoch_NDCG@10': 20, 'Best_epoch_HR@20': 20, 'Best_epoch_NDCG@20': 20}
2024/11/27 01:08:45 - __main__ - INFO - 72 - trainer - Epoch: 21
2024/11/27 01:08:45 - __main__ - INFO - 88 - trainer - [0/1919] Loss: 3.7080
2024/11/27 01:10:44 - __main__ - INFO - 88 - trainer - [384/1919] Loss: 3.5524
2024/11/27 01:12:46 - __main__ - INFO - 88 - trainer - [768/1919] Loss: 3.2815
2024/11/27 01:14:51 - __main__ - INFO - 88 - trainer - [1152/1919] Loss: 3.5197
2024/11/27 01:16:52 - __main__ - INFO - 88 - trainer - [1536/1919] Loss: 3.3917
2024/11/27 01:18:51 - __main__ - INFO - 72 - trainer - Epoch: 22
2024/11/27 01:18:52 - __main__ - INFO - 88 - trainer - [0/1919] Loss: 3.5833
2024/11/27 01:20:56 - __main__ - INFO - 88 - trainer - [384/1919] Loss: 3.4484
2024/11/27 01:22:56 - __main__ - INFO - 88 - trainer - [768/1919] Loss: 3.4732
2024/11/27 01:24:55 - __main__ - INFO - 88 - trainer - [1152/1919] Loss: 3.2525
2024/11/27 01:26:55 - __main__ - INFO - 88 - trainer - [1536/1919] Loss: 3.3376
2024/11/27 01:28:59 - __main__ - INFO - 72 - trainer - Epoch: 23
2024/11/27 01:29:00 - __main__ - INFO - 88 - trainer - [0/1919] Loss: 3.3378
2024/11/27 01:31:00 - __main__ - INFO - 88 - trainer - [384/1919] Loss: 3.2685
2024/11/27 01:33:04 - __main__ - INFO - 88 - trainer - [768/1919] Loss: 3.2583
2024/11/27 01:35:02 - __main__ - INFO - 88 - trainer - [1152/1919] Loss: 3.0805
2024/11/27 01:37:00 - __main__ - INFO - 88 - trainer - [1536/1919] Loss: 3.0281
2024/11/27 01:38:59 - __main__ - INFO - 72 - trainer - Epoch: 24
2024/11/27 01:38:59 - __main__ - INFO - 88 - trainer - [0/1919] Loss: 3.3546
2024/11/27 01:41:04 - __main__ - INFO - 88 - trainer - [384/1919] Loss: 3.2837
2024/11/27 01:43:02 - __main__ - INFO - 88 - trainer - [768/1919] Loss: 3.3399
2024/11/27 01:45:05 - __main__ - INFO - 88 - trainer - [1152/1919] Loss: 3.2527
2024/11/27 01:47:05 - __main__ - INFO - 88 - trainer - [1536/1919] Loss: 3.0895
2024/11/27 01:49:05 - __main__ - INFO - 72 - trainer - Epoch: 25
2024/11/27 01:49:06 - __main__ - INFO - 88 - trainer - [0/1919] Loss: 3.1670
2024/11/27 01:51:06 - __main__ - INFO - 88 - trainer - [384/1919] Loss: 2.9648
2024/11/27 01:53:10 - __main__ - INFO - 88 - trainer - [768/1919] Loss: 3.0409
2024/11/27 01:55:10 - __main__ - INFO - 88 - trainer - [1152/1919] Loss: 3.1343
2024/11/27 01:57:15 - __main__ - INFO - 88 - trainer - [1536/1919] Loss: 3.0775
2024/11/27 01:59:14 - __main__ - INFO - 72 - trainer - Epoch: 26
2024/11/27 01:59:14 - __main__ - INFO - 88 - trainer - [0/1919] Loss: 3.4414
2024/11/27 02:01:15 - __main__ - INFO - 88 - trainer - [384/1919] Loss: 2.7939
2024/11/27 02:03:15 - __main__ - INFO - 88 - trainer - [768/1919] Loss: 3.0864
2024/11/27 02:05:19 - __main__ - INFO - 88 - trainer - [1152/1919] Loss: 2.8042
2024/11/27 02:07:18 - __main__ - INFO - 88 - trainer - [1536/1919] Loss: 3.0383
2024/11/27 02:09:18 - __main__ - INFO - 72 - trainer - Epoch: 27
2024/11/27 02:09:18 - __main__ - INFO - 88 - trainer - [0/1919] Loss: 2.9518
2024/11/27 02:11:23 - __main__ - INFO - 88 - trainer - [384/1919] Loss: 3.0213
2024/11/27 02:13:22 - __main__ - INFO - 88 - trainer - [768/1919] Loss: 2.6036
2024/11/27 02:15:20 - __main__ - INFO - 88 - trainer - [1152/1919] Loss: 2.8024
2024/11/27 02:17:18 - __main__ - INFO - 88 - trainer - [1536/1919] Loss: 2.9709
2024/11/27 02:19:22 - __main__ - INFO - 72 - trainer - Epoch: 28
2024/11/27 02:19:22 - __main__ - INFO - 88 - trainer - [0/1919] Loss: 2.9417
2024/11/27 02:21:21 - __main__ - INFO - 88 - trainer - [384/1919] Loss: 2.9068
2024/11/27 02:23:25 - __main__ - INFO - 88 - trainer - [768/1919] Loss: 3.0002
2024/11/27 02:25:25 - __main__ - INFO - 88 - trainer - [1152/1919] Loss: 2.5965
2024/11/27 02:27:24 - __main__ - INFO - 88 - trainer - [1536/1919] Loss: 2.7388
2024/11/27 02:29:23 - __main__ - INFO - 72 - trainer - Epoch: 29
2024/11/27 02:29:24 - __main__ - INFO - 88 - trainer - [0/1919] Loss: 2.6004
2024/11/27 02:31:27 - __main__ - INFO - 88 - trainer - [384/1919] Loss: 3.0406
2024/11/27 02:33:27 - __main__ - INFO - 88 - trainer - [768/1919] Loss: 3.0812
2024/11/27 02:35:32 - __main__ - INFO - 88 - trainer - [1152/1919] Loss: 2.8925
2024/11/27 02:37:32 - __main__ - INFO - 88 - trainer - [1536/1919] Loss: 2.8422
2024/11/27 02:39:31 - __main__ - INFO - 72 - trainer - Epoch: 30
2024/11/27 02:39:32 - __main__ - INFO - 88 - trainer - [0/1919] Loss: 2.6498
2024/11/27 02:41:32 - __main__ - INFO - 88 - trainer - [384/1919] Loss: 3.0382
2024/11/27 02:43:37 - __main__ - INFO - 88 - trainer - [768/1919] Loss: 2.9915
2024/11/27 02:45:37 - __main__ - INFO - 88 - trainer - [1152/1919] Loss: 2.8028
2024/11/27 02:47:40 - __main__ - INFO - 88 - trainer - [1536/1919] Loss: 2.7643
2024/11/27 02:49:38 - __main__ - INFO - 72 - trainer - Epoch: 31
2024/11/27 02:49:39 - __main__ - INFO - 88 - trainer - [0/1919] Loss: 2.6972
2024/11/27 02:51:37 - __main__ - INFO - 88 - trainer - [384/1919] Loss: 2.6118
2024/11/27 02:53:38 - __main__ - INFO - 88 - trainer - [768/1919] Loss: 2.5787
2024/11/27 02:55:42 - __main__ - INFO - 88 - trainer - [1152/1919] Loss: 2.8525
2024/11/27 02:57:43 - __main__ - INFO - 88 - trainer - [1536/1919] Loss: 2.4100
2024/11/27 02:59:41 - __main__ - INFO - 72 - trainer - Epoch: 32
2024/11/27 02:59:42 - __main__ - INFO - 88 - trainer - [0/1919] Loss: 2.7365
2024/11/27 03:01:43 - __main__ - INFO - 88 - trainer - [384/1919] Loss: 2.6001
2024/11/27 03:03:39 - __main__ - INFO - 88 - trainer - [768/1919] Loss: 2.8991
2024/11/27 03:05:36 - __main__ - INFO - 88 - trainer - [1152/1919] Loss: 2.9625
2024/11/27 03:07:33 - __main__ - INFO - 88 - trainer - [1536/1919] Loss: 2.8469
2024/11/27 03:09:34 - __main__ - INFO - 72 - trainer - Epoch: 33
2024/11/27 03:09:34 - __main__ - INFO - 88 - trainer - [0/1919] Loss: 2.7466
2024/11/27 03:11:31 - __main__ - INFO - 88 - trainer - [384/1919] Loss: 2.6806
2024/11/27 03:13:31 - __main__ - INFO - 88 - trainer - [768/1919] Loss: 2.5214
2024/11/27 03:15:28 - __main__ - INFO - 88 - trainer - [1152/1919] Loss: 2.6466
2024/11/27 03:17:24 - __main__ - INFO - 88 - trainer - [1536/1919] Loss: 2.7553
2024/11/27 03:19:21 - __main__ - INFO - 72 - trainer - Epoch: 34
2024/11/27 03:19:21 - __main__ - INFO - 88 - trainer - [0/1919] Loss: 2.3483
2024/11/27 03:21:22 - __main__ - INFO - 88 - trainer - [384/1919] Loss: 2.8498
2024/11/27 03:23:19 - __main__ - INFO - 88 - trainer - [768/1919] Loss: 2.6056
2024/11/27 03:25:19 - __main__ - INFO - 88 - trainer - [1152/1919] Loss: 2.8602
2024/11/27 03:27:16 - __main__ - INFO - 88 - trainer - [1536/1919] Loss: 2.5826
2024/11/27 03:29:12 - __main__ - INFO - 72 - trainer - Epoch: 35
2024/11/27 03:29:12 - __main__ - INFO - 88 - trainer - [0/1919] Loss: 2.6263
2024/11/27 03:31:09 - __main__ - INFO - 88 - trainer - [384/1919] Loss: 2.5099
2024/11/27 03:33:11 - __main__ - INFO - 88 - trainer - [768/1919] Loss: 2.8654
2024/11/27 03:35:09 - __main__ - INFO - 88 - trainer - [1152/1919] Loss: 2.3896
2024/11/27 03:37:06 - __main__ - INFO - 88 - trainer - [1536/1919] Loss: 2.5274
2024/11/27 03:39:08 - __main__ - INFO - 72 - trainer - Epoch: 36
2024/11/27 03:39:09 - __main__ - INFO - 88 - trainer - [0/1919] Loss: 2.7107
2024/11/27 03:41:07 - __main__ - INFO - 88 - trainer - [384/1919] Loss: 2.7834
2024/11/27 03:43:05 - __main__ - INFO - 88 - trainer - [768/1919] Loss: 2.4823
2024/11/27 03:45:04 - __main__ - INFO - 88 - trainer - [1152/1919] Loss: 2.5083
2024/11/27 03:47:07 - __main__ - INFO - 88 - trainer - [1536/1919] Loss: 2.4881
2024/11/27 03:49:07 - __main__ - INFO - 72 - trainer - Epoch: 37
2024/11/27 03:49:07 - __main__ - INFO - 88 - trainer - [0/1919] Loss: 2.5676
2024/11/27 03:51:09 - __main__ - INFO - 88 - trainer - [384/1919] Loss: 2.3597
2024/11/27 03:53:08 - __main__ - INFO - 88 - trainer - [768/1919] Loss: 2.7206
2024/11/27 03:55:06 - __main__ - INFO - 88 - trainer - [1152/1919] Loss: 2.1957
2024/11/27 03:57:06 - __main__ - INFO - 88 - trainer - [1536/1919] Loss: 2.4158
2024/11/27 03:59:09 - __main__ - INFO - 72 - trainer - Epoch: 38
2024/11/27 03:59:09 - __main__ - INFO - 88 - trainer - [0/1919] Loss: 2.7893
2024/11/27 04:01:08 - __main__ - INFO - 88 - trainer - [384/1919] Loss: 2.5378
2024/11/27 04:03:11 - __main__ - INFO - 88 - trainer - [768/1919] Loss: 2.5507
2024/11/27 04:05:10 - __main__ - INFO - 88 - trainer - [1152/1919] Loss: 2.3643
2024/11/27 04:07:08 - __main__ - INFO - 88 - trainer - [1536/1919] Loss: 2.5106
2024/11/27 04:09:04 - __main__ - INFO - 72 - trainer - Epoch: 39
2024/11/27 04:09:05 - __main__ - INFO - 88 - trainer - [0/1919] Loss: 2.4515
2024/11/27 04:11:08 - __main__ - INFO - 88 - trainer - [384/1919] Loss: 2.6443
2024/11/27 04:13:06 - __main__ - INFO - 88 - trainer - [768/1919] Loss: 2.7546
2024/11/27 04:15:09 - __main__ - INFO - 88 - trainer - [1152/1919] Loss: 2.5389
2024/11/27 04:17:08 - __main__ - INFO - 88 - trainer - [1536/1919] Loss: 2.5714
2024/11/27 04:19:05 - __main__ - INFO - 72 - trainer - Epoch: 40
2024/11/27 04:19:06 - __main__ - INFO - 88 - trainer - [0/1919] Loss: 2.8444
2024/11/27 04:21:05 - __main__ - INFO - 88 - trainer - [384/1919] Loss: 2.4807
2024/11/27 04:23:08 - __main__ - INFO - 88 - trainer - [768/1919] Loss: 2.5129
2024/11/27 04:25:04 - __main__ - INFO - 88 - trainer - [1152/1919] Loss: 2.3334
2024/11/27 04:27:02 - __main__ - INFO - 88 - trainer - [1536/1919] Loss: 2.1271
2024/11/27 04:29:01 - __main__ - INFO - 94 - trainer - start predicting: 2024-11-27 04:29:01.211648
2024/11/27 04:30:37 - __main__ - INFO - 72 - trainer - Epoch: 41
2024/11/27 04:30:37 - __main__ - INFO - 88 - trainer - [0/1919] Loss: 2.6945
2024/11/27 04:32:35 - __main__ - INFO - 88 - trainer - [384/1919] Loss: 2.4711
2024/11/27 04:34:38 - __main__ - INFO - 88 - trainer - [768/1919] Loss: 2.5063
2024/11/27 04:36:34 - __main__ - INFO - 88 - trainer - [1152/1919] Loss: 2.2495
2024/11/27 04:38:34 - __main__ - INFO - 88 - trainer - [1536/1919] Loss: 2.5059
2024/11/27 04:40:31 - __main__ - INFO - 72 - trainer - Epoch: 42
2024/11/27 04:40:32 - __main__ - INFO - 88 - trainer - [0/1919] Loss: 2.4921
2024/11/27 04:42:33 - __main__ - INFO - 88 - trainer - [384/1919] Loss: 2.3621
2024/11/27 04:44:33 - __main__ - INFO - 88 - trainer - [768/1919] Loss: 2.5490
2024/11/27 04:46:30 - __main__ - INFO - 88 - trainer - [1152/1919] Loss: 2.5004
2024/11/27 04:48:33 - __main__ - INFO - 88 - trainer - [1536/1919] Loss: 2.4022
2024/11/27 04:50:33 - __main__ - INFO - 72 - trainer - Epoch: 43
2024/11/27 04:50:34 - __main__ - INFO - 88 - trainer - [0/1919] Loss: 2.3236
2024/11/27 04:52:30 - __main__ - INFO - 88 - trainer - [384/1919] Loss: 2.3462
2024/11/27 04:54:28 - __main__ - INFO - 88 - trainer - [768/1919] Loss: 2.5008
2024/11/27 04:56:34 - __main__ - INFO - 88 - trainer - [1152/1919] Loss: 2.3353
2024/11/27 04:58:30 - __main__ - INFO - 88 - trainer - [1536/1919] Loss: 2.2576
2024/11/27 05:00:33 - __main__ - INFO - 72 - trainer - Epoch: 44
2024/11/27 05:00:33 - __main__ - INFO - 88 - trainer - [0/1919] Loss: 2.5004
2024/11/27 05:02:32 - __main__ - INFO - 88 - trainer - [384/1919] Loss: 2.2992
2024/11/27 05:04:27 - __main__ - INFO - 88 - trainer - [768/1919] Loss: 2.3652
2024/11/27 05:06:25 - __main__ - INFO - 88 - trainer - [1152/1919] Loss: 2.2889
2024/11/27 05:08:30 - __main__ - INFO - 88 - trainer - [1536/1919] Loss: 2.4682
2024/11/27 05:10:26 - __main__ - INFO - 72 - trainer - Epoch: 45
2024/11/27 05:10:26 - __main__ - INFO - 88 - trainer - [0/1919] Loss: 2.1979
2024/11/27 05:12:31 - __main__ - INFO - 88 - trainer - [384/1919] Loss: 2.4549
2024/11/27 05:14:29 - __main__ - INFO - 88 - trainer - [768/1919] Loss: 2.4979
2024/11/27 05:16:25 - __main__ - INFO - 88 - trainer - [1152/1919] Loss: 2.0988
2024/11/27 05:18:26 - __main__ - INFO - 88 - trainer - [1536/1919] Loss: 2.5073
2024/11/27 05:20:27 - __main__ - INFO - 72 - trainer - Epoch: 46
2024/11/27 05:20:28 - __main__ - INFO - 88 - trainer - [0/1919] Loss: 2.4976
2024/11/27 05:22:24 - __main__ - INFO - 88 - trainer - [384/1919] Loss: 2.4304
2024/11/27 05:24:31 - __main__ - INFO - 88 - trainer - [768/1919] Loss: 2.1826
2024/11/27 05:26:28 - __main__ - INFO - 88 - trainer - [1152/1919] Loss: 2.1605
2024/11/27 05:28:25 - __main__ - INFO - 88 - trainer - [1536/1919] Loss: 2.4136
2024/11/27 05:30:25 - __main__ - INFO - 72 - trainer - Epoch: 47
2024/11/27 05:30:25 - __main__ - INFO - 88 - trainer - [0/1919] Loss: 2.4341
2024/11/27 05:32:25 - __main__ - INFO - 88 - trainer - [384/1919] Loss: 2.3259
2024/11/27 05:34:22 - __main__ - INFO - 88 - trainer - [768/1919] Loss: 2.3863
2024/11/27 05:36:20 - __main__ - INFO - 88 - trainer - [1152/1919] Loss: 2.4884
2024/11/27 05:38:20 - __main__ - INFO - 88 - trainer - [1536/1919] Loss: 2.5477
2024/11/27 05:40:18 - __main__ - INFO - 72 - trainer - Epoch: 48
2024/11/27 05:40:18 - __main__ - INFO - 88 - trainer - [0/1919] Loss: 2.3069
2024/11/27 05:42:16 - __main__ - INFO - 88 - trainer - [384/1919] Loss: 2.5147
2024/11/27 05:44:11 - __main__ - INFO - 88 - trainer - [768/1919] Loss: 2.3375
2024/11/27 05:46:17 - __main__ - INFO - 88 - trainer - [1152/1919] Loss: 2.2469
2024/11/27 05:48:13 - __main__ - INFO - 88 - trainer - [1536/1919] Loss: 2.1054
2024/11/27 05:50:16 - __main__ - INFO - 72 - trainer - Epoch: 49
2024/11/27 05:50:17 - __main__ - INFO - 88 - trainer - [0/1919] Loss: 2.3564
2024/11/27 05:52:22 - __main__ - INFO - 88 - trainer - [384/1919] Loss: 2.1438
2024/11/27 05:54:20 - __main__ - INFO - 88 - trainer - [768/1919] Loss: 2.1372
2024/11/27 05:56:24 - __main__ - INFO - 88 - trainer - [1152/1919] Loss: 2.1636
2024/11/27 05:58:30 - __main__ - INFO - 88 - trainer - [1536/1919] Loss: 2.2765
2024/11/27 06:00:34 - __main__ - INFO - 72 - trainer - Epoch: 50
2024/11/27 06:00:34 - __main__ - INFO - 88 - trainer - [0/1919] Loss: 1.9706
2024/11/27 06:02:40 - __main__ - INFO - 88 - trainer - [384/1919] Loss: 1.8840
2024/11/27 06:04:45 - __main__ - INFO - 88 - trainer - [768/1919] Loss: 2.4984
2024/11/27 06:06:46 - __main__ - INFO - 88 - trainer - [1152/1919] Loss: 2.1129
2024/11/27 06:08:49 - __main__ - INFO - 88 - trainer - [1536/1919] Loss: 2.0419
2024/11/27 06:10:55 - __main__ - INFO - 72 - trainer - Epoch: 51
2024/11/27 06:10:55 - __main__ - INFO - 88 - trainer - [0/1919] Loss: 2.0506
2024/11/27 06:12:58 - __main__ - INFO - 88 - trainer - [384/1919] Loss: 2.0333
2024/11/27 06:15:04 - __main__ - INFO - 88 - trainer - [768/1919] Loss: 2.2213
2024/11/27 06:17:06 - __main__ - INFO - 88 - trainer - [1152/1919] Loss: 2.0517
2024/11/27 06:19:09 - __main__ - INFO - 88 - trainer - [1536/1919] Loss: 2.0647
2024/11/27 06:21:09 - __main__ - INFO - 72 - trainer - Epoch: 52
2024/11/27 06:21:09 - __main__ - INFO - 88 - trainer - [0/1919] Loss: 2.2247
2024/11/27 06:23:17 - __main__ - INFO - 88 - trainer - [384/1919] Loss: 2.0814
2024/11/27 06:25:15 - __main__ - INFO - 88 - trainer - [768/1919] Loss: 1.9672
2024/11/27 06:27:18 - __main__ - INFO - 88 - trainer - [1152/1919] Loss: 2.3443
2024/11/27 06:29:23 - __main__ - INFO - 88 - trainer - [1536/1919] Loss: 2.2745
2024/11/27 06:31:25 - __main__ - INFO - 72 - trainer - Epoch: 53
2024/11/27 06:31:25 - __main__ - INFO - 88 - trainer - [0/1919] Loss: 2.1480
2024/11/27 06:33:25 - __main__ - INFO - 88 - trainer - [384/1919] Loss: 2.2173
2024/11/27 06:35:29 - __main__ - INFO - 88 - trainer - [768/1919] Loss: 2.2502
2024/11/27 06:37:36 - __main__ - INFO - 88 - trainer - [1152/1919] Loss: 2.2797
2024/11/27 06:39:39 - __main__ - INFO - 88 - trainer - [1536/1919] Loss: 2.2851
2024/11/27 06:41:44 - __main__ - INFO - 72 - trainer - Epoch: 54
2024/11/27 06:41:45 - __main__ - INFO - 88 - trainer - [0/1919] Loss: 2.1486
2024/11/27 06:43:49 - __main__ - INFO - 88 - trainer - [384/1919] Loss: 2.0543
2024/11/27 06:45:48 - __main__ - INFO - 88 - trainer - [768/1919] Loss: 2.1050
2024/11/27 06:47:51 - __main__ - INFO - 88 - trainer - [1152/1919] Loss: 2.0864
2024/11/27 06:49:50 - __main__ - INFO - 88 - trainer - [1536/1919] Loss: 2.2022
2024/11/27 06:51:47 - __main__ - INFO - 72 - trainer - Epoch: 55
2024/11/27 06:51:48 - __main__ - INFO - 88 - trainer - [0/1919] Loss: 1.8480
2024/11/27 06:53:58 - __main__ - INFO - 88 - trainer - [384/1919] Loss: 1.9767
2024/11/27 06:55:55 - __main__ - INFO - 88 - trainer - [768/1919] Loss: 1.9934
2024/11/27 06:57:54 - __main__ - INFO - 88 - trainer - [1152/1919] Loss: 1.9256
2024/11/27 06:59:52 - __main__ - INFO - 88 - trainer - [1536/1919] Loss: 1.9115
2024/11/27 07:01:54 - __main__ - INFO - 72 - trainer - Epoch: 56
2024/11/27 07:01:54 - __main__ - INFO - 88 - trainer - [0/1919] Loss: 1.8980
2024/11/27 07:03:55 - __main__ - INFO - 88 - trainer - [384/1919] Loss: 2.1138
2024/11/27 07:05:52 - __main__ - INFO - 88 - trainer - [768/1919] Loss: 2.1045
2024/11/27 07:07:57 - __main__ - INFO - 88 - trainer - [1152/1919] Loss: 1.9463
2024/11/27 07:09:55 - __main__ - INFO - 88 - trainer - [1536/1919] Loss: 2.0622
2024/11/27 07:11:54 - __main__ - INFO - 72 - trainer - Epoch: 57
2024/11/27 07:11:54 - __main__ - INFO - 88 - trainer - [0/1919] Loss: 2.0797
2024/11/27 07:13:55 - __main__ - INFO - 88 - trainer - [384/1919] Loss: 2.2928
2024/11/27 07:15:57 - __main__ - INFO - 88 - trainer - [768/1919] Loss: 2.2684
2024/11/27 07:17:58 - __main__ - INFO - 88 - trainer - [1152/1919] Loss: 2.1171
2024/11/27 07:19:58 - __main__ - INFO - 88 - trainer - [1536/1919] Loss: 1.9248
2024/11/27 07:21:53 - __main__ - INFO - 72 - trainer - Epoch: 58
2024/11/27 07:21:53 - __main__ - INFO - 88 - trainer - [0/1919] Loss: 2.0640
2024/11/27 07:23:54 - __main__ - INFO - 88 - trainer - [384/1919] Loss: 2.1766
2024/11/27 07:25:51 - __main__ - INFO - 88 - trainer - [768/1919] Loss: 2.1117
2024/11/27 07:27:53 - __main__ - INFO - 88 - trainer - [1152/1919] Loss: 2.0102
2024/11/27 07:29:52 - __main__ - INFO - 88 - trainer - [1536/1919] Loss: 1.9488
2024/11/27 07:31:52 - __main__ - INFO - 72 - trainer - Epoch: 59
2024/11/27 07:31:53 - __main__ - INFO - 88 - trainer - [0/1919] Loss: 2.0085
2024/11/27 07:33:50 - __main__ - INFO - 88 - trainer - [384/1919] Loss: 1.7871
2024/11/27 07:35:51 - __main__ - INFO - 88 - trainer - [768/1919] Loss: 2.3695
2024/11/27 07:37:47 - __main__ - INFO - 88 - trainer - [1152/1919] Loss: 1.9713
2024/11/27 07:39:48 - __main__ - INFO - 88 - trainer - [1536/1919] Loss: 2.0030
2024/11/27 07:41:47 - __main__ - INFO - 72 - trainer - Epoch: 60
2024/11/27 07:41:48 - __main__ - INFO - 88 - trainer - [0/1919] Loss: 2.1743
2024/11/27 07:43:49 - __main__ - INFO - 88 - trainer - [384/1919] Loss: 2.1831
2024/11/27 07:45:48 - __main__ - INFO - 88 - trainer - [768/1919] Loss: 1.9904
2024/11/27 07:47:47 - __main__ - INFO - 88 - trainer - [1152/1919] Loss: 2.3382
2024/11/27 07:49:43 - __main__ - INFO - 88 - trainer - [1536/1919] Loss: 2.4079
2024/11/27 07:51:48 - __main__ - INFO - 94 - trainer - start predicting: 2024-11-27 07:51:48.071144
2024/11/27 07:53:27 - __main__ - INFO - 72 - trainer - Epoch: 61
2024/11/27 07:53:28 - __main__ - INFO - 88 - trainer - [0/1919] Loss: 2.0770
2024/11/27 07:55:24 - __main__ - INFO - 88 - trainer - [384/1919] Loss: 1.9863
2024/11/27 07:57:24 - __main__ - INFO - 88 - trainer - [768/1919] Loss: 2.1466
2024/11/27 07:59:21 - __main__ - INFO - 88 - trainer - [1152/1919] Loss: 2.1153
2024/11/27 08:01:23 - __main__ - INFO - 88 - trainer - [1536/1919] Loss: 2.0887
2024/11/27 08:03:23 - __main__ - INFO - 72 - trainer - Epoch: 62
2024/11/27 08:03:23 - __main__ - INFO - 88 - trainer - [0/1919] Loss: 1.9256
2024/11/27 08:05:21 - __main__ - INFO - 88 - trainer - [384/1919] Loss: 1.9670
2024/11/27 08:07:22 - __main__ - INFO - 88 - trainer - [768/1919] Loss: 1.9334
2024/11/27 08:09:21 - __main__ - INFO - 88 - trainer - [1152/1919] Loss: 1.8870
2024/11/27 08:11:16 - __main__ - INFO - 88 - trainer - [1536/1919] Loss: 1.7033
2024/11/27 08:13:11 - __main__ - INFO - 72 - trainer - Epoch: 63
2024/11/27 08:13:11 - __main__ - INFO - 88 - trainer - [0/1919] Loss: 1.9744
2024/11/27 08:15:17 - __main__ - INFO - 88 - trainer - [384/1919] Loss: 2.0986
2024/11/27 08:17:11 - __main__ - INFO - 88 - trainer - [768/1919] Loss: 1.7645
2024/11/27 08:19:10 - __main__ - INFO - 88 - trainer - [1152/1919] Loss: 1.7199
2024/11/27 08:21:08 - __main__ - INFO - 88 - trainer - [1536/1919] Loss: 2.0669
2024/11/27 08:23:01 - __main__ - INFO - 72 - trainer - Epoch: 64
2024/11/27 08:23:01 - __main__ - INFO - 88 - trainer - [0/1919] Loss: 2.1447
2024/11/27 08:24:57 - __main__ - INFO - 88 - trainer - [384/1919] Loss: 1.9440
2024/11/27 08:27:02 - __main__ - INFO - 88 - trainer - [768/1919] Loss: 1.9022
2024/11/27 08:28:58 - __main__ - INFO - 88 - trainer - [1152/1919] Loss: 1.9863
2024/11/27 08:31:00 - __main__ - INFO - 88 - trainer - [1536/1919] Loss: 2.0710
2024/11/27 08:32:59 - __main__ - INFO - 72 - trainer - Epoch: 65
2024/11/27 08:33:00 - __main__ - INFO - 88 - trainer - [0/1919] Loss: 1.9488
2024/11/27 08:34:55 - __main__ - INFO - 88 - trainer - [384/1919] Loss: 2.0326
2024/11/27 08:36:50 - __main__ - INFO - 88 - trainer - [768/1919] Loss: 1.8316
2024/11/27 08:38:55 - __main__ - INFO - 88 - trainer - [1152/1919] Loss: 1.7989
2024/11/27 08:40:50 - __main__ - INFO - 88 - trainer - [1536/1919] Loss: 2.0750
2024/11/27 08:42:51 - __main__ - INFO - 72 - trainer - Epoch: 66
2024/11/27 08:42:51 - __main__ - INFO - 88 - trainer - [0/1919] Loss: 1.8544
2024/11/27 08:44:51 - __main__ - INFO - 88 - trainer - [384/1919] Loss: 2.1003
2024/11/27 08:46:47 - __main__ - INFO - 88 - trainer - [768/1919] Loss: 2.1666
2024/11/27 08:48:44 - __main__ - INFO - 88 - trainer - [1152/1919] Loss: 1.7988
2024/11/27 08:50:50 - __main__ - INFO - 88 - trainer - [1536/1919] Loss: 1.8384
2024/11/27 08:52:47 - __main__ - INFO - 72 - trainer - Epoch: 67
2024/11/27 08:52:47 - __main__ - INFO - 88 - trainer - [0/1919] Loss: 1.9101
2024/11/27 08:54:45 - __main__ - INFO - 88 - trainer - [384/1919] Loss: 1.9799
2024/11/27 08:56:50 - __main__ - INFO - 88 - trainer - [768/1919] Loss: 1.8924
2024/11/27 08:58:46 - __main__ - INFO - 88 - trainer - [1152/1919] Loss: 1.8807
2024/11/27 09:00:46 - __main__ - INFO - 88 - trainer - [1536/1919] Loss: 1.7028
2024/11/27 09:02:43 - __main__ - INFO - 72 - trainer - Epoch: 68
2024/11/27 09:02:44 - __main__ - INFO - 88 - trainer - [0/1919] Loss: 2.2747
2024/11/27 09:04:46 - __main__ - INFO - 88 - trainer - [384/1919] Loss: 1.8597
2024/11/27 09:06:46 - __main__ - INFO - 88 - trainer - [768/1919] Loss: 1.6932
2024/11/27 09:08:49 - __main__ - INFO - 88 - trainer - [1152/1919] Loss: 1.9825
2024/11/27 09:10:47 - __main__ - INFO - 88 - trainer - [1536/1919] Loss: 1.7066
2024/11/27 09:12:45 - __main__ - INFO - 72 - trainer - Epoch: 69
2024/11/27 09:12:46 - __main__ - INFO - 88 - trainer - [0/1919] Loss: 2.0372
2024/11/27 09:14:45 - __main__ - INFO - 88 - trainer - [384/1919] Loss: 1.8056
2024/11/27 09:16:50 - __main__ - INFO - 88 - trainer - [768/1919] Loss: 1.9061
2024/11/27 09:18:51 - __main__ - INFO - 88 - trainer - [1152/1919] Loss: 1.5743
2024/11/27 09:20:57 - __main__ - INFO - 88 - trainer - [1536/1919] Loss: 1.9216
2024/11/27 09:22:57 - __main__ - INFO - 72 - trainer - Epoch: 70
2024/11/27 09:22:57 - __main__ - INFO - 88 - trainer - [0/1919] Loss: 2.0349
2024/11/27 09:24:58 - __main__ - INFO - 88 - trainer - [384/1919] Loss: 1.9127
2024/11/27 09:26:57 - __main__ - INFO - 88 - trainer - [768/1919] Loss: 1.7408
2024/11/27 09:29:03 - __main__ - INFO - 88 - trainer - [1152/1919] Loss: 1.7165
2024/11/27 09:31:04 - __main__ - INFO - 88 - trainer - [1536/1919] Loss: 1.9531
2024/11/27 09:33:04 - __main__ - INFO - 72 - trainer - Epoch: 71
2024/11/27 09:33:05 - __main__ - INFO - 88 - trainer - [0/1919] Loss: 1.9604
2024/11/27 09:35:15 - __main__ - INFO - 88 - trainer - [384/1919] Loss: 2.0470
2024/11/27 09:37:15 - __main__ - INFO - 88 - trainer - [768/1919] Loss: 1.9446
2024/11/27 09:39:15 - __main__ - INFO - 88 - trainer - [1152/1919] Loss: 1.8869
2024/11/27 09:41:14 - __main__ - INFO - 88 - trainer - [1536/1919] Loss: 1.7195
2024/11/27 09:43:22 - __main__ - INFO - 72 - trainer - Epoch: 72
2024/11/27 09:43:22 - __main__ - INFO - 88 - trainer - [0/1919] Loss: 1.9565
2024/11/27 09:45:21 - __main__ - INFO - 88 - trainer - [384/1919] Loss: 1.6645
2024/11/27 09:47:25 - __main__ - INFO - 88 - trainer - [768/1919] Loss: 1.8146
2024/11/27 09:49:23 - __main__ - INFO - 88 - trainer - [1152/1919] Loss: 2.0127
2024/11/27 09:51:19 - __main__ - INFO - 88 - trainer - [1536/1919] Loss: 1.8217
2024/11/27 09:53:17 - __main__ - INFO - 72 - trainer - Epoch: 73
2024/11/27 09:53:18 - __main__ - INFO - 88 - trainer - [0/1919] Loss: 1.9959
2024/11/27 09:55:21 - __main__ - INFO - 88 - trainer - [384/1919] Loss: 1.9975
2024/11/27 09:57:18 - __main__ - INFO - 88 - trainer - [768/1919] Loss: 1.8721
2024/11/27 09:59:22 - __main__ - INFO - 88 - trainer - [1152/1919] Loss: 1.6688
2024/11/27 10:01:19 - __main__ - INFO - 88 - trainer - [1536/1919] Loss: 1.7147
2024/11/27 10:03:16 - __main__ - INFO - 72 - trainer - Epoch: 74
2024/11/27 10:03:16 - __main__ - INFO - 88 - trainer - [0/1919] Loss: 1.5767
2024/11/27 10:05:14 - __main__ - INFO - 88 - trainer - [384/1919] Loss: 1.6995
2024/11/27 10:07:17 - __main__ - INFO - 88 - trainer - [768/1919] Loss: 1.6727
2024/11/27 10:09:18 - __main__ - INFO - 88 - trainer - [1152/1919] Loss: 1.8622
2024/11/27 10:11:25 - __main__ - INFO - 88 - trainer - [1536/1919] Loss: 1.7762
2024/11/27 10:13:24 - __main__ - INFO - 72 - trainer - Epoch: 75
2024/11/27 10:13:24 - __main__ - INFO - 88 - trainer - [0/1919] Loss: 1.7600
2024/11/27 10:15:26 - __main__ - INFO - 88 - trainer - [384/1919] Loss: 1.7335
2024/11/27 10:17:26 - __main__ - INFO - 88 - trainer - [768/1919] Loss: 1.7533
2024/11/27 10:19:35 - __main__ - INFO - 88 - trainer - [1152/1919] Loss: 1.6743
2024/11/27 10:21:37 - __main__ - INFO - 88 - trainer - [1536/1919] Loss: 1.7410
2024/11/27 10:23:38 - __main__ - INFO - 72 - trainer - Epoch: 76
2024/11/27 10:23:39 - __main__ - INFO - 88 - trainer - [0/1919] Loss: 1.8941
2024/11/27 10:25:46 - __main__ - INFO - 88 - trainer - [384/1919] Loss: 1.8761
2024/11/27 10:27:48 - __main__ - INFO - 88 - trainer - [768/1919] Loss: 1.7738
2024/11/27 10:29:51 - __main__ - INFO - 88 - trainer - [1152/1919] Loss: 1.7254
2024/11/27 10:31:52 - __main__ - INFO - 88 - trainer - [1536/1919] Loss: 1.8037
2024/11/27 10:33:58 - __main__ - INFO - 72 - trainer - Epoch: 77
2024/11/27 10:33:58 - __main__ - INFO - 88 - trainer - [0/1919] Loss: 1.7958
2024/11/27 10:36:01 - __main__ - INFO - 88 - trainer - [384/1919] Loss: 1.8699
2024/11/27 10:38:10 - __main__ - INFO - 88 - trainer - [768/1919] Loss: 1.8580
2024/11/27 10:40:13 - __main__ - INFO - 88 - trainer - [1152/1919] Loss: 1.6873
2024/11/27 10:42:18 - __main__ - INFO - 88 - trainer - [1536/1919] Loss: 1.8617
2024/11/27 10:44:22 - __main__ - INFO - 72 - trainer - Epoch: 78
2024/11/27 10:44:23 - __main__ - INFO - 88 - trainer - [0/1919] Loss: 1.7520
2024/11/27 10:46:51 - __main__ - INFO - 88 - trainer - [384/1919] Loss: 1.6517
2024/11/27 10:49:13 - __main__ - INFO - 88 - trainer - [768/1919] Loss: 1.8501
2024/11/27 10:51:42 - __main__ - INFO - 88 - trainer - [1152/1919] Loss: 1.8853
2024/11/27 10:54:03 - __main__ - INFO - 88 - trainer - [1536/1919] Loss: 1.8740
2024/11/27 10:56:26 - __main__ - INFO - 72 - trainer - Epoch: 79
2024/11/27 10:56:26 - __main__ - INFO - 88 - trainer - [0/1919] Loss: 1.9209
2024/11/27 10:58:45 - __main__ - INFO - 88 - trainer - [384/1919] Loss: 1.7237
2024/11/27 11:01:12 - __main__ - INFO - 88 - trainer - [768/1919] Loss: 1.6504
2024/11/27 11:03:38 - __main__ - INFO - 88 - trainer - [1152/1919] Loss: 1.7036
2024/11/27 11:06:29 - __main__ - INFO - 88 - trainer - [1536/1919] Loss: 1.6754
2024/11/27 11:09:11 - __main__ - INFO - 72 - trainer - Epoch: 80
2024/11/27 11:09:11 - __main__ - INFO - 88 - trainer - [0/1919] Loss: 1.7592
2024/11/27 11:11:58 - __main__ - INFO - 88 - trainer - [384/1919] Loss: 1.8225
2024/11/27 11:14:41 - __main__ - INFO - 88 - trainer - [768/1919] Loss: 1.6782
2024/11/27 11:17:48 - __main__ - INFO - 88 - trainer - [1152/1919] Loss: 1.5939
2024/11/27 11:20:43 - __main__ - INFO - 88 - trainer - [1536/1919] Loss: 1.8352
2024/11/27 11:23:52 - __main__ - INFO - 94 - trainer - start predicting: 2024-11-27 11:23:52.799399
2024/11/27 11:26:37 - __main__ - INFO - 72 - trainer - Epoch: 81
2024/11/27 11:26:37 - __main__ - INFO - 88 - trainer - [0/1919] Loss: 1.6183
2024/11/27 11:29:43 - __main__ - INFO - 88 - trainer - [384/1919] Loss: 1.6585
2024/11/27 11:32:47 - __main__ - INFO - 88 - trainer - [768/1919] Loss: 1.8209
2024/11/27 11:35:56 - __main__ - INFO - 88 - trainer - [1152/1919] Loss: 1.9465
2024/11/27 11:39:02 - __main__ - INFO - 88 - trainer - [1536/1919] Loss: 2.0095
2024/11/27 11:41:58 - __main__ - INFO - 72 - trainer - Epoch: 82
2024/11/27 11:41:58 - __main__ - INFO - 88 - trainer - [0/1919] Loss: 1.5812
2024/11/27 11:44:45 - __main__ - INFO - 88 - trainer - [384/1919] Loss: 1.7087
2024/11/27 11:47:52 - __main__ - INFO - 88 - trainer - [768/1919] Loss: 1.8245
2024/11/27 11:50:55 - __main__ - INFO - 88 - trainer - [1152/1919] Loss: 1.6959
2024/11/27 11:53:46 - __main__ - INFO - 88 - trainer - [1536/1919] Loss: 1.6584
2024/11/27 11:56:42 - __main__ - INFO - 72 - trainer - Epoch: 83
2024/11/27 11:56:42 - __main__ - INFO - 88 - trainer - [0/1919] Loss: 2.0876
2024/11/27 11:59:44 - __main__ - INFO - 88 - trainer - [384/1919] Loss: 1.8463
2024/11/27 12:02:39 - __main__ - INFO - 88 - trainer - [768/1919] Loss: 1.8139
2024/11/27 12:05:49 - __main__ - INFO - 88 - trainer - [1152/1919] Loss: 1.7542
2024/11/27 12:08:43 - __main__ - INFO - 88 - trainer - [1536/1919] Loss: 1.7615
2024/11/27 12:11:34 - __main__ - INFO - 72 - trainer - Epoch: 84
2024/11/27 12:11:35 - __main__ - INFO - 88 - trainer - [0/1919] Loss: 1.7934
2024/11/27 12:14:45 - __main__ - INFO - 88 - trainer - [384/1919] Loss: 1.6648
2024/11/27 12:17:32 - __main__ - INFO - 88 - trainer - [768/1919] Loss: 1.5902
2024/11/27 12:20:26 - __main__ - INFO - 88 - trainer - [1152/1919] Loss: 1.5063
2024/11/27 12:23:36 - __main__ - INFO - 88 - trainer - [1536/1919] Loss: 1.8853
2024/11/27 12:26:27 - __main__ - INFO - 72 - trainer - Epoch: 85
2024/11/27 12:26:27 - __main__ - INFO - 88 - trainer - [0/1919] Loss: 1.8234
2024/11/27 12:29:26 - __main__ - INFO - 88 - trainer - [384/1919] Loss: 1.3366
2024/11/27 12:32:39 - __main__ - INFO - 88 - trainer - [768/1919] Loss: 1.8195
2024/11/27 12:35:29 - __main__ - INFO - 88 - trainer - [1152/1919] Loss: 1.8372
2024/11/27 12:38:28 - __main__ - INFO - 88 - trainer - [1536/1919] Loss: 1.7058
2024/11/27 12:41:30 - __main__ - INFO - 72 - trainer - Epoch: 86
2024/11/27 12:41:31 - __main__ - INFO - 88 - trainer - [0/1919] Loss: 1.7962
2024/11/27 12:44:35 - __main__ - INFO - 88 - trainer - [384/1919] Loss: 1.7752
2024/11/27 12:47:40 - __main__ - INFO - 88 - trainer - [768/1919] Loss: 1.6227
2024/11/27 12:50:42 - __main__ - INFO - 88 - trainer - [1152/1919] Loss: 1.5909
2024/11/27 12:53:31 - __main__ - INFO - 88 - trainer - [1536/1919] Loss: 1.5896
2024/11/27 12:56:38 - __main__ - INFO - 72 - trainer - Epoch: 87
2024/11/27 12:56:39 - __main__ - INFO - 88 - trainer - [0/1919] Loss: 1.9478
2024/11/27 12:59:42 - __main__ - INFO - 88 - trainer - [384/1919] Loss: 1.6489
2024/11/27 13:02:44 - __main__ - INFO - 88 - trainer - [768/1919] Loss: 1.5986
2024/11/27 13:05:56 - __main__ - INFO - 88 - trainer - [1152/1919] Loss: 1.6097
2024/11/27 13:09:06 - __main__ - INFO - 88 - trainer - [1536/1919] Loss: 1.8233
2024/11/27 13:12:03 - __main__ - INFO - 72 - trainer - Epoch: 88
2024/11/27 13:12:04 - __main__ - INFO - 88 - trainer - [0/1919] Loss: 1.7303
2024/11/27 13:15:18 - __main__ - INFO - 88 - trainer - [384/1919] Loss: 1.5916
2024/11/27 13:18:14 - __main__ - INFO - 88 - trainer - [768/1919] Loss: 1.6496
2024/11/27 13:21:23 - __main__ - INFO - 88 - trainer - [1152/1919] Loss: 1.6220
2024/11/27 13:24:50 - __main__ - INFO - 88 - trainer - [1536/1919] Loss: 2.1309
2024/11/27 13:28:00 - __main__ - INFO - 72 - trainer - Epoch: 89
2024/11/27 13:28:01 - __main__ - INFO - 88 - trainer - [0/1919] Loss: 1.6353
2024/11/27 13:31:29 - __main__ - INFO - 88 - trainer - [384/1919] Loss: 1.5661
2024/11/27 13:34:57 - __main__ - INFO - 88 - trainer - [768/1919] Loss: 1.5613
2024/11/27 13:38:11 - __main__ - INFO - 88 - trainer - [1152/1919] Loss: 1.7381
2024/11/27 13:41:39 - __main__ - INFO - 88 - trainer - [1536/1919] Loss: 1.6527
2024/11/27 13:45:03 - __main__ - INFO - 72 - trainer - Epoch: 90
2024/11/27 13:45:04 - __main__ - INFO - 88 - trainer - [0/1919] Loss: 1.6089
2024/11/27 13:48:27 - __main__ - INFO - 88 - trainer - [384/1919] Loss: 1.6076
2024/11/27 13:52:08 - __main__ - INFO - 88 - trainer - [768/1919] Loss: 1.6122
2024/11/27 13:55:45 - __main__ - INFO - 88 - trainer - [1152/1919] Loss: 1.7177
2024/11/27 13:59:15 - __main__ - INFO - 88 - trainer - [1536/1919] Loss: 1.5197
2024/11/27 14:02:44 - __main__ - INFO - 72 - trainer - Epoch: 91
2024/11/27 14:02:45 - __main__ - INFO - 88 - trainer - [0/1919] Loss: 1.6268
2024/11/27 14:06:25 - __main__ - INFO - 88 - trainer - [384/1919] Loss: 1.5897
2024/11/27 14:09:49 - __main__ - INFO - 88 - trainer - [768/1919] Loss: 1.6648
2024/11/27 14:13:29 - __main__ - INFO - 88 - trainer - [1152/1919] Loss: 1.6725
2024/11/27 14:17:04 - __main__ - INFO - 88 - trainer - [1536/1919] Loss: 1.8513
2024/11/27 14:20:28 - __main__ - INFO - 72 - trainer - Epoch: 92
2024/11/27 14:20:28 - __main__ - INFO - 88 - trainer - [0/1919] Loss: 1.6924
2024/11/27 14:24:08 - __main__ - INFO - 88 - trainer - [384/1919] Loss: 1.8968
2024/11/27 14:27:45 - __main__ - INFO - 88 - trainer - [768/1919] Loss: 1.8288
2024/11/27 14:31:13 - __main__ - INFO - 88 - trainer - [1152/1919] Loss: 1.5044
2024/11/27 14:34:46 - __main__ - INFO - 88 - trainer - [1536/1919] Loss: 1.4972
2024/11/27 14:38:21 - __main__ - INFO - 72 - trainer - Epoch: 93
2024/11/27 14:38:21 - __main__ - INFO - 88 - trainer - [0/1919] Loss: 1.6734
2024/11/27 14:41:41 - __main__ - INFO - 88 - trainer - [384/1919] Loss: 1.7428
2024/11/27 14:45:18 - __main__ - INFO - 88 - trainer - [768/1919] Loss: 1.7632
2024/11/27 14:48:47 - __main__ - INFO - 88 - trainer - [1152/1919] Loss: 1.4813
2024/11/27 14:52:24 - __main__ - INFO - 88 - trainer - [1536/1919] Loss: 1.7121
2024/11/27 14:56:00 - __main__ - INFO - 72 - trainer - Epoch: 94
2024/11/27 14:56:01 - __main__ - INFO - 88 - trainer - [0/1919] Loss: 1.7128
2024/11/27 14:59:33 - __main__ - INFO - 88 - trainer - [384/1919] Loss: 1.6798
2024/11/27 15:02:54 - __main__ - INFO - 88 - trainer - [768/1919] Loss: 1.4322
2024/11/27 15:06:20 - __main__ - INFO - 88 - trainer - [1152/1919] Loss: 1.5904
2024/11/27 15:09:31 - __main__ - INFO - 88 - trainer - [1536/1919] Loss: 1.4765
2024/11/27 15:12:40 - __main__ - INFO - 72 - trainer - Epoch: 95
2024/11/27 15:12:40 - __main__ - INFO - 88 - trainer - [0/1919] Loss: 1.5398
2024/11/27 15:15:59 - __main__ - INFO - 88 - trainer - [384/1919] Loss: 1.8635
2024/11/27 15:18:57 - __main__ - INFO - 88 - trainer - [768/1919] Loss: 1.4886
2024/11/27 15:21:49 - __main__ - INFO - 88 - trainer - [1152/1919] Loss: 1.6255
2024/11/27 15:24:53 - __main__ - INFO - 88 - trainer - [1536/1919] Loss: 1.5088
2024/11/27 15:27:54 - __main__ - INFO - 72 - trainer - Epoch: 96
2024/11/27 15:27:54 - __main__ - INFO - 88 - trainer - [0/1919] Loss: 1.4487
2024/11/27 15:30:53 - __main__ - INFO - 88 - trainer - [384/1919] Loss: 1.6536
2024/11/27 15:33:53 - __main__ - INFO - 88 - trainer - [768/1919] Loss: 1.5729
2024/11/27 15:37:03 - __main__ - INFO - 88 - trainer - [1152/1919] Loss: 1.5686
2024/11/27 15:40:01 - __main__ - INFO - 88 - trainer - [1536/1919] Loss: 1.4689
2024/11/27 15:43:02 - __main__ - INFO - 72 - trainer - Epoch: 97
2024/11/27 15:43:03 - __main__ - INFO - 88 - trainer - [0/1919] Loss: 1.5683
2024/11/27 15:46:13 - __main__ - INFO - 88 - trainer - [384/1919] Loss: 1.6111
2024/11/27 15:49:16 - __main__ - INFO - 88 - trainer - [768/1919] Loss: 1.5988
2024/11/27 15:52:10 - __main__ - INFO - 88 - trainer - [1152/1919] Loss: 1.4295
2024/11/27 15:55:20 - __main__ - INFO - 88 - trainer - [1536/1919] Loss: 1.5122
2024/11/27 15:58:30 - __main__ - INFO - 72 - trainer - Epoch: 98
2024/11/27 15:58:31 - __main__ - INFO - 88 - trainer - [0/1919] Loss: 1.3639
2024/11/27 16:01:32 - __main__ - INFO - 88 - trainer - [384/1919] Loss: 1.3958
2024/11/27 16:04:45 - __main__ - INFO - 88 - trainer - [768/1919] Loss: 1.5700
2024/11/27 16:08:00 - __main__ - INFO - 88 - trainer - [1152/1919] Loss: 1.6301
2024/11/27 16:11:03 - __main__ - INFO - 88 - trainer - [1536/1919] Loss: 1.5320
2024/11/27 16:14:00 - __main__ - INFO - 72 - trainer - Epoch: 99
2024/11/27 16:14:01 - __main__ - INFO - 88 - trainer - [0/1919] Loss: 1.7185
2024/11/27 16:17:32 - __main__ - INFO - 88 - trainer - [384/1919] Loss: 1.6517
2024/11/27 16:20:35 - __main__ - INFO - 88 - trainer - [768/1919] Loss: 1.6417
2024/11/27 16:23:37 - __main__ - INFO - 88 - trainer - [1152/1919] Loss: 1.3879
2024/11/27 16:26:53 - __main__ - INFO - 88 - trainer - [1536/1919] Loss: 1.3683
2024/11/27 16:30:15 - __main__ - INFO - 72 - trainer - Epoch: 100
2024/11/27 16:30:15 - __main__ - INFO - 88 - trainer - [0/1919] Loss: 1.7415
2024/11/27 16:33:15 - __main__ - INFO - 88 - trainer - [384/1919] Loss: 1.4250
2024/11/27 16:36:24 - __main__ - INFO - 88 - trainer - [768/1919] Loss: 1.3518
2024/11/27 16:39:41 - __main__ - INFO - 88 - trainer - [1152/1919] Loss: 1.2416
2024/11/27 16:42:51 - __main__ - INFO - 88 - trainer - [1536/1919] Loss: 1.3333
2024/11/27 16:45:54 - __main__ - INFO - 94 - trainer - start predicting: 2024-11-27 16:45:54.308914
2024/11/27 16:48:40 - __main__ - INFO - 72 - trainer - Epoch: 101
2024/11/27 16:48:41 - __main__ - INFO - 88 - trainer - [0/1919] Loss: 1.6881
2024/11/27 16:52:09 - __main__ - INFO - 88 - trainer - [384/1919] Loss: 1.3950
2024/11/27 16:55:06 - __main__ - INFO - 88 - trainer - [768/1919] Loss: 1.6160
2024/11/27 16:58:02 - __main__ - INFO - 88 - trainer - [1152/1919] Loss: 1.3751
2024/11/27 17:01:12 - __main__ - INFO - 88 - trainer - [1536/1919] Loss: 1.3669
2024/11/27 17:04:21 - __main__ - INFO - 72 - trainer - Epoch: 102
2024/11/27 17:04:21 - __main__ - INFO - 88 - trainer - [0/1919] Loss: 1.4927
2024/11/27 17:07:17 - __main__ - INFO - 88 - trainer - [384/1919] Loss: 1.2637
2024/11/27 17:10:32 - __main__ - INFO - 88 - trainer - [768/1919] Loss: 1.5519
2024/11/27 17:13:40 - __main__ - INFO - 88 - trainer - [1152/1919] Loss: 1.4692
2024/11/27 17:16:44 - __main__ - INFO - 88 - trainer - [1536/1919] Loss: 1.6054
2024/11/27 17:19:49 - __main__ - INFO - 72 - trainer - Epoch: 103
2024/11/27 17:19:50 - __main__ - INFO - 88 - trainer - [0/1919] Loss: 1.6783
2024/11/27 17:23:14 - __main__ - INFO - 88 - trainer - [384/1919] Loss: 1.5551
2024/11/27 17:26:27 - __main__ - INFO - 88 - trainer - [768/1919] Loss: 1.5874
2024/11/27 17:31:24 - __main__ - INFO - 88 - trainer - [1152/1919] Loss: 1.5560
2024/11/27 17:36:22 - __main__ - INFO - 88 - trainer - [1536/1919] Loss: 1.6354
2024/11/27 17:40:31 - __main__ - INFO - 72 - trainer - Epoch: 104
2024/11/27 17:40:32 - __main__ - INFO - 88 - trainer - [0/1919] Loss: 1.7389
2024/11/27 17:44:01 - __main__ - INFO - 88 - trainer - [384/1919] Loss: 1.3250
2024/11/27 17:47:25 - __main__ - INFO - 88 - trainer - [768/1919] Loss: 1.3983
2024/11/27 17:50:39 - __main__ - INFO - 88 - trainer - [1152/1919] Loss: 1.3583
2024/11/27 17:53:42 - __main__ - INFO - 88 - trainer - [1536/1919] Loss: 1.5435
2024/11/27 17:57:01 - __main__ - INFO - 72 - trainer - Epoch: 105
2024/11/27 17:57:02 - __main__ - INFO - 88 - trainer - [0/1919] Loss: 1.4916
2024/11/27 18:00:15 - __main__ - INFO - 88 - trainer - [384/1919] Loss: 1.5287
2024/11/27 18:03:12 - __main__ - INFO - 88 - trainer - [768/1919] Loss: 1.5221
2024/11/27 18:06:16 - __main__ - INFO - 88 - trainer - [1152/1919] Loss: 1.5817
2024/11/27 18:09:39 - __main__ - INFO - 88 - trainer - [1536/1919] Loss: 1.6014
2024/11/27 18:12:59 - __main__ - INFO - 72 - trainer - Epoch: 106
2024/11/27 18:12:59 - __main__ - INFO - 88 - trainer - [0/1919] Loss: 1.5978
2024/11/27 18:16:40 - __main__ - INFO - 88 - trainer - [384/1919] Loss: 1.3450
2024/11/27 18:20:12 - __main__ - INFO - 88 - trainer - [768/1919] Loss: 1.3371
2024/11/27 18:23:31 - __main__ - INFO - 88 - trainer - [1152/1919] Loss: 1.2282
2024/11/27 18:27:07 - __main__ - INFO - 88 - trainer - [1536/1919] Loss: 1.6436
2024/11/27 18:30:30 - __main__ - INFO - 72 - trainer - Epoch: 107
2024/11/27 18:30:31 - __main__ - INFO - 88 - trainer - [0/1919] Loss: 1.2459
2024/11/27 18:33:58 - __main__ - INFO - 88 - trainer - [384/1919] Loss: 1.4188
2024/11/27 18:37:38 - __main__ - INFO - 88 - trainer - [768/1919] Loss: 1.3833
2024/11/27 18:41:20 - __main__ - INFO - 88 - trainer - [1152/1919] Loss: 1.5722
2024/11/27 18:44:48 - __main__ - INFO - 88 - trainer - [1536/1919] Loss: 1.3491
2024/11/27 18:48:11 - __main__ - INFO - 72 - trainer - Epoch: 108
2024/11/27 18:48:12 - __main__ - INFO - 88 - trainer - [0/1919] Loss: 1.3953
2024/11/27 18:51:58 - __main__ - INFO - 88 - trainer - [384/1919] Loss: 1.5553
2024/11/27 18:55:39 - __main__ - INFO - 88 - trainer - [768/1919] Loss: 1.1772
2024/11/27 18:59:09 - __main__ - INFO - 88 - trainer - [1152/1919] Loss: 1.5836
2024/11/27 19:02:53 - __main__ - INFO - 88 - trainer - [1536/1919] Loss: 1.4074
2024/11/27 19:06:39 - __main__ - INFO - 72 - trainer - Epoch: 109
2024/11/27 19:06:40 - __main__ - INFO - 88 - trainer - [0/1919] Loss: 1.5623
2024/11/27 19:10:15 - __main__ - INFO - 88 - trainer - [384/1919] Loss: 1.6373
2024/11/27 19:13:20 - __main__ - INFO - 88 - trainer - [768/1919] Loss: 1.4541
2024/11/27 19:16:39 - __main__ - INFO - 88 - trainer - [1152/1919] Loss: 1.4948
2024/11/27 19:19:54 - __main__ - INFO - 88 - trainer - [1536/1919] Loss: 1.5981
2024/11/27 19:23:04 - __main__ - INFO - 72 - trainer - Epoch: 110
2024/11/27 19:23:05 - __main__ - INFO - 88 - trainer - [0/1919] Loss: 1.6183
2024/11/27 19:26:14 - __main__ - INFO - 88 - trainer - [384/1919] Loss: 1.4258
2024/11/27 19:29:32 - __main__ - INFO - 88 - trainer - [768/1919] Loss: 1.4859
2024/11/27 19:32:32 - __main__ - INFO - 88 - trainer - [1152/1919] Loss: 1.2691
2024/11/27 19:35:44 - __main__ - INFO - 88 - trainer - [1536/1919] Loss: 1.4124
2024/11/27 19:39:02 - __main__ - INFO - 72 - trainer - Epoch: 111
2024/11/27 19:39:03 - __main__ - INFO - 88 - trainer - [0/1919] Loss: 1.4136
2024/11/27 19:42:15 - __main__ - INFO - 88 - trainer - [384/1919] Loss: 1.6187
2024/11/27 19:45:17 - __main__ - INFO - 88 - trainer - [768/1919] Loss: 1.3680
2024/11/27 19:48:33 - __main__ - INFO - 88 - trainer - [1152/1919] Loss: 1.5483
2024/11/27 19:51:50 - __main__ - INFO - 88 - trainer - [1536/1919] Loss: 1.4929
2024/11/27 19:55:01 - __main__ - INFO - 72 - trainer - Epoch: 112
2024/11/27 19:55:02 - __main__ - INFO - 88 - trainer - [0/1919] Loss: 1.4590
2024/11/27 19:58:09 - __main__ - INFO - 88 - trainer - [384/1919] Loss: 1.6170
2024/11/27 20:01:15 - __main__ - INFO - 88 - trainer - [768/1919] Loss: 1.4251
2024/11/27 20:04:00 - __main__ - INFO - 88 - trainer - [1152/1919] Loss: 1.6359
2024/11/27 20:06:49 - __main__ - INFO - 88 - trainer - [1536/1919] Loss: 1.2794
2024/11/27 20:09:46 - __main__ - INFO - 72 - trainer - Epoch: 113
2024/11/27 20:09:47 - __main__ - INFO - 88 - trainer - [0/1919] Loss: 1.5953
2024/11/27 20:12:38 - __main__ - INFO - 88 - trainer - [384/1919] Loss: 1.3335
2024/11/27 20:15:23 - __main__ - INFO - 88 - trainer - [768/1919] Loss: 1.3113
2024/11/27 20:18:22 - __main__ - INFO - 88 - trainer - [1152/1919] Loss: 1.3328
2024/11/27 20:20:57 - __main__ - INFO - 88 - trainer - [1536/1919] Loss: 1.3596
2024/11/27 20:23:17 - __main__ - INFO - 72 - trainer - Epoch: 114
2024/11/27 20:23:17 - __main__ - INFO - 88 - trainer - [0/1919] Loss: 1.2435
2024/11/27 20:25:47 - __main__ - INFO - 88 - trainer - [384/1919] Loss: 1.4129
2024/11/27 20:28:17 - __main__ - INFO - 88 - trainer - [768/1919] Loss: 1.3868
2024/11/27 20:30:48 - __main__ - INFO - 88 - trainer - [1152/1919] Loss: 1.3909
2024/11/27 20:33:18 - __main__ - INFO - 88 - trainer - [1536/1919] Loss: 1.4699
2024/11/27 20:35:50 - __main__ - INFO - 72 - trainer - Epoch: 115
2024/11/27 20:35:51 - __main__ - INFO - 88 - trainer - [0/1919] Loss: 1.4008
2024/11/27 20:38:00 - __main__ - INFO - 88 - trainer - [384/1919] Loss: 1.4489
2024/11/27 20:40:11 - __main__ - INFO - 88 - trainer - [768/1919] Loss: 1.5187
2024/11/27 20:42:23 - __main__ - INFO - 88 - trainer - [1152/1919] Loss: 1.4867
2024/11/27 20:44:39 - __main__ - INFO - 88 - trainer - [1536/1919] Loss: 1.4398
2024/11/27 20:46:49 - __main__ - INFO - 72 - trainer - Epoch: 116
2024/11/27 20:46:50 - __main__ - INFO - 88 - trainer - [0/1919] Loss: 1.6745
2024/11/27 20:49:05 - __main__ - INFO - 88 - trainer - [384/1919] Loss: 1.5399
2024/11/27 20:51:15 - __main__ - INFO - 88 - trainer - [768/1919] Loss: 1.3376
2024/11/27 20:53:26 - __main__ - INFO - 88 - trainer - [1152/1919] Loss: 1.5736
2024/11/27 20:55:38 - __main__ - INFO - 88 - trainer - [1536/1919] Loss: 1.4787
2024/11/27 20:57:50 - __main__ - INFO - 72 - trainer - Epoch: 117
2024/11/27 20:57:51 - __main__ - INFO - 88 - trainer - [0/1919] Loss: 1.4666
2024/11/27 21:00:01 - __main__ - INFO - 88 - trainer - [384/1919] Loss: 1.3148
2024/11/27 21:02:18 - __main__ - INFO - 88 - trainer - [768/1919] Loss: 1.3841
2024/11/27 21:04:30 - __main__ - INFO - 88 - trainer - [1152/1919] Loss: 1.4913
2024/11/27 21:06:42 - __main__ - INFO - 88 - trainer - [1536/1919] Loss: 1.2606
2024/11/27 21:08:52 - __main__ - INFO - 72 - trainer - Epoch: 118
2024/11/27 21:08:52 - __main__ - INFO - 88 - trainer - [0/1919] Loss: 1.5222
2024/11/27 21:11:05 - __main__ - INFO - 88 - trainer - [384/1919] Loss: 1.5277
2024/11/27 21:13:13 - __main__ - INFO - 88 - trainer - [768/1919] Loss: 1.5045
2024/11/27 21:15:24 - __main__ - INFO - 88 - trainer - [1152/1919] Loss: 1.4978
2024/11/27 21:17:37 - __main__ - INFO - 88 - trainer - [1536/1919] Loss: 1.5867
2024/11/27 21:19:47 - __main__ - INFO - 72 - trainer - Epoch: 119
2024/11/27 21:19:48 - __main__ - INFO - 88 - trainer - [0/1919] Loss: 1.4944
2024/11/27 21:21:56 - __main__ - INFO - 88 - trainer - [384/1919] Loss: 1.4415
2024/11/27 21:24:05 - __main__ - INFO - 88 - trainer - [768/1919] Loss: 1.4523
2024/11/27 21:26:19 - __main__ - INFO - 88 - trainer - [1152/1919] Loss: 1.5388
2024/11/27 21:28:29 - __main__ - INFO - 88 - trainer - [1536/1919] Loss: 1.5110
2024/11/27 21:30:43 - __main__ - INFO - 72 - trainer - Epoch: 120
2024/11/27 21:30:44 - __main__ - INFO - 88 - trainer - [0/1919] Loss: 1.5089
2024/11/27 21:32:56 - __main__ - INFO - 88 - trainer - [384/1919] Loss: 1.3852
2024/11/27 21:35:08 - __main__ - INFO - 88 - trainer - [768/1919] Loss: 1.3007
2024/11/27 21:37:17 - __main__ - INFO - 88 - trainer - [1152/1919] Loss: 1.4381
2024/11/27 21:39:28 - __main__ - INFO - 88 - trainer - [1536/1919] Loss: 1.5074
2024/11/27 21:41:29 - __main__ - INFO - 94 - trainer - start predicting: 2024-11-27 21:41:29.536771
2024/11/27 21:43:06 - __main__ - INFO - 128 - trainer - {'Best_HR@5': 0.0488, 'Best_NDCG@5': 0.0303, 'Best_HR@10': 0.1302, 'Best_NDCG@10': 0.0546, 'Best_HR@20': 0.3297, 'Best_NDCG@20': 0.1036}
2024/11/27 21:43:06 - __main__ - INFO - 129 - trainer - {'Best_epoch_HR@5': 20, 'Best_epoch_NDCG@5': 20, 'Best_epoch_HR@10': 20, 'Best_epoch_NDCG@10': 20, 'Best_epoch_HR@20': 20, 'Best_epoch_NDCG@20': 20}
2024/11/27 21:44:43 - __main__ - INFO - 156 - trainer - Test------------------------------------------------------
2024/11/27 21:44:43 - __main__ - INFO - 158 - trainer - {'HR@5': 0.0163, 'NDCG@5': 0.0163, 'HR@10': 0.1302, 'NDCG@10': 0.0509, 'HR@20': 0.3092, 'NDCG@20': 0.0956}
2024/11/27 21:44:43 - __main__ - INFO - 160 - trainer - Best Eval---------------------------------------------------------
2024/11/27 21:44:43 - __main__ - INFO - 163 - trainer - {'Best_HR@5': 0.0488, 'Best_NDCG@5': 0.0303, 'Best_HR@10': 0.1302, 'Best_NDCG@10': 0.0546, 'Best_HR@20': 0.3297, 'Best_NDCG@20': 0.1036}
2024/11/27 21:44:43 - __main__ - INFO - 164 - trainer - {'Best_epoch_HR@5': 20, 'Best_epoch_NDCG@5': 20, 'Best_epoch_HR@10': 20, 'Best_epoch_NDCG@10': 20, 'Best_epoch_HR@20': 20, 'Best_epoch_NDCG@20': 20}
