2024/11/30 15:35:06 - __main__ - INFO - 65 - main - Namespace(batch_size=512, dataset='steam', decay_step=100, description='Diffu_norm_score', device='cuda', diffusion_steps=32, diversity_measure=False, dropout=0.1, emb_dropout=0.3, epoch_time_avg=False, epochs=500, eval_interval=20, gamma=0.1, hidden_act='gelu', hidden_size=128, lambda_uncertainty=0.001, log_file='log/', long_head=False, loss_lambda=0.001, lr=0.001, max_len=50, metric_ks=[5, 10, 20], momentum=None, noise_schedule='trunc_lin', num_blocks=4, num_gpu=1, optimizer='Adam', patience=5, random_seed=1997, rescale_timesteps=True, schedule_sampler_name='lossaware', weight_decay=0)
2024/11/30 15:36:31 - __main__ - INFO - 72 - trainer - Epoch: 0
2024/11/30 15:36:34 - __main__ - INFO - 88 - trainer - [0/5166] Loss: 39.4316
2024/11/30 15:57:50 - __main__ - INFO - 88 - trainer - [1034/5166] Loss: 8.2800
2024/11/30 16:19:13 - __main__ - INFO - 88 - trainer - [2068/5166] Loss: 7.9423
2024/11/30 16:40:31 - __main__ - INFO - 88 - trainer - [3102/5166] Loss: 7.7989
2024/11/30 17:01:45 - __main__ - INFO - 88 - trainer - [4136/5166] Loss: 7.8656
2024/11/30 17:22:55 - __main__ - INFO - 72 - trainer - Epoch: 1
2024/11/30 17:22:58 - __main__ - INFO - 88 - trainer - [0/5166] Loss: 7.8511
2024/11/30 17:44:12 - __main__ - INFO - 88 - trainer - [1034/5166] Loss: 7.8662
2024/11/30 18:09:20 - __main__ - INFO - 88 - trainer - [2068/5166] Loss: 7.7588
2024/11/30 18:34:30 - __main__ - INFO - 88 - trainer - [3102/5166] Loss: 7.7425
2024/11/30 18:59:39 - __main__ - INFO - 88 - trainer - [4136/5166] Loss: 7.2335
2024/11/30 19:23:14 - __main__ - INFO - 72 - trainer - Epoch: 2
2024/11/30 19:23:16 - __main__ - INFO - 88 - trainer - [0/5166] Loss: 6.7988
2024/11/30 19:46:11 - __main__ - INFO - 88 - trainer - [1034/5166] Loss: 6.7090
2024/11/30 20:09:49 - __main__ - INFO - 88 - trainer - [2068/5166] Loss: 6.2564
2024/11/30 20:33:16 - __main__ - INFO - 88 - trainer - [3102/5166] Loss: 6.3119
2024/11/30 20:56:13 - __main__ - INFO - 88 - trainer - [4136/5166] Loss: 5.7850
2024/11/30 21:19:25 - __main__ - INFO - 72 - trainer - Epoch: 3
2024/11/30 21:19:28 - __main__ - INFO - 88 - trainer - [0/5166] Loss: 5.4952
2024/11/30 21:42:35 - __main__ - INFO - 88 - trainer - [1034/5166] Loss: 5.5110
2024/11/30 22:05:43 - __main__ - INFO - 88 - trainer - [2068/5166] Loss: 5.0682
2024/11/30 22:29:02 - __main__ - INFO - 88 - trainer - [3102/5166] Loss: 4.8090
2024/11/30 22:44:27 - __main__ - INFO - 88 - trainer - [4136/5166] Loss: 4.8016
2024/11/30 22:55:00 - __main__ - INFO - 72 - trainer - Epoch: 4
2024/11/30 22:55:02 - __main__ - INFO - 88 - trainer - [0/5166] Loss: 4.3797
2024/11/30 23:05:48 - __main__ - INFO - 88 - trainer - [1034/5166] Loss: 3.9709
2024/11/30 23:16:35 - __main__ - INFO - 88 - trainer - [2068/5166] Loss: 4.2052
2024/11/30 23:27:25 - __main__ - INFO - 88 - trainer - [3102/5166] Loss: 4.1319
2024/11/30 23:38:08 - __main__ - INFO - 88 - trainer - [4136/5166] Loss: 4.0722
2024/11/30 23:48:04 - __main__ - INFO - 72 - trainer - Epoch: 5
2024/11/30 23:48:05 - __main__ - INFO - 88 - trainer - [0/5166] Loss: 3.7910
2024/11/30 23:57:59 - __main__ - INFO - 88 - trainer - [1034/5166] Loss: 3.4859
2024/12/01 00:06:21 - __main__ - INFO - 88 - trainer - [2068/5166] Loss: 3.7366
2024/12/01 00:14:28 - __main__ - INFO - 88 - trainer - [3102/5166] Loss: 3.9408
2024/12/01 00:22:19 - __main__ - INFO - 88 - trainer - [4136/5166] Loss: 3.8951
2024/12/01 00:30:02 - __main__ - INFO - 72 - trainer - Epoch: 6
2024/12/01 00:30:03 - __main__ - INFO - 88 - trainer - [0/5166] Loss: 3.6220
2024/12/01 00:37:48 - __main__ - INFO - 88 - trainer - [1034/5166] Loss: 3.8664
2024/12/01 00:45:41 - __main__ - INFO - 88 - trainer - [2068/5166] Loss: 3.5269
2024/12/01 00:53:25 - __main__ - INFO - 88 - trainer - [3102/5166] Loss: 3.3007
2024/12/01 01:01:19 - __main__ - INFO - 88 - trainer - [4136/5166] Loss: 3.1083
2024/12/01 01:09:16 - __main__ - INFO - 72 - trainer - Epoch: 7
2024/12/01 01:09:16 - __main__ - INFO - 88 - trainer - [0/5166] Loss: 3.3479
2024/12/01 01:17:04 - __main__ - INFO - 88 - trainer - [1034/5166] Loss: 3.3597
2024/12/01 01:24:47 - __main__ - INFO - 88 - trainer - [2068/5166] Loss: 3.4119
2024/12/01 01:32:42 - __main__ - INFO - 88 - trainer - [3102/5166] Loss: 3.2588
2024/12/01 01:40:27 - __main__ - INFO - 88 - trainer - [4136/5166] Loss: 3.1038
2024/12/01 01:47:57 - __main__ - INFO - 72 - trainer - Epoch: 8
2024/12/01 01:47:57 - __main__ - INFO - 88 - trainer - [0/5166] Loss: 3.1612
2024/12/01 01:55:46 - __main__ - INFO - 88 - trainer - [1034/5166] Loss: 3.2755
2024/12/01 02:03:23 - __main__ - INFO - 88 - trainer - [2068/5166] Loss: 3.1764
2024/12/01 02:11:07 - __main__ - INFO - 88 - trainer - [3102/5166] Loss: 3.1847
2024/12/01 02:18:52 - __main__ - INFO - 88 - trainer - [4136/5166] Loss: 3.1201
2024/12/01 02:26:33 - __main__ - INFO - 72 - trainer - Epoch: 9
2024/12/01 02:26:34 - __main__ - INFO - 88 - trainer - [0/5166] Loss: 3.1191
2024/12/01 02:34:30 - __main__ - INFO - 88 - trainer - [1034/5166] Loss: 3.0551
2024/12/01 02:42:16 - __main__ - INFO - 88 - trainer - [2068/5166] Loss: 2.7855
2024/12/01 02:50:10 - __main__ - INFO - 88 - trainer - [3102/5166] Loss: 2.9964
2024/12/01 02:58:00 - __main__ - INFO - 88 - trainer - [4136/5166] Loss: 3.2649
2024/12/01 03:05:59 - __main__ - INFO - 72 - trainer - Epoch: 10
2024/12/01 03:06:00 - __main__ - INFO - 88 - trainer - [0/5166] Loss: 3.1046
2024/12/01 03:13:55 - __main__ - INFO - 88 - trainer - [1034/5166] Loss: 3.0462
2024/12/01 03:21:40 - __main__ - INFO - 88 - trainer - [2068/5166] Loss: 2.9256
2024/12/01 03:29:24 - __main__ - INFO - 88 - trainer - [3102/5166] Loss: 2.8427
2024/12/01 03:37:07 - __main__ - INFO - 88 - trainer - [4136/5166] Loss: 2.7897
2024/12/01 03:44:52 - __main__ - INFO - 72 - trainer - Epoch: 11
2024/12/01 03:44:53 - __main__ - INFO - 88 - trainer - [0/5166] Loss: 2.7828
2024/12/01 03:52:39 - __main__ - INFO - 88 - trainer - [1034/5166] Loss: 3.0321
2024/12/01 04:00:21 - __main__ - INFO - 88 - trainer - [2068/5166] Loss: 2.9258
2024/12/01 04:08:10 - __main__ - INFO - 88 - trainer - [3102/5166] Loss: 2.9991
2024/12/01 04:15:56 - __main__ - INFO - 88 - trainer - [4136/5166] Loss: 2.5764
2024/12/01 04:23:37 - __main__ - INFO - 72 - trainer - Epoch: 12
2024/12/01 04:23:38 - __main__ - INFO - 88 - trainer - [0/5166] Loss: 2.9298
2024/12/01 04:31:41 - __main__ - INFO - 88 - trainer - [1034/5166] Loss: 2.9528
2024/12/01 04:39:25 - __main__ - INFO - 88 - trainer - [2068/5166] Loss: 2.7617
2024/12/01 04:47:07 - __main__ - INFO - 88 - trainer - [3102/5166] Loss: 2.8602
2024/12/01 04:54:59 - __main__ - INFO - 88 - trainer - [4136/5166] Loss: 3.0512
2024/12/01 05:02:41 - __main__ - INFO - 72 - trainer - Epoch: 13
2024/12/01 05:02:42 - __main__ - INFO - 88 - trainer - [0/5166] Loss: 2.8375
2024/12/01 05:10:26 - __main__ - INFO - 88 - trainer - [1034/5166] Loss: 2.7170
2024/12/01 05:18:20 - __main__ - INFO - 88 - trainer - [2068/5166] Loss: 2.6404
2024/12/01 05:26:16 - __main__ - INFO - 88 - trainer - [3102/5166] Loss: 2.9708
2024/12/01 05:34:15 - __main__ - INFO - 88 - trainer - [4136/5166] Loss: 2.5030
2024/12/01 05:42:30 - __main__ - INFO - 72 - trainer - Epoch: 14
2024/12/01 05:42:31 - __main__ - INFO - 88 - trainer - [0/5166] Loss: 2.6795
2024/12/01 05:50:57 - __main__ - INFO - 88 - trainer - [1034/5166] Loss: 2.8958
2024/12/01 05:59:08 - __main__ - INFO - 88 - trainer - [2068/5166] Loss: 2.7829
2024/12/01 06:07:38 - __main__ - INFO - 88 - trainer - [3102/5166] Loss: 2.8879
2024/12/01 06:16:11 - __main__ - INFO - 88 - trainer - [4136/5166] Loss: 2.7260
2024/12/01 06:24:47 - __main__ - INFO - 72 - trainer - Epoch: 15
2024/12/01 06:24:48 - __main__ - INFO - 88 - trainer - [0/5166] Loss: 2.8499
2024/12/01 06:33:04 - __main__ - INFO - 88 - trainer - [1034/5166] Loss: 2.4816
2024/12/01 06:41:23 - __main__ - INFO - 88 - trainer - [2068/5166] Loss: 2.3738
2024/12/01 06:49:25 - __main__ - INFO - 88 - trainer - [3102/5166] Loss: 2.4694
2024/12/01 06:57:01 - __main__ - INFO - 88 - trainer - [4136/5166] Loss: 2.6194
2024/12/01 07:04:52 - __main__ - INFO - 72 - trainer - Epoch: 16
2024/12/01 07:04:53 - __main__ - INFO - 88 - trainer - [0/5166] Loss: 2.5748
2024/12/01 07:12:26 - __main__ - INFO - 88 - trainer - [1034/5166] Loss: 2.3079
2024/12/01 07:19:40 - __main__ - INFO - 88 - trainer - [2068/5166] Loss: 2.3987
2024/12/01 07:26:52 - __main__ - INFO - 88 - trainer - [3102/5166] Loss: 2.7787
2024/12/01 07:34:09 - __main__ - INFO - 88 - trainer - [4136/5166] Loss: 2.7241
2024/12/01 07:41:11 - __main__ - INFO - 72 - trainer - Epoch: 17
2024/12/01 07:41:12 - __main__ - INFO - 88 - trainer - [0/5166] Loss: 2.7582
2024/12/01 07:48:25 - __main__ - INFO - 88 - trainer - [1034/5166] Loss: 2.3915
2024/12/01 07:55:30 - __main__ - INFO - 88 - trainer - [2068/5166] Loss: 2.8771
2024/12/01 08:02:41 - __main__ - INFO - 88 - trainer - [3102/5166] Loss: 2.7639
2024/12/01 08:10:06 - __main__ - INFO - 88 - trainer - [4136/5166] Loss: 2.4962
2024/12/01 08:17:05 - __main__ - INFO - 72 - trainer - Epoch: 18
2024/12/01 08:17:06 - __main__ - INFO - 88 - trainer - [0/5166] Loss: 2.4816
2024/12/01 08:24:25 - __main__ - INFO - 88 - trainer - [1034/5166] Loss: 2.5030
2024/12/01 08:31:40 - __main__ - INFO - 88 - trainer - [2068/5166] Loss: 2.2965
2024/12/01 08:38:54 - __main__ - INFO - 88 - trainer - [3102/5166] Loss: 2.2099
2024/12/01 08:46:08 - __main__ - INFO - 88 - trainer - [4136/5166] Loss: 2.6125
2024/12/01 08:53:05 - __main__ - INFO - 72 - trainer - Epoch: 19
2024/12/01 08:53:06 - __main__ - INFO - 88 - trainer - [0/5166] Loss: 2.3886
2024/12/01 09:00:06 - __main__ - INFO - 88 - trainer - [1034/5166] Loss: 2.5823
2024/12/01 09:07:16 - __main__ - INFO - 88 - trainer - [2068/5166] Loss: 2.4057
2024/12/01 09:14:24 - __main__ - INFO - 88 - trainer - [3102/5166] Loss: 2.4005
2024/12/01 09:21:33 - __main__ - INFO - 88 - trainer - [4136/5166] Loss: 2.3025
2024/12/01 09:28:35 - __main__ - INFO - 72 - trainer - Epoch: 20
2024/12/01 09:28:35 - __main__ - INFO - 88 - trainer - [0/5166] Loss: 2.5011
2024/12/01 09:35:37 - __main__ - INFO - 88 - trainer - [1034/5166] Loss: 2.7165
2024/12/01 09:42:47 - __main__ - INFO - 88 - trainer - [2068/5166] Loss: 2.4100
2024/12/01 09:50:01 - __main__ - INFO - 88 - trainer - [3102/5166] Loss: 2.3154
2024/12/01 09:57:21 - __main__ - INFO - 88 - trainer - [4136/5166] Loss: 2.5864
2024/12/01 10:04:21 - __main__ - INFO - 94 - trainer - start predicting: 2024-12-01 10:04:21.510799
2024/12/01 11:48:23 - __main__ - INFO - 121 - trainer - {'Best_HR@5': 0.0028, 'Best_NDCG@5': 0.0014, 'Best_HR@10': 0.0064, 'Best_NDCG@10': 0.0025, 'Best_HR@20': 0.0138, 'Best_NDCG@20': 0.0044}
2024/12/01 11:48:23 - __main__ - INFO - 122 - trainer - {'Best_epoch_HR@5': 20, 'Best_epoch_NDCG@5': 20, 'Best_epoch_HR@10': 20, 'Best_epoch_NDCG@10': 20, 'Best_epoch_HR@20': 20, 'Best_epoch_NDCG@20': 20}
2024/12/01 11:48:23 - __main__ - INFO - 72 - trainer - Epoch: 21
2024/12/01 11:48:24 - __main__ - INFO - 88 - trainer - [0/5166] Loss: 2.7079
2024/12/01 11:55:52 - __main__ - INFO - 88 - trainer - [1034/5166] Loss: 2.5006
2024/12/01 12:04:20 - __main__ - INFO - 88 - trainer - [2068/5166] Loss: 2.5559
2024/12/01 12:13:10 - __main__ - INFO - 88 - trainer - [3102/5166] Loss: 2.1420
2024/12/01 12:21:52 - __main__ - INFO - 88 - trainer - [4136/5166] Loss: 2.3639
2024/12/01 12:30:31 - __main__ - INFO - 72 - trainer - Epoch: 22
2024/12/01 12:30:32 - __main__ - INFO - 88 - trainer - [0/5166] Loss: 2.2553
2024/12/01 12:38:41 - __main__ - INFO - 88 - trainer - [1034/5166] Loss: 2.3078
2024/12/01 12:46:15 - __main__ - INFO - 88 - trainer - [2068/5166] Loss: 2.3917
2024/12/01 12:53:45 - __main__ - INFO - 88 - trainer - [3102/5166] Loss: 2.0757
2024/12/01 13:01:25 - __main__ - INFO - 88 - trainer - [4136/5166] Loss: 2.3467
2024/12/01 13:09:02 - __main__ - INFO - 72 - trainer - Epoch: 23
2024/12/01 13:09:03 - __main__ - INFO - 88 - trainer - [0/5166] Loss: 2.1963
2024/12/01 13:17:30 - __main__ - INFO - 88 - trainer - [1034/5166] Loss: 2.3134
2024/12/01 13:25:41 - __main__ - INFO - 88 - trainer - [2068/5166] Loss: 2.0406
2024/12/01 13:33:19 - __main__ - INFO - 88 - trainer - [3102/5166] Loss: 2.3120
2024/12/01 13:41:15 - __main__ - INFO - 88 - trainer - [4136/5166] Loss: 2.2883
2024/12/01 13:49:01 - __main__ - INFO - 72 - trainer - Epoch: 24
2024/12/01 13:49:02 - __main__ - INFO - 88 - trainer - [0/5166] Loss: 2.0337
2024/12/01 13:56:37 - __main__ - INFO - 88 - trainer - [1034/5166] Loss: 2.2825
2024/12/01 14:03:15 - __main__ - INFO - 88 - trainer - [2068/5166] Loss: 2.1189
2024/12/01 14:09:55 - __main__ - INFO - 88 - trainer - [3102/5166] Loss: 2.0210
2024/12/01 14:16:56 - __main__ - INFO - 88 - trainer - [4136/5166] Loss: 2.3903
2024/12/01 14:23:32 - __main__ - INFO - 72 - trainer - Epoch: 25
2024/12/01 14:23:33 - __main__ - INFO - 88 - trainer - [0/5166] Loss: 2.2955
2024/12/01 14:29:59 - __main__ - INFO - 88 - trainer - [1034/5166] Loss: 2.3701
2024/12/01 14:36:25 - __main__ - INFO - 88 - trainer - [2068/5166] Loss: 2.0902
2024/12/01 14:42:51 - __main__ - INFO - 88 - trainer - [3102/5166] Loss: 2.1121
2024/12/01 14:49:19 - __main__ - INFO - 88 - trainer - [4136/5166] Loss: 2.1874
2024/12/01 14:56:09 - __main__ - INFO - 72 - trainer - Epoch: 26
2024/12/01 14:56:09 - __main__ - INFO - 88 - trainer - [0/5166] Loss: 2.2743
2024/12/01 15:03:01 - __main__ - INFO - 88 - trainer - [1034/5166] Loss: 2.1494
2024/12/01 15:09:31 - __main__ - INFO - 88 - trainer - [2068/5166] Loss: 2.1550
2024/12/01 15:15:57 - __main__ - INFO - 88 - trainer - [3102/5166] Loss: 1.8736
2024/12/01 15:22:25 - __main__ - INFO - 88 - trainer - [4136/5166] Loss: 1.9202
2024/12/01 15:28:43 - __main__ - INFO - 72 - trainer - Epoch: 27
2024/12/01 15:28:44 - __main__ - INFO - 88 - trainer - [0/5166] Loss: 1.9195
2024/12/01 15:35:10 - __main__ - INFO - 88 - trainer - [1034/5166] Loss: 1.8628
2024/12/01 15:41:43 - __main__ - INFO - 88 - trainer - [2068/5166] Loss: 2.2285
2024/12/01 15:48:11 - __main__ - INFO - 88 - trainer - [3102/5166] Loss: 1.9381
2024/12/01 15:54:34 - __main__ - INFO - 88 - trainer - [4136/5166] Loss: 2.1372
2024/12/01 16:00:55 - __main__ - INFO - 72 - trainer - Epoch: 28
2024/12/01 16:00:56 - __main__ - INFO - 88 - trainer - [0/5166] Loss: 2.2453
2024/12/01 16:07:21 - __main__ - INFO - 88 - trainer - [1034/5166] Loss: 1.9413
2024/12/01 16:13:51 - __main__ - INFO - 88 - trainer - [2068/5166] Loss: 1.9301
2024/12/01 16:20:16 - __main__ - INFO - 88 - trainer - [3102/5166] Loss: 2.0960
2024/12/01 16:26:44 - __main__ - INFO - 88 - trainer - [4136/5166] Loss: 2.0074
2024/12/01 16:33:09 - __main__ - INFO - 72 - trainer - Epoch: 29
2024/12/01 16:33:10 - __main__ - INFO - 88 - trainer - [0/5166] Loss: 2.1448
2024/12/01 16:39:31 - __main__ - INFO - 88 - trainer - [1034/5166] Loss: 2.1891
2024/12/01 16:45:51 - __main__ - INFO - 88 - trainer - [2068/5166] Loss: 2.1003
2024/12/01 16:52:07 - __main__ - INFO - 88 - trainer - [3102/5166] Loss: 1.9655
2024/12/01 16:58:35 - __main__ - INFO - 88 - trainer - [4136/5166] Loss: 1.9170
2024/12/01 17:04:55 - __main__ - INFO - 72 - trainer - Epoch: 30
2024/12/01 17:04:55 - __main__ - INFO - 88 - trainer - [0/5166] Loss: 2.0660
2024/12/01 17:11:21 - __main__ - INFO - 88 - trainer - [1034/5166] Loss: 1.9612
2024/12/01 17:17:54 - __main__ - INFO - 88 - trainer - [2068/5166] Loss: 2.0305
2024/12/01 17:24:18 - __main__ - INFO - 88 - trainer - [3102/5166] Loss: 1.9923
2024/12/01 17:30:45 - __main__ - INFO - 88 - trainer - [4136/5166] Loss: 2.1276
2024/12/01 17:37:08 - __main__ - INFO - 72 - trainer - Epoch: 31
2024/12/01 17:37:09 - __main__ - INFO - 88 - trainer - [0/5166] Loss: 2.1440
2024/12/01 17:43:45 - __main__ - INFO - 88 - trainer - [1034/5166] Loss: 1.9520
2024/12/01 17:50:10 - __main__ - INFO - 88 - trainer - [2068/5166] Loss: 2.0772
2024/12/01 17:56:35 - __main__ - INFO - 88 - trainer - [3102/5166] Loss: 2.1664
2024/12/01 18:03:00 - __main__ - INFO - 88 - trainer - [4136/5166] Loss: 2.2638
2024/12/01 18:09:25 - __main__ - INFO - 72 - trainer - Epoch: 32
2024/12/01 18:09:26 - __main__ - INFO - 88 - trainer - [0/5166] Loss: 1.8852
2024/12/01 18:15:50 - __main__ - INFO - 88 - trainer - [1034/5166] Loss: 2.0396
2024/12/01 18:22:14 - __main__ - INFO - 88 - trainer - [2068/5166] Loss: 2.1512
2024/12/01 18:28:35 - __main__ - INFO - 88 - trainer - [3102/5166] Loss: 2.2267
2024/12/01 18:35:04 - __main__ - INFO - 88 - trainer - [4136/5166] Loss: 2.1930
2024/12/01 18:41:28 - __main__ - INFO - 72 - trainer - Epoch: 33
2024/12/01 18:41:29 - __main__ - INFO - 88 - trainer - [0/5166] Loss: 2.3028
2024/12/01 18:47:56 - __main__ - INFO - 88 - trainer - [1034/5166] Loss: 1.8458
2024/12/01 18:54:26 - __main__ - INFO - 88 - trainer - [2068/5166] Loss: 2.1466
2024/12/01 19:00:52 - __main__ - INFO - 88 - trainer - [3102/5166] Loss: 1.8899
2024/12/01 19:07:16 - __main__ - INFO - 88 - trainer - [4136/5166] Loss: 1.9472
2024/12/01 19:13:42 - __main__ - INFO - 72 - trainer - Epoch: 34
2024/12/01 19:13:42 - __main__ - INFO - 88 - trainer - [0/5166] Loss: 1.9776
2024/12/01 19:20:05 - __main__ - INFO - 88 - trainer - [1034/5166] Loss: 2.1631
2024/12/01 19:26:37 - __main__ - INFO - 88 - trainer - [2068/5166] Loss: 1.7431
2024/12/01 19:33:08 - __main__ - INFO - 88 - trainer - [3102/5166] Loss: 2.0340
2024/12/01 19:39:35 - __main__ - INFO - 88 - trainer - [4136/5166] Loss: 2.1489
2024/12/01 19:46:56 - __main__ - INFO - 72 - trainer - Epoch: 35
2024/12/01 19:46:57 - __main__ - INFO - 88 - trainer - [0/5166] Loss: 1.9481
2024/12/01 19:54:22 - __main__ - INFO - 88 - trainer - [1034/5166] Loss: 1.7064
2024/12/01 20:01:51 - __main__ - INFO - 88 - trainer - [2068/5166] Loss: 1.8930
2024/12/01 20:09:15 - __main__ - INFO - 88 - trainer - [3102/5166] Loss: 1.9335
2024/12/01 20:16:49 - __main__ - INFO - 88 - trainer - [4136/5166] Loss: 2.2243
2024/12/01 20:24:24 - __main__ - INFO - 72 - trainer - Epoch: 36
2024/12/01 20:24:26 - __main__ - INFO - 88 - trainer - [0/5166] Loss: 1.9632
2024/12/01 20:31:59 - __main__ - INFO - 88 - trainer - [1034/5166] Loss: 1.9878
2024/12/01 20:39:50 - __main__ - INFO - 88 - trainer - [2068/5166] Loss: 1.9777
2024/12/01 20:47:26 - __main__ - INFO - 88 - trainer - [3102/5166] Loss: 1.9678
2024/12/01 20:55:00 - __main__ - INFO - 88 - trainer - [4136/5166] Loss: 1.9847
2024/12/01 21:02:29 - __main__ - INFO - 72 - trainer - Epoch: 37
2024/12/01 21:02:30 - __main__ - INFO - 88 - trainer - [0/5166] Loss: 1.9058
2024/12/01 21:10:00 - __main__ - INFO - 88 - trainer - [1034/5166] Loss: 1.8875
2024/12/01 21:17:32 - __main__ - INFO - 88 - trainer - [2068/5166] Loss: 1.9032
2024/12/01 21:25:01 - __main__ - INFO - 88 - trainer - [3102/5166] Loss: 2.1626
2024/12/01 21:32:30 - __main__ - INFO - 88 - trainer - [4136/5166] Loss: 1.8600
2024/12/01 21:39:56 - __main__ - INFO - 72 - trainer - Epoch: 38
2024/12/01 21:39:57 - __main__ - INFO - 88 - trainer - [0/5166] Loss: 1.7518
2024/12/01 21:47:32 - __main__ - INFO - 88 - trainer - [1034/5166] Loss: 1.8431
2024/12/01 21:54:59 - __main__ - INFO - 88 - trainer - [2068/5166] Loss: 1.9443
2024/12/01 22:02:29 - __main__ - INFO - 88 - trainer - [3102/5166] Loss: 1.6445
2024/12/01 22:10:01 - __main__ - INFO - 88 - trainer - [4136/5166] Loss: 2.0135
2024/12/01 22:17:24 - __main__ - INFO - 72 - trainer - Epoch: 39
2024/12/01 22:17:25 - __main__ - INFO - 88 - trainer - [0/5166] Loss: 2.1377
2024/12/01 22:24:48 - __main__ - INFO - 88 - trainer - [1034/5166] Loss: 1.7897
2024/12/01 22:32:18 - __main__ - INFO - 88 - trainer - [2068/5166] Loss: 1.9601
2024/12/01 22:43:03 - __main__ - INFO - 88 - trainer - [3102/5166] Loss: 1.7104
2024/12/01 23:04:49 - __main__ - INFO - 88 - trainer - [4136/5166] Loss: 1.7887
2024/12/01 23:22:11 - __main__ - INFO - 72 - trainer - Epoch: 40
2024/12/01 23:22:13 - __main__ - INFO - 88 - trainer - [0/5166] Loss: 1.7677
2024/12/01 23:38:40 - __main__ - INFO - 88 - trainer - [1034/5166] Loss: 1.8621
2024/12/01 23:56:10 - __main__ - INFO - 88 - trainer - [2068/5166] Loss: 1.7627
2024/12/02 00:13:38 - __main__ - INFO - 88 - trainer - [3102/5166] Loss: 2.0486
2024/12/02 00:30:49 - __main__ - INFO - 88 - trainer - [4136/5166] Loss: 1.8585
2024/12/02 00:47:03 - __main__ - INFO - 94 - trainer - start predicting: 2024-12-02 00:47:03.131607
2024/12/02 04:51:51 - __main__ - INFO - 72 - trainer - Epoch: 41
2024/12/02 04:51:53 - __main__ - INFO - 88 - trainer - [0/5166] Loss: 2.0446
2024/12/02 05:07:12 - __main__ - INFO - 88 - trainer - [1034/5166] Loss: 2.0023
2024/12/02 05:22:14 - __main__ - INFO - 88 - trainer - [2068/5166] Loss: 2.1465
2024/12/02 05:37:51 - __main__ - INFO - 88 - trainer - [3102/5166] Loss: 1.9495
2024/12/02 05:53:17 - __main__ - INFO - 88 - trainer - [4136/5166] Loss: 1.9001
2024/12/02 06:08:33 - __main__ - INFO - 72 - trainer - Epoch: 42
2024/12/02 06:08:35 - __main__ - INFO - 88 - trainer - [0/5166] Loss: 1.8590
2024/12/02 06:23:58 - __main__ - INFO - 88 - trainer - [1034/5166] Loss: 2.0163
2024/12/02 06:39:17 - __main__ - INFO - 88 - trainer - [2068/5166] Loss: 1.8077
2024/12/02 06:54:36 - __main__ - INFO - 88 - trainer - [3102/5166] Loss: 2.1552
2024/12/02 07:09:30 - __main__ - INFO - 88 - trainer - [4136/5166] Loss: 1.8855
2024/12/02 07:24:42 - __main__ - INFO - 72 - trainer - Epoch: 43
2024/12/02 07:24:44 - __main__ - INFO - 88 - trainer - [0/5166] Loss: 1.8568
2024/12/02 07:39:58 - __main__ - INFO - 88 - trainer - [1034/5166] Loss: 1.6726
2024/12/02 07:55:15 - __main__ - INFO - 88 - trainer - [2068/5166] Loss: 1.7368
2024/12/02 08:10:25 - __main__ - INFO - 88 - trainer - [3102/5166] Loss: 1.8269
2024/12/02 08:25:34 - __main__ - INFO - 88 - trainer - [4136/5166] Loss: 1.7256
2024/12/02 08:40:59 - __main__ - INFO - 72 - trainer - Epoch: 44
2024/12/02 08:41:02 - __main__ - INFO - 88 - trainer - [0/5166] Loss: 2.0855
2024/12/02 08:56:16 - __main__ - INFO - 88 - trainer - [1034/5166] Loss: 1.9090
2024/12/02 09:11:28 - __main__ - INFO - 88 - trainer - [2068/5166] Loss: 1.5963
2024/12/02 09:26:40 - __main__ - INFO - 88 - trainer - [3102/5166] Loss: 1.7455
2024/12/02 09:41:52 - __main__ - INFO - 88 - trainer - [4136/5166] Loss: 1.6901
2024/12/02 09:56:58 - __main__ - INFO - 72 - trainer - Epoch: 45
2024/12/02 09:57:00 - __main__ - INFO - 88 - trainer - [0/5166] Loss: 1.8644
2024/12/02 10:11:58 - __main__ - INFO - 88 - trainer - [1034/5166] Loss: 1.7683
2024/12/02 10:27:11 - __main__ - INFO - 88 - trainer - [2068/5166] Loss: 1.6614
2024/12/02 10:42:37 - __main__ - INFO - 88 - trainer - [3102/5166] Loss: 1.6456
2024/12/02 10:56:47 - __main__ - INFO - 88 - trainer - [4136/5166] Loss: 2.0511
2024/12/02 11:09:36 - __main__ - INFO - 72 - trainer - Epoch: 46
2024/12/02 11:09:38 - __main__ - INFO - 88 - trainer - [0/5166] Loss: 1.8430
2024/12/02 11:22:21 - __main__ - INFO - 88 - trainer - [1034/5166] Loss: 2.1043
2024/12/02 11:35:30 - __main__ - INFO - 88 - trainer - [2068/5166] Loss: 1.8070
2024/12/02 11:48:39 - __main__ - INFO - 88 - trainer - [3102/5166] Loss: 1.8736
2024/12/02 12:01:46 - __main__ - INFO - 88 - trainer - [4136/5166] Loss: 1.8336
2024/12/02 12:15:04 - __main__ - INFO - 72 - trainer - Epoch: 47
2024/12/02 12:15:06 - __main__ - INFO - 88 - trainer - [0/5166] Loss: 1.8979
2024/12/02 12:28:18 - __main__ - INFO - 88 - trainer - [1034/5166] Loss: 1.6786
2024/12/02 12:41:31 - __main__ - INFO - 88 - trainer - [2068/5166] Loss: 1.9422
2024/12/02 12:54:54 - __main__ - INFO - 88 - trainer - [3102/5166] Loss: 1.8216
2024/12/02 13:07:52 - __main__ - INFO - 88 - trainer - [4136/5166] Loss: 1.8169
2024/12/02 13:20:38 - __main__ - INFO - 72 - trainer - Epoch: 48
2024/12/02 13:20:39 - __main__ - INFO - 88 - trainer - [0/5166] Loss: 1.6030
2024/12/02 13:33:46 - __main__ - INFO - 88 - trainer - [1034/5166] Loss: 1.6263
2024/12/02 13:46:54 - __main__ - INFO - 88 - trainer - [2068/5166] Loss: 1.6573
2024/12/02 13:59:58 - __main__ - INFO - 88 - trainer - [3102/5166] Loss: 1.7065
2024/12/02 14:13:03 - __main__ - INFO - 88 - trainer - [4136/5166] Loss: 1.7629
2024/12/02 14:26:02 - __main__ - INFO - 72 - trainer - Epoch: 49
2024/12/02 14:26:04 - __main__ - INFO - 88 - trainer - [0/5166] Loss: 1.6875
2024/12/02 14:39:16 - __main__ - INFO - 88 - trainer - [1034/5166] Loss: 2.0196
2024/12/02 14:52:25 - __main__ - INFO - 88 - trainer - [2068/5166] Loss: 1.8094
2024/12/02 15:06:09 - __main__ - INFO - 88 - trainer - [3102/5166] Loss: 1.9199
2024/12/02 15:20:12 - __main__ - INFO - 88 - trainer - [4136/5166] Loss: 1.6984
2024/12/02 15:34:52 - __main__ - INFO - 72 - trainer - Epoch: 50
2024/12/02 15:34:54 - __main__ - INFO - 88 - trainer - [0/5166] Loss: 1.7433
2024/12/02 15:50:01 - __main__ - INFO - 88 - trainer - [1034/5166] Loss: 1.9404
2024/12/02 16:04:58 - __main__ - INFO - 88 - trainer - [2068/5166] Loss: 2.0670
2024/12/02 16:20:14 - __main__ - INFO - 88 - trainer - [3102/5166] Loss: 1.8370
2024/12/02 16:35:17 - __main__ - INFO - 88 - trainer - [4136/5166] Loss: 1.7199
2024/12/02 16:50:35 - __main__ - INFO - 72 - trainer - Epoch: 51
2024/12/02 16:50:37 - __main__ - INFO - 88 - trainer - [0/5166] Loss: 1.6847
2024/12/02 17:05:47 - __main__ - INFO - 88 - trainer - [1034/5166] Loss: 1.9420
2024/12/02 17:19:48 - __main__ - INFO - 88 - trainer - [2068/5166] Loss: 1.7060
2024/12/02 17:33:40 - __main__ - INFO - 88 - trainer - [3102/5166] Loss: 1.8809
2024/12/02 17:48:34 - __main__ - INFO - 88 - trainer - [4136/5166] Loss: 1.7685
2024/12/02 18:03:43 - __main__ - INFO - 72 - trainer - Epoch: 52
2024/12/02 18:03:45 - __main__ - INFO - 88 - trainer - [0/5166] Loss: 1.7403
2024/12/02 18:18:55 - __main__ - INFO - 88 - trainer - [1034/5166] Loss: 1.7397
2024/12/02 18:34:09 - __main__ - INFO - 88 - trainer - [2068/5166] Loss: 1.7781
2024/12/02 18:49:29 - __main__ - INFO - 88 - trainer - [3102/5166] Loss: 1.8040
2024/12/02 19:04:40 - __main__ - INFO - 88 - trainer - [4136/5166] Loss: 1.7546
2024/12/02 19:19:55 - __main__ - INFO - 72 - trainer - Epoch: 53
2024/12/02 19:19:57 - __main__ - INFO - 88 - trainer - [0/5166] Loss: 1.7497
2024/12/02 19:35:23 - __main__ - INFO - 88 - trainer - [1034/5166] Loss: 1.5203
2024/12/02 19:50:39 - __main__ - INFO - 88 - trainer - [2068/5166] Loss: 1.7701
2024/12/02 20:06:07 - __main__ - INFO - 88 - trainer - [3102/5166] Loss: 1.7734
2024/12/02 20:21:21 - __main__ - INFO - 88 - trainer - [4136/5166] Loss: 1.7785
2024/12/02 20:36:23 - __main__ - INFO - 72 - trainer - Epoch: 54
2024/12/02 20:36:24 - __main__ - INFO - 88 - trainer - [0/5166] Loss: 1.8703
2024/12/02 20:51:38 - __main__ - INFO - 88 - trainer - [1034/5166] Loss: 1.4710
2024/12/02 21:06:50 - __main__ - INFO - 88 - trainer - [2068/5166] Loss: 1.9087
2024/12/02 21:22:18 - __main__ - INFO - 88 - trainer - [3102/5166] Loss: 1.6709
2024/12/02 21:37:56 - __main__ - INFO - 88 - trainer - [4136/5166] Loss: 1.7749
2024/12/02 21:53:31 - __main__ - INFO - 72 - trainer - Epoch: 55
2024/12/02 21:53:33 - __main__ - INFO - 88 - trainer - [0/5166] Loss: 1.6882
2024/12/02 22:09:26 - __main__ - INFO - 88 - trainer - [1034/5166] Loss: 1.5680
2024/12/02 22:25:06 - __main__ - INFO - 88 - trainer - [2068/5166] Loss: 1.8859
2024/12/02 22:39:29 - __main__ - INFO - 88 - trainer - [3102/5166] Loss: 1.8472
2024/12/02 22:46:36 - __main__ - INFO - 88 - trainer - [4136/5166] Loss: 1.9643
2024/12/02 22:55:03 - __main__ - INFO - 72 - trainer - Epoch: 56
2024/12/02 22:55:05 - __main__ - INFO - 88 - trainer - [0/5166] Loss: 1.4090
2024/12/02 23:05:58 - __main__ - INFO - 88 - trainer - [1034/5166] Loss: 1.5567
2024/12/02 23:16:57 - __main__ - INFO - 88 - trainer - [2068/5166] Loss: 1.6673
2024/12/02 23:28:37 - __main__ - INFO - 88 - trainer - [3102/5166] Loss: 1.4099
2024/12/02 23:41:08 - __main__ - INFO - 88 - trainer - [4136/5166] Loss: 1.6847
2024/12/02 23:53:30 - __main__ - INFO - 72 - trainer - Epoch: 57
2024/12/02 23:53:31 - __main__ - INFO - 88 - trainer - [0/5166] Loss: 1.5900
2024/12/03 00:05:54 - __main__ - INFO - 88 - trainer - [1034/5166] Loss: 1.6305
2024/12/03 00:18:14 - __main__ - INFO - 88 - trainer - [2068/5166] Loss: 1.6443
2024/12/03 00:30:44 - __main__ - INFO - 88 - trainer - [3102/5166] Loss: 1.9386
2024/12/03 00:43:13 - __main__ - INFO - 88 - trainer - [4136/5166] Loss: 1.6827
2024/12/03 00:55:36 - __main__ - INFO - 72 - trainer - Epoch: 58
2024/12/03 00:55:38 - __main__ - INFO - 88 - trainer - [0/5166] Loss: 1.6599
2024/12/03 01:08:03 - __main__ - INFO - 88 - trainer - [1034/5166] Loss: 1.7498
2024/12/03 01:20:27 - __main__ - INFO - 88 - trainer - [2068/5166] Loss: 1.8121
2024/12/03 01:32:39 - __main__ - INFO - 88 - trainer - [3102/5166] Loss: 1.4507
2024/12/03 01:44:56 - __main__ - INFO - 88 - trainer - [4136/5166] Loss: 1.8425
2024/12/03 01:57:02 - __main__ - INFO - 72 - trainer - Epoch: 59
2024/12/03 01:57:03 - __main__ - INFO - 88 - trainer - [0/5166] Loss: 1.4552
2024/12/03 02:09:11 - __main__ - INFO - 88 - trainer - [1034/5166] Loss: 1.5651
2024/12/03 02:21:14 - __main__ - INFO - 88 - trainer - [2068/5166] Loss: 1.6865
2024/12/03 02:33:22 - __main__ - INFO - 88 - trainer - [3102/5166] Loss: 1.7049
2024/12/03 02:45:39 - __main__ - INFO - 88 - trainer - [4136/5166] Loss: 1.6684
2024/12/03 02:57:38 - __main__ - INFO - 72 - trainer - Epoch: 60
2024/12/03 02:57:39 - __main__ - INFO - 88 - trainer - [0/5166] Loss: 1.6670
2024/12/03 03:09:38 - __main__ - INFO - 88 - trainer - [1034/5166] Loss: 1.5736
2024/12/03 03:21:43 - __main__ - INFO - 88 - trainer - [2068/5166] Loss: 1.5507
2024/12/03 03:33:45 - __main__ - INFO - 88 - trainer - [3102/5166] Loss: 1.5314
2024/12/03 03:45:54 - __main__ - INFO - 88 - trainer - [4136/5166] Loss: 1.7649
2024/12/03 03:57:50 - __main__ - INFO - 94 - trainer - start predicting: 2024-12-03 03:57:50.374326
2024/12/03 06:13:25 - __main__ - INFO - 72 - trainer - Epoch: 61
2024/12/03 06:13:26 - __main__ - INFO - 88 - trainer - [0/5166] Loss: 1.4956
2024/12/03 06:20:34 - __main__ - INFO - 88 - trainer - [1034/5166] Loss: 1.6476
2024/12/03 06:27:42 - __main__ - INFO - 88 - trainer - [2068/5166] Loss: 1.7286
2024/12/03 06:34:48 - __main__ - INFO - 88 - trainer - [3102/5166] Loss: 1.7850
2024/12/03 06:42:00 - __main__ - INFO - 88 - trainer - [4136/5166] Loss: 1.5078
2024/12/03 06:49:04 - __main__ - INFO - 72 - trainer - Epoch: 62
2024/12/03 06:49:04 - __main__ - INFO - 88 - trainer - [0/5166] Loss: 1.6665
2024/12/03 06:56:12 - __main__ - INFO - 88 - trainer - [1034/5166] Loss: 1.4146
2024/12/03 07:03:18 - __main__ - INFO - 88 - trainer - [2068/5166] Loss: 1.6000
2024/12/03 07:10:24 - __main__ - INFO - 88 - trainer - [3102/5166] Loss: 1.7080
2024/12/03 07:17:36 - __main__ - INFO - 88 - trainer - [4136/5166] Loss: 1.4176
2024/12/03 07:24:37 - __main__ - INFO - 72 - trainer - Epoch: 63
2024/12/03 07:24:38 - __main__ - INFO - 88 - trainer - [0/5166] Loss: 1.7746
2024/12/03 07:31:48 - __main__ - INFO - 88 - trainer - [1034/5166] Loss: 1.7039
2024/12/03 07:38:53 - __main__ - INFO - 88 - trainer - [2068/5166] Loss: 1.5654
2024/12/03 07:45:55 - __main__ - INFO - 88 - trainer - [3102/5166] Loss: 1.5382
2024/12/03 07:52:55 - __main__ - INFO - 88 - trainer - [4136/5166] Loss: 1.6101
2024/12/03 07:59:55 - __main__ - INFO - 72 - trainer - Epoch: 64
2024/12/03 07:59:56 - __main__ - INFO - 88 - trainer - [0/5166] Loss: 1.7032
2024/12/03 08:07:03 - __main__ - INFO - 88 - trainer - [1034/5166] Loss: 1.6157
2024/12/03 08:14:11 - __main__ - INFO - 88 - trainer - [2068/5166] Loss: 1.4991
2024/12/03 08:21:14 - __main__ - INFO - 88 - trainer - [3102/5166] Loss: 1.7432
2024/12/03 08:28:21 - __main__ - INFO - 88 - trainer - [4136/5166] Loss: 1.6186
2024/12/03 08:35:21 - __main__ - INFO - 72 - trainer - Epoch: 65
2024/12/03 08:35:21 - __main__ - INFO - 88 - trainer - [0/5166] Loss: 1.6206
2024/12/03 08:42:26 - __main__ - INFO - 88 - trainer - [1034/5166] Loss: 1.5493
2024/12/03 08:49:27 - __main__ - INFO - 88 - trainer - [2068/5166] Loss: 1.6829
2024/12/03 08:56:32 - __main__ - INFO - 88 - trainer - [3102/5166] Loss: 1.3950
2024/12/03 09:03:41 - __main__ - INFO - 88 - trainer - [4136/5166] Loss: 1.6384
2024/12/03 09:10:40 - __main__ - INFO - 72 - trainer - Epoch: 66
2024/12/03 09:10:40 - __main__ - INFO - 88 - trainer - [0/5166] Loss: 1.7165
2024/12/03 09:17:51 - __main__ - INFO - 88 - trainer - [1034/5166] Loss: 1.4571
2024/12/03 09:24:56 - __main__ - INFO - 88 - trainer - [2068/5166] Loss: 1.6048
2024/12/03 09:32:02 - __main__ - INFO - 88 - trainer - [3102/5166] Loss: 1.5340
2024/12/03 09:39:08 - __main__ - INFO - 88 - trainer - [4136/5166] Loss: 1.4320
2024/12/03 09:46:13 - __main__ - INFO - 72 - trainer - Epoch: 67
2024/12/03 09:46:13 - __main__ - INFO - 88 - trainer - [0/5166] Loss: 1.4084
2024/12/03 09:53:25 - __main__ - INFO - 88 - trainer - [1034/5166] Loss: 1.7175
2024/12/03 10:00:31 - __main__ - INFO - 88 - trainer - [2068/5166] Loss: 1.6622
2024/12/03 10:07:38 - __main__ - INFO - 88 - trainer - [3102/5166] Loss: 1.6910
2024/12/03 10:14:51 - __main__ - INFO - 88 - trainer - [4136/5166] Loss: 1.7670
2024/12/03 10:22:02 - __main__ - INFO - 72 - trainer - Epoch: 68
2024/12/03 10:22:03 - __main__ - INFO - 88 - trainer - [0/5166] Loss: 1.3439
2024/12/03 10:29:15 - __main__ - INFO - 88 - trainer - [1034/5166] Loss: 1.5480
2024/12/03 10:36:21 - __main__ - INFO - 88 - trainer - [2068/5166] Loss: 1.6526
2024/12/03 10:43:29 - __main__ - INFO - 88 - trainer - [3102/5166] Loss: 1.5509
2024/12/03 10:50:39 - __main__ - INFO - 88 - trainer - [4136/5166] Loss: 1.4691
2024/12/03 10:57:45 - __main__ - INFO - 72 - trainer - Epoch: 69
2024/12/03 10:57:46 - __main__ - INFO - 88 - trainer - [0/5166] Loss: 1.4672
2024/12/03 11:04:53 - __main__ - INFO - 88 - trainer - [1034/5166] Loss: 1.6542
2024/12/03 11:12:01 - __main__ - INFO - 88 - trainer - [2068/5166] Loss: 1.4781
2024/12/03 11:19:08 - __main__ - INFO - 88 - trainer - [3102/5166] Loss: 1.5125
2024/12/03 11:26:12 - __main__ - INFO - 88 - trainer - [4136/5166] Loss: 1.6726
2024/12/03 11:33:15 - __main__ - INFO - 72 - trainer - Epoch: 70
2024/12/03 11:33:16 - __main__ - INFO - 88 - trainer - [0/5166] Loss: 1.5410
2024/12/03 11:40:26 - __main__ - INFO - 88 - trainer - [1034/5166] Loss: 1.6646
2024/12/03 11:47:31 - __main__ - INFO - 88 - trainer - [2068/5166] Loss: 1.5970
2024/12/03 11:54:37 - __main__ - INFO - 88 - trainer - [3102/5166] Loss: 1.5397
2024/12/03 12:01:45 - __main__ - INFO - 88 - trainer - [4136/5166] Loss: 1.4930
2024/12/03 12:08:48 - __main__ - INFO - 72 - trainer - Epoch: 71
2024/12/03 12:08:48 - __main__ - INFO - 88 - trainer - [0/5166] Loss: 1.6362
2024/12/03 12:15:51 - __main__ - INFO - 88 - trainer - [1034/5166] Loss: 1.9635
2024/12/03 12:22:54 - __main__ - INFO - 88 - trainer - [2068/5166] Loss: 1.5183
2024/12/03 12:29:58 - __main__ - INFO - 88 - trainer - [3102/5166] Loss: 1.6462
2024/12/03 12:37:09 - __main__ - INFO - 88 - trainer - [4136/5166] Loss: 1.6384
2024/12/03 12:44:12 - __main__ - INFO - 72 - trainer - Epoch: 72
2024/12/03 12:44:13 - __main__ - INFO - 88 - trainer - [0/5166] Loss: 1.5531
2024/12/03 12:51:16 - __main__ - INFO - 88 - trainer - [1034/5166] Loss: 1.5254
2024/12/03 12:58:31 - __main__ - INFO - 88 - trainer - [2068/5166] Loss: 1.6361
2024/12/03 13:05:36 - __main__ - INFO - 88 - trainer - [3102/5166] Loss: 1.6165
2024/12/03 13:12:42 - __main__ - INFO - 88 - trainer - [4136/5166] Loss: 1.6785
2024/12/03 13:20:03 - __main__ - INFO - 72 - trainer - Epoch: 73
2024/12/03 13:20:03 - __main__ - INFO - 88 - trainer - [0/5166] Loss: 1.4881
2024/12/03 13:27:29 - __main__ - INFO - 88 - trainer - [1034/5166] Loss: 1.7046
2024/12/03 13:35:00 - __main__ - INFO - 88 - trainer - [2068/5166] Loss: 1.5486
2024/12/03 13:42:27 - __main__ - INFO - 88 - trainer - [3102/5166] Loss: 1.5961
2024/12/03 13:50:02 - __main__ - INFO - 88 - trainer - [4136/5166] Loss: 1.6321
2024/12/03 13:57:28 - __main__ - INFO - 72 - trainer - Epoch: 74
2024/12/03 13:57:29 - __main__ - INFO - 88 - trainer - [0/5166] Loss: 1.4653
2024/12/03 14:04:49 - __main__ - INFO - 88 - trainer - [1034/5166] Loss: 1.8322
2024/12/03 14:12:17 - __main__ - INFO - 88 - trainer - [2068/5166] Loss: 1.5801
2024/12/03 14:19:45 - __main__ - INFO - 88 - trainer - [3102/5166] Loss: 1.7196
2024/12/03 14:27:17 - __main__ - INFO - 88 - trainer - [4136/5166] Loss: 1.6544
2024/12/03 14:34:44 - __main__ - INFO - 72 - trainer - Epoch: 75
2024/12/03 14:34:45 - __main__ - INFO - 88 - trainer - [0/5166] Loss: 1.4537
2024/12/03 14:42:12 - __main__ - INFO - 88 - trainer - [1034/5166] Loss: 1.5693
2024/12/03 14:49:43 - __main__ - INFO - 88 - trainer - [2068/5166] Loss: 1.5303
2024/12/03 14:57:11 - __main__ - INFO - 88 - trainer - [3102/5166] Loss: 1.4930
2024/12/03 15:04:40 - __main__ - INFO - 88 - trainer - [4136/5166] Loss: 1.5019
2024/12/03 15:12:13 - __main__ - INFO - 72 - trainer - Epoch: 76
2024/12/03 15:12:14 - __main__ - INFO - 88 - trainer - [0/5166] Loss: 1.3741
2024/12/03 15:19:51 - __main__ - INFO - 88 - trainer - [1034/5166] Loss: 1.8002
2024/12/03 15:27:30 - __main__ - INFO - 88 - trainer - [2068/5166] Loss: 1.6177
2024/12/03 15:35:05 - __main__ - INFO - 88 - trainer - [3102/5166] Loss: 1.7343
2024/12/03 15:42:40 - __main__ - INFO - 88 - trainer - [4136/5166] Loss: 1.4381
2024/12/03 15:50:20 - __main__ - INFO - 72 - trainer - Epoch: 77
2024/12/03 15:50:21 - __main__ - INFO - 88 - trainer - [0/5166] Loss: 1.6181
2024/12/03 15:58:03 - __main__ - INFO - 88 - trainer - [1034/5166] Loss: 1.4060
2024/12/03 16:06:02 - __main__ - INFO - 88 - trainer - [2068/5166] Loss: 1.5401
2024/12/03 16:14:07 - __main__ - INFO - 88 - trainer - [3102/5166] Loss: 1.2733
2024/12/03 16:22:12 - __main__ - INFO - 88 - trainer - [4136/5166] Loss: 1.4716
2024/12/03 16:30:12 - __main__ - INFO - 72 - trainer - Epoch: 78
2024/12/03 16:30:13 - __main__ - INFO - 88 - trainer - [0/5166] Loss: 1.4682
2024/12/03 16:38:12 - __main__ - INFO - 88 - trainer - [1034/5166] Loss: 1.7653
2024/12/03 16:46:12 - __main__ - INFO - 88 - trainer - [2068/5166] Loss: 1.5703
2024/12/03 16:54:11 - __main__ - INFO - 88 - trainer - [3102/5166] Loss: 1.6971
2024/12/03 17:02:14 - __main__ - INFO - 88 - trainer - [4136/5166] Loss: 1.3798
2024/12/03 17:10:12 - __main__ - INFO - 72 - trainer - Epoch: 79
2024/12/03 17:10:13 - __main__ - INFO - 88 - trainer - [0/5166] Loss: 1.6147
2024/12/03 17:18:11 - __main__ - INFO - 88 - trainer - [1034/5166] Loss: 1.5132
2024/12/03 17:26:15 - __main__ - INFO - 88 - trainer - [2068/5166] Loss: 1.6292
2024/12/03 17:34:11 - __main__ - INFO - 88 - trainer - [3102/5166] Loss: 1.5780
2024/12/03 17:42:11 - __main__ - INFO - 88 - trainer - [4136/5166] Loss: 1.6429
2024/12/03 17:50:08 - __main__ - INFO - 72 - trainer - Epoch: 80
2024/12/03 17:50:09 - __main__ - INFO - 88 - trainer - [0/5166] Loss: 1.5789
2024/12/03 17:58:03 - __main__ - INFO - 88 - trainer - [1034/5166] Loss: 1.5360
2024/12/03 18:05:41 - __main__ - INFO - 88 - trainer - [2068/5166] Loss: 1.6188
2024/12/03 18:12:59 - __main__ - INFO - 88 - trainer - [3102/5166] Loss: 1.3964
2024/12/03 18:19:46 - __main__ - INFO - 88 - trainer - [4136/5166] Loss: 1.5107
2024/12/03 18:26:22 - __main__ - INFO - 94 - trainer - start predicting: 2024-12-03 18:26:22.994216
2024/12/03 19:46:04 - __main__ - INFO - 72 - trainer - Epoch: 81
2024/12/03 19:46:04 - __main__ - INFO - 88 - trainer - [0/5166] Loss: 1.5013
2024/12/03 19:53:09 - __main__ - INFO - 88 - trainer - [1034/5166] Loss: 1.4830
2024/12/03 20:00:10 - __main__ - INFO - 88 - trainer - [2068/5166] Loss: 1.5897
2024/12/03 20:07:21 - __main__ - INFO - 88 - trainer - [3102/5166] Loss: 1.4742
2024/12/03 20:14:37 - __main__ - INFO - 88 - trainer - [4136/5166] Loss: 1.6515
2024/12/03 20:21:49 - __main__ - INFO - 72 - trainer - Epoch: 82
2024/12/03 20:21:50 - __main__ - INFO - 88 - trainer - [0/5166] Loss: 1.3712
2024/12/03 20:28:43 - __main__ - INFO - 88 - trainer - [1034/5166] Loss: 1.6078
2024/12/03 20:35:51 - __main__ - INFO - 88 - trainer - [2068/5166] Loss: 1.4560
2024/12/03 20:42:46 - __main__ - INFO - 88 - trainer - [3102/5166] Loss: 1.5453
2024/12/03 20:49:30 - __main__ - INFO - 88 - trainer - [4136/5166] Loss: 1.4793
2024/12/03 20:56:21 - __main__ - INFO - 72 - trainer - Epoch: 83
2024/12/03 20:56:22 - __main__ - INFO - 88 - trainer - [0/5166] Loss: 1.4936
2024/12/03 21:03:06 - __main__ - INFO - 88 - trainer - [1034/5166] Loss: 1.6010
2024/12/03 21:09:48 - __main__ - INFO - 88 - trainer - [2068/5166] Loss: 1.3188
2024/12/03 21:16:36 - __main__ - INFO - 88 - trainer - [3102/5166] Loss: 1.5541
2024/12/03 21:23:23 - __main__ - INFO - 88 - trainer - [4136/5166] Loss: 1.4583
2024/12/03 21:30:10 - __main__ - INFO - 72 - trainer - Epoch: 84
2024/12/03 21:30:10 - __main__ - INFO - 88 - trainer - [0/5166] Loss: 1.4108
2024/12/03 21:36:48 - __main__ - INFO - 88 - trainer - [1034/5166] Loss: 1.6530
2024/12/03 21:43:33 - __main__ - INFO - 88 - trainer - [2068/5166] Loss: 1.7087
2024/12/03 21:50:21 - __main__ - INFO - 88 - trainer - [3102/5166] Loss: 1.2758
2024/12/03 21:57:06 - __main__ - INFO - 88 - trainer - [4136/5166] Loss: 1.5230
2024/12/03 22:03:50 - __main__ - INFO - 72 - trainer - Epoch: 85
2024/12/03 22:03:51 - __main__ - INFO - 88 - trainer - [0/5166] Loss: 1.4264
2024/12/03 22:10:38 - __main__ - INFO - 88 - trainer - [1034/5166] Loss: 1.3808
2024/12/03 22:17:25 - __main__ - INFO - 88 - trainer - [2068/5166] Loss: 1.5500
2024/12/03 22:24:08 - __main__ - INFO - 88 - trainer - [3102/5166] Loss: 1.6630
2024/12/03 22:30:53 - __main__ - INFO - 88 - trainer - [4136/5166] Loss: 1.3705
2024/12/03 22:37:29 - __main__ - INFO - 72 - trainer - Epoch: 86
2024/12/03 22:37:29 - __main__ - INFO - 88 - trainer - [0/5166] Loss: 1.2281
2024/12/03 22:50:04 - __main__ - INFO - 88 - trainer - [1034/5166] Loss: 1.2863
2024/12/03 23:03:21 - __main__ - INFO - 88 - trainer - [2068/5166] Loss: 1.3279
2024/12/03 23:16:48 - __main__ - INFO - 88 - trainer - [3102/5166] Loss: 1.5618
2024/12/03 23:30:13 - __main__ - INFO - 88 - trainer - [4136/5166] Loss: 1.4199
2024/12/03 23:43:34 - __main__ - INFO - 72 - trainer - Epoch: 87
2024/12/03 23:43:36 - __main__ - INFO - 88 - trainer - [0/5166] Loss: 1.6786
2024/12/03 23:56:55 - __main__ - INFO - 88 - trainer - [1034/5166] Loss: 1.4643
2024/12/04 00:10:17 - __main__ - INFO - 88 - trainer - [2068/5166] Loss: 1.6406
2024/12/04 00:23:50 - __main__ - INFO - 88 - trainer - [3102/5166] Loss: 1.3717
2024/12/04 00:37:13 - __main__ - INFO - 88 - trainer - [4136/5166] Loss: 1.5535
2024/12/04 00:50:55 - __main__ - INFO - 72 - trainer - Epoch: 88
2024/12/04 00:50:57 - __main__ - INFO - 88 - trainer - [0/5166] Loss: 1.5922
2024/12/04 01:05:03 - __main__ - INFO - 88 - trainer - [1034/5166] Loss: 1.3901
2024/12/04 01:19:09 - __main__ - INFO - 88 - trainer - [2068/5166] Loss: 1.4254
2024/12/04 01:33:06 - __main__ - INFO - 88 - trainer - [3102/5166] Loss: 1.4455
2024/12/04 01:47:05 - __main__ - INFO - 88 - trainer - [4136/5166] Loss: 1.0858
2024/12/04 02:00:15 - __main__ - INFO - 72 - trainer - Epoch: 89
2024/12/04 02:00:17 - __main__ - INFO - 88 - trainer - [0/5166] Loss: 1.4798
2024/12/04 02:13:06 - __main__ - INFO - 88 - trainer - [1034/5166] Loss: 1.3223
2024/12/04 02:25:39 - __main__ - INFO - 88 - trainer - [2068/5166] Loss: 1.4104
2024/12/04 02:38:15 - __main__ - INFO - 88 - trainer - [3102/5166] Loss: 1.7466
2024/12/04 02:50:50 - __main__ - INFO - 88 - trainer - [4136/5166] Loss: 1.2739
2024/12/04 03:03:14 - __main__ - INFO - 72 - trainer - Epoch: 90
2024/12/04 03:03:16 - __main__ - INFO - 88 - trainer - [0/5166] Loss: 1.7035
2024/12/04 03:15:51 - __main__ - INFO - 88 - trainer - [1034/5166] Loss: 1.5568
2024/12/04 03:28:22 - __main__ - INFO - 88 - trainer - [2068/5166] Loss: 1.3812
2024/12/04 03:41:01 - __main__ - INFO - 88 - trainer - [3102/5166] Loss: 1.5249
2024/12/04 03:53:39 - __main__ - INFO - 88 - trainer - [4136/5166] Loss: 1.4277
2024/12/04 04:06:09 - __main__ - INFO - 72 - trainer - Epoch: 91
2024/12/04 04:06:11 - __main__ - INFO - 88 - trainer - [0/5166] Loss: 1.2815
2024/12/04 04:18:52 - __main__ - INFO - 88 - trainer - [1034/5166] Loss: 1.5574
2024/12/04 04:31:29 - __main__ - INFO - 88 - trainer - [2068/5166] Loss: 1.2751
2024/12/04 04:44:01 - __main__ - INFO - 88 - trainer - [3102/5166] Loss: 1.5783
2024/12/04 04:56:39 - __main__ - INFO - 88 - trainer - [4136/5166] Loss: 1.3774
2024/12/04 05:09:02 - __main__ - INFO - 72 - trainer - Epoch: 92
2024/12/04 05:09:03 - __main__ - INFO - 88 - trainer - [0/5166] Loss: 1.3246
2024/12/04 05:21:45 - __main__ - INFO - 88 - trainer - [1034/5166] Loss: 1.3484
2024/12/04 05:34:20 - __main__ - INFO - 88 - trainer - [2068/5166] Loss: 1.5309
2024/12/04 05:46:57 - __main__ - INFO - 88 - trainer - [3102/5166] Loss: 1.5771
2024/12/04 05:59:40 - __main__ - INFO - 88 - trainer - [4136/5166] Loss: 1.3546
2024/12/04 06:12:08 - __main__ - INFO - 72 - trainer - Epoch: 93
2024/12/04 06:12:10 - __main__ - INFO - 88 - trainer - [0/5166] Loss: 1.4041
2024/12/04 06:24:49 - __main__ - INFO - 88 - trainer - [1034/5166] Loss: 1.5403
2024/12/04 06:37:23 - __main__ - INFO - 88 - trainer - [2068/5166] Loss: 1.5156
2024/12/04 06:50:04 - __main__ - INFO - 88 - trainer - [3102/5166] Loss: 1.4142
2024/12/04 07:02:47 - __main__ - INFO - 88 - trainer - [4136/5166] Loss: 1.2165
2024/12/04 07:15:15 - __main__ - INFO - 72 - trainer - Epoch: 94
2024/12/04 07:15:17 - __main__ - INFO - 88 - trainer - [0/5166] Loss: 1.5191
2024/12/04 07:27:59 - __main__ - INFO - 88 - trainer - [1034/5166] Loss: 1.4081
2024/12/04 07:40:36 - __main__ - INFO - 88 - trainer - [2068/5166] Loss: 1.1998
2024/12/04 07:53:12 - __main__ - INFO - 88 - trainer - [3102/5166] Loss: 1.3386
2024/12/04 08:05:40 - __main__ - INFO - 88 - trainer - [4136/5166] Loss: 1.3399
2024/12/04 08:18:09 - __main__ - INFO - 72 - trainer - Epoch: 95
2024/12/04 08:18:11 - __main__ - INFO - 88 - trainer - [0/5166] Loss: 1.3687
2024/12/04 08:30:57 - __main__ - INFO - 88 - trainer - [1034/5166] Loss: 1.2320
2024/12/04 08:43:34 - __main__ - INFO - 88 - trainer - [2068/5166] Loss: 1.3303
2024/12/04 08:56:15 - __main__ - INFO - 88 - trainer - [3102/5166] Loss: 1.3969
2024/12/04 09:08:57 - __main__ - INFO - 88 - trainer - [4136/5166] Loss: 1.3294
2024/12/04 09:21:33 - __main__ - INFO - 72 - trainer - Epoch: 96
2024/12/04 09:21:35 - __main__ - INFO - 88 - trainer - [0/5166] Loss: 1.5001
2024/12/04 09:34:13 - __main__ - INFO - 88 - trainer - [1034/5166] Loss: 1.4798
2024/12/04 09:46:49 - __main__ - INFO - 88 - trainer - [2068/5166] Loss: 1.3894
2024/12/04 09:59:37 - __main__ - INFO - 88 - trainer - [3102/5166] Loss: 1.2550
2024/12/04 10:12:46 - __main__ - INFO - 88 - trainer - [4136/5166] Loss: 1.5257
2024/12/04 10:25:44 - __main__ - INFO - 72 - trainer - Epoch: 97
2024/12/04 10:25:46 - __main__ - INFO - 88 - trainer - [0/5166] Loss: 1.4265
2024/12/04 10:38:55 - __main__ - INFO - 88 - trainer - [1034/5166] Loss: 1.3352
2024/12/04 10:51:56 - __main__ - INFO - 88 - trainer - [2068/5166] Loss: 1.2500
2024/12/04 11:04:55 - __main__ - INFO - 88 - trainer - [3102/5166] Loss: 1.5151
2024/12/04 11:17:57 - __main__ - INFO - 88 - trainer - [4136/5166] Loss: 1.2295
2024/12/04 11:30:57 - __main__ - INFO - 72 - trainer - Epoch: 98
2024/12/04 11:30:59 - __main__ - INFO - 88 - trainer - [0/5166] Loss: 1.4004
2024/12/04 11:43:50 - __main__ - INFO - 88 - trainer - [1034/5166] Loss: 1.1506
2024/12/04 11:56:26 - __main__ - INFO - 88 - trainer - [2068/5166] Loss: 1.4457
2024/12/04 12:09:01 - __main__ - INFO - 88 - trainer - [3102/5166] Loss: 1.4033
2024/12/04 12:21:39 - __main__ - INFO - 88 - trainer - [4136/5166] Loss: 1.5880
2024/12/04 12:34:09 - __main__ - INFO - 72 - trainer - Epoch: 99
2024/12/04 12:34:11 - __main__ - INFO - 88 - trainer - [0/5166] Loss: 1.6101
2024/12/04 12:46:44 - __main__ - INFO - 88 - trainer - [1034/5166] Loss: 1.3529
2024/12/04 12:59:17 - __main__ - INFO - 88 - trainer - [2068/5166] Loss: 1.3766
2024/12/04 13:11:48 - __main__ - INFO - 88 - trainer - [3102/5166] Loss: 1.6090
2024/12/04 13:24:23 - __main__ - INFO - 88 - trainer - [4136/5166] Loss: 1.5054
2024/12/04 13:36:53 - __main__ - INFO - 72 - trainer - Epoch: 100
2024/12/04 13:36:55 - __main__ - INFO - 88 - trainer - [0/5166] Loss: 1.4947
2024/12/04 13:49:33 - __main__ - INFO - 88 - trainer - [1034/5166] Loss: 1.5643
2024/12/04 14:01:54 - __main__ - INFO - 88 - trainer - [2068/5166] Loss: 1.5263
2024/12/04 14:14:25 - __main__ - INFO - 88 - trainer - [3102/5166] Loss: 1.2038
2024/12/04 14:27:00 - __main__ - INFO - 88 - trainer - [4136/5166] Loss: 1.3739
2024/12/04 14:39:29 - __main__ - INFO - 94 - trainer - start predicting: 2024-12-04 14:39:29.551166
2024/12/04 18:24:30 - __main__ - INFO - 72 - trainer - Epoch: 101
2024/12/04 18:24:32 - __main__ - INFO - 88 - trainer - [0/5166] Loss: 1.2463
2024/12/04 18:40:03 - __main__ - INFO - 88 - trainer - [1034/5166] Loss: 1.1492
2024/12/04 18:55:36 - __main__ - INFO - 88 - trainer - [2068/5166] Loss: 1.1740
2024/12/04 19:11:06 - __main__ - INFO - 88 - trainer - [3102/5166] Loss: 1.0747
2024/12/04 19:26:40 - __main__ - INFO - 88 - trainer - [4136/5166] Loss: 1.1076
2024/12/04 19:41:37 - __main__ - INFO - 72 - trainer - Epoch: 102
2024/12/04 19:41:39 - __main__ - INFO - 88 - trainer - [0/5166] Loss: 1.2289
2024/12/04 19:56:43 - __main__ - INFO - 88 - trainer - [1034/5166] Loss: 0.9530
2024/12/04 20:12:06 - __main__ - INFO - 88 - trainer - [2068/5166] Loss: 1.2471
2024/12/04 20:27:30 - __main__ - INFO - 88 - trainer - [3102/5166] Loss: 1.3234
2024/12/04 20:43:03 - __main__ - INFO - 88 - trainer - [4136/5166] Loss: 1.3502
2024/12/04 20:58:20 - __main__ - INFO - 72 - trainer - Epoch: 103
2024/12/04 20:58:23 - __main__ - INFO - 88 - trainer - [0/5166] Loss: 1.1475
2024/12/04 21:14:10 - __main__ - INFO - 88 - trainer - [1034/5166] Loss: 1.3319
2024/12/04 21:31:29 - __main__ - INFO - 88 - trainer - [2068/5166] Loss: 1.5085
2024/12/04 21:49:02 - __main__ - INFO - 88 - trainer - [3102/5166] Loss: 1.4702
2024/12/04 22:06:26 - __main__ - INFO - 88 - trainer - [4136/5166] Loss: 1.5049
2024/12/04 22:24:02 - __main__ - INFO - 72 - trainer - Epoch: 104
2024/12/04 22:24:05 - __main__ - INFO - 88 - trainer - [0/5166] Loss: 1.1568
2024/12/04 22:40:06 - __main__ - INFO - 88 - trainer - [1034/5166] Loss: 1.1571
2024/12/04 22:48:39 - __main__ - INFO - 88 - trainer - [2068/5166] Loss: 1.3837
2024/12/04 22:57:07 - __main__ - INFO - 88 - trainer - [3102/5166] Loss: 1.2784
2024/12/04 23:05:40 - __main__ - INFO - 88 - trainer - [4136/5166] Loss: 1.2336
2024/12/04 23:14:16 - __main__ - INFO - 72 - trainer - Epoch: 105
2024/12/04 23:14:17 - __main__ - INFO - 88 - trainer - [0/5166] Loss: 1.3171
2024/12/04 23:22:53 - __main__ - INFO - 88 - trainer - [1034/5166] Loss: 1.3193
2024/12/04 23:31:31 - __main__ - INFO - 88 - trainer - [2068/5166] Loss: 1.0338
2024/12/04 23:40:12 - __main__ - INFO - 88 - trainer - [3102/5166] Loss: 1.1505
2024/12/04 23:49:03 - __main__ - INFO - 88 - trainer - [4136/5166] Loss: 1.3375
2024/12/04 23:57:19 - __main__ - INFO - 72 - trainer - Epoch: 106
2024/12/04 23:57:20 - __main__ - INFO - 88 - trainer - [0/5166] Loss: 1.2614
2024/12/05 00:06:00 - __main__ - INFO - 88 - trainer - [1034/5166] Loss: 1.1927
2024/12/05 00:14:47 - __main__ - INFO - 88 - trainer - [2068/5166] Loss: 1.3562
2024/12/05 00:23:31 - __main__ - INFO - 88 - trainer - [3102/5166] Loss: 1.2032
2024/12/05 00:32:08 - __main__ - INFO - 88 - trainer - [4136/5166] Loss: 1.2068
2024/12/05 00:40:44 - __main__ - INFO - 72 - trainer - Epoch: 107
2024/12/05 00:40:45 - __main__ - INFO - 88 - trainer - [0/5166] Loss: 1.3242
2024/12/05 00:48:56 - __main__ - INFO - 88 - trainer - [1034/5166] Loss: 1.4262
2024/12/05 00:57:02 - __main__ - INFO - 88 - trainer - [2068/5166] Loss: 1.2509
2024/12/05 01:05:01 - __main__ - INFO - 88 - trainer - [3102/5166] Loss: 1.1875
2024/12/05 01:12:48 - __main__ - INFO - 88 - trainer - [4136/5166] Loss: 1.3796
2024/12/05 01:20:14 - __main__ - INFO - 72 - trainer - Epoch: 108
2024/12/05 01:20:15 - __main__ - INFO - 88 - trainer - [0/5166] Loss: 1.4019
2024/12/05 01:27:50 - __main__ - INFO - 88 - trainer - [1034/5166] Loss: 1.2633
2024/12/05 01:35:30 - __main__ - INFO - 88 - trainer - [2068/5166] Loss: 1.0884
2024/12/05 01:42:55 - __main__ - INFO - 88 - trainer - [3102/5166] Loss: 1.1449
2024/12/05 01:50:07 - __main__ - INFO - 88 - trainer - [4136/5166] Loss: 1.2525
2024/12/05 01:57:14 - __main__ - INFO - 72 - trainer - Epoch: 109
2024/12/05 01:57:14 - __main__ - INFO - 88 - trainer - [0/5166] Loss: 1.3677
2024/12/05 02:04:17 - __main__ - INFO - 88 - trainer - [1034/5166] Loss: 1.0317
2024/12/05 02:11:24 - __main__ - INFO - 88 - trainer - [2068/5166] Loss: 1.2702
2024/12/05 02:18:37 - __main__ - INFO - 88 - trainer - [3102/5166] Loss: 1.3205
2024/12/05 02:25:44 - __main__ - INFO - 88 - trainer - [4136/5166] Loss: 1.0870
2024/12/05 02:32:44 - __main__ - INFO - 72 - trainer - Epoch: 110
2024/12/05 02:32:45 - __main__ - INFO - 88 - trainer - [0/5166] Loss: 1.1919
2024/12/05 02:39:55 - __main__ - INFO - 88 - trainer - [1034/5166] Loss: 1.3397
2024/12/05 02:47:03 - __main__ - INFO - 88 - trainer - [2068/5166] Loss: 0.9981
2024/12/05 02:54:17 - __main__ - INFO - 88 - trainer - [3102/5166] Loss: 1.1390
2024/12/05 03:01:29 - __main__ - INFO - 88 - trainer - [4136/5166] Loss: 1.4015
2024/12/05 03:08:37 - __main__ - INFO - 72 - trainer - Epoch: 111
2024/12/05 03:08:38 - __main__ - INFO - 88 - trainer - [0/5166] Loss: 1.3306
2024/12/05 03:15:49 - __main__ - INFO - 88 - trainer - [1034/5166] Loss: 1.2786
2024/12/05 03:22:57 - __main__ - INFO - 88 - trainer - [2068/5166] Loss: 1.1187
2024/12/05 03:30:02 - __main__ - INFO - 88 - trainer - [3102/5166] Loss: 1.2081
2024/12/05 03:37:12 - __main__ - INFO - 88 - trainer - [4136/5166] Loss: 1.0774
2024/12/05 03:44:15 - __main__ - INFO - 72 - trainer - Epoch: 112
2024/12/05 03:44:16 - __main__ - INFO - 88 - trainer - [0/5166] Loss: 1.1450
2024/12/05 03:51:21 - __main__ - INFO - 88 - trainer - [1034/5166] Loss: 1.2284
2024/12/05 03:58:27 - __main__ - INFO - 88 - trainer - [2068/5166] Loss: 1.3618
2024/12/05 04:05:36 - __main__ - INFO - 88 - trainer - [3102/5166] Loss: 1.2013
2024/12/05 04:12:36 - __main__ - INFO - 88 - trainer - [4136/5166] Loss: 1.1355
2024/12/05 04:19:13 - __main__ - INFO - 72 - trainer - Epoch: 113
2024/12/05 04:19:13 - __main__ - INFO - 88 - trainer - [0/5166] Loss: 1.3523
2024/12/05 04:25:54 - __main__ - INFO - 88 - trainer - [1034/5166] Loss: 1.1993
2024/12/05 04:32:31 - __main__ - INFO - 88 - trainer - [2068/5166] Loss: 1.0700
2024/12/05 04:39:15 - __main__ - INFO - 88 - trainer - [3102/5166] Loss: 1.4175
2024/12/05 04:45:57 - __main__ - INFO - 88 - trainer - [4136/5166] Loss: 1.1743
2024/12/05 04:52:38 - __main__ - INFO - 72 - trainer - Epoch: 114
2024/12/05 04:52:39 - __main__ - INFO - 88 - trainer - [0/5166] Loss: 1.2318
2024/12/05 04:59:28 - __main__ - INFO - 88 - trainer - [1034/5166] Loss: 1.1287
2024/12/05 05:06:11 - __main__ - INFO - 88 - trainer - [2068/5166] Loss: 1.1386
2024/12/05 05:12:57 - __main__ - INFO - 88 - trainer - [3102/5166] Loss: 1.2412
2024/12/05 05:19:48 - __main__ - INFO - 88 - trainer - [4136/5166] Loss: 1.3863
2024/12/05 05:26:33 - __main__ - INFO - 72 - trainer - Epoch: 115
2024/12/05 05:26:34 - __main__ - INFO - 88 - trainer - [0/5166] Loss: 1.2050
2024/12/05 05:33:20 - __main__ - INFO - 88 - trainer - [1034/5166] Loss: 1.3772
2024/12/05 05:40:09 - __main__ - INFO - 88 - trainer - [2068/5166] Loss: 1.3401
2024/12/05 05:46:57 - __main__ - INFO - 88 - trainer - [3102/5166] Loss: 1.1288
2024/12/05 05:53:42 - __main__ - INFO - 88 - trainer - [4136/5166] Loss: 1.2069
2024/12/05 06:00:22 - __main__ - INFO - 72 - trainer - Epoch: 116
2024/12/05 06:00:23 - __main__ - INFO - 88 - trainer - [0/5166] Loss: 1.1746
2024/12/05 06:07:09 - __main__ - INFO - 88 - trainer - [1034/5166] Loss: 1.1623
2024/12/05 06:14:01 - __main__ - INFO - 88 - trainer - [2068/5166] Loss: 1.2258
2024/12/05 06:20:48 - __main__ - INFO - 88 - trainer - [3102/5166] Loss: 1.1689
2024/12/05 06:27:39 - __main__ - INFO - 88 - trainer - [4136/5166] Loss: 1.1722
2024/12/05 06:34:27 - __main__ - INFO - 72 - trainer - Epoch: 117
2024/12/05 06:34:28 - __main__ - INFO - 88 - trainer - [0/5166] Loss: 1.4367
2024/12/05 06:41:26 - __main__ - INFO - 88 - trainer - [1034/5166] Loss: 1.0878
2024/12/05 06:48:16 - __main__ - INFO - 88 - trainer - [2068/5166] Loss: 1.1128
2024/12/05 06:55:07 - __main__ - INFO - 88 - trainer - [3102/5166] Loss: 1.2379
2024/12/05 07:02:00 - __main__ - INFO - 88 - trainer - [4136/5166] Loss: 1.1310
2024/12/05 07:08:55 - __main__ - INFO - 72 - trainer - Epoch: 118
2024/12/05 07:08:55 - __main__ - INFO - 88 - trainer - [0/5166] Loss: 1.2493
2024/12/05 07:15:47 - __main__ - INFO - 88 - trainer - [1034/5166] Loss: 1.2215
2024/12/05 07:22:29 - __main__ - INFO - 88 - trainer - [2068/5166] Loss: 1.2341
2024/12/05 07:29:04 - __main__ - INFO - 88 - trainer - [3102/5166] Loss: 1.2128
2024/12/05 07:35:39 - __main__ - INFO - 88 - trainer - [4136/5166] Loss: 1.1413
2024/12/05 07:42:11 - __main__ - INFO - 72 - trainer - Epoch: 119
2024/12/05 07:42:12 - __main__ - INFO - 88 - trainer - [0/5166] Loss: 1.2950
2024/12/05 07:48:39 - __main__ - INFO - 88 - trainer - [1034/5166] Loss: 1.1937
2024/12/05 07:55:05 - __main__ - INFO - 88 - trainer - [2068/5166] Loss: 1.4126
2024/12/05 08:01:38 - __main__ - INFO - 88 - trainer - [3102/5166] Loss: 1.3077
2024/12/05 08:08:12 - __main__ - INFO - 88 - trainer - [4136/5166] Loss: 1.4528
2024/12/05 08:14:41 - __main__ - INFO - 72 - trainer - Epoch: 120
2024/12/05 08:14:41 - __main__ - INFO - 88 - trainer - [0/5166] Loss: 1.3129
2024/12/05 08:21:14 - __main__ - INFO - 88 - trainer - [1034/5166] Loss: 1.4333
2024/12/05 08:27:50 - __main__ - INFO - 88 - trainer - [2068/5166] Loss: 1.3690
2024/12/05 08:34:13 - __main__ - INFO - 88 - trainer - [3102/5166] Loss: 1.2862
2024/12/05 08:40:49 - __main__ - INFO - 88 - trainer - [4136/5166] Loss: 1.3897
2024/12/05 08:47:18 - __main__ - INFO - 94 - trainer - start predicting: 2024-12-05 08:47:18.671881
2024/12/05 10:02:31 - __main__ - INFO - 121 - trainer - {'Best_HR@5': 0.0036, 'Best_NDCG@5': 0.0022, 'Best_HR@10': 0.0064, 'Best_NDCG@10': 0.0029, 'Best_HR@20': 0.0138, 'Best_NDCG@20': 0.0045}
2024/12/05 10:02:31 - __main__ - INFO - 122 - trainer - {'Best_epoch_HR@5': 120, 'Best_epoch_NDCG@5': 120, 'Best_epoch_HR@10': 20, 'Best_epoch_NDCG@10': 120, 'Best_epoch_HR@20': 20, 'Best_epoch_NDCG@20': 120}
2024/12/05 10:02:31 - __main__ - INFO - 72 - trainer - Epoch: 121
2024/12/05 10:02:32 - __main__ - INFO - 88 - trainer - [0/5166] Loss: 1.1994
2024/12/05 10:08:57 - __main__ - INFO - 88 - trainer - [1034/5166] Loss: 1.2216
2024/12/05 10:15:23 - __main__ - INFO - 88 - trainer - [2068/5166] Loss: 1.4227
2024/12/05 10:21:44 - __main__ - INFO - 88 - trainer - [3102/5166] Loss: 1.2692
2024/12/05 10:28:10 - __main__ - INFO - 88 - trainer - [4136/5166] Loss: 1.2716
2024/12/05 10:34:33 - __main__ - INFO - 72 - trainer - Epoch: 122
2024/12/05 10:34:34 - __main__ - INFO - 88 - trainer - [0/5166] Loss: 1.2679
2024/12/05 10:40:57 - __main__ - INFO - 88 - trainer - [1034/5166] Loss: 1.1178
2024/12/05 10:47:23 - __main__ - INFO - 88 - trainer - [2068/5166] Loss: 1.1554
2024/12/05 10:53:46 - __main__ - INFO - 88 - trainer - [3102/5166] Loss: 1.2272
2024/12/05 11:00:06 - __main__ - INFO - 88 - trainer - [4136/5166] Loss: 1.2862
2024/12/05 11:06:30 - __main__ - INFO - 72 - trainer - Epoch: 123
2024/12/05 11:06:30 - __main__ - INFO - 88 - trainer - [0/5166] Loss: 1.2250
2024/12/05 11:12:56 - __main__ - INFO - 88 - trainer - [1034/5166] Loss: 1.1990
2024/12/05 11:19:18 - __main__ - INFO - 88 - trainer - [2068/5166] Loss: 1.3271
2024/12/05 11:25:39 - __main__ - INFO - 88 - trainer - [3102/5166] Loss: 1.3786
2024/12/05 11:32:01 - __main__ - INFO - 88 - trainer - [4136/5166] Loss: 1.2695
2024/12/05 11:38:29 - __main__ - INFO - 72 - trainer - Epoch: 124
2024/12/05 11:38:29 - __main__ - INFO - 88 - trainer - [0/5166] Loss: 1.1198
2024/12/05 11:44:52 - __main__ - INFO - 88 - trainer - [1034/5166] Loss: 1.1057
2024/12/05 11:51:19 - __main__ - INFO - 88 - trainer - [2068/5166] Loss: 1.2570
2024/12/05 11:57:43 - __main__ - INFO - 88 - trainer - [3102/5166] Loss: 1.3418
2024/12/05 12:04:11 - __main__ - INFO - 88 - trainer - [4136/5166] Loss: 1.1279
2024/12/05 12:10:31 - __main__ - INFO - 72 - trainer - Epoch: 125
2024/12/05 12:10:32 - __main__ - INFO - 88 - trainer - [0/5166] Loss: 1.3162
2024/12/05 12:17:00 - __main__ - INFO - 88 - trainer - [1034/5166] Loss: 1.2709
2024/12/05 12:23:39 - __main__ - INFO - 88 - trainer - [2068/5166] Loss: 1.3300
2024/12/05 12:30:16 - __main__ - INFO - 88 - trainer - [3102/5166] Loss: 1.3354
2024/12/05 12:36:19 - __main__ - INFO - 88 - trainer - [4136/5166] Loss: 1.0126
2024/12/05 12:42:19 - __main__ - INFO - 72 - trainer - Epoch: 126
2024/12/05 12:42:20 - __main__ - INFO - 88 - trainer - [0/5166] Loss: 1.4114
2024/12/05 12:48:16 - __main__ - INFO - 88 - trainer - [1034/5166] Loss: 1.3126
2024/12/05 12:54:14 - __main__ - INFO - 88 - trainer - [2068/5166] Loss: 1.1240
2024/12/05 13:00:11 - __main__ - INFO - 88 - trainer - [3102/5166] Loss: 1.1525
2024/12/05 13:06:08 - __main__ - INFO - 88 - trainer - [4136/5166] Loss: 1.1690
2024/12/05 13:12:06 - __main__ - INFO - 72 - trainer - Epoch: 127
2024/12/05 13:12:07 - __main__ - INFO - 88 - trainer - [0/5166] Loss: 1.4097
2024/12/05 13:18:06 - __main__ - INFO - 88 - trainer - [1034/5166] Loss: 1.1587
2024/12/05 13:24:04 - __main__ - INFO - 88 - trainer - [2068/5166] Loss: 1.1868
2024/12/05 13:30:05 - __main__ - INFO - 88 - trainer - [3102/5166] Loss: 1.1246
2024/12/05 13:36:03 - __main__ - INFO - 88 - trainer - [4136/5166] Loss: 1.0984
2024/12/05 13:41:58 - __main__ - INFO - 72 - trainer - Epoch: 128
2024/12/05 13:41:59 - __main__ - INFO - 88 - trainer - [0/5166] Loss: 1.2977
2024/12/05 13:47:58 - __main__ - INFO - 88 - trainer - [1034/5166] Loss: 1.3752
2024/12/05 13:54:08 - __main__ - INFO - 88 - trainer - [2068/5166] Loss: 1.5614
2024/12/05 14:00:23 - __main__ - INFO - 88 - trainer - [3102/5166] Loss: 1.3118
2024/12/05 14:06:22 - __main__ - INFO - 88 - trainer - [4136/5166] Loss: 1.0242
2024/12/05 14:12:23 - __main__ - INFO - 72 - trainer - Epoch: 129
2024/12/05 14:12:24 - __main__ - INFO - 88 - trainer - [0/5166] Loss: 1.2264
2024/12/05 14:18:22 - __main__ - INFO - 88 - trainer - [1034/5166] Loss: 1.3523
2024/12/05 14:24:23 - __main__ - INFO - 88 - trainer - [2068/5166] Loss: 1.3770
2024/12/05 14:30:22 - __main__ - INFO - 88 - trainer - [3102/5166] Loss: 1.2447
2024/12/05 14:36:18 - __main__ - INFO - 88 - trainer - [4136/5166] Loss: 1.2426
2024/12/05 14:42:16 - __main__ - INFO - 72 - trainer - Epoch: 130
2024/12/05 14:42:17 - __main__ - INFO - 88 - trainer - [0/5166] Loss: 1.2519
2024/12/05 14:48:17 - __main__ - INFO - 88 - trainer - [1034/5166] Loss: 1.1230
2024/12/05 14:54:17 - __main__ - INFO - 88 - trainer - [2068/5166] Loss: 1.2864
2024/12/05 15:00:17 - __main__ - INFO - 88 - trainer - [3102/5166] Loss: 1.0367
2024/12/05 15:06:15 - __main__ - INFO - 88 - trainer - [4136/5166] Loss: 1.0557
2024/12/05 15:12:11 - __main__ - INFO - 72 - trainer - Epoch: 131
2024/12/05 15:12:11 - __main__ - INFO - 88 - trainer - [0/5166] Loss: 1.2729
2024/12/05 15:18:11 - __main__ - INFO - 88 - trainer - [1034/5166] Loss: 1.2009
2024/12/05 15:24:07 - __main__ - INFO - 88 - trainer - [2068/5166] Loss: 1.1555
2024/12/05 15:30:09 - __main__ - INFO - 88 - trainer - [3102/5166] Loss: 1.2171
2024/12/05 15:36:08 - __main__ - INFO - 88 - trainer - [4136/5166] Loss: 1.3315
2024/12/05 15:42:07 - __main__ - INFO - 72 - trainer - Epoch: 132
2024/12/05 15:42:07 - __main__ - INFO - 88 - trainer - [0/5166] Loss: 1.1048
2024/12/05 15:48:06 - __main__ - INFO - 88 - trainer - [1034/5166] Loss: 1.1999
2024/12/05 15:54:08 - __main__ - INFO - 88 - trainer - [2068/5166] Loss: 1.1924
2024/12/05 16:00:05 - __main__ - INFO - 88 - trainer - [3102/5166] Loss: 1.3441
2024/12/05 16:06:03 - __main__ - INFO - 88 - trainer - [4136/5166] Loss: 1.2387
2024/12/05 16:12:02 - __main__ - INFO - 72 - trainer - Epoch: 133
2024/12/05 16:12:03 - __main__ - INFO - 88 - trainer - [0/5166] Loss: 1.1895
2024/12/05 16:18:04 - __main__ - INFO - 88 - trainer - [1034/5166] Loss: 1.2016
2024/12/05 16:24:05 - __main__ - INFO - 88 - trainer - [2068/5166] Loss: 1.0059
2024/12/05 16:30:08 - __main__ - INFO - 88 - trainer - [3102/5166] Loss: 1.3163
2024/12/05 16:36:05 - __main__ - INFO - 88 - trainer - [4136/5166] Loss: 1.2522
2024/12/05 16:42:01 - __main__ - INFO - 72 - trainer - Epoch: 134
2024/12/05 16:42:02 - __main__ - INFO - 88 - trainer - [0/5166] Loss: 1.1733
2024/12/05 16:47:59 - __main__ - INFO - 88 - trainer - [1034/5166] Loss: 0.9924
2024/12/05 16:53:56 - __main__ - INFO - 88 - trainer - [2068/5166] Loss: 1.1511
2024/12/05 16:59:57 - __main__ - INFO - 88 - trainer - [3102/5166] Loss: 1.2020
2024/12/05 17:05:54 - __main__ - INFO - 88 - trainer - [4136/5166] Loss: 1.4385
2024/12/05 17:11:49 - __main__ - INFO - 72 - trainer - Epoch: 135
2024/12/05 17:11:50 - __main__ - INFO - 88 - trainer - [0/5166] Loss: 1.2161
2024/12/05 17:17:51 - __main__ - INFO - 88 - trainer - [1034/5166] Loss: 1.2931
2024/12/05 17:23:48 - __main__ - INFO - 88 - trainer - [2068/5166] Loss: 1.2116
2024/12/05 17:29:45 - __main__ - INFO - 88 - trainer - [3102/5166] Loss: 1.2391
2024/12/05 17:35:40 - __main__ - INFO - 88 - trainer - [4136/5166] Loss: 1.1082
2024/12/05 17:41:33 - __main__ - INFO - 72 - trainer - Epoch: 136
2024/12/05 17:41:34 - __main__ - INFO - 88 - trainer - [0/5166] Loss: 1.1974
2024/12/05 17:47:19 - __main__ - INFO - 88 - trainer - [1034/5166] Loss: 1.1418
2024/12/05 17:53:02 - __main__ - INFO - 88 - trainer - [2068/5166] Loss: 1.2365
2024/12/05 17:58:47 - __main__ - INFO - 88 - trainer - [3102/5166] Loss: 1.3961
2024/12/05 18:04:29 - __main__ - INFO - 88 - trainer - [4136/5166] Loss: 1.1941
2024/12/05 18:10:09 - __main__ - INFO - 72 - trainer - Epoch: 137
2024/12/05 18:10:10 - __main__ - INFO - 88 - trainer - [0/5166] Loss: 1.1528
2024/12/05 18:15:52 - __main__ - INFO - 88 - trainer - [1034/5166] Loss: 1.2017
2024/12/05 18:21:35 - __main__ - INFO - 88 - trainer - [2068/5166] Loss: 1.2263
2024/12/05 18:27:19 - __main__ - INFO - 88 - trainer - [3102/5166] Loss: 1.2814
2024/12/05 18:33:01 - __main__ - INFO - 88 - trainer - [4136/5166] Loss: 1.2348
2024/12/05 18:38:41 - __main__ - INFO - 72 - trainer - Epoch: 138
2024/12/05 18:38:42 - __main__ - INFO - 88 - trainer - [0/5166] Loss: 1.1614
2024/12/05 18:44:27 - __main__ - INFO - 88 - trainer - [1034/5166] Loss: 1.3392
2024/12/05 18:50:11 - __main__ - INFO - 88 - trainer - [2068/5166] Loss: 1.0189
2024/12/05 18:55:56 - __main__ - INFO - 88 - trainer - [3102/5166] Loss: 1.0821
2024/12/05 19:01:46 - __main__ - INFO - 88 - trainer - [4136/5166] Loss: 1.2882
2024/12/05 19:07:45 - __main__ - INFO - 72 - trainer - Epoch: 139
2024/12/05 19:07:45 - __main__ - INFO - 88 - trainer - [0/5166] Loss: 1.3015
2024/12/05 19:13:38 - __main__ - INFO - 88 - trainer - [1034/5166] Loss: 1.1400
2024/12/05 19:19:24 - __main__ - INFO - 88 - trainer - [2068/5166] Loss: 1.2849
2024/12/05 19:25:13 - __main__ - INFO - 88 - trainer - [3102/5166] Loss: 1.2760
2024/12/05 19:30:58 - __main__ - INFO - 88 - trainer - [4136/5166] Loss: 1.3433
2024/12/05 19:36:41 - __main__ - INFO - 72 - trainer - Epoch: 140
2024/12/05 19:36:42 - __main__ - INFO - 88 - trainer - [0/5166] Loss: 1.0221
2024/12/05 19:42:27 - __main__ - INFO - 88 - trainer - [1034/5166] Loss: 1.1994
2024/12/05 19:48:11 - __main__ - INFO - 88 - trainer - [2068/5166] Loss: 1.1393
2024/12/05 19:53:59 - __main__ - INFO - 88 - trainer - [3102/5166] Loss: 1.1536
2024/12/05 19:59:44 - __main__ - INFO - 88 - trainer - [4136/5166] Loss: 1.2659
2024/12/05 20:05:26 - __main__ - INFO - 94 - trainer - start predicting: 2024-12-05 20:05:26.187295
2024/12/05 21:15:57 - __main__ - INFO - 121 - trainer - {'Best_HR@5': 0.0036, 'Best_NDCG@5': 0.0022, 'Best_HR@10': 0.0067, 'Best_NDCG@10': 0.0029, 'Best_HR@20': 0.0138, 'Best_NDCG@20': 0.0046}
2024/12/05 21:15:57 - __main__ - INFO - 122 - trainer - {'Best_epoch_HR@5': 120, 'Best_epoch_NDCG@5': 120, 'Best_epoch_HR@10': 140, 'Best_epoch_NDCG@10': 120, 'Best_epoch_HR@20': 20, 'Best_epoch_NDCG@20': 140}
2024/12/05 21:15:57 - __main__ - INFO - 72 - trainer - Epoch: 141
2024/12/05 21:15:58 - __main__ - INFO - 88 - trainer - [0/5166] Loss: 1.2101
2024/12/05 21:21:42 - __main__ - INFO - 88 - trainer - [1034/5166] Loss: 1.0834
2024/12/05 21:27:24 - __main__ - INFO - 88 - trainer - [2068/5166] Loss: 1.4659
2024/12/05 21:33:12 - __main__ - INFO - 88 - trainer - [3102/5166] Loss: 1.5100
2024/12/05 21:38:54 - __main__ - INFO - 88 - trainer - [4136/5166] Loss: 1.3793
2024/12/05 21:44:36 - __main__ - INFO - 72 - trainer - Epoch: 142
2024/12/05 21:44:37 - __main__ - INFO - 88 - trainer - [0/5166] Loss: 1.1422
2024/12/05 21:50:20 - __main__ - INFO - 88 - trainer - [1034/5166] Loss: 1.1776
2024/12/05 21:56:02 - __main__ - INFO - 88 - trainer - [2068/5166] Loss: 1.0480
2024/12/05 22:01:47 - __main__ - INFO - 88 - trainer - [3102/5166] Loss: 1.2344
2024/12/05 22:07:31 - __main__ - INFO - 88 - trainer - [4136/5166] Loss: 1.2727
2024/12/05 22:13:12 - __main__ - INFO - 72 - trainer - Epoch: 143
2024/12/05 22:13:13 - __main__ - INFO - 88 - trainer - [0/5166] Loss: 1.0577
2024/12/05 22:19:00 - __main__ - INFO - 88 - trainer - [1034/5166] Loss: 1.3567
2024/12/05 22:24:43 - __main__ - INFO - 88 - trainer - [2068/5166] Loss: 1.3951
2024/12/05 22:30:29 - __main__ - INFO - 88 - trainer - [3102/5166] Loss: 1.2475
2024/12/05 22:36:14 - __main__ - INFO - 88 - trainer - [4136/5166] Loss: 1.3804
2024/12/05 22:44:38 - __main__ - INFO - 72 - trainer - Epoch: 144
2024/12/05 22:44:39 - __main__ - INFO - 88 - trainer - [0/5166] Loss: 1.2818
2024/12/05 22:54:59 - __main__ - INFO - 88 - trainer - [1034/5166] Loss: 1.1976
2024/12/05 23:05:28 - __main__ - INFO - 88 - trainer - [2068/5166] Loss: 1.2213
2024/12/05 23:16:10 - __main__ - INFO - 88 - trainer - [3102/5166] Loss: 1.1263
2024/12/05 23:27:10 - __main__ - INFO - 88 - trainer - [4136/5166] Loss: 1.3292
2024/12/05 23:37:57 - __main__ - INFO - 72 - trainer - Epoch: 145
2024/12/05 23:37:58 - __main__ - INFO - 88 - trainer - [0/5166] Loss: 1.2649
2024/12/05 23:48:54 - __main__ - INFO - 88 - trainer - [1034/5166] Loss: 1.1494
2024/12/05 23:59:54 - __main__ - INFO - 88 - trainer - [2068/5166] Loss: 1.2197
2024/12/06 00:10:54 - __main__ - INFO - 88 - trainer - [3102/5166] Loss: 1.4021
2024/12/06 00:21:44 - __main__ - INFO - 88 - trainer - [4136/5166] Loss: 1.1060
2024/12/06 00:32:36 - __main__ - INFO - 72 - trainer - Epoch: 146
2024/12/06 00:32:37 - __main__ - INFO - 88 - trainer - [0/5166] Loss: 1.2192
2024/12/06 00:43:06 - __main__ - INFO - 88 - trainer - [1034/5166] Loss: 1.1310
2024/12/06 00:53:22 - __main__ - INFO - 88 - trainer - [2068/5166] Loss: 1.1075
2024/12/06 01:03:41 - __main__ - INFO - 88 - trainer - [3102/5166] Loss: 1.3131
2024/12/06 01:14:00 - __main__ - INFO - 88 - trainer - [4136/5166] Loss: 1.2583
2024/12/06 01:24:14 - __main__ - INFO - 72 - trainer - Epoch: 147
2024/12/06 01:24:16 - __main__ - INFO - 88 - trainer - [0/5166] Loss: 1.0804
2024/12/06 01:34:39 - __main__ - INFO - 88 - trainer - [1034/5166] Loss: 1.1540
2024/12/06 01:44:57 - __main__ - INFO - 88 - trainer - [2068/5166] Loss: 1.1426
2024/12/06 01:55:21 - __main__ - INFO - 88 - trainer - [3102/5166] Loss: 1.3156
2024/12/06 02:05:36 - __main__ - INFO - 88 - trainer - [4136/5166] Loss: 1.2792
2024/12/06 02:15:54 - __main__ - INFO - 72 - trainer - Epoch: 148
2024/12/06 02:15:55 - __main__ - INFO - 88 - trainer - [0/5166] Loss: 1.1949
2024/12/06 02:26:16 - __main__ - INFO - 88 - trainer - [1034/5166] Loss: 1.1908
2024/12/06 02:36:36 - __main__ - INFO - 88 - trainer - [2068/5166] Loss: 1.0624
2024/12/06 02:46:56 - __main__ - INFO - 88 - trainer - [3102/5166] Loss: 1.3568
2024/12/06 02:57:16 - __main__ - INFO - 88 - trainer - [4136/5166] Loss: 1.2494
2024/12/06 03:07:34 - __main__ - INFO - 72 - trainer - Epoch: 149
2024/12/06 03:07:35 - __main__ - INFO - 88 - trainer - [0/5166] Loss: 1.3410
2024/12/06 03:17:56 - __main__ - INFO - 88 - trainer - [1034/5166] Loss: 1.1412
2024/12/06 03:28:10 - __main__ - INFO - 88 - trainer - [2068/5166] Loss: 1.0697
2024/12/06 03:38:30 - __main__ - INFO - 88 - trainer - [3102/5166] Loss: 1.2372
2024/12/06 03:48:47 - __main__ - INFO - 88 - trainer - [4136/5166] Loss: 1.0548
2024/12/06 03:58:58 - __main__ - INFO - 72 - trainer - Epoch: 150
2024/12/06 03:58:59 - __main__ - INFO - 88 - trainer - [0/5166] Loss: 1.2710
2024/12/06 04:09:24 - __main__ - INFO - 88 - trainer - [1034/5166] Loss: 1.3152
2024/12/06 04:19:29 - __main__ - INFO - 88 - trainer - [2068/5166] Loss: 1.2332
2024/12/06 04:28:11 - __main__ - INFO - 88 - trainer - [3102/5166] Loss: 1.1315
2024/12/06 04:38:38 - __main__ - INFO - 88 - trainer - [4136/5166] Loss: 1.3436
2024/12/06 04:48:56 - __main__ - INFO - 72 - trainer - Epoch: 151
2024/12/06 04:48:58 - __main__ - INFO - 88 - trainer - [0/5166] Loss: 1.2142
2024/12/06 04:59:18 - __main__ - INFO - 88 - trainer - [1034/5166] Loss: 1.1886
2024/12/06 05:09:36 - __main__ - INFO - 88 - trainer - [2068/5166] Loss: 1.3555
2024/12/06 05:19:58 - __main__ - INFO - 88 - trainer - [3102/5166] Loss: 1.3437
2024/12/06 05:30:22 - __main__ - INFO - 88 - trainer - [4136/5166] Loss: 1.1992
2024/12/06 05:40:35 - __main__ - INFO - 72 - trainer - Epoch: 152
2024/12/06 05:40:36 - __main__ - INFO - 88 - trainer - [0/5166] Loss: 0.8355
2024/12/06 05:51:04 - __main__ - INFO - 88 - trainer - [1034/5166] Loss: 1.0927
2024/12/06 06:01:26 - __main__ - INFO - 88 - trainer - [2068/5166] Loss: 1.1867
2024/12/06 06:11:46 - __main__ - INFO - 88 - trainer - [3102/5166] Loss: 1.0855
2024/12/06 06:22:10 - __main__ - INFO - 88 - trainer - [4136/5166] Loss: 1.1867
2024/12/06 06:32:29 - __main__ - INFO - 72 - trainer - Epoch: 153
2024/12/06 06:32:30 - __main__ - INFO - 88 - trainer - [0/5166] Loss: 1.2531
2024/12/06 06:42:59 - __main__ - INFO - 88 - trainer - [1034/5166] Loss: 1.3850
2024/12/06 06:53:21 - __main__ - INFO - 88 - trainer - [2068/5166] Loss: 1.2478
2024/12/06 07:03:43 - __main__ - INFO - 88 - trainer - [3102/5166] Loss: 1.1076
2024/12/06 07:14:07 - __main__ - INFO - 88 - trainer - [4136/5166] Loss: 1.1662
2024/12/06 07:24:25 - __main__ - INFO - 72 - trainer - Epoch: 154
2024/12/06 07:24:27 - __main__ - INFO - 88 - trainer - [0/5166] Loss: 1.1378
2024/12/06 07:34:44 - __main__ - INFO - 88 - trainer - [1034/5166] Loss: 1.1140
2024/12/06 07:45:06 - __main__ - INFO - 88 - trainer - [2068/5166] Loss: 1.2541
2024/12/06 07:55:32 - __main__ - INFO - 88 - trainer - [3102/5166] Loss: 1.1293
2024/12/06 08:05:59 - __main__ - INFO - 88 - trainer - [4136/5166] Loss: 1.1560
2024/12/06 08:16:16 - __main__ - INFO - 72 - trainer - Epoch: 155
2024/12/06 08:16:17 - __main__ - INFO - 88 - trainer - [0/5166] Loss: 1.2226
2024/12/06 08:26:45 - __main__ - INFO - 88 - trainer - [1034/5166] Loss: 1.2693
2024/12/06 08:37:08 - __main__ - INFO - 88 - trainer - [2068/5166] Loss: 1.2652
2024/12/06 08:47:26 - __main__ - INFO - 88 - trainer - [3102/5166] Loss: 1.2893
2024/12/06 08:57:51 - __main__ - INFO - 88 - trainer - [4136/5166] Loss: 1.2274
2024/12/06 09:08:07 - __main__ - INFO - 72 - trainer - Epoch: 156
2024/12/06 09:08:09 - __main__ - INFO - 88 - trainer - [0/5166] Loss: 1.2338
2024/12/06 09:18:37 - __main__ - INFO - 88 - trainer - [1034/5166] Loss: 1.2804
2024/12/06 09:28:32 - __main__ - INFO - 88 - trainer - [2068/5166] Loss: 1.2292
2024/12/06 09:38:51 - __main__ - INFO - 88 - trainer - [3102/5166] Loss: 1.2113
2024/12/06 09:49:19 - __main__ - INFO - 88 - trainer - [4136/5166] Loss: 1.2214
2024/12/06 09:59:39 - __main__ - INFO - 72 - trainer - Epoch: 157
2024/12/06 09:59:41 - __main__ - INFO - 88 - trainer - [0/5166] Loss: 1.2313
2024/12/06 10:10:04 - __main__ - INFO - 88 - trainer - [1034/5166] Loss: 1.1809
2024/12/06 10:20:23 - __main__ - INFO - 88 - trainer - [2068/5166] Loss: 1.3669
2024/12/06 10:30:44 - __main__ - INFO - 88 - trainer - [3102/5166] Loss: 1.2736
2024/12/06 10:41:16 - __main__ - INFO - 88 - trainer - [4136/5166] Loss: 1.1823
2024/12/06 10:51:34 - __main__ - INFO - 72 - trainer - Epoch: 158
2024/12/06 10:51:36 - __main__ - INFO - 88 - trainer - [0/5166] Loss: 1.2937
2024/12/06 11:02:29 - __main__ - INFO - 88 - trainer - [1034/5166] Loss: 1.0706
2024/12/06 11:13:11 - __main__ - INFO - 88 - trainer - [2068/5166] Loss: 1.0621
2024/12/06 11:23:50 - __main__ - INFO - 88 - trainer - [3102/5166] Loss: 1.2075
2024/12/06 11:34:33 - __main__ - INFO - 88 - trainer - [4136/5166] Loss: 1.1280
2024/12/06 11:45:18 - __main__ - INFO - 72 - trainer - Epoch: 159
2024/12/06 11:45:20 - __main__ - INFO - 88 - trainer - [0/5166] Loss: 1.1884
2024/12/06 11:56:09 - __main__ - INFO - 88 - trainer - [1034/5166] Loss: 1.2145
2024/12/06 12:06:50 - __main__ - INFO - 88 - trainer - [2068/5166] Loss: 1.1052
2024/12/06 12:17:17 - __main__ - INFO - 88 - trainer - [3102/5166] Loss: 1.1696
2024/12/06 12:27:56 - __main__ - INFO - 88 - trainer - [4136/5166] Loss: 1.2713
2024/12/06 12:38:31 - __main__ - INFO - 72 - trainer - Epoch: 160
2024/12/06 12:38:33 - __main__ - INFO - 88 - trainer - [0/5166] Loss: 1.0960
2024/12/06 12:49:05 - __main__ - INFO - 88 - trainer - [1034/5166] Loss: 1.1706
2024/12/06 12:59:36 - __main__ - INFO - 88 - trainer - [2068/5166] Loss: 1.0572
2024/12/06 13:10:34 - __main__ - INFO - 88 - trainer - [3102/5166] Loss: 1.1122
2024/12/06 13:21:57 - __main__ - INFO - 88 - trainer - [4136/5166] Loss: 1.1541
2024/12/06 13:33:10 - __main__ - INFO - 94 - trainer - start predicting: 2024-12-06 13:33:10.142326
2024/12/06 16:15:50 - __main__ - INFO - 72 - trainer - Epoch: 161
2024/12/06 16:15:51 - __main__ - INFO - 88 - trainer - [0/5166] Loss: 1.0945
2024/12/06 16:27:33 - __main__ - INFO - 88 - trainer - [1034/5166] Loss: 1.2357
2024/12/06 16:39:28 - __main__ - INFO - 88 - trainer - [2068/5166] Loss: 1.0801
2024/12/06 16:51:20 - __main__ - INFO - 88 - trainer - [3102/5166] Loss: 1.1013
2024/12/06 17:03:12 - __main__ - INFO - 88 - trainer - [4136/5166] Loss: 1.3506
2024/12/06 17:15:53 - __main__ - INFO - 72 - trainer - Epoch: 162
2024/12/06 17:15:54 - __main__ - INFO - 88 - trainer - [0/5166] Loss: 1.2597
2024/12/06 17:30:06 - __main__ - INFO - 88 - trainer - [1034/5166] Loss: 1.1874
2024/12/06 17:44:13 - __main__ - INFO - 88 - trainer - [2068/5166] Loss: 1.2010
2024/12/06 17:58:42 - __main__ - INFO - 88 - trainer - [3102/5166] Loss: 1.3003
2024/12/06 18:13:25 - __main__ - INFO - 88 - trainer - [4136/5166] Loss: 1.2464
2024/12/06 18:27:25 - __main__ - INFO - 72 - trainer - Epoch: 163
2024/12/06 18:27:27 - __main__ - INFO - 88 - trainer - [0/5166] Loss: 1.3397
2024/12/06 18:41:22 - __main__ - INFO - 88 - trainer - [1034/5166] Loss: 1.3571
2024/12/06 18:54:59 - __main__ - INFO - 88 - trainer - [2068/5166] Loss: 1.1854
2024/12/06 19:10:41 - __main__ - INFO - 88 - trainer - [3102/5166] Loss: 1.1271
2024/12/06 19:25:25 - __main__ - INFO - 88 - trainer - [4136/5166] Loss: 1.2402
2024/12/06 19:39:29 - __main__ - INFO - 72 - trainer - Epoch: 164
2024/12/06 19:39:31 - __main__ - INFO - 88 - trainer - [0/5166] Loss: 1.2657
2024/12/06 19:53:27 - __main__ - INFO - 88 - trainer - [1034/5166] Loss: 1.1893
2024/12/06 20:11:14 - __main__ - INFO - 88 - trainer - [2068/5166] Loss: 1.3538
2024/12/06 20:25:34 - __main__ - INFO - 88 - trainer - [3102/5166] Loss: 1.1153
2024/12/06 20:39:25 - __main__ - INFO - 88 - trainer - [4136/5166] Loss: 1.1249
2024/12/06 20:52:57 - __main__ - INFO - 72 - trainer - Epoch: 165
2024/12/06 20:52:59 - __main__ - INFO - 88 - trainer - [0/5166] Loss: 1.0352
2024/12/06 21:07:05 - __main__ - INFO - 88 - trainer - [1034/5166] Loss: 1.2617
2024/12/06 21:21:04 - __main__ - INFO - 88 - trainer - [2068/5166] Loss: 1.2485
2024/12/06 21:34:47 - __main__ - INFO - 88 - trainer - [3102/5166] Loss: 1.1729
2024/12/06 21:49:12 - __main__ - INFO - 88 - trainer - [4136/5166] Loss: 1.2780
2024/12/06 22:02:22 - __main__ - INFO - 72 - trainer - Epoch: 166
2024/12/06 22:02:23 - __main__ - INFO - 88 - trainer - [0/5166] Loss: 1.2014
2024/12/06 22:14:52 - __main__ - INFO - 88 - trainer - [1034/5166] Loss: 1.2059
2024/12/06 22:27:43 - __main__ - INFO - 88 - trainer - [2068/5166] Loss: 1.0566
2024/12/06 22:38:59 - __main__ - INFO - 88 - trainer - [3102/5166] Loss: 1.1370
2024/12/06 22:45:00 - __main__ - INFO - 88 - trainer - [4136/5166] Loss: 1.1336
2024/12/06 22:50:59 - __main__ - INFO - 72 - trainer - Epoch: 167
2024/12/06 22:51:00 - __main__ - INFO - 88 - trainer - [0/5166] Loss: 1.2072
2024/12/06 22:57:03 - __main__ - INFO - 88 - trainer - [1034/5166] Loss: 1.3543
2024/12/06 23:03:08 - __main__ - INFO - 88 - trainer - [2068/5166] Loss: 1.1497
2024/12/06 23:09:10 - __main__ - INFO - 88 - trainer - [3102/5166] Loss: 1.2265
2024/12/06 23:15:12 - __main__ - INFO - 88 - trainer - [4136/5166] Loss: 1.1813
2024/12/06 23:21:17 - __main__ - INFO - 72 - trainer - Epoch: 168
2024/12/06 23:21:17 - __main__ - INFO - 88 - trainer - [0/5166] Loss: 1.1861
2024/12/06 23:27:20 - __main__ - INFO - 88 - trainer - [1034/5166] Loss: 1.1708
2024/12/06 23:33:24 - __main__ - INFO - 88 - trainer - [2068/5166] Loss: 1.1653
2024/12/06 23:39:25 - __main__ - INFO - 88 - trainer - [3102/5166] Loss: 1.1190
2024/12/06 23:45:13 - __main__ - INFO - 88 - trainer - [4136/5166] Loss: 1.2026
2024/12/06 23:51:03 - __main__ - INFO - 72 - trainer - Epoch: 169
2024/12/06 23:51:04 - __main__ - INFO - 88 - trainer - [0/5166] Loss: 1.1940
2024/12/06 23:56:52 - __main__ - INFO - 88 - trainer - [1034/5166] Loss: 1.2746
2024/12/07 00:02:42 - __main__ - INFO - 88 - trainer - [2068/5166] Loss: 1.1739
2024/12/07 00:08:29 - __main__ - INFO - 88 - trainer - [3102/5166] Loss: 1.3092
2024/12/07 00:14:17 - __main__ - INFO - 88 - trainer - [4136/5166] Loss: 1.2366
2024/12/07 00:20:02 - __main__ - INFO - 72 - trainer - Epoch: 170
2024/12/07 00:20:03 - __main__ - INFO - 88 - trainer - [0/5166] Loss: 1.3147
2024/12/07 00:25:50 - __main__ - INFO - 88 - trainer - [1034/5166] Loss: 1.1834
2024/12/07 00:31:40 - __main__ - INFO - 88 - trainer - [2068/5166] Loss: 1.3312
2024/12/07 00:37:28 - __main__ - INFO - 88 - trainer - [3102/5166] Loss: 1.2889
2024/12/07 00:43:16 - __main__ - INFO - 88 - trainer - [4136/5166] Loss: 1.1696
2024/12/07 00:49:05 - __main__ - INFO - 72 - trainer - Epoch: 171
2024/12/07 00:49:06 - __main__ - INFO - 88 - trainer - [0/5166] Loss: 1.3389
2024/12/07 00:54:52 - __main__ - INFO - 88 - trainer - [1034/5166] Loss: 1.0706
2024/12/07 01:00:38 - __main__ - INFO - 88 - trainer - [2068/5166] Loss: 1.2544
2024/12/07 01:06:26 - __main__ - INFO - 88 - trainer - [3102/5166] Loss: 1.3128
2024/12/07 01:12:12 - __main__ - INFO - 88 - trainer - [4136/5166] Loss: 1.1774
2024/12/07 01:17:57 - __main__ - INFO - 72 - trainer - Epoch: 172
2024/12/07 01:17:58 - __main__ - INFO - 88 - trainer - [0/5166] Loss: 1.3307
2024/12/07 01:23:42 - __main__ - INFO - 88 - trainer - [1034/5166] Loss: 1.1013
2024/12/07 01:29:26 - __main__ - INFO - 88 - trainer - [2068/5166] Loss: 1.3061
2024/12/07 01:35:13 - __main__ - INFO - 88 - trainer - [3102/5166] Loss: 1.0462
2024/12/07 01:40:57 - __main__ - INFO - 88 - trainer - [4136/5166] Loss: 1.2360
2024/12/07 01:46:38 - __main__ - INFO - 72 - trainer - Epoch: 173
2024/12/07 01:46:39 - __main__ - INFO - 88 - trainer - [0/5166] Loss: 1.2255
2024/12/07 01:52:22 - __main__ - INFO - 88 - trainer - [1034/5166] Loss: 1.1300
2024/12/07 01:58:08 - __main__ - INFO - 88 - trainer - [2068/5166] Loss: 1.1666
2024/12/07 02:03:52 - __main__ - INFO - 88 - trainer - [3102/5166] Loss: 0.9768
2024/12/07 02:09:34 - __main__ - INFO - 88 - trainer - [4136/5166] Loss: 1.4035
2024/12/07 02:15:17 - __main__ - INFO - 72 - trainer - Epoch: 174
2024/12/07 02:15:18 - __main__ - INFO - 88 - trainer - [0/5166] Loss: 1.1674
2024/12/07 02:21:01 - __main__ - INFO - 88 - trainer - [1034/5166] Loss: 1.3473
2024/12/07 02:26:45 - __main__ - INFO - 88 - trainer - [2068/5166] Loss: 1.2057
2024/12/07 02:32:29 - __main__ - INFO - 88 - trainer - [3102/5166] Loss: 1.2368
2024/12/07 02:38:11 - __main__ - INFO - 88 - trainer - [4136/5166] Loss: 1.4090
2024/12/07 02:43:55 - __main__ - INFO - 72 - trainer - Epoch: 175
2024/12/07 02:43:56 - __main__ - INFO - 88 - trainer - [0/5166] Loss: 1.1692
2024/12/07 02:49:40 - __main__ - INFO - 88 - trainer - [1034/5166] Loss: 1.2857
2024/12/07 02:55:23 - __main__ - INFO - 88 - trainer - [2068/5166] Loss: 1.1381
2024/12/07 03:01:08 - __main__ - INFO - 88 - trainer - [3102/5166] Loss: 1.2958
2024/12/07 03:06:49 - __main__ - INFO - 88 - trainer - [4136/5166] Loss: 1.4525
2024/12/07 03:12:29 - __main__ - INFO - 72 - trainer - Epoch: 176
2024/12/07 03:12:30 - __main__ - INFO - 88 - trainer - [0/5166] Loss: 1.3810
2024/12/07 03:18:12 - __main__ - INFO - 88 - trainer - [1034/5166] Loss: 1.0137
2024/12/07 03:23:54 - __main__ - INFO - 88 - trainer - [2068/5166] Loss: 1.2188
2024/12/07 03:29:38 - __main__ - INFO - 88 - trainer - [3102/5166] Loss: 1.4572
2024/12/07 03:35:20 - __main__ - INFO - 88 - trainer - [4136/5166] Loss: 1.2730
2024/12/07 03:41:04 - __main__ - INFO - 72 - trainer - Epoch: 177
2024/12/07 03:41:04 - __main__ - INFO - 88 - trainer - [0/5166] Loss: 1.1906
2024/12/07 03:46:46 - __main__ - INFO - 88 - trainer - [1034/5166] Loss: 1.2072
2024/12/07 03:52:27 - __main__ - INFO - 88 - trainer - [2068/5166] Loss: 1.2135
2024/12/07 03:58:09 - __main__ - INFO - 88 - trainer - [3102/5166] Loss: 1.3433
2024/12/07 04:03:51 - __main__ - INFO - 88 - trainer - [4136/5166] Loss: 1.2069
2024/12/07 04:09:34 - __main__ - INFO - 72 - trainer - Epoch: 178
2024/12/07 04:09:35 - __main__ - INFO - 88 - trainer - [0/5166] Loss: 1.3809
2024/12/07 04:15:17 - __main__ - INFO - 88 - trainer - [1034/5166] Loss: 1.1381
2024/12/07 04:21:00 - __main__ - INFO - 88 - trainer - [2068/5166] Loss: 1.1843
2024/12/07 04:26:45 - __main__ - INFO - 88 - trainer - [3102/5166] Loss: 1.0459
2024/12/07 04:32:26 - __main__ - INFO - 88 - trainer - [4136/5166] Loss: 1.1406
2024/12/07 04:38:06 - __main__ - INFO - 72 - trainer - Epoch: 179
2024/12/07 04:38:07 - __main__ - INFO - 88 - trainer - [0/5166] Loss: 1.2695
2024/12/07 04:43:50 - __main__ - INFO - 88 - trainer - [1034/5166] Loss: 1.0405
2024/12/07 04:49:33 - __main__ - INFO - 88 - trainer - [2068/5166] Loss: 0.9301
2024/12/07 04:55:18 - __main__ - INFO - 88 - trainer - [3102/5166] Loss: 1.1275
2024/12/07 05:00:59 - __main__ - INFO - 88 - trainer - [4136/5166] Loss: 1.2259
2024/12/07 05:06:39 - __main__ - INFO - 72 - trainer - Epoch: 180
2024/12/07 05:06:39 - __main__ - INFO - 88 - trainer - [0/5166] Loss: 1.3467
2024/12/07 05:12:25 - __main__ - INFO - 88 - trainer - [1034/5166] Loss: 1.3767
2024/12/07 05:18:07 - __main__ - INFO - 88 - trainer - [2068/5166] Loss: 1.3346
2024/12/07 05:23:48 - __main__ - INFO - 88 - trainer - [3102/5166] Loss: 1.1757
2024/12/07 05:29:30 - __main__ - INFO - 88 - trainer - [4136/5166] Loss: 1.2993
2024/12/07 05:35:14 - __main__ - INFO - 94 - trainer - start predicting: 2024-12-07 05:35:14.273584
2024/12/07 06:45:13 - __main__ - INFO - 121 - trainer - {'Best_HR@5': 0.0039, 'Best_NDCG@5': 0.0022, 'Best_HR@10': 0.0067, 'Best_NDCG@10': 0.0029, 'Best_HR@20': 0.0138, 'Best_NDCG@20': 0.0046}
2024/12/07 06:45:13 - __main__ - INFO - 122 - trainer - {'Best_epoch_HR@5': 180, 'Best_epoch_NDCG@5': 120, 'Best_epoch_HR@10': 140, 'Best_epoch_NDCG@10': 120, 'Best_epoch_HR@20': 20, 'Best_epoch_NDCG@20': 140}
2024/12/07 06:45:13 - __main__ - INFO - 72 - trainer - Epoch: 181
2024/12/07 06:45:14 - __main__ - INFO - 88 - trainer - [0/5166] Loss: 1.1169
2024/12/07 06:50:56 - __main__ - INFO - 88 - trainer - [1034/5166] Loss: 1.4346
2024/12/07 06:56:37 - __main__ - INFO - 88 - trainer - [2068/5166] Loss: 1.3640
2024/12/07 07:02:19 - __main__ - INFO - 88 - trainer - [3102/5166] Loss: 1.0568
2024/12/07 07:08:04 - __main__ - INFO - 88 - trainer - [4136/5166] Loss: 1.0046
2024/12/07 07:13:46 - __main__ - INFO - 72 - trainer - Epoch: 182
2024/12/07 07:13:47 - __main__ - INFO - 88 - trainer - [0/5166] Loss: 1.2443
2024/12/07 07:19:28 - __main__ - INFO - 88 - trainer - [1034/5166] Loss: 1.1219
2024/12/07 07:25:14 - __main__ - INFO - 88 - trainer - [2068/5166] Loss: 1.4669
2024/12/07 07:30:56 - __main__ - INFO - 88 - trainer - [3102/5166] Loss: 1.1415
2024/12/07 07:36:37 - __main__ - INFO - 88 - trainer - [4136/5166] Loss: 1.0973
2024/12/07 07:42:18 - __main__ - INFO - 72 - trainer - Epoch: 183
2024/12/07 07:42:18 - __main__ - INFO - 88 - trainer - [0/5166] Loss: 1.2014
2024/12/07 07:48:00 - __main__ - INFO - 88 - trainer - [1034/5166] Loss: 1.0401
2024/12/07 07:53:45 - __main__ - INFO - 88 - trainer - [2068/5166] Loss: 1.1275
2024/12/07 07:59:27 - __main__ - INFO - 88 - trainer - [3102/5166] Loss: 1.2658
2024/12/07 08:05:10 - __main__ - INFO - 88 - trainer - [4136/5166] Loss: 1.2692
2024/12/07 08:10:54 - __main__ - INFO - 72 - trainer - Epoch: 184
2024/12/07 08:10:55 - __main__ - INFO - 88 - trainer - [0/5166] Loss: 1.3052
2024/12/07 08:16:36 - __main__ - INFO - 88 - trainer - [1034/5166] Loss: 1.0662
2024/12/07 08:22:18 - __main__ - INFO - 88 - trainer - [2068/5166] Loss: 1.3254
2024/12/07 08:28:03 - __main__ - INFO - 88 - trainer - [3102/5166] Loss: 1.2925
2024/12/07 08:33:48 - __main__ - INFO - 88 - trainer - [4136/5166] Loss: 1.1291
2024/12/07 08:39:30 - __main__ - INFO - 72 - trainer - Epoch: 185
2024/12/07 08:39:31 - __main__ - INFO - 88 - trainer - [0/5166] Loss: 1.2987
2024/12/07 08:45:12 - __main__ - INFO - 88 - trainer - [1034/5166] Loss: 0.9700
2024/12/07 08:50:58 - __main__ - INFO - 88 - trainer - [2068/5166] Loss: 1.0320
2024/12/07 08:56:40 - __main__ - INFO - 88 - trainer - [3102/5166] Loss: 1.2404
2024/12/07 09:02:23 - __main__ - INFO - 88 - trainer - [4136/5166] Loss: 1.1432
2024/12/07 09:08:03 - __main__ - INFO - 72 - trainer - Epoch: 186
2024/12/07 09:08:04 - __main__ - INFO - 88 - trainer - [0/5166] Loss: 1.1854
2024/12/07 09:13:46 - __main__ - INFO - 88 - trainer - [1034/5166] Loss: 1.1653
2024/12/07 09:19:31 - __main__ - INFO - 88 - trainer - [2068/5166] Loss: 1.1874
2024/12/07 09:25:13 - __main__ - INFO - 88 - trainer - [3102/5166] Loss: 1.1782
2024/12/07 09:30:57 - __main__ - INFO - 88 - trainer - [4136/5166] Loss: 1.1768
2024/12/07 09:36:40 - __main__ - INFO - 72 - trainer - Epoch: 187
2024/12/07 09:36:41 - __main__ - INFO - 88 - trainer - [0/5166] Loss: 1.2204
2024/12/07 09:42:24 - __main__ - INFO - 88 - trainer - [1034/5166] Loss: 1.2276
2024/12/07 09:48:10 - __main__ - INFO - 88 - trainer - [2068/5166] Loss: 1.3337
2024/12/07 09:53:53 - __main__ - INFO - 88 - trainer - [3102/5166] Loss: 1.1244
2024/12/07 09:59:37 - __main__ - INFO - 88 - trainer - [4136/5166] Loss: 1.2868
2024/12/07 10:05:21 - __main__ - INFO - 72 - trainer - Epoch: 188
2024/12/07 10:05:22 - __main__ - INFO - 88 - trainer - [0/5166] Loss: 1.2263
2024/12/07 10:11:08 - __main__ - INFO - 88 - trainer - [1034/5166] Loss: 1.1344
2024/12/07 10:16:56 - __main__ - INFO - 88 - trainer - [2068/5166] Loss: 1.1608
2024/12/07 10:22:40 - __main__ - INFO - 88 - trainer - [3102/5166] Loss: 1.1705
2024/12/07 10:28:23 - __main__ - INFO - 88 - trainer - [4136/5166] Loss: 1.0219
2024/12/07 10:34:06 - __main__ - INFO - 72 - trainer - Epoch: 189
2024/12/07 10:34:07 - __main__ - INFO - 88 - trainer - [0/5166] Loss: 1.3761
2024/12/07 10:39:51 - __main__ - INFO - 88 - trainer - [1034/5166] Loss: 1.0546
2024/12/07 10:45:38 - __main__ - INFO - 88 - trainer - [2068/5166] Loss: 0.9887
2024/12/07 10:51:22 - __main__ - INFO - 88 - trainer - [3102/5166] Loss: 1.2004
2024/12/07 10:57:06 - __main__ - INFO - 88 - trainer - [4136/5166] Loss: 1.0475
2024/12/07 11:02:51 - __main__ - INFO - 72 - trainer - Epoch: 190
2024/12/07 11:02:52 - __main__ - INFO - 88 - trainer - [0/5166] Loss: 1.0155
2024/12/07 11:08:35 - __main__ - INFO - 88 - trainer - [1034/5166] Loss: 1.2619
2024/12/07 11:14:19 - __main__ - INFO - 88 - trainer - [2068/5166] Loss: 1.0189
2024/12/07 11:20:04 - __main__ - INFO - 88 - trainer - [3102/5166] Loss: 1.0453
2024/12/07 11:25:48 - __main__ - INFO - 88 - trainer - [4136/5166] Loss: 1.1101
2024/12/07 11:31:32 - __main__ - INFO - 72 - trainer - Epoch: 191
2024/12/07 11:31:33 - __main__ - INFO - 88 - trainer - [0/5166] Loss: 1.2843
2024/12/07 11:37:15 - __main__ - INFO - 88 - trainer - [1034/5166] Loss: 1.3228
2024/12/07 11:43:02 - __main__ - INFO - 88 - trainer - [2068/5166] Loss: 1.0800
2024/12/07 11:48:46 - __main__ - INFO - 88 - trainer - [3102/5166] Loss: 1.2116
2024/12/07 11:54:29 - __main__ - INFO - 88 - trainer - [4136/5166] Loss: 1.1154
2024/12/07 12:00:10 - __main__ - INFO - 72 - trainer - Epoch: 192
2024/12/07 12:00:10 - __main__ - INFO - 88 - trainer - [0/5166] Loss: 1.3289
2024/12/07 12:05:56 - __main__ - INFO - 88 - trainer - [1034/5166] Loss: 1.1768
2024/12/07 12:11:42 - __main__ - INFO - 88 - trainer - [2068/5166] Loss: 1.1980
2024/12/07 12:17:25 - __main__ - INFO - 88 - trainer - [3102/5166] Loss: 0.9636
2024/12/07 12:23:08 - __main__ - INFO - 88 - trainer - [4136/5166] Loss: 1.1360
2024/12/07 12:28:51 - __main__ - INFO - 72 - trainer - Epoch: 193
2024/12/07 12:28:52 - __main__ - INFO - 88 - trainer - [0/5166] Loss: 1.1283
2024/12/07 12:34:37 - __main__ - INFO - 88 - trainer - [1034/5166] Loss: 0.9693
2024/12/07 12:40:20 - __main__ - INFO - 88 - trainer - [2068/5166] Loss: 1.2560
2024/12/07 12:46:05 - __main__ - INFO - 88 - trainer - [3102/5166] Loss: 1.1669
2024/12/07 12:51:47 - __main__ - INFO - 88 - trainer - [4136/5166] Loss: 1.2028
2024/12/07 12:57:31 - __main__ - INFO - 72 - trainer - Epoch: 194
2024/12/07 12:57:32 - __main__ - INFO - 88 - trainer - [0/5166] Loss: 1.3158
2024/12/07 13:03:17 - __main__ - INFO - 88 - trainer - [1034/5166] Loss: 1.2187
2024/12/07 13:09:01 - __main__ - INFO - 88 - trainer - [2068/5166] Loss: 1.2481
2024/12/07 13:14:50 - __main__ - INFO - 88 - trainer - [3102/5166] Loss: 1.1077
2024/12/07 13:20:34 - __main__ - INFO - 88 - trainer - [4136/5166] Loss: 1.3164
2024/12/07 13:26:18 - __main__ - INFO - 72 - trainer - Epoch: 195
2024/12/07 13:26:19 - __main__ - INFO - 88 - trainer - [0/5166] Loss: 1.2395
2024/12/07 13:32:04 - __main__ - INFO - 88 - trainer - [1034/5166] Loss: 1.1635
2024/12/07 13:37:48 - __main__ - INFO - 88 - trainer - [2068/5166] Loss: 1.2087
2024/12/07 13:43:35 - __main__ - INFO - 88 - trainer - [3102/5166] Loss: 1.1148
2024/12/07 13:49:19 - __main__ - INFO - 88 - trainer - [4136/5166] Loss: 1.0977
2024/12/07 13:55:04 - __main__ - INFO - 72 - trainer - Epoch: 196
2024/12/07 13:55:05 - __main__ - INFO - 88 - trainer - [0/5166] Loss: 1.2089
2024/12/07 14:00:49 - __main__ - INFO - 88 - trainer - [1034/5166] Loss: 1.1413
2024/12/07 14:06:33 - __main__ - INFO - 88 - trainer - [2068/5166] Loss: 1.2104
2024/12/07 14:12:18 - __main__ - INFO - 88 - trainer - [3102/5166] Loss: 1.4640
2024/12/07 14:18:03 - __main__ - INFO - 88 - trainer - [4136/5166] Loss: 1.3260
2024/12/07 14:23:49 - __main__ - INFO - 72 - trainer - Epoch: 197
2024/12/07 14:23:49 - __main__ - INFO - 88 - trainer - [0/5166] Loss: 1.3571
2024/12/07 14:29:34 - __main__ - INFO - 88 - trainer - [1034/5166] Loss: 1.2516
2024/12/07 14:35:19 - __main__ - INFO - 88 - trainer - [2068/5166] Loss: 1.0802
2024/12/07 14:41:07 - __main__ - INFO - 88 - trainer - [3102/5166] Loss: 0.9858
2024/12/07 14:46:52 - __main__ - INFO - 88 - trainer - [4136/5166] Loss: 1.2508
2024/12/07 14:52:35 - __main__ - INFO - 72 - trainer - Epoch: 198
2024/12/07 14:52:36 - __main__ - INFO - 88 - trainer - [0/5166] Loss: 1.1334
2024/12/07 14:58:20 - __main__ - INFO - 88 - trainer - [1034/5166] Loss: 1.1359
2024/12/07 15:04:05 - __main__ - INFO - 88 - trainer - [2068/5166] Loss: 1.1978
2024/12/07 15:09:53 - __main__ - INFO - 88 - trainer - [3102/5166] Loss: 1.1852
2024/12/07 15:15:38 - __main__ - INFO - 88 - trainer - [4136/5166] Loss: 1.1367
2024/12/07 15:21:25 - __main__ - INFO - 72 - trainer - Epoch: 199
2024/12/07 15:21:25 - __main__ - INFO - 88 - trainer - [0/5166] Loss: 1.2651
2024/12/07 15:27:11 - __main__ - INFO - 88 - trainer - [1034/5166] Loss: 1.2433
2024/12/07 15:32:55 - __main__ - INFO - 88 - trainer - [2068/5166] Loss: 1.0278
2024/12/07 15:38:40 - __main__ - INFO - 88 - trainer - [3102/5166] Loss: 1.3955
2024/12/07 15:44:25 - __main__ - INFO - 88 - trainer - [4136/5166] Loss: 1.1055
2024/12/07 15:50:11 - __main__ - INFO - 72 - trainer - Epoch: 200
2024/12/07 15:50:12 - __main__ - INFO - 88 - trainer - [0/5166] Loss: 1.1169
2024/12/07 15:55:56 - __main__ - INFO - 88 - trainer - [1034/5166] Loss: 1.1158
2024/12/07 16:01:41 - __main__ - INFO - 88 - trainer - [2068/5166] Loss: 1.2694
2024/12/07 16:07:28 - __main__ - INFO - 88 - trainer - [3102/5166] Loss: 1.2500
2024/12/07 16:13:13 - __main__ - INFO - 88 - trainer - [4136/5166] Loss: 1.1961
2024/12/07 16:18:56 - __main__ - INFO - 94 - trainer - start predicting: 2024-12-07 16:18:56.384773
2024/12/07 17:29:07 - __main__ - INFO - 121 - trainer - {'Best_HR@5': 0.0043, 'Best_NDCG@5': 0.0033, 'Best_HR@10': 0.0075, 'Best_NDCG@10': 0.0043, 'Best_HR@20': 0.0138, 'Best_NDCG@20': 0.0059}
2024/12/07 17:29:07 - __main__ - INFO - 122 - trainer - {'Best_epoch_HR@5': 200, 'Best_epoch_NDCG@5': 200, 'Best_epoch_HR@10': 200, 'Best_epoch_NDCG@10': 200, 'Best_epoch_HR@20': 20, 'Best_epoch_NDCG@20': 200}
2024/12/07 17:29:07 - __main__ - INFO - 72 - trainer - Epoch: 201
2024/12/07 17:29:07 - __main__ - INFO - 88 - trainer - [0/5166] Loss: 1.3198
2024/12/07 17:34:52 - __main__ - INFO - 88 - trainer - [1034/5166] Loss: 1.4152
2024/12/07 17:40:39 - __main__ - INFO - 88 - trainer - [2068/5166] Loss: 1.0703
2024/12/07 17:46:25 - __main__ - INFO - 88 - trainer - [3102/5166] Loss: 1.1304
2024/12/07 17:52:10 - __main__ - INFO - 88 - trainer - [4136/5166] Loss: 1.2885
2024/12/07 17:57:53 - __main__ - INFO - 72 - trainer - Epoch: 202
2024/12/07 17:57:53 - __main__ - INFO - 88 - trainer - [0/5166] Loss: 1.2789
2024/12/07 18:03:41 - __main__ - INFO - 88 - trainer - [1034/5166] Loss: 1.1223
2024/12/07 18:09:27 - __main__ - INFO - 88 - trainer - [2068/5166] Loss: 1.0657
2024/12/07 18:15:11 - __main__ - INFO - 88 - trainer - [3102/5166] Loss: 1.2486
2024/12/07 18:20:57 - __main__ - INFO - 88 - trainer - [4136/5166] Loss: 1.1886
2024/12/07 18:26:40 - __main__ - INFO - 72 - trainer - Epoch: 203
2024/12/07 18:26:41 - __main__ - INFO - 88 - trainer - [0/5166] Loss: 1.2664
2024/12/07 18:32:26 - __main__ - INFO - 88 - trainer - [1034/5166] Loss: 1.2238
2024/12/07 18:38:09 - __main__ - INFO - 88 - trainer - [2068/5166] Loss: 1.1335
2024/12/07 18:43:55 - __main__ - INFO - 88 - trainer - [3102/5166] Loss: 1.1691
2024/12/07 18:49:42 - __main__ - INFO - 88 - trainer - [4136/5166] Loss: 1.3397
2024/12/07 18:55:26 - __main__ - INFO - 72 - trainer - Epoch: 204
2024/12/07 18:55:26 - __main__ - INFO - 88 - trainer - [0/5166] Loss: 1.1854
2024/12/07 19:01:09 - __main__ - INFO - 88 - trainer - [1034/5166] Loss: 1.3128
2024/12/07 19:06:58 - __main__ - INFO - 88 - trainer - [2068/5166] Loss: 1.2366
2024/12/07 19:12:43 - __main__ - INFO - 88 - trainer - [3102/5166] Loss: 1.2288
2024/12/07 19:18:29 - __main__ - INFO - 88 - trainer - [4136/5166] Loss: 1.1995
2024/12/07 19:24:11 - __main__ - INFO - 72 - trainer - Epoch: 205
2024/12/07 19:24:11 - __main__ - INFO - 88 - trainer - [0/5166] Loss: 1.1754
2024/12/07 19:29:57 - __main__ - INFO - 88 - trainer - [1034/5166] Loss: 1.0414
2024/12/07 19:35:47 - __main__ - INFO - 88 - trainer - [2068/5166] Loss: 1.4949
2024/12/07 19:41:32 - __main__ - INFO - 88 - trainer - [3102/5166] Loss: 1.0825
2024/12/07 19:47:20 - __main__ - INFO - 88 - trainer - [4136/5166] Loss: 1.3622
2024/12/07 19:53:04 - __main__ - INFO - 72 - trainer - Epoch: 206
2024/12/07 19:53:04 - __main__ - INFO - 88 - trainer - [0/5166] Loss: 1.2504
2024/12/07 19:58:48 - __main__ - INFO - 88 - trainer - [1034/5166] Loss: 1.0290
2024/12/07 20:04:34 - __main__ - INFO - 88 - trainer - [2068/5166] Loss: 1.3040
