2024/11/27 10:43:45 - __main__ - INFO - 65 - main - Namespace(batch_size=512, dataset='amazon_beauty', decay_step=100, description='Diffu_norm_score', device='cuda', diffusion_steps=32, diversity_measure=False, dropout=0.1, emb_dropout=0.3, epoch_time_avg=False, epochs=500, eval_interval=20, gamma=0.1, hidden_act='gelu', hidden_size=128, lambda_uncertainty=0.001, log_file='log/', long_head=False, loss_lambda=0.001, lr=0.001, max_len=50, metric_ks=[5, 10, 20], momentum=None, noise_schedule='trunc_lin', num_blocks=4, num_gpu=1, optimizer='Adam', patience=5, random_seed=1997, rescale_timesteps=True, schedule_sampler_name='lossaware', weight_decay=0)
2024/11/27 10:43:53 - __main__ - INFO - 72 - trainer - Epoch: 0
2024/11/27 10:43:53 - __main__ - INFO - 88 - trainer - [0/257] Loss: 38.1664
2024/11/27 10:44:12 - __main__ - INFO - 88 - trainer - [52/257] Loss: 36.1636
2024/11/27 10:44:30 - __main__ - INFO - 88 - trainer - [104/257] Loss: 33.4775
2024/11/27 10:44:49 - __main__ - INFO - 88 - trainer - [156/257] Loss: 30.9968
2024/11/27 10:45:09 - __main__ - INFO - 88 - trainer - [208/257] Loss: 28.4510
2024/11/27 10:45:27 - __main__ - INFO - 72 - trainer - Epoch: 1
2024/11/27 10:45:28 - __main__ - INFO - 88 - trainer - [0/257] Loss: 26.7308
2024/11/27 10:45:46 - __main__ - INFO - 88 - trainer - [52/257] Loss: 25.1737
2024/11/27 10:46:04 - __main__ - INFO - 88 - trainer - [104/257] Loss: 21.4659
2024/11/27 10:46:23 - __main__ - INFO - 88 - trainer - [156/257] Loss: 15.8381
2024/11/27 10:46:42 - __main__ - INFO - 88 - trainer - [208/257] Loss: 12.9636
2024/11/27 10:46:59 - __main__ - INFO - 72 - trainer - Epoch: 2
2024/11/27 10:46:59 - __main__ - INFO - 88 - trainer - [0/257] Loss: 11.4932
2024/11/27 10:47:19 - __main__ - INFO - 88 - trainer - [52/257] Loss: 10.5042
2024/11/27 10:47:39 - __main__ - INFO - 88 - trainer - [104/257] Loss: 10.3178
2024/11/27 10:47:59 - __main__ - INFO - 88 - trainer - [156/257] Loss: 9.7245
2024/11/27 10:48:18 - __main__ - INFO - 88 - trainer - [208/257] Loss: 9.6680
2024/11/27 10:48:35 - __main__ - INFO - 72 - trainer - Epoch: 3
2024/11/27 10:48:36 - __main__ - INFO - 88 - trainer - [0/257] Loss: 9.7096
2024/11/27 10:48:55 - __main__ - INFO - 88 - trainer - [52/257] Loss: 9.3784
2024/11/27 10:49:13 - __main__ - INFO - 88 - trainer - [104/257] Loss: 9.3749
2024/11/27 10:49:31 - __main__ - INFO - 88 - trainer - [156/257] Loss: 9.1063
2024/11/27 10:49:50 - __main__ - INFO - 88 - trainer - [208/257] Loss: 9.3409
2024/11/27 10:50:09 - __main__ - INFO - 72 - trainer - Epoch: 4
2024/11/27 10:50:09 - __main__ - INFO - 88 - trainer - [0/257] Loss: 9.2243
2024/11/27 10:50:28 - __main__ - INFO - 88 - trainer - [52/257] Loss: 9.1167
2024/11/27 10:50:47 - __main__ - INFO - 88 - trainer - [104/257] Loss: 9.0228
2024/11/27 10:51:05 - __main__ - INFO - 88 - trainer - [156/257] Loss: 8.9765
2024/11/27 10:51:24 - __main__ - INFO - 88 - trainer - [208/257] Loss: 8.8602
2024/11/27 10:51:43 - __main__ - INFO - 72 - trainer - Epoch: 5
2024/11/27 10:51:43 - __main__ - INFO - 88 - trainer - [0/257] Loss: 8.9125
2024/11/27 10:52:02 - __main__ - INFO - 88 - trainer - [52/257] Loss: 8.8480
2024/11/27 10:52:21 - __main__ - INFO - 88 - trainer - [104/257] Loss: 8.7651
2024/11/27 10:52:40 - __main__ - INFO - 88 - trainer - [156/257] Loss: 8.6858
2024/11/27 10:53:00 - __main__ - INFO - 88 - trainer - [208/257] Loss: 8.6133
2024/11/27 10:53:17 - __main__ - INFO - 72 - trainer - Epoch: 6
2024/11/27 10:53:18 - __main__ - INFO - 88 - trainer - [0/257] Loss: 8.4403
2024/11/27 10:53:38 - __main__ - INFO - 88 - trainer - [52/257] Loss: 8.4554
2024/11/27 10:53:56 - __main__ - INFO - 88 - trainer - [104/257] Loss: 8.5230
2024/11/27 10:54:15 - __main__ - INFO - 88 - trainer - [156/257] Loss: 8.6175
2024/11/27 10:54:33 - __main__ - INFO - 88 - trainer - [208/257] Loss: 8.2529
2024/11/27 10:54:51 - __main__ - INFO - 72 - trainer - Epoch: 7
2024/11/27 10:54:51 - __main__ - INFO - 88 - trainer - [0/257] Loss: 8.3590
2024/11/27 10:55:10 - __main__ - INFO - 88 - trainer - [52/257] Loss: 8.4815
2024/11/27 10:55:30 - __main__ - INFO - 88 - trainer - [104/257] Loss: 8.3893
2024/11/27 10:55:50 - __main__ - INFO - 88 - trainer - [156/257] Loss: 8.2880
2024/11/27 10:56:11 - __main__ - INFO - 88 - trainer - [208/257] Loss: 8.1095
2024/11/27 10:56:26 - __main__ - INFO - 72 - trainer - Epoch: 8
2024/11/27 10:56:27 - __main__ - INFO - 88 - trainer - [0/257] Loss: 8.3493
2024/11/27 10:56:44 - __main__ - INFO - 88 - trainer - [52/257] Loss: 8.0905
2024/11/27 10:57:03 - __main__ - INFO - 88 - trainer - [104/257] Loss: 8.1255
2024/11/27 10:57:21 - __main__ - INFO - 88 - trainer - [156/257] Loss: 8.1362
2024/11/27 10:57:40 - __main__ - INFO - 88 - trainer - [208/257] Loss: 7.9451
2024/11/27 10:57:56 - __main__ - INFO - 72 - trainer - Epoch: 9
2024/11/27 10:57:57 - __main__ - INFO - 88 - trainer - [0/257] Loss: 7.9351
2024/11/27 10:58:15 - __main__ - INFO - 88 - trainer - [52/257] Loss: 8.1389
2024/11/27 10:58:33 - __main__ - INFO - 88 - trainer - [104/257] Loss: 7.8104
2024/11/27 10:58:52 - __main__ - INFO - 88 - trainer - [156/257] Loss: 8.1872
2024/11/27 10:59:12 - __main__ - INFO - 88 - trainer - [208/257] Loss: 7.8630
2024/11/27 10:59:29 - __main__ - INFO - 72 - trainer - Epoch: 10
2024/11/27 10:59:30 - __main__ - INFO - 88 - trainer - [0/257] Loss: 8.0462
2024/11/27 10:59:50 - __main__ - INFO - 88 - trainer - [52/257] Loss: 7.9161
2024/11/27 11:00:09 - __main__ - INFO - 88 - trainer - [104/257] Loss: 7.8259
2024/11/27 11:00:27 - __main__ - INFO - 88 - trainer - [156/257] Loss: 7.9699
2024/11/27 11:00:45 - __main__ - INFO - 88 - trainer - [208/257] Loss: 7.7888
2024/11/27 11:01:02 - __main__ - INFO - 72 - trainer - Epoch: 11
2024/11/27 11:01:03 - __main__ - INFO - 88 - trainer - [0/257] Loss: 7.7598
2024/11/27 11:01:21 - __main__ - INFO - 88 - trainer - [52/257] Loss: 7.6719
2024/11/27 11:01:40 - __main__ - INFO - 88 - trainer - [104/257] Loss: 7.8870
2024/11/27 11:01:59 - __main__ - INFO - 88 - trainer - [156/257] Loss: 7.9419
2024/11/27 11:02:18 - __main__ - INFO - 88 - trainer - [208/257] Loss: 7.9081
2024/11/27 11:02:36 - __main__ - INFO - 72 - trainer - Epoch: 12
2024/11/27 11:02:36 - __main__ - INFO - 88 - trainer - [0/257] Loss: 7.7401
2024/11/27 11:02:56 - __main__ - INFO - 88 - trainer - [52/257] Loss: 7.5765
2024/11/27 11:03:14 - __main__ - INFO - 88 - trainer - [104/257] Loss: 7.5719
2024/11/27 11:03:34 - __main__ - INFO - 88 - trainer - [156/257] Loss: 7.5955
2024/11/27 11:03:54 - __main__ - INFO - 88 - trainer - [208/257] Loss: 7.8249
2024/11/27 11:04:13 - __main__ - INFO - 72 - trainer - Epoch: 13
2024/11/27 11:04:13 - __main__ - INFO - 88 - trainer - [0/257] Loss: 7.6285
2024/11/27 11:04:33 - __main__ - INFO - 88 - trainer - [52/257] Loss: 7.4810
2024/11/27 11:04:53 - __main__ - INFO - 88 - trainer - [104/257] Loss: 7.7670
2024/11/27 11:05:15 - __main__ - INFO - 88 - trainer - [156/257] Loss: 7.5778
2024/11/27 11:05:37 - __main__ - INFO - 88 - trainer - [208/257] Loss: 7.7631
2024/11/27 11:05:56 - __main__ - INFO - 72 - trainer - Epoch: 14
2024/11/27 11:05:57 - __main__ - INFO - 88 - trainer - [0/257] Loss: 7.7503
2024/11/27 11:06:20 - __main__ - INFO - 88 - trainer - [52/257] Loss: 7.4780
2024/11/27 11:06:43 - __main__ - INFO - 88 - trainer - [104/257] Loss: 7.7163
2024/11/27 11:07:04 - __main__ - INFO - 88 - trainer - [156/257] Loss: 7.5969
2024/11/27 11:07:24 - __main__ - INFO - 88 - trainer - [208/257] Loss: 7.6900
2024/11/27 11:07:43 - __main__ - INFO - 72 - trainer - Epoch: 15
2024/11/27 11:07:43 - __main__ - INFO - 88 - trainer - [0/257] Loss: 7.3156
2024/11/27 11:08:03 - __main__ - INFO - 88 - trainer - [52/257] Loss: 7.6349
2024/11/27 11:08:23 - __main__ - INFO - 88 - trainer - [104/257] Loss: 7.7618
2024/11/27 11:08:43 - __main__ - INFO - 88 - trainer - [156/257] Loss: 7.5202
2024/11/27 11:09:04 - __main__ - INFO - 88 - trainer - [208/257] Loss: 7.5228
2024/11/27 11:09:25 - __main__ - INFO - 72 - trainer - Epoch: 16
2024/11/27 11:09:25 - __main__ - INFO - 88 - trainer - [0/257] Loss: 7.1065
2024/11/27 11:09:46 - __main__ - INFO - 88 - trainer - [52/257] Loss: 7.3023
2024/11/27 11:10:09 - __main__ - INFO - 88 - trainer - [104/257] Loss: 7.6706
2024/11/27 11:10:30 - __main__ - INFO - 88 - trainer - [156/257] Loss: 7.5529
2024/11/27 11:10:52 - __main__ - INFO - 88 - trainer - [208/257] Loss: 7.7132
2024/11/27 11:11:10 - __main__ - INFO - 72 - trainer - Epoch: 17
2024/11/27 11:11:10 - __main__ - INFO - 88 - trainer - [0/257] Loss: 7.6547
2024/11/27 11:11:30 - __main__ - INFO - 88 - trainer - [52/257] Loss: 7.3498
2024/11/27 11:11:50 - __main__ - INFO - 88 - trainer - [104/257] Loss: 7.3384
2024/11/27 11:12:10 - __main__ - INFO - 88 - trainer - [156/257] Loss: 7.6472
2024/11/27 11:12:30 - __main__ - INFO - 88 - trainer - [208/257] Loss: 7.2865
2024/11/27 11:12:51 - __main__ - INFO - 72 - trainer - Epoch: 18
2024/11/27 11:12:52 - __main__ - INFO - 88 - trainer - [0/257] Loss: 7.5361
2024/11/27 11:13:14 - __main__ - INFO - 88 - trainer - [52/257] Loss: 7.3984
2024/11/27 11:13:37 - __main__ - INFO - 88 - trainer - [104/257] Loss: 7.6202
2024/11/27 11:13:59 - __main__ - INFO - 88 - trainer - [156/257] Loss: 7.5841
2024/11/27 11:14:19 - __main__ - INFO - 88 - trainer - [208/257] Loss: 7.5763
2024/11/27 11:14:38 - __main__ - INFO - 72 - trainer - Epoch: 19
2024/11/27 11:14:38 - __main__ - INFO - 88 - trainer - [0/257] Loss: 7.4857
2024/11/27 11:15:00 - __main__ - INFO - 88 - trainer - [52/257] Loss: 7.3148
2024/11/27 11:15:24 - __main__ - INFO - 88 - trainer - [104/257] Loss: 7.2599
2024/11/27 11:15:49 - __main__ - INFO - 88 - trainer - [156/257] Loss: 7.3527
2024/11/27 11:16:11 - __main__ - INFO - 88 - trainer - [208/257] Loss: 7.3776
2024/11/27 11:16:35 - __main__ - INFO - 72 - trainer - Epoch: 20
2024/11/27 11:16:36 - __main__ - INFO - 88 - trainer - [0/257] Loss: 7.3713
2024/11/27 11:17:03 - __main__ - INFO - 88 - trainer - [52/257] Loss: 7.3252
2024/11/27 11:17:29 - __main__ - INFO - 88 - trainer - [104/257] Loss: 7.2546
2024/11/27 11:17:53 - __main__ - INFO - 88 - trainer - [156/257] Loss: 7.4693
2024/11/27 11:18:17 - __main__ - INFO - 88 - trainer - [208/257] Loss: 7.2644
2024/11/27 11:18:39 - __main__ - INFO - 94 - trainer - start predicting: 2024-11-27 11:18:39.221308
2024/11/27 11:28:13 - __main__ - INFO - 121 - trainer - {'Best_HR@5': 0.0533, 'Best_NDCG@5': 0.0301, 'Best_HR@10': 0.1154, 'Best_NDCG@10': 0.0505, 'Best_HR@20': 0.2329, 'Best_NDCG@20': 0.0798}
2024/11/27 11:28:13 - __main__ - INFO - 122 - trainer - {'Best_epoch_HR@5': 20, 'Best_epoch_NDCG@5': 20, 'Best_epoch_HR@10': 20, 'Best_epoch_NDCG@10': 20, 'Best_epoch_HR@20': 20, 'Best_epoch_NDCG@20': 20}
2024/11/27 11:28:13 - __main__ - INFO - 72 - trainer - Epoch: 21
2024/11/27 11:28:13 - __main__ - INFO - 88 - trainer - [0/257] Loss: 7.3584
2024/11/27 11:28:37 - __main__ - INFO - 88 - trainer - [52/257] Loss: 7.4513
2024/11/27 11:29:01 - __main__ - INFO - 88 - trainer - [104/257] Loss: 7.3818
2024/11/27 11:29:24 - __main__ - INFO - 88 - trainer - [156/257] Loss: 7.3768
2024/11/27 11:29:48 - __main__ - INFO - 88 - trainer - [208/257] Loss: 7.1149
2024/11/27 11:30:10 - __main__ - INFO - 72 - trainer - Epoch: 22
2024/11/27 11:30:11 - __main__ - INFO - 88 - trainer - [0/257] Loss: 7.3226
2024/11/27 11:30:35 - __main__ - INFO - 88 - trainer - [52/257] Loss: 7.2308
2024/11/27 11:31:01 - __main__ - INFO - 88 - trainer - [104/257] Loss: 7.1893
2024/11/27 11:31:27 - __main__ - INFO - 88 - trainer - [156/257] Loss: 6.9257
2024/11/27 11:31:54 - __main__ - INFO - 88 - trainer - [208/257] Loss: 7.1911
2024/11/27 11:32:15 - __main__ - INFO - 72 - trainer - Epoch: 23
2024/11/27 11:32:15 - __main__ - INFO - 88 - trainer - [0/257] Loss: 7.0162
2024/11/27 11:32:38 - __main__ - INFO - 88 - trainer - [52/257] Loss: 6.9744
2024/11/27 11:33:02 - __main__ - INFO - 88 - trainer - [104/257] Loss: 6.9476
2024/11/27 11:33:26 - __main__ - INFO - 88 - trainer - [156/257] Loss: 6.8867
2024/11/27 11:33:48 - __main__ - INFO - 88 - trainer - [208/257] Loss: 6.9735
2024/11/27 11:34:09 - __main__ - INFO - 72 - trainer - Epoch: 24
2024/11/27 11:34:09 - __main__ - INFO - 88 - trainer - [0/257] Loss: 7.2846
2024/11/27 11:34:33 - __main__ - INFO - 88 - trainer - [52/257] Loss: 6.9864
2024/11/27 11:34:59 - __main__ - INFO - 88 - trainer - [104/257] Loss: 7.1304
2024/11/27 11:35:25 - __main__ - INFO - 88 - trainer - [156/257] Loss: 7.1107
2024/11/27 11:35:51 - __main__ - INFO - 88 - trainer - [208/257] Loss: 6.9562
2024/11/27 11:36:15 - __main__ - INFO - 72 - trainer - Epoch: 25
2024/11/27 11:36:15 - __main__ - INFO - 88 - trainer - [0/257] Loss: 7.0171
2024/11/27 11:36:37 - __main__ - INFO - 88 - trainer - [52/257] Loss: 6.9977
2024/11/27 11:37:00 - __main__ - INFO - 88 - trainer - [104/257] Loss: 6.8405
2024/11/27 11:37:23 - __main__ - INFO - 88 - trainer - [156/257] Loss: 6.9468
2024/11/27 11:37:46 - __main__ - INFO - 88 - trainer - [208/257] Loss: 6.7665
2024/11/27 11:38:08 - __main__ - INFO - 72 - trainer - Epoch: 26
2024/11/27 11:38:09 - __main__ - INFO - 88 - trainer - [0/257] Loss: 6.7280
2024/11/27 11:38:33 - __main__ - INFO - 88 - trainer - [52/257] Loss: 6.7967
2024/11/27 11:38:59 - __main__ - INFO - 88 - trainer - [104/257] Loss: 6.6592
2024/11/27 11:39:25 - __main__ - INFO - 88 - trainer - [156/257] Loss: 6.5050
2024/11/27 11:39:51 - __main__ - INFO - 88 - trainer - [208/257] Loss: 6.8471
2024/11/27 11:40:15 - __main__ - INFO - 72 - trainer - Epoch: 27
2024/11/27 11:40:16 - __main__ - INFO - 88 - trainer - [0/257] Loss: 6.8347
2024/11/27 11:40:42 - __main__ - INFO - 88 - trainer - [52/257] Loss: 6.6330
2024/11/27 11:41:02 - __main__ - INFO - 88 - trainer - [104/257] Loss: 6.9561
2024/11/27 11:41:23 - __main__ - INFO - 88 - trainer - [156/257] Loss: 6.7993
2024/11/27 11:41:43 - __main__ - INFO - 88 - trainer - [208/257] Loss: 6.6634
2024/11/27 11:42:04 - __main__ - INFO - 72 - trainer - Epoch: 28
2024/11/27 11:42:05 - __main__ - INFO - 88 - trainer - [0/257] Loss: 6.6333
2024/11/27 11:42:27 - __main__ - INFO - 88 - trainer - [52/257] Loss: 6.4461
2024/11/27 11:42:50 - __main__ - INFO - 88 - trainer - [104/257] Loss: 6.3202
2024/11/27 11:43:12 - __main__ - INFO - 88 - trainer - [156/257] Loss: 6.5354
2024/11/27 11:43:35 - __main__ - INFO - 88 - trainer - [208/257] Loss: 6.5807
2024/11/27 11:43:56 - __main__ - INFO - 72 - trainer - Epoch: 29
2024/11/27 11:43:56 - __main__ - INFO - 88 - trainer - [0/257] Loss: 6.4270
2024/11/27 11:44:18 - __main__ - INFO - 88 - trainer - [52/257] Loss: 6.3615
2024/11/27 11:44:41 - __main__ - INFO - 88 - trainer - [104/257] Loss: 6.9282
2024/11/27 11:45:04 - __main__ - INFO - 88 - trainer - [156/257] Loss: 6.3916
2024/11/27 11:45:28 - __main__ - INFO - 88 - trainer - [208/257] Loss: 6.3805
2024/11/27 11:45:49 - __main__ - INFO - 72 - trainer - Epoch: 30
2024/11/27 11:45:50 - __main__ - INFO - 88 - trainer - [0/257] Loss: 6.5262
2024/11/27 11:46:13 - __main__ - INFO - 88 - trainer - [52/257] Loss: 6.1086
2024/11/27 11:46:36 - __main__ - INFO - 88 - trainer - [104/257] Loss: 6.6124
2024/11/27 11:47:03 - __main__ - INFO - 88 - trainer - [156/257] Loss: 6.1707
2024/11/27 11:47:29 - __main__ - INFO - 88 - trainer - [208/257] Loss: 6.3592
2024/11/27 11:47:52 - __main__ - INFO - 72 - trainer - Epoch: 31
2024/11/27 11:47:53 - __main__ - INFO - 88 - trainer - [0/257] Loss: 6.2917
2024/11/27 11:48:18 - __main__ - INFO - 88 - trainer - [52/257] Loss: 6.4225
2024/11/27 11:48:43 - __main__ - INFO - 88 - trainer - [104/257] Loss: 6.1504
2024/11/27 11:49:07 - __main__ - INFO - 88 - trainer - [156/257] Loss: 6.0868
2024/11/27 11:49:31 - __main__ - INFO - 88 - trainer - [208/257] Loss: 6.4638
2024/11/27 11:49:53 - __main__ - INFO - 72 - trainer - Epoch: 32
2024/11/27 11:49:54 - __main__ - INFO - 88 - trainer - [0/257] Loss: 6.0771
2024/11/27 11:50:17 - __main__ - INFO - 88 - trainer - [52/257] Loss: 6.4967
2024/11/27 11:50:41 - __main__ - INFO - 88 - trainer - [104/257] Loss: 6.1103
2024/11/27 11:51:03 - __main__ - INFO - 88 - trainer - [156/257] Loss: 6.0875
2024/11/27 11:51:24 - __main__ - INFO - 88 - trainer - [208/257] Loss: 6.3153
2024/11/27 11:51:45 - __main__ - INFO - 72 - trainer - Epoch: 33
2024/11/27 11:51:45 - __main__ - INFO - 88 - trainer - [0/257] Loss: 6.3939
2024/11/27 11:52:08 - __main__ - INFO - 88 - trainer - [52/257] Loss: 6.0698
2024/11/27 11:52:30 - __main__ - INFO - 88 - trainer - [104/257] Loss: 6.0788
2024/11/27 11:52:53 - __main__ - INFO - 88 - trainer - [156/257] Loss: 6.3439
2024/11/27 11:53:15 - __main__ - INFO - 88 - trainer - [208/257] Loss: 5.9590
2024/11/27 11:53:35 - __main__ - INFO - 72 - trainer - Epoch: 34
2024/11/27 11:53:35 - __main__ - INFO - 88 - trainer - [0/257] Loss: 6.1754
2024/11/27 11:53:59 - __main__ - INFO - 88 - trainer - [52/257] Loss: 6.1094
2024/11/27 11:54:22 - __main__ - INFO - 88 - trainer - [104/257] Loss: 6.2824
2024/11/27 11:54:45 - __main__ - INFO - 88 - trainer - [156/257] Loss: 6.2125
2024/11/27 11:55:08 - __main__ - INFO - 88 - trainer - [208/257] Loss: 5.9679
2024/11/27 11:55:31 - __main__ - INFO - 72 - trainer - Epoch: 35
2024/11/27 11:55:32 - __main__ - INFO - 88 - trainer - [0/257] Loss: 5.9673
2024/11/27 11:55:57 - __main__ - INFO - 88 - trainer - [52/257] Loss: 5.8551
2024/11/27 11:56:22 - __main__ - INFO - 88 - trainer - [104/257] Loss: 5.8596
2024/11/27 11:56:48 - __main__ - INFO - 88 - trainer - [156/257] Loss: 6.0003
2024/11/27 11:57:14 - __main__ - INFO - 88 - trainer - [208/257] Loss: 5.7549
2024/11/27 11:57:37 - __main__ - INFO - 72 - trainer - Epoch: 36
2024/11/27 11:57:38 - __main__ - INFO - 88 - trainer - [0/257] Loss: 5.8043
2024/11/27 11:58:03 - __main__ - INFO - 88 - trainer - [52/257] Loss: 5.8985
2024/11/27 11:58:29 - __main__ - INFO - 88 - trainer - [104/257] Loss: 5.8594
2024/11/27 11:58:52 - __main__ - INFO - 88 - trainer - [156/257] Loss: 5.8592
2024/11/27 11:59:14 - __main__ - INFO - 88 - trainer - [208/257] Loss: 5.7493
2024/11/27 11:59:35 - __main__ - INFO - 72 - trainer - Epoch: 37
2024/11/27 11:59:35 - __main__ - INFO - 88 - trainer - [0/257] Loss: 5.7865
2024/11/27 11:59:59 - __main__ - INFO - 88 - trainer - [52/257] Loss: 6.0824
2024/11/27 12:00:22 - __main__ - INFO - 88 - trainer - [104/257] Loss: 5.7439
2024/11/27 12:00:47 - __main__ - INFO - 88 - trainer - [156/257] Loss: 5.7704
2024/11/27 12:01:10 - __main__ - INFO - 88 - trainer - [208/257] Loss: 5.7658
2024/11/27 12:01:30 - __main__ - INFO - 72 - trainer - Epoch: 38
2024/11/27 12:01:30 - __main__ - INFO - 88 - trainer - [0/257] Loss: 5.8425
2024/11/27 12:01:53 - __main__ - INFO - 88 - trainer - [52/257] Loss: 5.7309
2024/11/27 12:02:15 - __main__ - INFO - 88 - trainer - [104/257] Loss: 5.6835
2024/11/27 12:02:38 - __main__ - INFO - 88 - trainer - [156/257] Loss: 6.1284
2024/11/27 12:03:01 - __main__ - INFO - 88 - trainer - [208/257] Loss: 5.8384
2024/11/27 12:03:22 - __main__ - INFO - 72 - trainer - Epoch: 39
2024/11/27 12:03:22 - __main__ - INFO - 88 - trainer - [0/257] Loss: 5.7120
2024/11/27 12:03:49 - __main__ - INFO - 88 - trainer - [52/257] Loss: 5.6387
2024/11/27 12:04:14 - __main__ - INFO - 88 - trainer - [104/257] Loss: 5.7100
2024/11/27 12:04:38 - __main__ - INFO - 88 - trainer - [156/257] Loss: 5.6816
2024/11/27 12:05:03 - __main__ - INFO - 88 - trainer - [208/257] Loss: 5.7045
2024/11/27 12:05:26 - __main__ - INFO - 72 - trainer - Epoch: 40
2024/11/27 12:05:26 - __main__ - INFO - 88 - trainer - [0/257] Loss: 5.6740
2024/11/27 12:05:51 - __main__ - INFO - 88 - trainer - [52/257] Loss: 5.6493
2024/11/27 12:06:16 - __main__ - INFO - 88 - trainer - [104/257] Loss: 5.9160
2024/11/27 12:06:41 - __main__ - INFO - 88 - trainer - [156/257] Loss: 5.5872
2024/11/27 12:07:05 - __main__ - INFO - 88 - trainer - [208/257] Loss: 5.4078
2024/11/27 12:07:26 - __main__ - INFO - 94 - trainer - start predicting: 2024-11-27 12:07:26.968314
2024/11/27 12:16:29 - __main__ - INFO - 72 - trainer - Epoch: 41
2024/11/27 12:16:30 - __main__ - INFO - 88 - trainer - [0/257] Loss: 5.2099
2024/11/27 12:16:52 - __main__ - INFO - 88 - trainer - [52/257] Loss: 5.3986
2024/11/27 12:17:14 - __main__ - INFO - 88 - trainer - [104/257] Loss: 5.8221
2024/11/27 12:17:37 - __main__ - INFO - 88 - trainer - [156/257] Loss: 5.6130
2024/11/27 12:17:59 - __main__ - INFO - 88 - trainer - [208/257] Loss: 5.5120
2024/11/27 12:18:19 - __main__ - INFO - 72 - trainer - Epoch: 42
2024/11/27 12:18:19 - __main__ - INFO - 88 - trainer - [0/257] Loss: 5.1949
2024/11/27 12:18:41 - __main__ - INFO - 88 - trainer - [52/257] Loss: 5.4064
2024/11/27 12:19:03 - __main__ - INFO - 88 - trainer - [104/257] Loss: 5.7444
2024/11/27 12:19:25 - __main__ - INFO - 88 - trainer - [156/257] Loss: 5.3594
2024/11/27 12:19:48 - __main__ - INFO - 88 - trainer - [208/257] Loss: 5.4441
2024/11/27 12:20:12 - __main__ - INFO - 72 - trainer - Epoch: 43
2024/11/27 12:20:12 - __main__ - INFO - 88 - trainer - [0/257] Loss: 5.4543
2024/11/27 12:20:36 - __main__ - INFO - 88 - trainer - [52/257] Loss: 5.5313
2024/11/27 12:21:01 - __main__ - INFO - 88 - trainer - [104/257] Loss: 5.5732
2024/11/27 12:21:28 - __main__ - INFO - 88 - trainer - [156/257] Loss: 5.2932
2024/11/27 12:21:53 - __main__ - INFO - 88 - trainer - [208/257] Loss: 5.2647
2024/11/27 12:22:17 - __main__ - INFO - 72 - trainer - Epoch: 44
2024/11/27 12:22:17 - __main__ - INFO - 88 - trainer - [0/257] Loss: 5.6734
2024/11/27 12:22:42 - __main__ - INFO - 88 - trainer - [52/257] Loss: 5.5540
2024/11/27 12:23:08 - __main__ - INFO - 88 - trainer - [104/257] Loss: 5.2144
2024/11/27 12:23:33 - __main__ - INFO - 88 - trainer - [156/257] Loss: 5.1742
2024/11/27 12:23:56 - __main__ - INFO - 88 - trainer - [208/257] Loss: 5.3983
2024/11/27 12:24:16 - __main__ - INFO - 72 - trainer - Epoch: 45
2024/11/27 12:24:17 - __main__ - INFO - 88 - trainer - [0/257] Loss: 5.5101
2024/11/27 12:24:40 - __main__ - INFO - 88 - trainer - [52/257] Loss: 5.3728
2024/11/27 12:25:02 - __main__ - INFO - 88 - trainer - [104/257] Loss: 5.1754
2024/11/27 12:25:25 - __main__ - INFO - 88 - trainer - [156/257] Loss: 5.4500
2024/11/27 12:25:47 - __main__ - INFO - 88 - trainer - [208/257] Loss: 5.4367
2024/11/27 12:26:08 - __main__ - INFO - 72 - trainer - Epoch: 46
2024/11/27 12:26:08 - __main__ - INFO - 88 - trainer - [0/257] Loss: 5.5126
2024/11/27 12:26:31 - __main__ - INFO - 88 - trainer - [52/257] Loss: 5.1666
2024/11/27 12:26:54 - __main__ - INFO - 88 - trainer - [104/257] Loss: 5.3572
2024/11/27 12:27:17 - __main__ - INFO - 88 - trainer - [156/257] Loss: 5.4734
2024/11/27 12:27:40 - __main__ - INFO - 88 - trainer - [208/257] Loss: 5.2722
2024/11/27 12:28:01 - __main__ - INFO - 72 - trainer - Epoch: 47
2024/11/27 12:28:01 - __main__ - INFO - 88 - trainer - [0/257] Loss: 5.0258
2024/11/27 12:28:26 - __main__ - INFO - 88 - trainer - [52/257] Loss: 5.3198
2024/11/27 12:28:51 - __main__ - INFO - 88 - trainer - [104/257] Loss: 5.1141
2024/11/27 12:29:17 - __main__ - INFO - 88 - trainer - [156/257] Loss: 5.3851
2024/11/27 12:29:44 - __main__ - INFO - 88 - trainer - [208/257] Loss: 5.1410
2024/11/27 12:30:08 - __main__ - INFO - 72 - trainer - Epoch: 48
2024/11/27 12:30:09 - __main__ - INFO - 88 - trainer - [0/257] Loss: 5.2673
2024/11/27 12:30:35 - __main__ - INFO - 88 - trainer - [52/257] Loss: 5.1085
2024/11/27 12:31:00 - __main__ - INFO - 88 - trainer - [104/257] Loss: 5.2743
2024/11/27 12:31:25 - __main__ - INFO - 88 - trainer - [156/257] Loss: 5.5077
2024/11/27 12:31:53 - __main__ - INFO - 88 - trainer - [208/257] Loss: 5.3439
2024/11/27 12:32:15 - __main__ - INFO - 72 - trainer - Epoch: 49
2024/11/27 12:32:15 - __main__ - INFO - 88 - trainer - [0/257] Loss: 5.5632
2024/11/27 12:32:39 - __main__ - INFO - 88 - trainer - [52/257] Loss: 5.1477
2024/11/27 12:33:03 - __main__ - INFO - 88 - trainer - [104/257] Loss: 5.2043
2024/11/27 12:33:26 - __main__ - INFO - 88 - trainer - [156/257] Loss: 5.4437
2024/11/27 12:33:49 - __main__ - INFO - 88 - trainer - [208/257] Loss: 5.3159
2024/11/27 12:34:11 - __main__ - INFO - 72 - trainer - Epoch: 50
2024/11/27 12:34:12 - __main__ - INFO - 88 - trainer - [0/257] Loss: 5.3341
2024/11/27 12:34:35 - __main__ - INFO - 88 - trainer - [52/257] Loss: 4.8853
2024/11/27 12:34:59 - __main__ - INFO - 88 - trainer - [104/257] Loss: 4.9925
2024/11/27 12:35:23 - __main__ - INFO - 88 - trainer - [156/257] Loss: 5.5271
2024/11/27 12:35:46 - __main__ - INFO - 88 - trainer - [208/257] Loss: 5.2058
2024/11/27 12:36:08 - __main__ - INFO - 72 - trainer - Epoch: 51
2024/11/27 12:36:09 - __main__ - INFO - 88 - trainer - [0/257] Loss: 5.4344
2024/11/27 12:36:32 - __main__ - INFO - 88 - trainer - [52/257] Loss: 4.7742
2024/11/27 12:36:55 - __main__ - INFO - 88 - trainer - [104/257] Loss: 5.1686
2024/11/27 12:37:20 - __main__ - INFO - 88 - trainer - [156/257] Loss: 4.8101
2024/11/27 12:37:46 - __main__ - INFO - 88 - trainer - [208/257] Loss: 5.2459
2024/11/27 12:38:10 - __main__ - INFO - 72 - trainer - Epoch: 52
2024/11/27 12:38:10 - __main__ - INFO - 88 - trainer - [0/257] Loss: 5.0812
2024/11/27 12:38:35 - __main__ - INFO - 88 - trainer - [52/257] Loss: 5.1909
2024/11/27 12:39:01 - __main__ - INFO - 88 - trainer - [104/257] Loss: 5.1659
2024/11/27 12:39:27 - __main__ - INFO - 88 - trainer - [156/257] Loss: 4.7678
2024/11/27 12:39:52 - __main__ - INFO - 88 - trainer - [208/257] Loss: 5.0254
2024/11/27 12:40:16 - __main__ - INFO - 72 - trainer - Epoch: 53
2024/11/27 12:40:17 - __main__ - INFO - 88 - trainer - [0/257] Loss: 5.2186
2024/11/27 12:40:42 - __main__ - INFO - 88 - trainer - [52/257] Loss: 5.1486
2024/11/27 12:41:06 - __main__ - INFO - 88 - trainer - [104/257] Loss: 4.7207
2024/11/27 12:41:29 - __main__ - INFO - 88 - trainer - [156/257] Loss: 4.9890
2024/11/27 12:41:53 - __main__ - INFO - 88 - trainer - [208/257] Loss: 5.0447
2024/11/27 12:42:15 - __main__ - INFO - 72 - trainer - Epoch: 54
2024/11/27 12:42:16 - __main__ - INFO - 88 - trainer - [0/257] Loss: 4.9880
2024/11/27 12:42:40 - __main__ - INFO - 88 - trainer - [52/257] Loss: 4.7588
2024/11/27 12:43:04 - __main__ - INFO - 88 - trainer - [104/257] Loss: 5.3575
2024/11/27 12:43:27 - __main__ - INFO - 88 - trainer - [156/257] Loss: 4.6951
2024/11/27 12:43:50 - __main__ - INFO - 88 - trainer - [208/257] Loss: 4.7959
2024/11/27 12:44:10 - __main__ - INFO - 72 - trainer - Epoch: 55
2024/11/27 12:44:11 - __main__ - INFO - 88 - trainer - [0/257] Loss: 5.0978
2024/11/27 12:44:33 - __main__ - INFO - 88 - trainer - [52/257] Loss: 4.7126
2024/11/27 12:44:56 - __main__ - INFO - 88 - trainer - [104/257] Loss: 4.9410
2024/11/27 12:45:19 - __main__ - INFO - 88 - trainer - [156/257] Loss: 4.9191
2024/11/27 12:45:45 - __main__ - INFO - 88 - trainer - [208/257] Loss: 4.7579
2024/11/27 12:46:10 - __main__ - INFO - 72 - trainer - Epoch: 56
2024/11/27 12:46:11 - __main__ - INFO - 88 - trainer - [0/257] Loss: 4.8200
2024/11/27 12:46:36 - __main__ - INFO - 88 - trainer - [52/257] Loss: 4.6759
2024/11/27 12:47:01 - __main__ - INFO - 88 - trainer - [104/257] Loss: 5.3548
2024/11/27 12:47:26 - __main__ - INFO - 88 - trainer - [156/257] Loss: 5.0037
2024/11/27 12:47:52 - __main__ - INFO - 88 - trainer - [208/257] Loss: 4.9930
2024/11/27 12:48:15 - __main__ - INFO - 72 - trainer - Epoch: 57
2024/11/27 12:48:15 - __main__ - INFO - 88 - trainer - [0/257] Loss: 4.8935
2024/11/27 12:48:40 - __main__ - INFO - 88 - trainer - [52/257] Loss: 5.0539
2024/11/27 12:49:05 - __main__ - INFO - 88 - trainer - [104/257] Loss: 5.1744
2024/11/27 12:49:27 - __main__ - INFO - 88 - trainer - [156/257] Loss: 5.3393
2024/11/27 12:49:49 - __main__ - INFO - 88 - trainer - [208/257] Loss: 4.9464
2024/11/27 12:50:09 - __main__ - INFO - 72 - trainer - Epoch: 58
2024/11/27 12:50:10 - __main__ - INFO - 88 - trainer - [0/257] Loss: 4.9420
2024/11/27 12:50:32 - __main__ - INFO - 88 - trainer - [52/257] Loss: 4.5080
2024/11/27 12:50:55 - __main__ - INFO - 88 - trainer - [104/257] Loss: 5.1518
2024/11/27 12:51:17 - __main__ - INFO - 88 - trainer - [156/257] Loss: 4.8483
2024/11/27 12:51:39 - __main__ - INFO - 88 - trainer - [208/257] Loss: 5.1015
2024/11/27 12:52:01 - __main__ - INFO - 72 - trainer - Epoch: 59
2024/11/27 12:52:01 - __main__ - INFO - 88 - trainer - [0/257] Loss: 4.8616
2024/11/27 12:52:25 - __main__ - INFO - 88 - trainer - [52/257] Loss: 4.8093
2024/11/27 12:52:48 - __main__ - INFO - 88 - trainer - [104/257] Loss: 4.8066
2024/11/27 12:53:12 - __main__ - INFO - 88 - trainer - [156/257] Loss: 4.7730
2024/11/27 12:53:36 - __main__ - INFO - 88 - trainer - [208/257] Loss: 4.6212
2024/11/27 12:53:58 - __main__ - INFO - 72 - trainer - Epoch: 60
2024/11/27 12:53:59 - __main__ - INFO - 88 - trainer - [0/257] Loss: 4.8307
2024/11/27 12:54:25 - __main__ - INFO - 88 - trainer - [52/257] Loss: 4.8622
2024/11/27 12:54:51 - __main__ - INFO - 88 - trainer - [104/257] Loss: 5.0556
2024/11/27 12:55:17 - __main__ - INFO - 88 - trainer - [156/257] Loss: 4.8684
2024/11/27 12:55:43 - __main__ - INFO - 88 - trainer - [208/257] Loss: 5.0024
2024/11/27 12:56:07 - __main__ - INFO - 94 - trainer - start predicting: 2024-11-27 12:56:07.030141
2024/11/27 13:05:26 - __main__ - INFO - 72 - trainer - Epoch: 61
2024/11/27 13:05:27 - __main__ - INFO - 88 - trainer - [0/257] Loss: 5.1708
2024/11/27 13:05:52 - __main__ - INFO - 88 - trainer - [52/257] Loss: 5.0412
2024/11/27 13:06:18 - __main__ - INFO - 88 - trainer - [104/257] Loss: 5.0311
2024/11/27 13:06:43 - __main__ - INFO - 88 - trainer - [156/257] Loss: 4.7213
2024/11/27 13:07:07 - __main__ - INFO - 88 - trainer - [208/257] Loss: 4.7675
2024/11/27 13:07:28 - __main__ - INFO - 72 - trainer - Epoch: 62
2024/11/27 13:07:28 - __main__ - INFO - 88 - trainer - [0/257] Loss: 4.9414
2024/11/27 13:07:51 - __main__ - INFO - 88 - trainer - [52/257] Loss: 4.9902
2024/11/27 13:08:14 - __main__ - INFO - 88 - trainer - [104/257] Loss: 4.5566
2024/11/27 13:08:38 - __main__ - INFO - 88 - trainer - [156/257] Loss: 4.8181
2024/11/27 13:09:01 - __main__ - INFO - 88 - trainer - [208/257] Loss: 4.8180
2024/11/27 13:09:23 - __main__ - INFO - 72 - trainer - Epoch: 63
2024/11/27 13:09:24 - __main__ - INFO - 88 - trainer - [0/257] Loss: 4.7768
2024/11/27 13:09:47 - __main__ - INFO - 88 - trainer - [52/257] Loss: 4.9493
2024/11/27 13:10:11 - __main__ - INFO - 88 - trainer - [104/257] Loss: 4.5935
2024/11/27 13:10:35 - __main__ - INFO - 88 - trainer - [156/257] Loss: 4.7949
2024/11/27 13:10:58 - __main__ - INFO - 88 - trainer - [208/257] Loss: 4.8224
2024/11/27 13:11:19 - __main__ - INFO - 72 - trainer - Epoch: 64
2024/11/27 13:11:19 - __main__ - INFO - 88 - trainer - [0/257] Loss: 4.8184
2024/11/27 13:11:44 - __main__ - INFO - 88 - trainer - [52/257] Loss: 4.5709
2024/11/27 13:12:10 - __main__ - INFO - 88 - trainer - [104/257] Loss: 4.8379
2024/11/27 13:12:36 - __main__ - INFO - 88 - trainer - [156/257] Loss: 4.6216
2024/11/27 13:13:02 - __main__ - INFO - 88 - trainer - [208/257] Loss: 4.4440
2024/11/27 13:13:26 - __main__ - INFO - 72 - trainer - Epoch: 65
2024/11/27 13:13:26 - __main__ - INFO - 88 - trainer - [0/257] Loss: 4.9340
2024/11/27 13:13:52 - __main__ - INFO - 88 - trainer - [52/257] Loss: 4.9633
2024/11/27 13:14:19 - __main__ - INFO - 88 - trainer - [104/257] Loss: 4.4407
2024/11/27 13:14:46 - __main__ - INFO - 88 - trainer - [156/257] Loss: 4.5726
2024/11/27 13:15:13 - __main__ - INFO - 88 - trainer - [208/257] Loss: 4.8601
2024/11/27 13:15:37 - __main__ - INFO - 72 - trainer - Epoch: 66
2024/11/27 13:15:37 - __main__ - INFO - 88 - trainer - [0/257] Loss: 4.4385
2024/11/27 13:16:03 - __main__ - INFO - 88 - trainer - [52/257] Loss: 4.7861
2024/11/27 13:16:25 - __main__ - INFO - 88 - trainer - [104/257] Loss: 4.9418
2024/11/27 13:16:49 - __main__ - INFO - 88 - trainer - [156/257] Loss: 4.5289
2024/11/27 13:17:14 - __main__ - INFO - 88 - trainer - [208/257] Loss: 5.0438
2024/11/27 13:17:36 - __main__ - INFO - 72 - trainer - Epoch: 67
2024/11/27 13:17:37 - __main__ - INFO - 88 - trainer - [0/257] Loss: 4.5310
2024/11/27 13:18:02 - __main__ - INFO - 88 - trainer - [52/257] Loss: 4.3515
2024/11/27 13:18:27 - __main__ - INFO - 88 - trainer - [104/257] Loss: 4.6531
2024/11/27 13:18:51 - __main__ - INFO - 88 - trainer - [156/257] Loss: 4.5042
2024/11/27 13:19:16 - __main__ - INFO - 88 - trainer - [208/257] Loss: 4.7690
2024/11/27 13:19:37 - __main__ - INFO - 72 - trainer - Epoch: 68
2024/11/27 13:19:38 - __main__ - INFO - 88 - trainer - [0/257] Loss: 4.8680
2024/11/27 13:20:02 - __main__ - INFO - 88 - trainer - [52/257] Loss: 4.6039
2024/11/27 13:20:26 - __main__ - INFO - 88 - trainer - [104/257] Loss: 4.7819
2024/11/27 13:20:53 - __main__ - INFO - 88 - trainer - [156/257] Loss: 4.4640
2024/11/27 13:21:20 - __main__ - INFO - 88 - trainer - [208/257] Loss: 4.6953
2024/11/27 13:21:46 - __main__ - INFO - 72 - trainer - Epoch: 69
2024/11/27 13:21:47 - __main__ - INFO - 88 - trainer - [0/257] Loss: 4.6772
2024/11/27 13:22:15 - __main__ - INFO - 88 - trainer - [52/257] Loss: 4.6686
2024/11/27 13:22:42 - __main__ - INFO - 88 - trainer - [104/257] Loss: 4.5533
2024/11/27 13:23:10 - __main__ - INFO - 88 - trainer - [156/257] Loss: 5.2648
2024/11/27 13:23:37 - __main__ - INFO - 88 - trainer - [208/257] Loss: 4.5541
2024/11/27 13:24:02 - __main__ - INFO - 72 - trainer - Epoch: 70
2024/11/27 13:24:03 - __main__ - INFO - 88 - trainer - [0/257] Loss: 4.8639
2024/11/27 13:24:31 - __main__ - INFO - 88 - trainer - [52/257] Loss: 4.7636
2024/11/27 13:24:56 - __main__ - INFO - 88 - trainer - [104/257] Loss: 4.6631
2024/11/27 13:25:20 - __main__ - INFO - 88 - trainer - [156/257] Loss: 4.7408
2024/11/27 13:25:44 - __main__ - INFO - 88 - trainer - [208/257] Loss: 4.5681
2024/11/27 13:26:07 - __main__ - INFO - 72 - trainer - Epoch: 71
2024/11/27 13:26:07 - __main__ - INFO - 88 - trainer - [0/257] Loss: 4.6632
2024/11/27 13:26:33 - __main__ - INFO - 88 - trainer - [52/257] Loss: 4.5642
2024/11/27 13:26:58 - __main__ - INFO - 88 - trainer - [104/257] Loss: 4.6819
2024/11/27 13:27:23 - __main__ - INFO - 88 - trainer - [156/257] Loss: 4.8397
2024/11/27 13:27:48 - __main__ - INFO - 88 - trainer - [208/257] Loss: 4.6784
2024/11/27 13:28:11 - __main__ - INFO - 72 - trainer - Epoch: 72
2024/11/27 13:28:11 - __main__ - INFO - 88 - trainer - [0/257] Loss: 4.4667
2024/11/27 13:28:36 - __main__ - INFO - 88 - trainer - [52/257] Loss: 4.4019
2024/11/27 13:28:59 - __main__ - INFO - 88 - trainer - [104/257] Loss: 4.8324
2024/11/27 13:29:24 - __main__ - INFO - 88 - trainer - [156/257] Loss: 4.4026
2024/11/27 13:29:49 - __main__ - INFO - 88 - trainer - [208/257] Loss: 4.6064
2024/11/27 13:30:15 - __main__ - INFO - 72 - trainer - Epoch: 73
2024/11/27 13:30:16 - __main__ - INFO - 88 - trainer - [0/257] Loss: 4.4092
2024/11/27 13:30:44 - __main__ - INFO - 88 - trainer - [52/257] Loss: 4.7462
2024/11/27 13:31:13 - __main__ - INFO - 88 - trainer - [104/257] Loss: 4.1859
2024/11/27 13:31:41 - __main__ - INFO - 88 - trainer - [156/257] Loss: 4.6767
2024/11/27 13:32:10 - __main__ - INFO - 88 - trainer - [208/257] Loss: 4.6007
2024/11/27 13:32:37 - __main__ - INFO - 72 - trainer - Epoch: 74
2024/11/27 13:32:37 - __main__ - INFO - 88 - trainer - [0/257] Loss: 4.7482
2024/11/27 13:33:05 - __main__ - INFO - 88 - trainer - [52/257] Loss: 4.8227
2024/11/27 13:33:33 - __main__ - INFO - 88 - trainer - [104/257] Loss: 4.7316
2024/11/27 13:34:01 - __main__ - INFO - 88 - trainer - [156/257] Loss: 4.4227
2024/11/27 13:34:27 - __main__ - INFO - 88 - trainer - [208/257] Loss: 4.6406
2024/11/27 13:34:50 - __main__ - INFO - 72 - trainer - Epoch: 75
2024/11/27 13:34:51 - __main__ - INFO - 88 - trainer - [0/257] Loss: 4.3699
2024/11/27 13:35:16 - __main__ - INFO - 88 - trainer - [52/257] Loss: 4.2504
2024/11/27 13:35:42 - __main__ - INFO - 88 - trainer - [104/257] Loss: 4.4164
2024/11/27 13:36:08 - __main__ - INFO - 88 - trainer - [156/257] Loss: 4.4718
2024/11/27 13:36:33 - __main__ - INFO - 88 - trainer - [208/257] Loss: 4.5524
2024/11/27 13:36:57 - __main__ - INFO - 72 - trainer - Epoch: 76
2024/11/27 13:36:58 - __main__ - INFO - 88 - trainer - [0/257] Loss: 4.8717
2024/11/27 13:37:23 - __main__ - INFO - 88 - trainer - [52/257] Loss: 4.4892
2024/11/27 13:37:48 - __main__ - INFO - 88 - trainer - [104/257] Loss: 4.4074
2024/11/27 13:38:13 - __main__ - INFO - 88 - trainer - [156/257] Loss: 4.6953
2024/11/27 13:38:39 - __main__ - INFO - 88 - trainer - [208/257] Loss: 4.6541
2024/11/27 13:39:02 - __main__ - INFO - 72 - trainer - Epoch: 77
2024/11/27 13:39:03 - __main__ - INFO - 88 - trainer - [0/257] Loss: 4.5895
2024/11/27 13:39:28 - __main__ - INFO - 88 - trainer - [52/257] Loss: 4.7931
2024/11/27 13:39:56 - __main__ - INFO - 88 - trainer - [104/257] Loss: 4.8558
2024/11/27 13:40:24 - __main__ - INFO - 88 - trainer - [156/257] Loss: 4.4153
2024/11/27 13:40:52 - __main__ - INFO - 88 - trainer - [208/257] Loss: 4.4293
2024/11/27 13:41:19 - __main__ - INFO - 72 - trainer - Epoch: 78
2024/11/27 13:41:19 - __main__ - INFO - 88 - trainer - [0/257] Loss: 4.4749
2024/11/27 13:41:48 - __main__ - INFO - 88 - trainer - [52/257] Loss: 4.3737
2024/11/27 13:42:16 - __main__ - INFO - 88 - trainer - [104/257] Loss: 4.4590
2024/11/27 13:42:45 - __main__ - INFO - 88 - trainer - [156/257] Loss: 4.4491
2024/11/27 13:43:13 - __main__ - INFO - 88 - trainer - [208/257] Loss: 4.4609
2024/11/27 13:43:39 - __main__ - INFO - 72 - trainer - Epoch: 79
2024/11/27 13:43:39 - __main__ - INFO - 88 - trainer - [0/257] Loss: 4.4319
2024/11/27 13:44:06 - __main__ - INFO - 88 - trainer - [52/257] Loss: 4.3681
2024/11/27 13:44:28 - __main__ - INFO - 88 - trainer - [104/257] Loss: 4.6616
2024/11/27 13:44:51 - __main__ - INFO - 88 - trainer - [156/257] Loss: 4.6413
2024/11/27 13:45:15 - __main__ - INFO - 88 - trainer - [208/257] Loss: 4.1394
2024/11/27 13:45:41 - __main__ - INFO - 72 - trainer - Epoch: 80
2024/11/27 13:45:41 - __main__ - INFO - 88 - trainer - [0/257] Loss: 4.4488
2024/11/27 13:46:07 - __main__ - INFO - 88 - trainer - [52/257] Loss: 4.5203
2024/11/27 13:46:33 - __main__ - INFO - 88 - trainer - [104/257] Loss: 4.3215
2024/11/27 13:46:59 - __main__ - INFO - 88 - trainer - [156/257] Loss: 4.2889
2024/11/27 13:47:25 - __main__ - INFO - 88 - trainer - [208/257] Loss: 4.5362
2024/11/27 13:47:49 - __main__ - INFO - 94 - trainer - start predicting: 2024-11-27 13:47:49.312427
2024/11/27 13:58:53 - __main__ - INFO - 72 - trainer - Epoch: 81
2024/11/27 13:58:54 - __main__ - INFO - 88 - trainer - [0/257] Loss: 4.6087
2024/11/27 13:59:20 - __main__ - INFO - 88 - trainer - [52/257] Loss: 4.8443
2024/11/27 13:59:48 - __main__ - INFO - 88 - trainer - [104/257] Loss: 4.5467
2024/11/27 14:00:15 - __main__ - INFO - 88 - trainer - [156/257] Loss: 4.3393
2024/11/27 14:00:44 - __main__ - INFO - 88 - trainer - [208/257] Loss: 4.5280
2024/11/27 14:01:10 - __main__ - INFO - 72 - trainer - Epoch: 82
2024/11/27 14:01:11 - __main__ - INFO - 88 - trainer - [0/257] Loss: 4.7835
2024/11/27 14:01:41 - __main__ - INFO - 88 - trainer - [52/257] Loss: 4.0339
2024/11/27 14:02:10 - __main__ - INFO - 88 - trainer - [104/257] Loss: 4.7152
2024/11/27 14:02:39 - __main__ - INFO - 88 - trainer - [156/257] Loss: 4.2049
2024/11/27 14:03:09 - __main__ - INFO - 88 - trainer - [208/257] Loss: 4.6608
2024/11/27 14:03:35 - __main__ - INFO - 72 - trainer - Epoch: 83
2024/11/27 14:03:36 - __main__ - INFO - 88 - trainer - [0/257] Loss: 4.3939
2024/11/27 14:04:06 - __main__ - INFO - 88 - trainer - [52/257] Loss: 4.7080
2024/11/27 14:04:37 - __main__ - INFO - 88 - trainer - [104/257] Loss: 4.8413
2024/11/27 14:05:06 - __main__ - INFO - 88 - trainer - [156/257] Loss: 4.3268
2024/11/27 14:05:35 - __main__ - INFO - 88 - trainer - [208/257] Loss: 4.4606
2024/11/27 14:06:00 - __main__ - INFO - 72 - trainer - Epoch: 84
2024/11/27 14:06:01 - __main__ - INFO - 88 - trainer - [0/257] Loss: 4.0774
2024/11/27 14:06:29 - __main__ - INFO - 88 - trainer - [52/257] Loss: 4.6962
2024/11/27 14:06:56 - __main__ - INFO - 88 - trainer - [104/257] Loss: 4.2390
2024/11/27 14:07:24 - __main__ - INFO - 88 - trainer - [156/257] Loss: 4.3434
2024/11/27 14:07:53 - __main__ - INFO - 88 - trainer - [208/257] Loss: 4.4324
2024/11/27 14:08:19 - __main__ - INFO - 72 - trainer - Epoch: 85
2024/11/27 14:08:20 - __main__ - INFO - 88 - trainer - [0/257] Loss: 4.0905
2024/11/27 14:08:47 - __main__ - INFO - 88 - trainer - [52/257] Loss: 4.4114
2024/11/27 14:09:15 - __main__ - INFO - 88 - trainer - [104/257] Loss: 4.5493
2024/11/27 14:09:43 - __main__ - INFO - 88 - trainer - [156/257] Loss: 4.5069
2024/11/27 14:10:11 - __main__ - INFO - 88 - trainer - [208/257] Loss: 4.6626
2024/11/27 14:10:36 - __main__ - INFO - 72 - trainer - Epoch: 86
2024/11/27 14:10:37 - __main__ - INFO - 88 - trainer - [0/257] Loss: 4.2943
2024/11/27 14:11:05 - __main__ - INFO - 88 - trainer - [52/257] Loss: 4.4125
2024/11/27 14:11:35 - __main__ - INFO - 88 - trainer - [104/257] Loss: 4.3317
2024/11/27 14:12:06 - __main__ - INFO - 88 - trainer - [156/257] Loss: 4.5717
2024/11/27 14:12:36 - __main__ - INFO - 88 - trainer - [208/257] Loss: 4.2191
2024/11/27 14:13:02 - __main__ - INFO - 72 - trainer - Epoch: 87
2024/11/27 14:13:03 - __main__ - INFO - 88 - trainer - [0/257] Loss: 4.5336
2024/11/27 14:13:32 - __main__ - INFO - 88 - trainer - [52/257] Loss: 4.2700
2024/11/27 14:14:02 - __main__ - INFO - 88 - trainer - [104/257] Loss: 4.1036
2024/11/27 14:14:31 - __main__ - INFO - 88 - trainer - [156/257] Loss: 4.4253
2024/11/27 14:15:01 - __main__ - INFO - 88 - trainer - [208/257] Loss: 4.4460
2024/11/27 14:15:29 - __main__ - INFO - 72 - trainer - Epoch: 88
2024/11/27 14:15:29 - __main__ - INFO - 88 - trainer - [0/257] Loss: 4.4491
2024/11/27 14:16:00 - __main__ - INFO - 88 - trainer - [52/257] Loss: 4.6195
2024/11/27 14:16:26 - __main__ - INFO - 88 - trainer - [104/257] Loss: 4.1105
2024/11/27 14:16:53 - __main__ - INFO - 88 - trainer - [156/257] Loss: 4.1996
2024/11/27 14:17:20 - __main__ - INFO - 88 - trainer - [208/257] Loss: 4.0724
2024/11/27 14:17:43 - __main__ - INFO - 72 - trainer - Epoch: 89
2024/11/27 14:17:44 - __main__ - INFO - 88 - trainer - [0/257] Loss: 4.3054
2024/11/27 14:18:11 - __main__ - INFO - 88 - trainer - [52/257] Loss: 4.2411
2024/11/27 14:18:37 - __main__ - INFO - 88 - trainer - [104/257] Loss: 4.5806
2024/11/27 14:19:05 - __main__ - INFO - 88 - trainer - [156/257] Loss: 4.3185
2024/11/27 14:19:31 - __main__ - INFO - 88 - trainer - [208/257] Loss: 4.5255
2024/11/27 14:19:55 - __main__ - INFO - 72 - trainer - Epoch: 90
2024/11/27 14:19:56 - __main__ - INFO - 88 - trainer - [0/257] Loss: 4.0478
2024/11/27 14:20:22 - __main__ - INFO - 88 - trainer - [52/257] Loss: 4.3918
2024/11/27 14:20:48 - __main__ - INFO - 88 - trainer - [104/257] Loss: 4.5510
2024/11/27 14:21:15 - __main__ - INFO - 88 - trainer - [156/257] Loss: 4.2232
2024/11/27 14:21:44 - __main__ - INFO - 88 - trainer - [208/257] Loss: 4.5244
2024/11/27 14:22:11 - __main__ - INFO - 72 - trainer - Epoch: 91
2024/11/27 14:22:12 - __main__ - INFO - 88 - trainer - [0/257] Loss: 4.1929
2024/11/27 14:22:41 - __main__ - INFO - 88 - trainer - [52/257] Loss: 4.3397
2024/11/27 14:23:10 - __main__ - INFO - 88 - trainer - [104/257] Loss: 4.6999
2024/11/27 14:23:40 - __main__ - INFO - 88 - trainer - [156/257] Loss: 4.2448
2024/11/27 14:24:09 - __main__ - INFO - 88 - trainer - [208/257] Loss: 4.6655
2024/11/27 14:24:37 - __main__ - INFO - 72 - trainer - Epoch: 92
2024/11/27 14:24:37 - __main__ - INFO - 88 - trainer - [0/257] Loss: 4.2065
2024/11/27 14:25:06 - __main__ - INFO - 88 - trainer - [52/257] Loss: 4.3194
2024/11/27 14:25:35 - __main__ - INFO - 88 - trainer - [104/257] Loss: 4.3450
2024/11/27 14:26:04 - __main__ - INFO - 88 - trainer - [156/257] Loss: 4.3381
2024/11/27 14:26:32 - __main__ - INFO - 88 - trainer - [208/257] Loss: 4.3418
2024/11/27 14:26:57 - __main__ - INFO - 72 - trainer - Epoch: 93
2024/11/27 14:26:57 - __main__ - INFO - 88 - trainer - [0/257] Loss: 4.1214
2024/11/27 14:27:23 - __main__ - INFO - 88 - trainer - [52/257] Loss: 4.2248
2024/11/27 14:27:49 - __main__ - INFO - 88 - trainer - [104/257] Loss: 4.3342
2024/11/27 14:28:14 - __main__ - INFO - 88 - trainer - [156/257] Loss: 4.0462
2024/11/27 14:28:41 - __main__ - INFO - 88 - trainer - [208/257] Loss: 4.2563
2024/11/27 14:29:06 - __main__ - INFO - 72 - trainer - Epoch: 94
2024/11/27 14:29:07 - __main__ - INFO - 88 - trainer - [0/257] Loss: 4.3787
2024/11/27 14:29:34 - __main__ - INFO - 88 - trainer - [52/257] Loss: 4.1359
2024/11/27 14:30:02 - __main__ - INFO - 88 - trainer - [104/257] Loss: 4.2176
2024/11/27 14:30:29 - __main__ - INFO - 88 - trainer - [156/257] Loss: 4.2883
2024/11/27 14:30:56 - __main__ - INFO - 88 - trainer - [208/257] Loss: 4.1927
2024/11/27 14:31:21 - __main__ - INFO - 72 - trainer - Epoch: 95
2024/11/27 14:31:21 - __main__ - INFO - 88 - trainer - [0/257] Loss: 4.3394
2024/11/27 14:31:49 - __main__ - INFO - 88 - trainer - [52/257] Loss: 4.2011
2024/11/27 14:32:18 - __main__ - INFO - 88 - trainer - [104/257] Loss: 4.4108
2024/11/27 14:32:46 - __main__ - INFO - 88 - trainer - [156/257] Loss: 4.0031
2024/11/27 14:33:15 - __main__ - INFO - 88 - trainer - [208/257] Loss: 4.2753
2024/11/27 14:33:42 - __main__ - INFO - 72 - trainer - Epoch: 96
2024/11/27 14:33:43 - __main__ - INFO - 88 - trainer - [0/257] Loss: 4.0277
2024/11/27 14:34:11 - __main__ - INFO - 88 - trainer - [52/257] Loss: 4.1302
2024/11/27 14:34:40 - __main__ - INFO - 88 - trainer - [104/257] Loss: 4.1700
2024/11/27 14:35:08 - __main__ - INFO - 88 - trainer - [156/257] Loss: 4.3553
2024/11/27 14:35:38 - __main__ - INFO - 88 - trainer - [208/257] Loss: 4.1131
2024/11/27 14:36:06 - __main__ - INFO - 72 - trainer - Epoch: 97
2024/11/27 14:36:07 - __main__ - INFO - 88 - trainer - [0/257] Loss: 4.3740
2024/11/27 14:36:35 - __main__ - INFO - 88 - trainer - [52/257] Loss: 4.1523
2024/11/27 14:37:02 - __main__ - INFO - 88 - trainer - [104/257] Loss: 4.2397
2024/11/27 14:37:30 - __main__ - INFO - 88 - trainer - [156/257] Loss: 4.2123
2024/11/27 14:37:56 - __main__ - INFO - 88 - trainer - [208/257] Loss: 4.5009
2024/11/27 14:38:21 - __main__ - INFO - 72 - trainer - Epoch: 98
2024/11/27 14:38:21 - __main__ - INFO - 88 - trainer - [0/257] Loss: 4.0356
2024/11/27 14:38:47 - __main__ - INFO - 88 - trainer - [52/257] Loss: 4.3233
2024/11/27 14:39:14 - __main__ - INFO - 88 - trainer - [104/257] Loss: 4.4251
2024/11/27 14:39:40 - __main__ - INFO - 88 - trainer - [156/257] Loss: 4.3099
2024/11/27 14:40:06 - __main__ - INFO - 88 - trainer - [208/257] Loss: 4.0344
2024/11/27 14:40:31 - __main__ - INFO - 72 - trainer - Epoch: 99
2024/11/27 14:40:31 - __main__ - INFO - 88 - trainer - [0/257] Loss: 4.4271
2024/11/27 14:40:57 - __main__ - INFO - 88 - trainer - [52/257] Loss: 4.3045
2024/11/27 14:41:22 - __main__ - INFO - 88 - trainer - [104/257] Loss: 4.3917
2024/11/27 14:41:51 - __main__ - INFO - 88 - trainer - [156/257] Loss: 3.9760
2024/11/27 14:42:21 - __main__ - INFO - 88 - trainer - [208/257] Loss: 4.1923
2024/11/27 14:42:48 - __main__ - INFO - 72 - trainer - Epoch: 100
2024/11/27 14:42:48 - __main__ - INFO - 88 - trainer - [0/257] Loss: 4.0633
2024/11/27 14:43:16 - __main__ - INFO - 88 - trainer - [52/257] Loss: 3.8394
2024/11/27 14:43:46 - __main__ - INFO - 88 - trainer - [104/257] Loss: 4.0168
2024/11/27 14:44:14 - __main__ - INFO - 88 - trainer - [156/257] Loss: 4.1553
2024/11/27 14:44:42 - __main__ - INFO - 88 - trainer - [208/257] Loss: 4.1630
2024/11/27 14:45:09 - __main__ - INFO - 94 - trainer - start predicting: 2024-11-27 14:45:09.910511
2024/11/27 14:56:30 - __main__ - INFO - 72 - trainer - Epoch: 101
2024/11/27 14:56:31 - __main__ - INFO - 88 - trainer - [0/257] Loss: 4.0113
2024/11/27 14:57:00 - __main__ - INFO - 88 - trainer - [52/257] Loss: 4.0809
2024/11/27 14:57:26 - __main__ - INFO - 88 - trainer - [104/257] Loss: 4.0609
2024/11/27 14:57:52 - __main__ - INFO - 88 - trainer - [156/257] Loss: 3.9109
2024/11/27 14:58:18 - __main__ - INFO - 88 - trainer - [208/257] Loss: 4.1579
2024/11/27 14:58:44 - __main__ - INFO - 72 - trainer - Epoch: 102
2024/11/27 14:58:45 - __main__ - INFO - 88 - trainer - [0/257] Loss: 3.7988
2024/11/27 14:59:12 - __main__ - INFO - 88 - trainer - [52/257] Loss: 4.1168
2024/11/27 14:59:38 - __main__ - INFO - 88 - trainer - [104/257] Loss: 3.9722
2024/11/27 15:00:05 - __main__ - INFO - 88 - trainer - [156/257] Loss: 4.0630
2024/11/27 15:00:31 - __main__ - INFO - 88 - trainer - [208/257] Loss: 4.1373
2024/11/27 15:00:56 - __main__ - INFO - 72 - trainer - Epoch: 103
2024/11/27 15:00:57 - __main__ - INFO - 88 - trainer - [0/257] Loss: 3.8713
2024/11/27 15:01:24 - __main__ - INFO - 88 - trainer - [52/257] Loss: 4.0805
2024/11/27 15:01:51 - __main__ - INFO - 88 - trainer - [104/257] Loss: 4.1329
2024/11/27 15:02:20 - __main__ - INFO - 88 - trainer - [156/257] Loss: 3.9128
2024/11/27 15:02:51 - __main__ - INFO - 88 - trainer - [208/257] Loss: 3.9938
2024/11/27 15:03:19 - __main__ - INFO - 72 - trainer - Epoch: 104
2024/11/27 15:03:20 - __main__ - INFO - 88 - trainer - [0/257] Loss: 4.1198
2024/11/27 15:03:49 - __main__ - INFO - 88 - trainer - [52/257] Loss: 3.9587
2024/11/27 15:04:20 - __main__ - INFO - 88 - trainer - [104/257] Loss: 3.8452
2024/11/27 15:04:49 - __main__ - INFO - 88 - trainer - [156/257] Loss: 4.0291
2024/11/27 15:05:17 - __main__ - INFO - 88 - trainer - [208/257] Loss: 4.1773
2024/11/27 15:05:42 - __main__ - INFO - 72 - trainer - Epoch: 105
2024/11/27 15:05:43 - __main__ - INFO - 88 - trainer - [0/257] Loss: 4.2047
2024/11/27 15:06:11 - __main__ - INFO - 88 - trainer - [52/257] Loss: 3.9991
2024/11/27 15:06:39 - __main__ - INFO - 88 - trainer - [104/257] Loss: 4.0981
2024/11/27 15:07:09 - __main__ - INFO - 88 - trainer - [156/257] Loss: 4.0595
2024/11/27 15:07:35 - __main__ - INFO - 88 - trainer - [208/257] Loss: 3.7539
2024/11/27 15:07:57 - __main__ - INFO - 72 - trainer - Epoch: 106
2024/11/27 15:07:58 - __main__ - INFO - 88 - trainer - [0/257] Loss: 3.8491
2024/11/27 15:08:24 - __main__ - INFO - 88 - trainer - [52/257] Loss: 4.1119
2024/11/27 15:08:50 - __main__ - INFO - 88 - trainer - [104/257] Loss: 4.0562
2024/11/27 15:09:14 - __main__ - INFO - 88 - trainer - [156/257] Loss: 4.0324
2024/11/27 15:09:37 - __main__ - INFO - 88 - trainer - [208/257] Loss: 4.2314
2024/11/27 15:10:00 - __main__ - INFO - 72 - trainer - Epoch: 107
2024/11/27 15:10:00 - __main__ - INFO - 88 - trainer - [0/257] Loss: 4.0738
2024/11/27 15:10:24 - __main__ - INFO - 88 - trainer - [52/257] Loss: 4.1003
2024/11/27 15:10:48 - __main__ - INFO - 88 - trainer - [104/257] Loss: 3.8669
2024/11/27 15:11:11 - __main__ - INFO - 88 - trainer - [156/257] Loss: 4.0975
2024/11/27 15:11:36 - __main__ - INFO - 88 - trainer - [208/257] Loss: 4.2199
2024/11/27 15:11:59 - __main__ - INFO - 72 - trainer - Epoch: 108
2024/11/27 15:12:00 - __main__ - INFO - 88 - trainer - [0/257] Loss: 3.9109
2024/11/27 15:12:26 - __main__ - INFO - 88 - trainer - [52/257] Loss: 4.1457
2024/11/27 15:12:53 - __main__ - INFO - 88 - trainer - [104/257] Loss: 4.0894
2024/11/27 15:13:19 - __main__ - INFO - 88 - trainer - [156/257] Loss: 3.9838
2024/11/27 15:13:47 - __main__ - INFO - 88 - trainer - [208/257] Loss: 4.2735
2024/11/27 15:14:11 - __main__ - INFO - 72 - trainer - Epoch: 109
2024/11/27 15:14:12 - __main__ - INFO - 88 - trainer - [0/257] Loss: 4.0331
2024/11/27 15:14:39 - __main__ - INFO - 88 - trainer - [52/257] Loss: 4.4208
2024/11/27 15:15:06 - __main__ - INFO - 88 - trainer - [104/257] Loss: 4.0707
2024/11/27 15:15:33 - __main__ - INFO - 88 - trainer - [156/257] Loss: 4.1095
2024/11/27 15:16:01 - __main__ - INFO - 88 - trainer - [208/257] Loss: 4.0848
2024/11/27 15:16:21 - __main__ - INFO - 72 - trainer - Epoch: 110
2024/11/27 15:16:22 - __main__ - INFO - 88 - trainer - [0/257] Loss: 3.9742
2024/11/27 15:16:43 - __main__ - INFO - 88 - trainer - [52/257] Loss: 3.9779
2024/11/27 15:17:03 - __main__ - INFO - 88 - trainer - [104/257] Loss: 3.9220
2024/11/27 15:17:28 - __main__ - INFO - 88 - trainer - [156/257] Loss: 4.0379
2024/11/27 15:17:50 - __main__ - INFO - 88 - trainer - [208/257] Loss: 3.8022
2024/11/27 15:18:12 - __main__ - INFO - 72 - trainer - Epoch: 111
2024/11/27 15:18:13 - __main__ - INFO - 88 - trainer - [0/257] Loss: 4.3402
2024/11/27 15:18:36 - __main__ - INFO - 88 - trainer - [52/257] Loss: 3.6988
2024/11/27 15:18:59 - __main__ - INFO - 88 - trainer - [104/257] Loss: 4.1756
2024/11/27 15:19:23 - __main__ - INFO - 88 - trainer - [156/257] Loss: 3.6871
2024/11/27 15:19:46 - __main__ - INFO - 88 - trainer - [208/257] Loss: 3.9974
2024/11/27 15:20:08 - __main__ - INFO - 72 - trainer - Epoch: 112
2024/11/27 15:20:08 - __main__ - INFO - 88 - trainer - [0/257] Loss: 3.9066
2024/11/27 15:20:32 - __main__ - INFO - 88 - trainer - [52/257] Loss: 3.8014
2024/11/27 15:20:56 - __main__ - INFO - 88 - trainer - [104/257] Loss: 4.0229
2024/11/27 15:21:19 - __main__ - INFO - 88 - trainer - [156/257] Loss: 3.7083
2024/11/27 15:21:41 - __main__ - INFO - 88 - trainer - [208/257] Loss: 4.0278
2024/11/27 15:22:03 - __main__ - INFO - 72 - trainer - Epoch: 113
2024/11/27 15:22:03 - __main__ - INFO - 88 - trainer - [0/257] Loss: 3.9268
2024/11/27 15:22:27 - __main__ - INFO - 88 - trainer - [52/257] Loss: 4.1269
2024/11/27 15:22:52 - __main__ - INFO - 88 - trainer - [104/257] Loss: 3.9194
2024/11/27 15:23:18 - __main__ - INFO - 88 - trainer - [156/257] Loss: 3.9100
2024/11/27 15:23:43 - __main__ - INFO - 88 - trainer - [208/257] Loss: 4.0347
2024/11/27 15:24:07 - __main__ - INFO - 72 - trainer - Epoch: 114
2024/11/27 15:24:07 - __main__ - INFO - 88 - trainer - [0/257] Loss: 4.0838
2024/11/27 15:24:33 - __main__ - INFO - 88 - trainer - [52/257] Loss: 4.0764
2024/11/27 15:24:58 - __main__ - INFO - 88 - trainer - [104/257] Loss: 4.0276
2024/11/27 15:25:24 - __main__ - INFO - 88 - trainer - [156/257] Loss: 4.1465
2024/11/27 15:25:50 - __main__ - INFO - 88 - trainer - [208/257] Loss: 3.9211
2024/11/27 15:26:14 - __main__ - INFO - 72 - trainer - Epoch: 115
2024/11/27 15:26:15 - __main__ - INFO - 88 - trainer - [0/257] Loss: 4.1583
2024/11/27 15:26:40 - __main__ - INFO - 88 - trainer - [52/257] Loss: 4.1059
2024/11/27 15:27:05 - __main__ - INFO - 88 - trainer - [104/257] Loss: 3.7929
2024/11/27 15:27:29 - __main__ - INFO - 88 - trainer - [156/257] Loss: 3.8881
2024/11/27 15:27:54 - __main__ - INFO - 88 - trainer - [208/257] Loss: 4.3210
2024/11/27 15:28:16 - __main__ - INFO - 72 - trainer - Epoch: 116
2024/11/27 15:28:16 - __main__ - INFO - 88 - trainer - [0/257] Loss: 4.0867
2024/11/27 15:28:40 - __main__ - INFO - 88 - trainer - [52/257] Loss: 4.0220
2024/11/27 15:29:03 - __main__ - INFO - 88 - trainer - [104/257] Loss: 3.7591
2024/11/27 15:29:27 - __main__ - INFO - 88 - trainer - [156/257] Loss: 3.9977
2024/11/27 15:29:50 - __main__ - INFO - 88 - trainer - [208/257] Loss: 4.1550
2024/11/27 15:30:13 - __main__ - INFO - 72 - trainer - Epoch: 117
2024/11/27 15:30:13 - __main__ - INFO - 88 - trainer - [0/257] Loss: 4.0515
2024/11/27 15:30:38 - __main__ - INFO - 88 - trainer - [52/257] Loss: 4.0252
2024/11/27 15:31:01 - __main__ - INFO - 88 - trainer - [104/257] Loss: 3.9113
2024/11/27 15:31:23 - __main__ - INFO - 88 - trainer - [156/257] Loss: 4.1207
2024/11/27 15:31:47 - __main__ - INFO - 88 - trainer - [208/257] Loss: 3.9081
2024/11/27 15:32:08 - __main__ - INFO - 72 - trainer - Epoch: 118
2024/11/27 15:32:08 - __main__ - INFO - 88 - trainer - [0/257] Loss: 3.6121
2024/11/27 15:32:33 - __main__ - INFO - 88 - trainer - [52/257] Loss: 4.0243
2024/11/27 15:32:59 - __main__ - INFO - 88 - trainer - [104/257] Loss: 3.8370
2024/11/27 15:33:24 - __main__ - INFO - 88 - trainer - [156/257] Loss: 3.7963
2024/11/27 15:33:50 - __main__ - INFO - 88 - trainer - [208/257] Loss: 3.8576
2024/11/27 15:34:13 - __main__ - INFO - 72 - trainer - Epoch: 119
2024/11/27 15:34:14 - __main__ - INFO - 88 - trainer - [0/257] Loss: 3.7833
2024/11/27 15:34:39 - __main__ - INFO - 88 - trainer - [52/257] Loss: 3.9266
2024/11/27 15:35:04 - __main__ - INFO - 88 - trainer - [104/257] Loss: 4.1651
2024/11/27 15:35:29 - __main__ - INFO - 88 - trainer - [156/257] Loss: 3.8920
2024/11/27 15:35:55 - __main__ - INFO - 88 - trainer - [208/257] Loss: 3.7630
2024/11/27 15:36:17 - __main__ - INFO - 72 - trainer - Epoch: 120
2024/11/27 15:36:18 - __main__ - INFO - 88 - trainer - [0/257] Loss: 4.0969
2024/11/27 15:36:41 - __main__ - INFO - 88 - trainer - [52/257] Loss: 3.8607
2024/11/27 15:37:04 - __main__ - INFO - 88 - trainer - [104/257] Loss: 3.9203
2024/11/27 15:37:27 - __main__ - INFO - 88 - trainer - [156/257] Loss: 4.0767
2024/11/27 15:37:51 - __main__ - INFO - 88 - trainer - [208/257] Loss: 4.0174
2024/11/27 15:38:12 - __main__ - INFO - 94 - trainer - start predicting: 2024-11-27 15:38:12.736833
2024/11/27 15:47:55 - __main__ - INFO - 128 - trainer - {'Best_HR@5': 0.0533, 'Best_NDCG@5': 0.0301, 'Best_HR@10': 0.1154, 'Best_NDCG@10': 0.0505, 'Best_HR@20': 0.2329, 'Best_NDCG@20': 0.0798}
2024/11/27 15:47:55 - __main__ - INFO - 129 - trainer - {'Best_epoch_HR@5': 20, 'Best_epoch_NDCG@5': 20, 'Best_epoch_HR@10': 20, 'Best_epoch_NDCG@10': 20, 'Best_epoch_HR@20': 20, 'Best_epoch_NDCG@20': 20}
2024/11/27 15:57:29 - __main__ - INFO - 156 - trainer - Test------------------------------------------------------
2024/11/27 15:57:29 - __main__ - INFO - 158 - trainer - {'HR@5': 0.0488, 'NDCG@5': 0.029, 'HR@10': 0.0843, 'NDCG@10': 0.0403, 'HR@20': 0.2063, 'NDCG@20': 0.0703}
2024/11/27 15:57:29 - __main__ - INFO - 160 - trainer - Best Eval---------------------------------------------------------
2024/11/27 15:57:29 - __main__ - INFO - 163 - trainer - {'Best_HR@5': 0.0533, 'Best_NDCG@5': 0.0301, 'Best_HR@10': 0.1154, 'Best_NDCG@10': 0.0505, 'Best_HR@20': 0.2329, 'Best_NDCG@20': 0.0798}
2024/11/27 15:57:29 - __main__ - INFO - 164 - trainer - {'Best_epoch_HR@5': 20, 'Best_epoch_NDCG@5': 20, 'Best_epoch_HR@10': 20, 'Best_epoch_NDCG@10': 20, 'Best_epoch_HR@20': 20, 'Best_epoch_NDCG@20': 20}
