2024/12/03 15:59:40 - __main__ - INFO - 65 - main - Namespace(batch_size=512, dataset='toys', decay_step=100, description='Diffu_norm_score', device='cuda', diffusion_steps=32, diversity_measure=False, dropout=0.1, emb_dropout=0.3, epoch_time_avg=False, epochs=500, eval_interval=20, gamma=0.1, hidden_act='gelu', hidden_size=128, lambda_uncertainty=0.001, log_file='log/', long_head=False, loss_lambda=0.001, lr=0.001, max_len=50, metric_ks=[5, 10, 20], momentum=None, noise_schedule='trunc_lin', num_blocks=4, num_gpu=1, optimizer='Adam', patience=5, random_seed=1997, rescale_timesteps=True, schedule_sampler_name='lossaware', weight_decay=0)
2024/12/03 15:59:50 - __main__ - INFO - 72 - trainer - Epoch: 0
2024/12/03 15:59:50 - __main__ - INFO - 88 - trainer - [0/214] Loss: 40.6512
2024/12/03 16:00:07 - __main__ - INFO - 88 - trainer - [43/214] Loss: 38.3724
2024/12/03 16:00:24 - __main__ - INFO - 88 - trainer - [86/214] Loss: 35.9650
2024/12/03 16:00:41 - __main__ - INFO - 88 - trainer - [129/214] Loss: 33.6292
2024/12/03 16:00:58 - __main__ - INFO - 88 - trainer - [172/214] Loss: 31.9330
2024/12/03 16:01:14 - __main__ - INFO - 72 - trainer - Epoch: 1
2024/12/03 16:01:15 - __main__ - INFO - 88 - trainer - [0/214] Loss: 29.4710
2024/12/03 16:01:33 - __main__ - INFO - 88 - trainer - [43/214] Loss: 27.8525
2024/12/03 16:01:49 - __main__ - INFO - 88 - trainer - [86/214] Loss: 26.6947
2024/12/03 16:02:06 - __main__ - INFO - 88 - trainer - [129/214] Loss: 24.8274
2024/12/03 16:02:23 - __main__ - INFO - 88 - trainer - [172/214] Loss: 21.7423
2024/12/03 16:02:39 - __main__ - INFO - 72 - trainer - Epoch: 2
2024/12/03 16:02:39 - __main__ - INFO - 88 - trainer - [0/214] Loss: 18.5091
2024/12/03 16:02:56 - __main__ - INFO - 88 - trainer - [43/214] Loss: 14.3536
2024/12/03 16:03:13 - __main__ - INFO - 88 - trainer - [86/214] Loss: 12.2585
2024/12/03 16:03:31 - __main__ - INFO - 88 - trainer - [129/214] Loss: 11.1881
2024/12/03 16:03:48 - __main__ - INFO - 88 - trainer - [172/214] Loss: 10.2798
2024/12/03 16:04:04 - __main__ - INFO - 72 - trainer - Epoch: 3
2024/12/03 16:04:05 - __main__ - INFO - 88 - trainer - [0/214] Loss: 10.0618
2024/12/03 16:04:21 - __main__ - INFO - 88 - trainer - [43/214] Loss: 10.0957
2024/12/03 16:04:38 - __main__ - INFO - 88 - trainer - [86/214] Loss: 9.9982
2024/12/03 16:04:54 - __main__ - INFO - 88 - trainer - [129/214] Loss: 9.8098
2024/12/03 16:05:11 - __main__ - INFO - 88 - trainer - [172/214] Loss: 9.7530
2024/12/03 16:05:27 - __main__ - INFO - 72 - trainer - Epoch: 4
2024/12/03 16:05:27 - __main__ - INFO - 88 - trainer - [0/214] Loss: 9.7191
2024/12/03 16:05:44 - __main__ - INFO - 88 - trainer - [43/214] Loss: 9.6884
2024/12/03 16:06:02 - __main__ - INFO - 88 - trainer - [86/214] Loss: 9.6916
2024/12/03 16:06:18 - __main__ - INFO - 88 - trainer - [129/214] Loss: 9.8894
2024/12/03 16:06:34 - __main__ - INFO - 88 - trainer - [172/214] Loss: 9.6453
2024/12/03 16:06:50 - __main__ - INFO - 72 - trainer - Epoch: 5
2024/12/03 16:06:50 - __main__ - INFO - 88 - trainer - [0/214] Loss: 9.5212
2024/12/03 16:07:07 - __main__ - INFO - 88 - trainer - [43/214] Loss: 9.5908
2024/12/03 16:07:24 - __main__ - INFO - 88 - trainer - [86/214] Loss: 9.5423
2024/12/03 16:07:40 - __main__ - INFO - 88 - trainer - [129/214] Loss: 9.5774
2024/12/03 16:07:56 - __main__ - INFO - 88 - trainer - [172/214] Loss: 9.6063
2024/12/03 16:08:12 - __main__ - INFO - 72 - trainer - Epoch: 6
2024/12/03 16:08:12 - __main__ - INFO - 88 - trainer - [0/214] Loss: 9.4627
2024/12/03 16:08:29 - __main__ - INFO - 88 - trainer - [43/214] Loss: 9.4421
2024/12/03 16:08:47 - __main__ - INFO - 88 - trainer - [86/214] Loss: 9.3490
2024/12/03 16:09:04 - __main__ - INFO - 88 - trainer - [129/214] Loss: 9.3873
2024/12/03 16:09:20 - __main__ - INFO - 88 - trainer - [172/214] Loss: 9.3225
2024/12/03 16:09:36 - __main__ - INFO - 72 - trainer - Epoch: 7
2024/12/03 16:09:36 - __main__ - INFO - 88 - trainer - [0/214] Loss: 9.3475
2024/12/03 16:09:52 - __main__ - INFO - 88 - trainer - [43/214] Loss: 9.4813
2024/12/03 16:10:08 - __main__ - INFO - 88 - trainer - [86/214] Loss: 9.3538
2024/12/03 16:10:25 - __main__ - INFO - 88 - trainer - [129/214] Loss: 9.3557
2024/12/03 16:10:42 - __main__ - INFO - 88 - trainer - [172/214] Loss: 9.3604
2024/12/03 16:10:58 - __main__ - INFO - 72 - trainer - Epoch: 8
2024/12/03 16:10:58 - __main__ - INFO - 88 - trainer - [0/214] Loss: 9.3345
2024/12/03 16:11:14 - __main__ - INFO - 88 - trainer - [43/214] Loss: 9.3455
2024/12/03 16:11:31 - __main__ - INFO - 88 - trainer - [86/214] Loss: 9.2983
2024/12/03 16:11:47 - __main__ - INFO - 88 - trainer - [129/214] Loss: 9.3329
2024/12/03 16:12:04 - __main__ - INFO - 88 - trainer - [172/214] Loss: 9.2197
2024/12/03 16:12:19 - __main__ - INFO - 72 - trainer - Epoch: 9
2024/12/03 16:12:19 - __main__ - INFO - 88 - trainer - [0/214] Loss: 9.2900
2024/12/03 16:12:36 - __main__ - INFO - 88 - trainer - [43/214] Loss: 9.2204
2024/12/03 16:12:52 - __main__ - INFO - 88 - trainer - [86/214] Loss: 9.2867
2024/12/03 16:13:08 - __main__ - INFO - 88 - trainer - [129/214] Loss: 9.2094
2024/12/03 16:13:25 - __main__ - INFO - 88 - trainer - [172/214] Loss: 9.2222
2024/12/03 16:13:41 - __main__ - INFO - 72 - trainer - Epoch: 10
2024/12/03 16:13:41 - __main__ - INFO - 88 - trainer - [0/214] Loss: 9.1798
2024/12/03 16:13:57 - __main__ - INFO - 88 - trainer - [43/214] Loss: 9.1818
2024/12/03 16:14:13 - __main__ - INFO - 88 - trainer - [86/214] Loss: 9.1944
2024/12/03 16:14:30 - __main__ - INFO - 88 - trainer - [129/214] Loss: 9.2381
2024/12/03 16:14:47 - __main__ - INFO - 88 - trainer - [172/214] Loss: 9.2108
2024/12/03 16:15:02 - __main__ - INFO - 72 - trainer - Epoch: 11
2024/12/03 16:15:02 - __main__ - INFO - 88 - trainer - [0/214] Loss: 9.0957
2024/12/03 16:15:19 - __main__ - INFO - 88 - trainer - [43/214] Loss: 9.1937
2024/12/03 16:15:35 - __main__ - INFO - 88 - trainer - [86/214] Loss: 9.1406
2024/12/03 16:15:52 - __main__ - INFO - 88 - trainer - [129/214] Loss: 9.1195
2024/12/03 16:16:08 - __main__ - INFO - 88 - trainer - [172/214] Loss: 9.0873
2024/12/03 16:16:23 - __main__ - INFO - 72 - trainer - Epoch: 12
2024/12/03 16:16:24 - __main__ - INFO - 88 - trainer - [0/214] Loss: 9.0651
2024/12/03 16:16:41 - __main__ - INFO - 88 - trainer - [43/214] Loss: 9.1556
2024/12/03 16:16:58 - __main__ - INFO - 88 - trainer - [86/214] Loss: 9.0547
2024/12/03 16:17:14 - __main__ - INFO - 88 - trainer - [129/214] Loss: 9.0871
2024/12/03 16:17:31 - __main__ - INFO - 88 - trainer - [172/214] Loss: 9.0101
2024/12/03 16:17:47 - __main__ - INFO - 72 - trainer - Epoch: 13
2024/12/03 16:17:48 - __main__ - INFO - 88 - trainer - [0/214] Loss: 9.0544
2024/12/03 16:18:03 - __main__ - INFO - 88 - trainer - [43/214] Loss: 8.9826
2024/12/03 16:18:19 - __main__ - INFO - 88 - trainer - [86/214] Loss: 9.0438
2024/12/03 16:18:35 - __main__ - INFO - 88 - trainer - [129/214] Loss: 9.0681
2024/12/03 16:18:51 - __main__ - INFO - 88 - trainer - [172/214] Loss: 9.1358
2024/12/03 16:19:07 - __main__ - INFO - 72 - trainer - Epoch: 14
2024/12/03 16:19:08 - __main__ - INFO - 88 - trainer - [0/214] Loss: 9.0034
2024/12/03 16:19:24 - __main__ - INFO - 88 - trainer - [43/214] Loss: 9.0410
2024/12/03 16:19:41 - __main__ - INFO - 88 - trainer - [86/214] Loss: 9.1104
2024/12/03 16:19:56 - __main__ - INFO - 88 - trainer - [129/214] Loss: 9.0439
2024/12/03 16:20:11 - __main__ - INFO - 88 - trainer - [172/214] Loss: 9.0148
2024/12/03 16:20:28 - __main__ - INFO - 72 - trainer - Epoch: 15
2024/12/03 16:20:28 - __main__ - INFO - 88 - trainer - [0/214] Loss: 9.0138
2024/12/03 16:20:44 - __main__ - INFO - 88 - trainer - [43/214] Loss: 9.0155
2024/12/03 16:21:01 - __main__ - INFO - 88 - trainer - [86/214] Loss: 8.9289
2024/12/03 16:21:17 - __main__ - INFO - 88 - trainer - [129/214] Loss: 9.0938
2024/12/03 16:21:32 - __main__ - INFO - 88 - trainer - [172/214] Loss: 8.9986
2024/12/03 16:21:48 - __main__ - INFO - 72 - trainer - Epoch: 16
2024/12/03 16:21:49 - __main__ - INFO - 88 - trainer - [0/214] Loss: 8.9487
2024/12/03 16:22:05 - __main__ - INFO - 88 - trainer - [43/214] Loss: 8.9265
2024/12/03 16:22:21 - __main__ - INFO - 88 - trainer - [86/214] Loss: 8.9032
2024/12/03 16:22:38 - __main__ - INFO - 88 - trainer - [129/214] Loss: 8.9636
2024/12/03 16:22:55 - __main__ - INFO - 88 - trainer - [172/214] Loss: 8.9459
2024/12/03 16:23:10 - __main__ - INFO - 72 - trainer - Epoch: 17
2024/12/03 16:23:11 - __main__ - INFO - 88 - trainer - [0/214] Loss: 8.9330
2024/12/03 16:23:28 - __main__ - INFO - 88 - trainer - [43/214] Loss: 9.0026
2024/12/03 16:23:44 - __main__ - INFO - 88 - trainer - [86/214] Loss: 9.1388
2024/12/03 16:24:00 - __main__ - INFO - 88 - trainer - [129/214] Loss: 8.9776
2024/12/03 16:24:15 - __main__ - INFO - 88 - trainer - [172/214] Loss: 9.0917
2024/12/03 16:24:32 - __main__ - INFO - 72 - trainer - Epoch: 18
2024/12/03 16:24:32 - __main__ - INFO - 88 - trainer - [0/214] Loss: 8.9935
2024/12/03 16:24:48 - __main__ - INFO - 88 - trainer - [43/214] Loss: 9.0201
2024/12/03 16:25:04 - __main__ - INFO - 88 - trainer - [86/214] Loss: 8.9604
2024/12/03 16:25:21 - __main__ - INFO - 88 - trainer - [129/214] Loss: 8.9586
2024/12/03 16:25:37 - __main__ - INFO - 88 - trainer - [172/214] Loss: 8.9494
2024/12/03 16:25:53 - __main__ - INFO - 72 - trainer - Epoch: 19
2024/12/03 16:25:53 - __main__ - INFO - 88 - trainer - [0/214] Loss: 8.9454
2024/12/03 16:26:10 - __main__ - INFO - 88 - trainer - [43/214] Loss: 8.9435
2024/12/03 16:26:26 - __main__ - INFO - 88 - trainer - [86/214] Loss: 8.9661
2024/12/03 16:26:43 - __main__ - INFO - 88 - trainer - [129/214] Loss: 8.9990
2024/12/03 16:27:00 - __main__ - INFO - 88 - trainer - [172/214] Loss: 8.8783
2024/12/03 16:27:15 - __main__ - INFO - 72 - trainer - Epoch: 20
2024/12/03 16:27:16 - __main__ - INFO - 88 - trainer - [0/214] Loss: 8.9834
2024/12/03 16:27:32 - __main__ - INFO - 88 - trainer - [43/214] Loss: 8.9536
2024/12/03 16:27:48 - __main__ - INFO - 88 - trainer - [86/214] Loss: 8.8894
2024/12/03 16:28:05 - __main__ - INFO - 88 - trainer - [129/214] Loss: 8.9624
2024/12/03 16:28:22 - __main__ - INFO - 88 - trainer - [172/214] Loss: 8.9707
2024/12/03 16:28:38 - __main__ - INFO - 94 - trainer - start predicting: 2024-12-03 16:28:38.764649
2024/12/03 16:35:06 - __main__ - INFO - 121 - trainer - {'Best_HR@5': 0.8434, 'Best_NDCG@5': 0.5337, 'Best_HR@10': 1.2083, 'Best_NDCG@10': 0.6524, 'Best_HR@20': 1.8919, 'Best_NDCG@20': 0.8245}
2024/12/03 16:35:06 - __main__ - INFO - 122 - trainer - {'Best_epoch_HR@5': 20, 'Best_epoch_NDCG@5': 20, 'Best_epoch_HR@10': 20, 'Best_epoch_NDCG@10': 20, 'Best_epoch_HR@20': 20, 'Best_epoch_NDCG@20': 20}
2024/12/03 16:35:06 - __main__ - INFO - 72 - trainer - Epoch: 21
2024/12/03 16:35:07 - __main__ - INFO - 88 - trainer - [0/214] Loss: 8.9904
2024/12/03 16:35:22 - __main__ - INFO - 88 - trainer - [43/214] Loss: 8.9403
2024/12/03 16:35:39 - __main__ - INFO - 88 - trainer - [86/214] Loss: 8.9169
2024/12/03 16:35:55 - __main__ - INFO - 88 - trainer - [129/214] Loss: 8.9484
2024/12/03 16:36:11 - __main__ - INFO - 88 - trainer - [172/214] Loss: 8.9086
2024/12/03 16:36:27 - __main__ - INFO - 72 - trainer - Epoch: 22
2024/12/03 16:36:28 - __main__ - INFO - 88 - trainer - [0/214] Loss: 8.9845
2024/12/03 16:36:44 - __main__ - INFO - 88 - trainer - [43/214] Loss: 9.0889
2024/12/03 16:37:00 - __main__ - INFO - 88 - trainer - [86/214] Loss: 9.0164
2024/12/03 16:37:17 - __main__ - INFO - 88 - trainer - [129/214] Loss: 9.0152
2024/12/03 16:37:32 - __main__ - INFO - 88 - trainer - [172/214] Loss: 9.0198
2024/12/03 16:37:48 - __main__ - INFO - 72 - trainer - Epoch: 23
2024/12/03 16:37:48 - __main__ - INFO - 88 - trainer - [0/214] Loss: 8.9196
2024/12/03 16:38:04 - __main__ - INFO - 88 - trainer - [43/214] Loss: 8.9797
2024/12/03 16:38:20 - __main__ - INFO - 88 - trainer - [86/214] Loss: 9.0158
2024/12/03 16:38:36 - __main__ - INFO - 88 - trainer - [129/214] Loss: 9.3698
2024/12/03 16:38:52 - __main__ - INFO - 88 - trainer - [172/214] Loss: 9.0656
2024/12/03 16:39:07 - __main__ - INFO - 72 - trainer - Epoch: 24
2024/12/03 16:39:08 - __main__ - INFO - 88 - trainer - [0/214] Loss: 9.0333
2024/12/03 16:39:24 - __main__ - INFO - 88 - trainer - [43/214] Loss: 9.0304
2024/12/03 16:39:40 - __main__ - INFO - 88 - trainer - [86/214] Loss: 8.9698
2024/12/03 16:39:57 - __main__ - INFO - 88 - trainer - [129/214] Loss: 8.9705
2024/12/03 16:40:14 - __main__ - INFO - 88 - trainer - [172/214] Loss: 9.0672
2024/12/03 16:40:29 - __main__ - INFO - 72 - trainer - Epoch: 25
2024/12/03 16:40:30 - __main__ - INFO - 88 - trainer - [0/214] Loss: 8.9952
2024/12/03 16:40:46 - __main__ - INFO - 88 - trainer - [43/214] Loss: 9.0411
2024/12/03 16:41:02 - __main__ - INFO - 88 - trainer - [86/214] Loss: 9.0346
2024/12/03 16:41:18 - __main__ - INFO - 88 - trainer - [129/214] Loss: 9.0805
2024/12/03 16:41:34 - __main__ - INFO - 88 - trainer - [172/214] Loss: 9.0560
2024/12/03 16:41:50 - __main__ - INFO - 72 - trainer - Epoch: 26
2024/12/03 16:41:51 - __main__ - INFO - 88 - trainer - [0/214] Loss: 8.9827
2024/12/03 16:42:07 - __main__ - INFO - 88 - trainer - [43/214] Loss: 9.0142
2024/12/03 16:42:24 - __main__ - INFO - 88 - trainer - [86/214] Loss: 9.0177
2024/12/03 16:42:41 - __main__ - INFO - 88 - trainer - [129/214] Loss: 8.9974
2024/12/03 16:42:57 - __main__ - INFO - 88 - trainer - [172/214] Loss: 9.0120
2024/12/03 16:43:12 - __main__ - INFO - 72 - trainer - Epoch: 27
2024/12/03 16:43:13 - __main__ - INFO - 88 - trainer - [0/214] Loss: 8.9810
2024/12/03 16:43:29 - __main__ - INFO - 88 - trainer - [43/214] Loss: 8.9912
2024/12/03 16:43:46 - __main__ - INFO - 88 - trainer - [86/214] Loss: 9.0177
2024/12/03 16:44:02 - __main__ - INFO - 88 - trainer - [129/214] Loss: 8.9428
2024/12/03 16:44:18 - __main__ - INFO - 88 - trainer - [172/214] Loss: 9.0297
2024/12/03 16:44:33 - __main__ - INFO - 72 - trainer - Epoch: 28
2024/12/03 16:44:34 - __main__ - INFO - 88 - trainer - [0/214] Loss: 8.9491
2024/12/03 16:44:49 - __main__ - INFO - 88 - trainer - [43/214] Loss: 8.9211
2024/12/03 16:45:06 - __main__ - INFO - 88 - trainer - [86/214] Loss: 8.9971
2024/12/03 16:45:22 - __main__ - INFO - 88 - trainer - [129/214] Loss: 9.0086
2024/12/03 16:45:38 - __main__ - INFO - 88 - trainer - [172/214] Loss: 9.0315
2024/12/03 16:45:54 - __main__ - INFO - 72 - trainer - Epoch: 29
2024/12/03 16:45:55 - __main__ - INFO - 88 - trainer - [0/214] Loss: 8.9642
2024/12/03 16:46:11 - __main__ - INFO - 88 - trainer - [43/214] Loss: 8.9358
2024/12/03 16:46:27 - __main__ - INFO - 88 - trainer - [86/214] Loss: 8.9112
2024/12/03 16:46:43 - __main__ - INFO - 88 - trainer - [129/214] Loss: 8.9638
2024/12/03 16:46:59 - __main__ - INFO - 88 - trainer - [172/214] Loss: 9.0200
2024/12/03 16:47:14 - __main__ - INFO - 72 - trainer - Epoch: 30
2024/12/03 16:47:15 - __main__ - INFO - 88 - trainer - [0/214] Loss: 8.9180
2024/12/03 16:47:31 - __main__ - INFO - 88 - trainer - [43/214] Loss: 8.9985
2024/12/03 16:47:47 - __main__ - INFO - 88 - trainer - [86/214] Loss: 8.9942
2024/12/03 16:48:04 - __main__ - INFO - 88 - trainer - [129/214] Loss: 9.0002
2024/12/03 16:48:20 - __main__ - INFO - 88 - trainer - [172/214] Loss: 8.9511
2024/12/03 16:48:36 - __main__ - INFO - 72 - trainer - Epoch: 31
2024/12/03 16:48:37 - __main__ - INFO - 88 - trainer - [0/214] Loss: 8.9207
2024/12/03 16:48:52 - __main__ - INFO - 88 - trainer - [43/214] Loss: 8.9749
2024/12/03 16:49:08 - __main__ - INFO - 88 - trainer - [86/214] Loss: 8.9135
2024/12/03 16:49:25 - __main__ - INFO - 88 - trainer - [129/214] Loss: 8.9492
2024/12/03 16:49:41 - __main__ - INFO - 88 - trainer - [172/214] Loss: 8.9690
2024/12/03 16:49:57 - __main__ - INFO - 72 - trainer - Epoch: 32
2024/12/03 16:49:58 - __main__ - INFO - 88 - trainer - [0/214] Loss: 8.8996
2024/12/03 16:50:14 - __main__ - INFO - 88 - trainer - [43/214] Loss: 8.9614
2024/12/03 16:50:31 - __main__ - INFO - 88 - trainer - [86/214] Loss: 8.9248
2024/12/03 16:50:47 - __main__ - INFO - 88 - trainer - [129/214] Loss: 8.9246
2024/12/03 16:51:04 - __main__ - INFO - 88 - trainer - [172/214] Loss: 8.9071
2024/12/03 16:51:19 - __main__ - INFO - 72 - trainer - Epoch: 33
2024/12/03 16:51:19 - __main__ - INFO - 88 - trainer - [0/214] Loss: 8.9579
2024/12/03 16:51:36 - __main__ - INFO - 88 - trainer - [43/214] Loss: 8.9729
2024/12/03 16:51:52 - __main__ - INFO - 88 - trainer - [86/214] Loss: 9.0080
2024/12/03 16:52:09 - __main__ - INFO - 88 - trainer - [129/214] Loss: 8.9565
2024/12/03 16:52:26 - __main__ - INFO - 88 - trainer - [172/214] Loss: 8.9765
2024/12/03 16:52:41 - __main__ - INFO - 72 - trainer - Epoch: 34
2024/12/03 16:52:42 - __main__ - INFO - 88 - trainer - [0/214] Loss: 8.9554
2024/12/03 16:52:58 - __main__ - INFO - 88 - trainer - [43/214] Loss: 8.9627
2024/12/03 16:53:14 - __main__ - INFO - 88 - trainer - [86/214] Loss: 8.9900
2024/12/03 16:53:30 - __main__ - INFO - 88 - trainer - [129/214] Loss: 9.0021
2024/12/03 16:53:47 - __main__ - INFO - 88 - trainer - [172/214] Loss: 8.9391
2024/12/03 16:54:02 - __main__ - INFO - 72 - trainer - Epoch: 35
2024/12/03 16:54:02 - __main__ - INFO - 88 - trainer - [0/214] Loss: 8.9783
2024/12/03 16:54:19 - __main__ - INFO - 88 - trainer - [43/214] Loss: 8.9399
2024/12/03 16:54:35 - __main__ - INFO - 88 - trainer - [86/214] Loss: 9.0133
2024/12/03 16:54:51 - __main__ - INFO - 88 - trainer - [129/214] Loss: 8.9846
2024/12/03 16:55:09 - __main__ - INFO - 88 - trainer - [172/214] Loss: 8.9549
2024/12/03 16:55:25 - __main__ - INFO - 72 - trainer - Epoch: 36
2024/12/03 16:55:26 - __main__ - INFO - 88 - trainer - [0/214] Loss: 8.9318
2024/12/03 16:55:42 - __main__ - INFO - 88 - trainer - [43/214] Loss: 9.0132
2024/12/03 16:55:59 - __main__ - INFO - 88 - trainer - [86/214] Loss: 8.9252
2024/12/03 16:56:15 - __main__ - INFO - 88 - trainer - [129/214] Loss: 8.9865
2024/12/03 16:56:32 - __main__ - INFO - 88 - trainer - [172/214] Loss: 8.8975
2024/12/03 16:56:47 - __main__ - INFO - 72 - trainer - Epoch: 37
2024/12/03 16:56:47 - __main__ - INFO - 88 - trainer - [0/214] Loss: 9.0302
2024/12/03 16:57:03 - __main__ - INFO - 88 - trainer - [43/214] Loss: 8.8987
2024/12/03 16:57:19 - __main__ - INFO - 88 - trainer - [86/214] Loss: 8.9390
2024/12/03 16:57:36 - __main__ - INFO - 88 - trainer - [129/214] Loss: 8.9690
2024/12/03 16:57:52 - __main__ - INFO - 88 - trainer - [172/214] Loss: 9.0235
2024/12/03 16:58:07 - __main__ - INFO - 72 - trainer - Epoch: 38
2024/12/03 16:58:08 - __main__ - INFO - 88 - trainer - [0/214] Loss: 8.9894
2024/12/03 16:58:24 - __main__ - INFO - 88 - trainer - [43/214] Loss: 8.9254
2024/12/03 16:58:41 - __main__ - INFO - 88 - trainer - [86/214] Loss: 8.9656
2024/12/03 16:58:57 - __main__ - INFO - 88 - trainer - [129/214] Loss: 8.9811
2024/12/03 16:59:14 - __main__ - INFO - 88 - trainer - [172/214] Loss: 9.0087
2024/12/03 16:59:29 - __main__ - INFO - 72 - trainer - Epoch: 39
2024/12/03 16:59:29 - __main__ - INFO - 88 - trainer - [0/214] Loss: 8.9465
2024/12/03 16:59:46 - __main__ - INFO - 88 - trainer - [43/214] Loss: 8.9541
2024/12/03 17:00:02 - __main__ - INFO - 88 - trainer - [86/214] Loss: 8.9311
2024/12/03 17:00:19 - __main__ - INFO - 88 - trainer - [129/214] Loss: 8.9922
2024/12/03 17:00:35 - __main__ - INFO - 88 - trainer - [172/214] Loss: 8.9709
2024/12/03 17:00:52 - __main__ - INFO - 72 - trainer - Epoch: 40
2024/12/03 17:00:52 - __main__ - INFO - 88 - trainer - [0/214] Loss: 8.9412
2024/12/03 17:01:09 - __main__ - INFO - 88 - trainer - [43/214] Loss: 8.9288
2024/12/03 17:01:25 - __main__ - INFO - 88 - trainer - [86/214] Loss: 8.9263
2024/12/03 17:01:41 - __main__ - INFO - 88 - trainer - [129/214] Loss: 9.0493
2024/12/03 17:01:57 - __main__ - INFO - 88 - trainer - [172/214] Loss: 8.8959
2024/12/03 17:02:12 - __main__ - INFO - 94 - trainer - start predicting: 2024-12-03 17:02:12.584117
2024/12/03 17:08:45 - __main__ - INFO - 121 - trainer - {'Best_HR@5': 0.8537, 'Best_NDCG@5': 0.5337, 'Best_HR@10': 1.2135, 'Best_NDCG@10': 0.6524, 'Best_HR@20': 1.8919, 'Best_NDCG@20': 0.8245}
2024/12/03 17:08:45 - __main__ - INFO - 122 - trainer - {'Best_epoch_HR@5': 40, 'Best_epoch_NDCG@5': 20, 'Best_epoch_HR@10': 40, 'Best_epoch_NDCG@10': 20, 'Best_epoch_HR@20': 20, 'Best_epoch_NDCG@20': 20}
2024/12/03 17:08:45 - __main__ - INFO - 72 - trainer - Epoch: 41
2024/12/03 17:08:46 - __main__ - INFO - 88 - trainer - [0/214] Loss: 8.9217
2024/12/03 17:09:02 - __main__ - INFO - 88 - trainer - [43/214] Loss: 8.9144
2024/12/03 17:09:19 - __main__ - INFO - 88 - trainer - [86/214] Loss: 8.9753
2024/12/03 17:09:35 - __main__ - INFO - 88 - trainer - [129/214] Loss: 9.0162
2024/12/03 17:09:51 - __main__ - INFO - 88 - trainer - [172/214] Loss: 8.9236
2024/12/03 17:10:07 - __main__ - INFO - 72 - trainer - Epoch: 42
2024/12/03 17:10:07 - __main__ - INFO - 88 - trainer - [0/214] Loss: 8.9547
2024/12/03 17:10:24 - __main__ - INFO - 88 - trainer - [43/214] Loss: 8.9724
2024/12/03 17:10:40 - __main__ - INFO - 88 - trainer - [86/214] Loss: 8.9508
2024/12/03 17:10:56 - __main__ - INFO - 88 - trainer - [129/214] Loss: 8.9749
2024/12/03 17:11:13 - __main__ - INFO - 88 - trainer - [172/214] Loss: 8.9562
2024/12/03 17:11:29 - __main__ - INFO - 72 - trainer - Epoch: 43
2024/12/03 17:11:29 - __main__ - INFO - 88 - trainer - [0/214] Loss: 8.8984
2024/12/03 17:11:46 - __main__ - INFO - 88 - trainer - [43/214] Loss: 8.9249
2024/12/03 17:12:03 - __main__ - INFO - 88 - trainer - [86/214] Loss: 8.8599
2024/12/03 17:12:19 - __main__ - INFO - 88 - trainer - [129/214] Loss: 9.0709
2024/12/03 17:12:36 - __main__ - INFO - 88 - trainer - [172/214] Loss: 8.9502
2024/12/03 17:12:51 - __main__ - INFO - 72 - trainer - Epoch: 44
2024/12/03 17:12:51 - __main__ - INFO - 88 - trainer - [0/214] Loss: 8.9703
2024/12/03 17:13:09 - __main__ - INFO - 88 - trainer - [43/214] Loss: 8.8989
2024/12/03 17:13:25 - __main__ - INFO - 88 - trainer - [86/214] Loss: 8.9464
2024/12/03 17:13:41 - __main__ - INFO - 88 - trainer - [129/214] Loss: 8.8827
2024/12/03 17:13:57 - __main__ - INFO - 88 - trainer - [172/214] Loss: 8.9464
2024/12/03 17:14:13 - __main__ - INFO - 72 - trainer - Epoch: 45
2024/12/03 17:14:13 - __main__ - INFO - 88 - trainer - [0/214] Loss: 8.9592
2024/12/03 17:14:29 - __main__ - INFO - 88 - trainer - [43/214] Loss: 8.9285
2024/12/03 17:14:46 - __main__ - INFO - 88 - trainer - [86/214] Loss: 8.9346
2024/12/03 17:15:02 - __main__ - INFO - 88 - trainer - [129/214] Loss: 8.9930
2024/12/03 17:15:18 - __main__ - INFO - 88 - trainer - [172/214] Loss: 9.0042
2024/12/03 17:15:34 - __main__ - INFO - 72 - trainer - Epoch: 46
2024/12/03 17:15:34 - __main__ - INFO - 88 - trainer - [0/214] Loss: 8.9975
2024/12/03 17:15:51 - __main__ - INFO - 88 - trainer - [43/214] Loss: 8.9872
2024/12/03 17:16:07 - __main__ - INFO - 88 - trainer - [86/214] Loss: 8.9871
2024/12/03 17:16:24 - __main__ - INFO - 88 - trainer - [129/214] Loss: 8.9247
2024/12/03 17:16:39 - __main__ - INFO - 88 - trainer - [172/214] Loss: 8.9453
2024/12/03 17:16:55 - __main__ - INFO - 72 - trainer - Epoch: 47
2024/12/03 17:16:56 - __main__ - INFO - 88 - trainer - [0/214] Loss: 8.9211
2024/12/03 17:17:13 - __main__ - INFO - 88 - trainer - [43/214] Loss: 8.9815
2024/12/03 17:17:30 - __main__ - INFO - 88 - trainer - [86/214] Loss: 8.9238
2024/12/03 17:17:48 - __main__ - INFO - 88 - trainer - [129/214] Loss: 8.9698
2024/12/03 17:18:04 - __main__ - INFO - 88 - trainer - [172/214] Loss: 8.9374
2024/12/03 17:18:20 - __main__ - INFO - 72 - trainer - Epoch: 48
2024/12/03 17:18:21 - __main__ - INFO - 88 - trainer - [0/214] Loss: 8.9758
2024/12/03 17:18:37 - __main__ - INFO - 88 - trainer - [43/214] Loss: 8.9088
2024/12/03 17:18:53 - __main__ - INFO - 88 - trainer - [86/214] Loss: 8.9248
2024/12/03 17:19:11 - __main__ - INFO - 88 - trainer - [129/214] Loss: 8.9648
2024/12/03 17:19:27 - __main__ - INFO - 88 - trainer - [172/214] Loss: 8.9777
2024/12/03 17:19:43 - __main__ - INFO - 72 - trainer - Epoch: 49
2024/12/03 17:19:44 - __main__ - INFO - 88 - trainer - [0/214] Loss: 8.9726
2024/12/03 17:20:00 - __main__ - INFO - 88 - trainer - [43/214] Loss: 8.9122
2024/12/03 17:20:15 - __main__ - INFO - 88 - trainer - [86/214] Loss: 8.9653
2024/12/03 17:20:31 - __main__ - INFO - 88 - trainer - [129/214] Loss: 8.9591
2024/12/03 17:20:48 - __main__ - INFO - 88 - trainer - [172/214] Loss: 9.0292
2024/12/03 17:21:04 - __main__ - INFO - 72 - trainer - Epoch: 50
2024/12/03 17:21:04 - __main__ - INFO - 88 - trainer - [0/214] Loss: 8.9386
2024/12/03 17:21:20 - __main__ - INFO - 88 - trainer - [43/214] Loss: 8.9859
2024/12/03 17:21:37 - __main__ - INFO - 88 - trainer - [86/214] Loss: 8.9008
2024/12/03 17:21:54 - __main__ - INFO - 88 - trainer - [129/214] Loss: 8.9777
2024/12/03 17:22:09 - __main__ - INFO - 88 - trainer - [172/214] Loss: 9.0031
2024/12/03 17:22:24 - __main__ - INFO - 72 - trainer - Epoch: 51
2024/12/03 17:22:25 - __main__ - INFO - 88 - trainer - [0/214] Loss: 8.9452
2024/12/03 17:22:41 - __main__ - INFO - 88 - trainer - [43/214] Loss: 8.9808
2024/12/03 17:22:58 - __main__ - INFO - 88 - trainer - [86/214] Loss: 8.9889
2024/12/03 17:23:15 - __main__ - INFO - 88 - trainer - [129/214] Loss: 8.9862
2024/12/03 17:23:30 - __main__ - INFO - 88 - trainer - [172/214] Loss: 8.9855
2024/12/03 17:23:46 - __main__ - INFO - 72 - trainer - Epoch: 52
2024/12/03 17:23:46 - __main__ - INFO - 88 - trainer - [0/214] Loss: 9.0074
2024/12/03 17:24:03 - __main__ - INFO - 88 - trainer - [43/214] Loss: 8.9335
2024/12/03 17:24:20 - __main__ - INFO - 88 - trainer - [86/214] Loss: 8.9730
2024/12/03 17:24:36 - __main__ - INFO - 88 - trainer - [129/214] Loss: 8.9803
2024/12/03 17:24:53 - __main__ - INFO - 88 - trainer - [172/214] Loss: 9.0298
2024/12/03 17:25:08 - __main__ - INFO - 72 - trainer - Epoch: 53
2024/12/03 17:25:09 - __main__ - INFO - 88 - trainer - [0/214] Loss: 8.9166
2024/12/03 17:25:25 - __main__ - INFO - 88 - trainer - [43/214] Loss: 8.8762
2024/12/03 17:25:42 - __main__ - INFO - 88 - trainer - [86/214] Loss: 8.8580
2024/12/03 17:25:58 - __main__ - INFO - 88 - trainer - [129/214] Loss: 8.9791
2024/12/03 17:26:14 - __main__ - INFO - 88 - trainer - [172/214] Loss: 8.9939
2024/12/03 17:26:30 - __main__ - INFO - 72 - trainer - Epoch: 54
2024/12/03 17:26:31 - __main__ - INFO - 88 - trainer - [0/214] Loss: 8.8442
2024/12/03 17:26:49 - __main__ - INFO - 88 - trainer - [43/214] Loss: 8.9763
2024/12/03 17:27:05 - __main__ - INFO - 88 - trainer - [86/214] Loss: 8.9570
2024/12/03 17:27:22 - __main__ - INFO - 88 - trainer - [129/214] Loss: 8.9592
2024/12/03 17:27:38 - __main__ - INFO - 88 - trainer - [172/214] Loss: 8.9765
2024/12/03 17:27:55 - __main__ - INFO - 72 - trainer - Epoch: 55
2024/12/03 17:27:55 - __main__ - INFO - 88 - trainer - [0/214] Loss: 8.9337
2024/12/03 17:28:12 - __main__ - INFO - 88 - trainer - [43/214] Loss: 8.9740
2024/12/03 17:28:28 - __main__ - INFO - 88 - trainer - [86/214] Loss: 8.9806
2024/12/03 17:28:45 - __main__ - INFO - 88 - trainer - [129/214] Loss: 8.9204
2024/12/03 17:29:01 - __main__ - INFO - 88 - trainer - [172/214] Loss: 8.9774
2024/12/03 17:29:17 - __main__ - INFO - 72 - trainer - Epoch: 56
2024/12/03 17:29:17 - __main__ - INFO - 88 - trainer - [0/214] Loss: 9.0049
2024/12/03 17:29:33 - __main__ - INFO - 88 - trainer - [43/214] Loss: 8.9315
2024/12/03 17:29:49 - __main__ - INFO - 88 - trainer - [86/214] Loss: 8.9981
2024/12/03 17:30:06 - __main__ - INFO - 88 - trainer - [129/214] Loss: 8.9306
2024/12/03 17:30:22 - __main__ - INFO - 88 - trainer - [172/214] Loss: 8.8866
2024/12/03 17:30:37 - __main__ - INFO - 72 - trainer - Epoch: 57
2024/12/03 17:30:37 - __main__ - INFO - 88 - trainer - [0/214] Loss: 8.9702
2024/12/03 17:30:54 - __main__ - INFO - 88 - trainer - [43/214] Loss: 8.9413
2024/12/03 17:31:11 - __main__ - INFO - 88 - trainer - [86/214] Loss: 8.9946
2024/12/03 17:31:27 - __main__ - INFO - 88 - trainer - [129/214] Loss: 8.9909
2024/12/03 17:31:43 - __main__ - INFO - 88 - trainer - [172/214] Loss: 8.9836
2024/12/03 17:31:58 - __main__ - INFO - 72 - trainer - Epoch: 58
2024/12/03 17:31:58 - __main__ - INFO - 88 - trainer - [0/214] Loss: 8.9134
2024/12/03 17:32:14 - __main__ - INFO - 88 - trainer - [43/214] Loss: 8.9360
2024/12/03 17:32:30 - __main__ - INFO - 88 - trainer - [86/214] Loss: 8.9913
2024/12/03 17:32:46 - __main__ - INFO - 88 - trainer - [129/214] Loss: 9.0099
2024/12/03 17:33:01 - __main__ - INFO - 88 - trainer - [172/214] Loss: 9.0277
2024/12/03 17:33:18 - __main__ - INFO - 72 - trainer - Epoch: 59
2024/12/03 17:33:18 - __main__ - INFO - 88 - trainer - [0/214] Loss: 8.9974
2024/12/03 17:33:35 - __main__ - INFO - 88 - trainer - [43/214] Loss: 8.9863
2024/12/03 17:33:51 - __main__ - INFO - 88 - trainer - [86/214] Loss: 8.9145
2024/12/03 17:34:07 - __main__ - INFO - 88 - trainer - [129/214] Loss: 8.9586
2024/12/03 17:34:23 - __main__ - INFO - 88 - trainer - [172/214] Loss: 9.0318
2024/12/03 17:34:39 - __main__ - INFO - 72 - trainer - Epoch: 60
2024/12/03 17:34:40 - __main__ - INFO - 88 - trainer - [0/214] Loss: 8.8983
2024/12/03 17:34:55 - __main__ - INFO - 88 - trainer - [43/214] Loss: 8.9891
2024/12/03 17:35:12 - __main__ - INFO - 88 - trainer - [86/214] Loss: 8.9786
2024/12/03 17:35:28 - __main__ - INFO - 88 - trainer - [129/214] Loss: 9.0250
2024/12/03 17:35:45 - __main__ - INFO - 88 - trainer - [172/214] Loss: 8.9297
2024/12/03 17:35:59 - __main__ - INFO - 94 - trainer - start predicting: 2024-12-03 17:35:59.928676
2024/12/03 17:42:20 - __main__ - INFO - 121 - trainer - {'Best_HR@5': 0.8537, 'Best_NDCG@5': 0.5377, 'Best_HR@10': 1.2546, 'Best_NDCG@10': 0.6812, 'Best_HR@20': 2.005, 'Best_NDCG@20': 0.8669}
2024/12/03 17:42:20 - __main__ - INFO - 122 - trainer - {'Best_epoch_HR@5': 40, 'Best_epoch_NDCG@5': 60, 'Best_epoch_HR@10': 60, 'Best_epoch_NDCG@10': 60, 'Best_epoch_HR@20': 60, 'Best_epoch_NDCG@20': 60}
2024/12/03 17:42:20 - __main__ - INFO - 72 - trainer - Epoch: 61
2024/12/03 17:42:21 - __main__ - INFO - 88 - trainer - [0/214] Loss: 8.9056
2024/12/03 17:42:37 - __main__ - INFO - 88 - trainer - [43/214] Loss: 8.8713
2024/12/03 17:42:53 - __main__ - INFO - 88 - trainer - [86/214] Loss: 8.9454
2024/12/03 17:43:10 - __main__ - INFO - 88 - trainer - [129/214] Loss: 8.9533
2024/12/03 17:43:26 - __main__ - INFO - 88 - trainer - [172/214] Loss: 8.9741
2024/12/03 17:43:42 - __main__ - INFO - 72 - trainer - Epoch: 62
2024/12/03 17:43:43 - __main__ - INFO - 88 - trainer - [0/214] Loss: 8.9583
2024/12/03 17:43:59 - __main__ - INFO - 88 - trainer - [43/214] Loss: 8.8776
2024/12/03 17:44:17 - __main__ - INFO - 88 - trainer - [86/214] Loss: 9.0373
2024/12/03 17:44:34 - __main__ - INFO - 88 - trainer - [129/214] Loss: 9.0104
2024/12/03 17:44:51 - __main__ - INFO - 88 - trainer - [172/214] Loss: 8.9439
2024/12/03 17:45:06 - __main__ - INFO - 72 - trainer - Epoch: 63
2024/12/03 17:45:07 - __main__ - INFO - 88 - trainer - [0/214] Loss: 8.9678
2024/12/03 17:45:23 - __main__ - INFO - 88 - trainer - [43/214] Loss: 8.9176
2024/12/03 17:45:40 - __main__ - INFO - 88 - trainer - [86/214] Loss: 8.9494
2024/12/03 17:45:56 - __main__ - INFO - 88 - trainer - [129/214] Loss: 9.0351
2024/12/03 17:46:13 - __main__ - INFO - 88 - trainer - [172/214] Loss: 8.9457
2024/12/03 17:46:29 - __main__ - INFO - 72 - trainer - Epoch: 64
2024/12/03 17:46:29 - __main__ - INFO - 88 - trainer - [0/214] Loss: 8.9022
2024/12/03 17:46:46 - __main__ - INFO - 88 - trainer - [43/214] Loss: 9.0509
2024/12/03 17:47:03 - __main__ - INFO - 88 - trainer - [86/214] Loss: 8.9855
2024/12/03 17:47:21 - __main__ - INFO - 88 - trainer - [129/214] Loss: 8.9720
2024/12/03 17:47:38 - __main__ - INFO - 88 - trainer - [172/214] Loss: 8.9632
2024/12/03 17:47:53 - __main__ - INFO - 72 - trainer - Epoch: 65
2024/12/03 17:47:54 - __main__ - INFO - 88 - trainer - [0/214] Loss: 8.9584
2024/12/03 17:48:11 - __main__ - INFO - 88 - trainer - [43/214] Loss: 8.9277
2024/12/03 17:48:28 - __main__ - INFO - 88 - trainer - [86/214] Loss: 8.9210
2024/12/03 17:48:46 - __main__ - INFO - 88 - trainer - [129/214] Loss: 8.9152
2024/12/03 17:49:02 - __main__ - INFO - 88 - trainer - [172/214] Loss: 8.9291
2024/12/03 17:49:19 - __main__ - INFO - 72 - trainer - Epoch: 66
2024/12/03 17:49:20 - __main__ - INFO - 88 - trainer - [0/214] Loss: 8.9188
2024/12/03 17:49:35 - __main__ - INFO - 88 - trainer - [43/214] Loss: 9.0031
2024/12/03 17:49:53 - __main__ - INFO - 88 - trainer - [86/214] Loss: 9.0254
2024/12/03 17:50:09 - __main__ - INFO - 88 - trainer - [129/214] Loss: 8.9233
2024/12/03 17:50:27 - __main__ - INFO - 88 - trainer - [172/214] Loss: 8.9467
2024/12/03 17:50:44 - __main__ - INFO - 72 - trainer - Epoch: 67
2024/12/03 17:50:44 - __main__ - INFO - 88 - trainer - [0/214] Loss: 8.9647
2024/12/03 17:51:02 - __main__ - INFO - 88 - trainer - [43/214] Loss: 8.9650
2024/12/03 17:51:18 - __main__ - INFO - 88 - trainer - [86/214] Loss: 8.9965
2024/12/03 17:51:35 - __main__ - INFO - 88 - trainer - [129/214] Loss: 8.8770
2024/12/03 17:51:52 - __main__ - INFO - 88 - trainer - [172/214] Loss: 8.9899
2024/12/03 17:52:08 - __main__ - INFO - 72 - trainer - Epoch: 68
2024/12/03 17:52:08 - __main__ - INFO - 88 - trainer - [0/214] Loss: 8.9760
2024/12/03 17:52:24 - __main__ - INFO - 88 - trainer - [43/214] Loss: 8.9587
2024/12/03 17:52:42 - __main__ - INFO - 88 - trainer - [86/214] Loss: 8.9593
2024/12/03 17:52:59 - __main__ - INFO - 88 - trainer - [129/214] Loss: 8.9388
2024/12/03 17:53:16 - __main__ - INFO - 88 - trainer - [172/214] Loss: 8.9396
2024/12/03 17:53:31 - __main__ - INFO - 72 - trainer - Epoch: 69
2024/12/03 17:53:31 - __main__ - INFO - 88 - trainer - [0/214] Loss: 9.0014
2024/12/03 17:53:48 - __main__ - INFO - 88 - trainer - [43/214] Loss: 8.9817
2024/12/03 17:54:04 - __main__ - INFO - 88 - trainer - [86/214] Loss: 8.9983
2024/12/03 17:54:21 - __main__ - INFO - 88 - trainer - [129/214] Loss: 8.9872
2024/12/03 17:54:38 - __main__ - INFO - 88 - trainer - [172/214] Loss: 8.9173
2024/12/03 17:54:53 - __main__ - INFO - 72 - trainer - Epoch: 70
2024/12/03 17:54:54 - __main__ - INFO - 88 - trainer - [0/214] Loss: 8.9375
2024/12/03 17:55:10 - __main__ - INFO - 88 - trainer - [43/214] Loss: 8.9757
2024/12/03 17:55:28 - __main__ - INFO - 88 - trainer - [86/214] Loss: 8.9283
2024/12/03 17:55:45 - __main__ - INFO - 88 - trainer - [129/214] Loss: 8.9486
2024/12/03 17:56:02 - __main__ - INFO - 88 - trainer - [172/214] Loss: 8.9762
2024/12/03 17:56:19 - __main__ - INFO - 72 - trainer - Epoch: 71
2024/12/03 17:56:19 - __main__ - INFO - 88 - trainer - [0/214] Loss: 8.9450
2024/12/03 17:56:36 - __main__ - INFO - 88 - trainer - [43/214] Loss: 8.9115
2024/12/03 17:56:53 - __main__ - INFO - 88 - trainer - [86/214] Loss: 8.9593
2024/12/03 17:57:09 - __main__ - INFO - 88 - trainer - [129/214] Loss: 8.9610
2024/12/03 17:57:26 - __main__ - INFO - 88 - trainer - [172/214] Loss: 9.0295
2024/12/03 17:57:42 - __main__ - INFO - 72 - trainer - Epoch: 72
2024/12/03 17:57:42 - __main__ - INFO - 88 - trainer - [0/214] Loss: 8.9432
2024/12/03 17:58:00 - __main__ - INFO - 88 - trainer - [43/214] Loss: 8.9270
2024/12/03 17:58:17 - __main__ - INFO - 88 - trainer - [86/214] Loss: 8.9209
2024/12/03 17:58:34 - __main__ - INFO - 88 - trainer - [129/214] Loss: 9.0310
2024/12/03 17:58:50 - __main__ - INFO - 88 - trainer - [172/214] Loss: 8.9569
2024/12/03 17:59:07 - __main__ - INFO - 72 - trainer - Epoch: 73
2024/12/03 17:59:07 - __main__ - INFO - 88 - trainer - [0/214] Loss: 8.9387
2024/12/03 17:59:24 - __main__ - INFO - 88 - trainer - [43/214] Loss: 8.9275
2024/12/03 17:59:41 - __main__ - INFO - 88 - trainer - [86/214] Loss: 9.0222
2024/12/03 17:59:58 - __main__ - INFO - 88 - trainer - [129/214] Loss: 8.9394
2024/12/03 18:00:14 - __main__ - INFO - 88 - trainer - [172/214] Loss: 8.9598
2024/12/03 18:00:31 - __main__ - INFO - 72 - trainer - Epoch: 74
2024/12/03 18:00:31 - __main__ - INFO - 88 - trainer - [0/214] Loss: 8.9683
2024/12/03 18:00:47 - __main__ - INFO - 88 - trainer - [43/214] Loss: 8.9369
2024/12/03 18:01:04 - __main__ - INFO - 88 - trainer - [86/214] Loss: 8.9854
2024/12/03 18:01:20 - __main__ - INFO - 88 - trainer - [129/214] Loss: 9.0132
2024/12/03 18:01:35 - __main__ - INFO - 88 - trainer - [172/214] Loss: 8.9546
2024/12/03 18:01:50 - __main__ - INFO - 72 - trainer - Epoch: 75
2024/12/03 18:01:51 - __main__ - INFO - 88 - trainer - [0/214] Loss: 8.9973
2024/12/03 18:02:08 - __main__ - INFO - 88 - trainer - [43/214] Loss: 9.0021
2024/12/03 18:02:23 - __main__ - INFO - 88 - trainer - [86/214] Loss: 8.9487
2024/12/03 18:02:40 - __main__ - INFO - 88 - trainer - [129/214] Loss: 8.9687
2024/12/03 18:02:56 - __main__ - INFO - 88 - trainer - [172/214] Loss: 9.0048
2024/12/03 18:03:11 - __main__ - INFO - 72 - trainer - Epoch: 76
2024/12/03 18:03:11 - __main__ - INFO - 88 - trainer - [0/214] Loss: 8.9568
2024/12/03 18:03:28 - __main__ - INFO - 88 - trainer - [43/214] Loss: 8.9710
2024/12/03 18:03:45 - __main__ - INFO - 88 - trainer - [86/214] Loss: 8.9433
2024/12/03 18:04:01 - __main__ - INFO - 88 - trainer - [129/214] Loss: 9.0084
2024/12/03 18:04:17 - __main__ - INFO - 88 - trainer - [172/214] Loss: 8.9397
2024/12/03 18:04:31 - __main__ - INFO - 72 - trainer - Epoch: 77
2024/12/03 18:04:31 - __main__ - INFO - 88 - trainer - [0/214] Loss: 8.9219
2024/12/03 18:04:46 - __main__ - INFO - 88 - trainer - [43/214] Loss: 8.9072
2024/12/03 18:05:01 - __main__ - INFO - 88 - trainer - [86/214] Loss: 8.9125
2024/12/03 18:05:17 - __main__ - INFO - 88 - trainer - [129/214] Loss: 8.9316
2024/12/03 18:05:32 - __main__ - INFO - 88 - trainer - [172/214] Loss: 8.9705
2024/12/03 18:05:47 - __main__ - INFO - 72 - trainer - Epoch: 78
2024/12/03 18:05:48 - __main__ - INFO - 88 - trainer - [0/214] Loss: 8.9338
2024/12/03 18:06:03 - __main__ - INFO - 88 - trainer - [43/214] Loss: 8.9777
2024/12/03 18:06:19 - __main__ - INFO - 88 - trainer - [86/214] Loss: 8.9023
2024/12/03 18:06:34 - __main__ - INFO - 88 - trainer - [129/214] Loss: 8.9177
2024/12/03 18:06:50 - __main__ - INFO - 88 - trainer - [172/214] Loss: 8.9600
2024/12/03 18:07:05 - __main__ - INFO - 72 - trainer - Epoch: 79
2024/12/03 18:07:05 - __main__ - INFO - 88 - trainer - [0/214] Loss: 8.9611
2024/12/03 18:07:21 - __main__ - INFO - 88 - trainer - [43/214] Loss: 8.9324
2024/12/03 18:07:36 - __main__ - INFO - 88 - trainer - [86/214] Loss: 8.9176
2024/12/03 18:07:51 - __main__ - INFO - 88 - trainer - [129/214] Loss: 8.9394
2024/12/03 18:08:07 - __main__ - INFO - 88 - trainer - [172/214] Loss: 8.9763
2024/12/03 18:08:21 - __main__ - INFO - 72 - trainer - Epoch: 80
2024/12/03 18:08:21 - __main__ - INFO - 88 - trainer - [0/214] Loss: 8.9738
2024/12/03 18:08:37 - __main__ - INFO - 88 - trainer - [43/214] Loss: 8.8539
2024/12/03 18:08:53 - __main__ - INFO - 88 - trainer - [86/214] Loss: 8.8752
2024/12/03 18:09:08 - __main__ - INFO - 88 - trainer - [129/214] Loss: 8.8042
2024/12/03 18:09:22 - __main__ - INFO - 88 - trainer - [172/214] Loss: 8.6475
2024/12/03 18:09:37 - __main__ - INFO - 94 - trainer - start predicting: 2024-12-03 18:09:37.249937
2024/12/03 18:15:11 - __main__ - INFO - 72 - trainer - Epoch: 81
2024/12/03 18:15:12 - __main__ - INFO - 88 - trainer - [0/214] Loss: 8.7029
2024/12/03 18:15:26 - __main__ - INFO - 88 - trainer - [43/214] Loss: 8.6239
2024/12/03 18:15:41 - __main__ - INFO - 88 - trainer - [86/214] Loss: 8.4114
2024/12/03 18:15:56 - __main__ - INFO - 88 - trainer - [129/214] Loss: 8.4310
2024/12/03 18:16:11 - __main__ - INFO - 88 - trainer - [172/214] Loss: 8.6066
2024/12/03 18:16:25 - __main__ - INFO - 72 - trainer - Epoch: 82
2024/12/03 18:16:25 - __main__ - INFO - 88 - trainer - [0/214] Loss: 8.3714
2024/12/03 18:16:39 - __main__ - INFO - 88 - trainer - [43/214] Loss: 8.2033
2024/12/03 18:16:55 - __main__ - INFO - 88 - trainer - [86/214] Loss: 8.2362
2024/12/03 18:17:09 - __main__ - INFO - 88 - trainer - [129/214] Loss: 8.2118
2024/12/03 18:17:24 - __main__ - INFO - 88 - trainer - [172/214] Loss: 8.2507
2024/12/03 18:17:37 - __main__ - INFO - 72 - trainer - Epoch: 83
2024/12/03 18:17:37 - __main__ - INFO - 88 - trainer - [0/214] Loss: 8.1632
2024/12/03 18:17:52 - __main__ - INFO - 88 - trainer - [43/214] Loss: 8.0477
2024/12/03 18:18:06 - __main__ - INFO - 88 - trainer - [86/214] Loss: 8.3313
2024/12/03 18:18:21 - __main__ - INFO - 88 - trainer - [129/214] Loss: 8.0390
2024/12/03 18:18:35 - __main__ - INFO - 88 - trainer - [172/214] Loss: 8.0402
2024/12/03 18:18:49 - __main__ - INFO - 72 - trainer - Epoch: 84
2024/12/03 18:18:49 - __main__ - INFO - 88 - trainer - [0/214] Loss: 7.9990
2024/12/03 18:19:03 - __main__ - INFO - 88 - trainer - [43/214] Loss: 7.9043
2024/12/03 18:19:16 - __main__ - INFO - 88 - trainer - [86/214] Loss: 8.1980
2024/12/03 18:19:30 - __main__ - INFO - 88 - trainer - [129/214] Loss: 8.1063
2024/12/03 18:19:44 - __main__ - INFO - 88 - trainer - [172/214] Loss: 7.9390
2024/12/03 18:19:58 - __main__ - INFO - 72 - trainer - Epoch: 85
2024/12/03 18:19:58 - __main__ - INFO - 88 - trainer - [0/214] Loss: 8.1144
2024/12/03 18:20:12 - __main__ - INFO - 88 - trainer - [43/214] Loss: 7.8307
2024/12/03 18:20:26 - __main__ - INFO - 88 - trainer - [86/214] Loss: 8.0896
2024/12/03 18:20:41 - __main__ - INFO - 88 - trainer - [129/214] Loss: 8.2706
2024/12/03 18:20:55 - __main__ - INFO - 88 - trainer - [172/214] Loss: 7.9885
2024/12/03 18:21:09 - __main__ - INFO - 72 - trainer - Epoch: 86
2024/12/03 18:21:09 - __main__ - INFO - 88 - trainer - [0/214] Loss: 8.0017
2024/12/03 18:21:24 - __main__ - INFO - 88 - trainer - [43/214] Loss: 7.9831
2024/12/03 18:21:39 - __main__ - INFO - 88 - trainer - [86/214] Loss: 7.9299
2024/12/03 18:21:53 - __main__ - INFO - 88 - trainer - [129/214] Loss: 8.0170
2024/12/03 18:22:08 - __main__ - INFO - 88 - trainer - [172/214] Loss: 8.2252
2024/12/03 18:22:21 - __main__ - INFO - 72 - trainer - Epoch: 87
2024/12/03 18:22:22 - __main__ - INFO - 88 - trainer - [0/214] Loss: 7.8841
2024/12/03 18:22:36 - __main__ - INFO - 88 - trainer - [43/214] Loss: 7.8581
2024/12/03 18:22:50 - __main__ - INFO - 88 - trainer - [86/214] Loss: 7.8644
2024/12/03 18:23:04 - __main__ - INFO - 88 - trainer - [129/214] Loss: 7.8677
2024/12/03 18:23:19 - __main__ - INFO - 88 - trainer - [172/214] Loss: 7.7839
2024/12/03 18:23:32 - __main__ - INFO - 72 - trainer - Epoch: 88
2024/12/03 18:23:33 - __main__ - INFO - 88 - trainer - [0/214] Loss: 7.9656
2024/12/03 18:23:46 - __main__ - INFO - 88 - trainer - [43/214] Loss: 7.9065
2024/12/03 18:24:01 - __main__ - INFO - 88 - trainer - [86/214] Loss: 7.7862
2024/12/03 18:24:15 - __main__ - INFO - 88 - trainer - [129/214] Loss: 7.9925
2024/12/03 18:24:29 - __main__ - INFO - 88 - trainer - [172/214] Loss: 7.8610
2024/12/03 18:24:43 - __main__ - INFO - 72 - trainer - Epoch: 89
2024/12/03 18:24:43 - __main__ - INFO - 88 - trainer - [0/214] Loss: 8.1644
2024/12/03 18:24:57 - __main__ - INFO - 88 - trainer - [43/214] Loss: 7.9567
2024/12/03 18:25:11 - __main__ - INFO - 88 - trainer - [86/214] Loss: 8.0386
2024/12/03 18:25:25 - __main__ - INFO - 88 - trainer - [129/214] Loss: 7.9824
2024/12/03 18:25:39 - __main__ - INFO - 88 - trainer - [172/214] Loss: 7.8439
2024/12/03 18:25:53 - __main__ - INFO - 72 - trainer - Epoch: 90
2024/12/03 18:25:53 - __main__ - INFO - 88 - trainer - [0/214] Loss: 8.0907
2024/12/03 18:26:08 - __main__ - INFO - 88 - trainer - [43/214] Loss: 7.7176
2024/12/03 18:26:24 - __main__ - INFO - 88 - trainer - [86/214] Loss: 8.0054
2024/12/03 18:26:38 - __main__ - INFO - 88 - trainer - [129/214] Loss: 7.9425
2024/12/03 18:26:52 - __main__ - INFO - 88 - trainer - [172/214] Loss: 7.8626
2024/12/03 18:27:05 - __main__ - INFO - 72 - trainer - Epoch: 91
2024/12/03 18:27:05 - __main__ - INFO - 88 - trainer - [0/214] Loss: 7.8749
2024/12/03 18:27:20 - __main__ - INFO - 88 - trainer - [43/214] Loss: 7.6599
2024/12/03 18:27:34 - __main__ - INFO - 88 - trainer - [86/214] Loss: 7.7156
2024/12/03 18:27:48 - __main__ - INFO - 88 - trainer - [129/214] Loss: 7.4794
2024/12/03 18:28:02 - __main__ - INFO - 88 - trainer - [172/214] Loss: 7.8163
2024/12/03 18:28:15 - __main__ - INFO - 72 - trainer - Epoch: 92
2024/12/03 18:28:16 - __main__ - INFO - 88 - trainer - [0/214] Loss: 7.5855
2024/12/03 18:28:30 - __main__ - INFO - 88 - trainer - [43/214] Loss: 7.7519
2024/12/03 18:28:44 - __main__ - INFO - 88 - trainer - [86/214] Loss: 7.6732
2024/12/03 18:28:59 - __main__ - INFO - 88 - trainer - [129/214] Loss: 7.8653
2024/12/03 18:29:12 - __main__ - INFO - 88 - trainer - [172/214] Loss: 7.7583
2024/12/03 18:29:26 - __main__ - INFO - 72 - trainer - Epoch: 93
2024/12/03 18:29:26 - __main__ - INFO - 88 - trainer - [0/214] Loss: 8.0448
2024/12/03 18:29:40 - __main__ - INFO - 88 - trainer - [43/214] Loss: 7.6989
2024/12/03 18:29:55 - __main__ - INFO - 88 - trainer - [86/214] Loss: 7.6752
2024/12/03 18:30:09 - __main__ - INFO - 88 - trainer - [129/214] Loss: 7.8225
2024/12/03 18:30:24 - __main__ - INFO - 88 - trainer - [172/214] Loss: 7.7327
2024/12/03 18:30:37 - __main__ - INFO - 72 - trainer - Epoch: 94
2024/12/03 18:30:37 - __main__ - INFO - 88 - trainer - [0/214] Loss: 7.5549
2024/12/03 18:30:52 - __main__ - INFO - 88 - trainer - [43/214] Loss: 7.7269
2024/12/03 18:31:07 - __main__ - INFO - 88 - trainer - [86/214] Loss: 7.7970
2024/12/03 18:31:21 - __main__ - INFO - 88 - trainer - [129/214] Loss: 7.7984
2024/12/03 18:31:35 - __main__ - INFO - 88 - trainer - [172/214] Loss: 7.7713
2024/12/03 18:31:50 - __main__ - INFO - 72 - trainer - Epoch: 95
2024/12/03 18:31:50 - __main__ - INFO - 88 - trainer - [0/214] Loss: 7.5497
2024/12/03 18:32:04 - __main__ - INFO - 88 - trainer - [43/214] Loss: 7.6319
2024/12/03 18:32:18 - __main__ - INFO - 88 - trainer - [86/214] Loss: 7.6133
2024/12/03 18:32:33 - __main__ - INFO - 88 - trainer - [129/214] Loss: 7.5603
2024/12/03 18:32:47 - __main__ - INFO - 88 - trainer - [172/214] Loss: 7.7160
2024/12/03 18:33:01 - __main__ - INFO - 72 - trainer - Epoch: 96
2024/12/03 18:33:01 - __main__ - INFO - 88 - trainer - [0/214] Loss: 7.7877
2024/12/03 18:33:16 - __main__ - INFO - 88 - trainer - [43/214] Loss: 7.5958
2024/12/03 18:33:30 - __main__ - INFO - 88 - trainer - [86/214] Loss: 7.6577
2024/12/03 18:33:44 - __main__ - INFO - 88 - trainer - [129/214] Loss: 7.7716
2024/12/03 18:34:00 - __main__ - INFO - 88 - trainer - [172/214] Loss: 7.8170
2024/12/03 18:34:14 - __main__ - INFO - 72 - trainer - Epoch: 97
2024/12/03 18:34:14 - __main__ - INFO - 88 - trainer - [0/214] Loss: 7.5368
2024/12/03 18:34:29 - __main__ - INFO - 88 - trainer - [43/214] Loss: 7.4840
2024/12/03 18:34:43 - __main__ - INFO - 88 - trainer - [86/214] Loss: 7.6171
2024/12/03 18:34:56 - __main__ - INFO - 88 - trainer - [129/214] Loss: 7.6114
2024/12/03 18:35:11 - __main__ - INFO - 88 - trainer - [172/214] Loss: 7.5586
2024/12/03 18:35:24 - __main__ - INFO - 72 - trainer - Epoch: 98
2024/12/03 18:35:24 - __main__ - INFO - 88 - trainer - [0/214] Loss: 7.5433
2024/12/03 18:35:39 - __main__ - INFO - 88 - trainer - [43/214] Loss: 7.4916
2024/12/03 18:35:53 - __main__ - INFO - 88 - trainer - [86/214] Loss: 7.5615
2024/12/03 18:36:07 - __main__ - INFO - 88 - trainer - [129/214] Loss: 7.6476
2024/12/03 18:36:21 - __main__ - INFO - 88 - trainer - [172/214] Loss: 7.4631
2024/12/03 18:36:34 - __main__ - INFO - 72 - trainer - Epoch: 99
2024/12/03 18:36:35 - __main__ - INFO - 88 - trainer - [0/214] Loss: 7.5379
2024/12/03 18:36:49 - __main__ - INFO - 88 - trainer - [43/214] Loss: 7.6364
2024/12/03 18:37:04 - __main__ - INFO - 88 - trainer - [86/214] Loss: 7.6163
2024/12/03 18:37:18 - __main__ - INFO - 88 - trainer - [129/214] Loss: 7.3818
2024/12/03 18:37:32 - __main__ - INFO - 88 - trainer - [172/214] Loss: 7.3864
2024/12/03 18:37:46 - __main__ - INFO - 72 - trainer - Epoch: 100
2024/12/03 18:37:46 - __main__ - INFO - 88 - trainer - [0/214] Loss: 7.6779
2024/12/03 18:38:00 - __main__ - INFO - 88 - trainer - [43/214] Loss: 7.5814
2024/12/03 18:38:14 - __main__ - INFO - 88 - trainer - [86/214] Loss: 7.5823
2024/12/03 18:38:29 - __main__ - INFO - 88 - trainer - [129/214] Loss: 7.6260
2024/12/03 18:38:43 - __main__ - INFO - 88 - trainer - [172/214] Loss: 7.5900
2024/12/03 18:38:57 - __main__ - INFO - 94 - trainer - start predicting: 2024-12-03 18:38:57.760977
2024/12/03 18:44:10 - __main__ - INFO - 72 - trainer - Epoch: 101
2024/12/03 18:44:10 - __main__ - INFO - 88 - trainer - [0/214] Loss: 7.5427
2024/12/03 18:44:25 - __main__ - INFO - 88 - trainer - [43/214] Loss: 7.6485
2024/12/03 18:44:39 - __main__ - INFO - 88 - trainer - [86/214] Loss: 7.3416
2024/12/03 18:44:53 - __main__ - INFO - 88 - trainer - [129/214] Loss: 7.3279
2024/12/03 18:45:07 - __main__ - INFO - 88 - trainer - [172/214] Loss: 7.4246
2024/12/03 18:45:20 - __main__ - INFO - 72 - trainer - Epoch: 102
2024/12/03 18:45:20 - __main__ - INFO - 88 - trainer - [0/214] Loss: 7.3023
2024/12/03 18:45:35 - __main__ - INFO - 88 - trainer - [43/214] Loss: 7.5578
2024/12/03 18:45:50 - __main__ - INFO - 88 - trainer - [86/214] Loss: 7.6757
2024/12/03 18:46:04 - __main__ - INFO - 88 - trainer - [129/214] Loss: 7.5449
2024/12/03 18:46:17 - __main__ - INFO - 88 - trainer - [172/214] Loss: 7.5489
2024/12/03 18:46:31 - __main__ - INFO - 72 - trainer - Epoch: 103
2024/12/03 18:46:32 - __main__ - INFO - 88 - trainer - [0/214] Loss: 7.6013
2024/12/03 18:46:46 - __main__ - INFO - 88 - trainer - [43/214] Loss: 7.7229
2024/12/03 18:47:01 - __main__ - INFO - 88 - trainer - [86/214] Loss: 7.6736
2024/12/03 18:47:16 - __main__ - INFO - 88 - trainer - [129/214] Loss: 7.6257
2024/12/03 18:47:31 - __main__ - INFO - 88 - trainer - [172/214] Loss: 7.6052
2024/12/03 18:47:44 - __main__ - INFO - 72 - trainer - Epoch: 104
2024/12/03 18:47:45 - __main__ - INFO - 88 - trainer - [0/214] Loss: 7.6650
2024/12/03 18:47:59 - __main__ - INFO - 88 - trainer - [43/214] Loss: 7.5864
2024/12/03 18:48:13 - __main__ - INFO - 88 - trainer - [86/214] Loss: 7.7060
2024/12/03 18:48:27 - __main__ - INFO - 88 - trainer - [129/214] Loss: 7.4449
2024/12/03 18:48:41 - __main__ - INFO - 88 - trainer - [172/214] Loss: 7.4336
2024/12/03 18:48:56 - __main__ - INFO - 72 - trainer - Epoch: 105
2024/12/03 18:48:56 - __main__ - INFO - 88 - trainer - [0/214] Loss: 7.2130
2024/12/03 18:49:10 - __main__ - INFO - 88 - trainer - [43/214] Loss: 7.3313
2024/12/03 18:49:24 - __main__ - INFO - 88 - trainer - [86/214] Loss: 7.4038
2024/12/03 18:49:38 - __main__ - INFO - 88 - trainer - [129/214] Loss: 7.5198
2024/12/03 18:49:52 - __main__ - INFO - 88 - trainer - [172/214] Loss: 7.2464
2024/12/03 18:50:06 - __main__ - INFO - 72 - trainer - Epoch: 106
2024/12/03 18:50:06 - __main__ - INFO - 88 - trainer - [0/214] Loss: 7.3472
2024/12/03 18:50:21 - __main__ - INFO - 88 - trainer - [43/214] Loss: 7.3658
2024/12/03 18:50:35 - __main__ - INFO - 88 - trainer - [86/214] Loss: 7.4584
2024/12/03 18:50:50 - __main__ - INFO - 88 - trainer - [129/214] Loss: 7.6492
2024/12/03 18:51:04 - __main__ - INFO - 88 - trainer - [172/214] Loss: 7.5162
2024/12/03 18:51:17 - __main__ - INFO - 72 - trainer - Epoch: 107
2024/12/03 18:51:18 - __main__ - INFO - 88 - trainer - [0/214] Loss: 7.5478
2024/12/03 18:51:33 - __main__ - INFO - 88 - trainer - [43/214] Loss: 7.5135
2024/12/03 18:51:48 - __main__ - INFO - 88 - trainer - [86/214] Loss: 7.4988
2024/12/03 18:52:02 - __main__ - INFO - 88 - trainer - [129/214] Loss: 7.4334
2024/12/03 18:52:16 - __main__ - INFO - 88 - trainer - [172/214] Loss: 7.3775
2024/12/03 18:52:30 - __main__ - INFO - 72 - trainer - Epoch: 108
2024/12/03 18:52:31 - __main__ - INFO - 88 - trainer - [0/214] Loss: 7.6658
2024/12/03 18:52:45 - __main__ - INFO - 88 - trainer - [43/214] Loss: 7.7368
2024/12/03 18:53:00 - __main__ - INFO - 88 - trainer - [86/214] Loss: 7.3794
2024/12/03 18:53:14 - __main__ - INFO - 88 - trainer - [129/214] Loss: 7.6369
2024/12/03 18:53:29 - __main__ - INFO - 88 - trainer - [172/214] Loss: 7.3601
2024/12/03 18:53:43 - __main__ - INFO - 72 - trainer - Epoch: 109
2024/12/03 18:53:44 - __main__ - INFO - 88 - trainer - [0/214] Loss: 7.6727
2024/12/03 18:53:58 - __main__ - INFO - 88 - trainer - [43/214] Loss: 7.3633
2024/12/03 18:54:13 - __main__ - INFO - 88 - trainer - [86/214] Loss: 7.6595
2024/12/03 18:54:27 - __main__ - INFO - 88 - trainer - [129/214] Loss: 7.2228
2024/12/03 18:54:42 - __main__ - INFO - 88 - trainer - [172/214] Loss: 7.6588
2024/12/03 18:54:55 - __main__ - INFO - 72 - trainer - Epoch: 110
2024/12/03 18:54:55 - __main__ - INFO - 88 - trainer - [0/214] Loss: 7.3936
2024/12/03 18:55:10 - __main__ - INFO - 88 - trainer - [43/214] Loss: 7.3077
2024/12/03 18:55:24 - __main__ - INFO - 88 - trainer - [86/214] Loss: 7.6642
2024/12/03 18:55:40 - __main__ - INFO - 88 - trainer - [129/214] Loss: 7.5473
2024/12/03 18:55:55 - __main__ - INFO - 88 - trainer - [172/214] Loss: 7.4006
2024/12/03 18:56:09 - __main__ - INFO - 72 - trainer - Epoch: 111
2024/12/03 18:56:09 - __main__ - INFO - 88 - trainer - [0/214] Loss: 7.4863
2024/12/03 18:56:24 - __main__ - INFO - 88 - trainer - [43/214] Loss: 7.6392
2024/12/03 18:56:38 - __main__ - INFO - 88 - trainer - [86/214] Loss: 7.4810
2024/12/03 18:56:52 - __main__ - INFO - 88 - trainer - [129/214] Loss: 7.3258
2024/12/03 18:57:06 - __main__ - INFO - 88 - trainer - [172/214] Loss: 7.5019
2024/12/03 18:57:19 - __main__ - INFO - 72 - trainer - Epoch: 112
2024/12/03 18:57:19 - __main__ - INFO - 88 - trainer - [0/214] Loss: 7.5372
2024/12/03 18:57:34 - __main__ - INFO - 88 - trainer - [43/214] Loss: 7.5622
2024/12/03 18:57:48 - __main__ - INFO - 88 - trainer - [86/214] Loss: 7.4112
2024/12/03 18:58:02 - __main__ - INFO - 88 - trainer - [129/214] Loss: 7.4859
2024/12/03 18:58:17 - __main__ - INFO - 88 - trainer - [172/214] Loss: 7.4059
2024/12/03 18:58:30 - __main__ - INFO - 72 - trainer - Epoch: 113
2024/12/03 18:58:30 - __main__ - INFO - 88 - trainer - [0/214] Loss: 7.7901
2024/12/03 18:58:45 - __main__ - INFO - 88 - trainer - [43/214] Loss: 7.4638
2024/12/03 18:58:59 - __main__ - INFO - 88 - trainer - [86/214] Loss: 7.7035
2024/12/03 18:59:12 - __main__ - INFO - 88 - trainer - [129/214] Loss: 7.4188
2024/12/03 18:59:26 - __main__ - INFO - 88 - trainer - [172/214] Loss: 7.6155
2024/12/03 18:59:40 - __main__ - INFO - 72 - trainer - Epoch: 114
2024/12/03 18:59:41 - __main__ - INFO - 88 - trainer - [0/214] Loss: 7.5335
2024/12/03 18:59:55 - __main__ - INFO - 88 - trainer - [43/214] Loss: 7.3008
2024/12/03 19:00:09 - __main__ - INFO - 88 - trainer - [86/214] Loss: 7.6508
2024/12/03 19:00:23 - __main__ - INFO - 88 - trainer - [129/214] Loss: 7.5163
2024/12/03 19:00:38 - __main__ - INFO - 88 - trainer - [172/214] Loss: 7.4335
2024/12/03 19:00:51 - __main__ - INFO - 72 - trainer - Epoch: 115
2024/12/03 19:00:52 - __main__ - INFO - 88 - trainer - [0/214] Loss: 7.5882
2024/12/03 19:01:07 - __main__ - INFO - 88 - trainer - [43/214] Loss: 7.4187
2024/12/03 19:01:21 - __main__ - INFO - 88 - trainer - [86/214] Loss: 7.5938
2024/12/03 19:01:35 - __main__ - INFO - 88 - trainer - [129/214] Loss: 7.4610
2024/12/03 19:01:49 - __main__ - INFO - 88 - trainer - [172/214] Loss: 7.5700
2024/12/03 19:02:03 - __main__ - INFO - 72 - trainer - Epoch: 116
2024/12/03 19:02:03 - __main__ - INFO - 88 - trainer - [0/214] Loss: 7.4631
2024/12/03 19:02:18 - __main__ - INFO - 88 - trainer - [43/214] Loss: 7.4118
2024/12/03 19:02:33 - __main__ - INFO - 88 - trainer - [86/214] Loss: 7.3284
2024/12/03 19:02:47 - __main__ - INFO - 88 - trainer - [129/214] Loss: 7.6447
2024/12/03 19:03:02 - __main__ - INFO - 88 - trainer - [172/214] Loss: 7.4032
2024/12/03 19:03:16 - __main__ - INFO - 72 - trainer - Epoch: 117
2024/12/03 19:03:16 - __main__ - INFO - 88 - trainer - [0/214] Loss: 7.3176
2024/12/03 19:03:30 - __main__ - INFO - 88 - trainer - [43/214] Loss: 7.5259
2024/12/03 19:03:45 - __main__ - INFO - 88 - trainer - [86/214] Loss: 7.3349
2024/12/03 19:03:59 - __main__ - INFO - 88 - trainer - [129/214] Loss: 7.5598
2024/12/03 19:04:14 - __main__ - INFO - 88 - trainer - [172/214] Loss: 7.5982
2024/12/03 19:04:27 - __main__ - INFO - 72 - trainer - Epoch: 118
2024/12/03 19:04:28 - __main__ - INFO - 88 - trainer - [0/214] Loss: 7.4001
2024/12/03 19:04:42 - __main__ - INFO - 88 - trainer - [43/214] Loss: 7.5743
2024/12/03 19:04:56 - __main__ - INFO - 88 - trainer - [86/214] Loss: 7.4694
2024/12/03 19:05:10 - __main__ - INFO - 88 - trainer - [129/214] Loss: 7.4328
2024/12/03 19:05:24 - __main__ - INFO - 88 - trainer - [172/214] Loss: 7.2896
2024/12/03 19:05:38 - __main__ - INFO - 72 - trainer - Epoch: 119
2024/12/03 19:05:38 - __main__ - INFO - 88 - trainer - [0/214] Loss: 7.2809
2024/12/03 19:05:52 - __main__ - INFO - 88 - trainer - [43/214] Loss: 7.4863
2024/12/03 19:06:07 - __main__ - INFO - 88 - trainer - [86/214] Loss: 7.0794
2024/12/03 19:06:22 - __main__ - INFO - 88 - trainer - [129/214] Loss: 7.4877
2024/12/03 19:06:36 - __main__ - INFO - 88 - trainer - [172/214] Loss: 7.3307
2024/12/03 19:06:49 - __main__ - INFO - 72 - trainer - Epoch: 120
2024/12/03 19:06:50 - __main__ - INFO - 88 - trainer - [0/214] Loss: 7.5994
2024/12/03 19:07:03 - __main__ - INFO - 88 - trainer - [43/214] Loss: 7.3762
2024/12/03 19:07:18 - __main__ - INFO - 88 - trainer - [86/214] Loss: 7.1625
2024/12/03 19:07:32 - __main__ - INFO - 88 - trainer - [129/214] Loss: 7.4818
2024/12/03 19:07:46 - __main__ - INFO - 88 - trainer - [172/214] Loss: 7.2721
2024/12/03 19:08:00 - __main__ - INFO - 94 - trainer - start predicting: 2024-12-03 19:08:00.741449
2024/12/03 19:13:14 - __main__ - INFO - 72 - trainer - Epoch: 121
2024/12/03 19:13:14 - __main__ - INFO - 88 - trainer - [0/214] Loss: 7.3280
2024/12/03 19:13:28 - __main__ - INFO - 88 - trainer - [43/214] Loss: 7.4968
2024/12/03 19:13:42 - __main__ - INFO - 88 - trainer - [86/214] Loss: 7.5109
2024/12/03 19:13:57 - __main__ - INFO - 88 - trainer - [129/214] Loss: 7.2487
2024/12/03 19:14:10 - __main__ - INFO - 88 - trainer - [172/214] Loss: 7.5196
2024/12/03 19:14:25 - __main__ - INFO - 72 - trainer - Epoch: 122
2024/12/03 19:14:25 - __main__ - INFO - 88 - trainer - [0/214] Loss: 7.3598
2024/12/03 19:14:40 - __main__ - INFO - 88 - trainer - [43/214] Loss: 7.5483
2024/12/03 19:14:54 - __main__ - INFO - 88 - trainer - [86/214] Loss: 7.4681
2024/12/03 19:15:08 - __main__ - INFO - 88 - trainer - [129/214] Loss: 7.6544
2024/12/03 19:15:22 - __main__ - INFO - 88 - trainer - [172/214] Loss: 7.6162
2024/12/03 19:15:36 - __main__ - INFO - 72 - trainer - Epoch: 123
2024/12/03 19:15:37 - __main__ - INFO - 88 - trainer - [0/214] Loss: 7.3916
2024/12/03 19:15:51 - __main__ - INFO - 88 - trainer - [43/214] Loss: 7.3474
2024/12/03 19:16:06 - __main__ - INFO - 88 - trainer - [86/214] Loss: 7.3260
2024/12/03 19:16:20 - __main__ - INFO - 88 - trainer - [129/214] Loss: 7.4651
2024/12/03 19:16:34 - __main__ - INFO - 88 - trainer - [172/214] Loss: 7.5209
2024/12/03 19:16:48 - __main__ - INFO - 72 - trainer - Epoch: 124
2024/12/03 19:16:48 - __main__ - INFO - 88 - trainer - [0/214] Loss: 7.4199
2024/12/03 19:17:03 - __main__ - INFO - 88 - trainer - [43/214] Loss: 7.2375
2024/12/03 19:17:17 - __main__ - INFO - 88 - trainer - [86/214] Loss: 7.3550
2024/12/03 19:17:31 - __main__ - INFO - 88 - trainer - [129/214] Loss: 7.5878
2024/12/03 19:17:46 - __main__ - INFO - 88 - trainer - [172/214] Loss: 7.3419
2024/12/03 19:18:00 - __main__ - INFO - 72 - trainer - Epoch: 125
2024/12/03 19:18:01 - __main__ - INFO - 88 - trainer - [0/214] Loss: 7.4085
2024/12/03 19:18:15 - __main__ - INFO - 88 - trainer - [43/214] Loss: 7.5634
2024/12/03 19:18:30 - __main__ - INFO - 88 - trainer - [86/214] Loss: 7.7113
2024/12/03 19:18:44 - __main__ - INFO - 88 - trainer - [129/214] Loss: 7.3095
2024/12/03 19:18:58 - __main__ - INFO - 88 - trainer - [172/214] Loss: 7.2797
2024/12/03 19:19:12 - __main__ - INFO - 72 - trainer - Epoch: 126
2024/12/03 19:19:12 - __main__ - INFO - 88 - trainer - [0/214] Loss: 7.5243
2024/12/03 19:19:26 - __main__ - INFO - 88 - trainer - [43/214] Loss: 7.2807
2024/12/03 19:19:40 - __main__ - INFO - 88 - trainer - [86/214] Loss: 7.4358
2024/12/03 19:19:55 - __main__ - INFO - 88 - trainer - [129/214] Loss: 7.2535
2024/12/03 19:20:09 - __main__ - INFO - 88 - trainer - [172/214] Loss: 7.3742
2024/12/03 19:20:23 - __main__ - INFO - 72 - trainer - Epoch: 127
2024/12/03 19:20:23 - __main__ - INFO - 88 - trainer - [0/214] Loss: 7.3778
2024/12/03 19:20:38 - __main__ - INFO - 88 - trainer - [43/214] Loss: 7.4127
2024/12/03 19:20:52 - __main__ - INFO - 88 - trainer - [86/214] Loss: 7.2738
2024/12/03 19:21:07 - __main__ - INFO - 88 - trainer - [129/214] Loss: 7.2035
2024/12/03 19:21:21 - __main__ - INFO - 88 - trainer - [172/214] Loss: 7.3094
2024/12/03 19:21:35 - __main__ - INFO - 72 - trainer - Epoch: 128
2024/12/03 19:21:35 - __main__ - INFO - 88 - trainer - [0/214] Loss: 7.4563
2024/12/03 19:21:49 - __main__ - INFO - 88 - trainer - [43/214] Loss: 7.7711
2024/12/03 19:22:04 - __main__ - INFO - 88 - trainer - [86/214] Loss: 7.4375
2024/12/03 19:22:18 - __main__ - INFO - 88 - trainer - [129/214] Loss: 7.1564
2024/12/03 19:22:32 - __main__ - INFO - 88 - trainer - [172/214] Loss: 7.6430
2024/12/03 19:22:46 - __main__ - INFO - 72 - trainer - Epoch: 129
2024/12/03 19:22:46 - __main__ - INFO - 88 - trainer - [0/214] Loss: 7.4774
2024/12/03 19:23:01 - __main__ - INFO - 88 - trainer - [43/214] Loss: 7.3078
2024/12/03 19:23:16 - __main__ - INFO - 88 - trainer - [86/214] Loss: 7.5238
2024/12/03 19:23:30 - __main__ - INFO - 88 - trainer - [129/214] Loss: 7.3770
2024/12/03 19:23:44 - __main__ - INFO - 88 - trainer - [172/214] Loss: 7.4799
2024/12/03 19:23:57 - __main__ - INFO - 72 - trainer - Epoch: 130
2024/12/03 19:23:58 - __main__ - INFO - 88 - trainer - [0/214] Loss: 7.2529
2024/12/03 19:24:12 - __main__ - INFO - 88 - trainer - [43/214] Loss: 7.1532
2024/12/03 19:24:27 - __main__ - INFO - 88 - trainer - [86/214] Loss: 7.5315
2024/12/03 19:24:41 - __main__ - INFO - 88 - trainer - [129/214] Loss: 7.3774
2024/12/03 19:24:56 - __main__ - INFO - 88 - trainer - [172/214] Loss: 7.2481
2024/12/03 19:25:11 - __main__ - INFO - 72 - trainer - Epoch: 131
2024/12/03 19:25:11 - __main__ - INFO - 88 - trainer - [0/214] Loss: 7.4724
2024/12/03 19:25:25 - __main__ - INFO - 88 - trainer - [43/214] Loss: 7.4694
2024/12/03 19:25:40 - __main__ - INFO - 88 - trainer - [86/214] Loss: 7.3656
2024/12/03 19:25:54 - __main__ - INFO - 88 - trainer - [129/214] Loss: 7.1988
2024/12/03 19:26:08 - __main__ - INFO - 88 - trainer - [172/214] Loss: 7.2667
2024/12/03 19:26:22 - __main__ - INFO - 72 - trainer - Epoch: 132
2024/12/03 19:26:22 - __main__ - INFO - 88 - trainer - [0/214] Loss: 7.3875
2024/12/03 19:26:36 - __main__ - INFO - 88 - trainer - [43/214] Loss: 7.3597
2024/12/03 19:26:50 - __main__ - INFO - 88 - trainer - [86/214] Loss: 7.4905
2024/12/03 19:27:04 - __main__ - INFO - 88 - trainer - [129/214] Loss: 7.4424
2024/12/03 19:27:18 - __main__ - INFO - 88 - trainer - [172/214] Loss: 7.5147
2024/12/03 19:27:31 - __main__ - INFO - 72 - trainer - Epoch: 133
2024/12/03 19:27:31 - __main__ - INFO - 88 - trainer - [0/214] Loss: 7.5113
2024/12/03 19:27:46 - __main__ - INFO - 88 - trainer - [43/214] Loss: 7.3293
2024/12/03 19:28:01 - __main__ - INFO - 88 - trainer - [86/214] Loss: 7.3171
2024/12/03 19:28:16 - __main__ - INFO - 88 - trainer - [129/214] Loss: 7.2283
2024/12/03 19:28:31 - __main__ - INFO - 88 - trainer - [172/214] Loss: 7.3745
2024/12/03 19:28:44 - __main__ - INFO - 72 - trainer - Epoch: 134
2024/12/03 19:28:45 - __main__ - INFO - 88 - trainer - [0/214] Loss: 7.3923
2024/12/03 19:28:59 - __main__ - INFO - 88 - trainer - [43/214] Loss: 7.2026
2024/12/03 19:29:13 - __main__ - INFO - 88 - trainer - [86/214] Loss: 7.4874
2024/12/03 19:29:28 - __main__ - INFO - 88 - trainer - [129/214] Loss: 7.2520
2024/12/03 19:29:42 - __main__ - INFO - 88 - trainer - [172/214] Loss: 7.3528
2024/12/03 19:29:56 - __main__ - INFO - 72 - trainer - Epoch: 135
2024/12/03 19:29:56 - __main__ - INFO - 88 - trainer - [0/214] Loss: 7.4451
2024/12/03 19:30:11 - __main__ - INFO - 88 - trainer - [43/214] Loss: 7.3322
2024/12/03 19:30:25 - __main__ - INFO - 88 - trainer - [86/214] Loss: 7.4895
2024/12/03 19:30:38 - __main__ - INFO - 88 - trainer - [129/214] Loss: 7.3583
2024/12/03 19:30:53 - __main__ - INFO - 88 - trainer - [172/214] Loss: 7.5049
2024/12/03 19:31:06 - __main__ - INFO - 72 - trainer - Epoch: 136
2024/12/03 19:31:06 - __main__ - INFO - 88 - trainer - [0/214] Loss: 7.3026
2024/12/03 19:31:21 - __main__ - INFO - 88 - trainer - [43/214] Loss: 7.5000
2024/12/03 19:31:35 - __main__ - INFO - 88 - trainer - [86/214] Loss: 7.1865
2024/12/03 19:31:50 - __main__ - INFO - 88 - trainer - [129/214] Loss: 7.4191
2024/12/03 19:32:04 - __main__ - INFO - 88 - trainer - [172/214] Loss: 7.3592
2024/12/03 19:32:17 - __main__ - INFO - 72 - trainer - Epoch: 137
2024/12/03 19:32:18 - __main__ - INFO - 88 - trainer - [0/214] Loss: 7.3258
2024/12/03 19:32:32 - __main__ - INFO - 88 - trainer - [43/214] Loss: 7.4911
2024/12/03 19:32:45 - __main__ - INFO - 88 - trainer - [86/214] Loss: 7.5514
2024/12/03 19:32:59 - __main__ - INFO - 88 - trainer - [129/214] Loss: 7.4448
2024/12/03 19:33:15 - __main__ - INFO - 88 - trainer - [172/214] Loss: 7.5439
2024/12/03 19:33:28 - __main__ - INFO - 72 - trainer - Epoch: 138
2024/12/03 19:33:29 - __main__ - INFO - 88 - trainer - [0/214] Loss: 7.5369
2024/12/03 19:33:44 - __main__ - INFO - 88 - trainer - [43/214] Loss: 7.2631
2024/12/03 19:33:59 - __main__ - INFO - 88 - trainer - [86/214] Loss: 7.4176
2024/12/03 19:34:14 - __main__ - INFO - 88 - trainer - [129/214] Loss: 7.5104
2024/12/03 19:34:29 - __main__ - INFO - 88 - trainer - [172/214] Loss: 7.2809
2024/12/03 19:34:42 - __main__ - INFO - 72 - trainer - Epoch: 139
2024/12/03 19:34:43 - __main__ - INFO - 88 - trainer - [0/214] Loss: 7.4661
2024/12/03 19:34:57 - __main__ - INFO - 88 - trainer - [43/214] Loss: 7.1501
2024/12/03 19:35:11 - __main__ - INFO - 88 - trainer - [86/214] Loss: 7.2312
2024/12/03 19:35:26 - __main__ - INFO - 88 - trainer - [129/214] Loss: 7.3374
2024/12/03 19:35:40 - __main__ - INFO - 88 - trainer - [172/214] Loss: 7.1902
2024/12/03 19:35:53 - __main__ - INFO - 72 - trainer - Epoch: 140
2024/12/03 19:35:53 - __main__ - INFO - 88 - trainer - [0/214] Loss: 7.4581
2024/12/03 19:36:08 - __main__ - INFO - 88 - trainer - [43/214] Loss: 7.2329
2024/12/03 19:36:22 - __main__ - INFO - 88 - trainer - [86/214] Loss: 7.3768
2024/12/03 19:36:36 - __main__ - INFO - 88 - trainer - [129/214] Loss: 7.4548
2024/12/03 19:36:52 - __main__ - INFO - 88 - trainer - [172/214] Loss: 7.4592
2024/12/03 19:37:07 - __main__ - INFO - 94 - trainer - start predicting: 2024-12-03 19:37:07.025290
2024/12/03 19:42:45 - __main__ - INFO - 72 - trainer - Epoch: 141
2024/12/03 19:42:45 - __main__ - INFO - 88 - trainer - [0/214] Loss: 7.1008
2024/12/03 19:43:01 - __main__ - INFO - 88 - trainer - [43/214] Loss: 7.4033
2024/12/03 19:43:16 - __main__ - INFO - 88 - trainer - [86/214] Loss: 7.2187
2024/12/03 19:43:32 - __main__ - INFO - 88 - trainer - [129/214] Loss: 7.3786
2024/12/03 19:43:49 - __main__ - INFO - 88 - trainer - [172/214] Loss: 7.2678
2024/12/03 19:44:04 - __main__ - INFO - 72 - trainer - Epoch: 142
2024/12/03 19:44:04 - __main__ - INFO - 88 - trainer - [0/214] Loss: 7.4285
2024/12/03 19:44:21 - __main__ - INFO - 88 - trainer - [43/214] Loss: 7.4711
2024/12/03 19:44:36 - __main__ - INFO - 88 - trainer - [86/214] Loss: 7.3315
2024/12/03 19:44:51 - __main__ - INFO - 88 - trainer - [129/214] Loss: 7.5380
2024/12/03 19:45:07 - __main__ - INFO - 88 - trainer - [172/214] Loss: 7.5319
2024/12/03 19:45:22 - __main__ - INFO - 72 - trainer - Epoch: 143
2024/12/03 19:45:22 - __main__ - INFO - 88 - trainer - [0/214] Loss: 7.2697
2024/12/03 19:45:38 - __main__ - INFO - 88 - trainer - [43/214] Loss: 7.2731
2024/12/03 19:45:54 - __main__ - INFO - 88 - trainer - [86/214] Loss: 7.4663
2024/12/03 19:46:10 - __main__ - INFO - 88 - trainer - [129/214] Loss: 7.4024
2024/12/03 19:46:26 - __main__ - INFO - 88 - trainer - [172/214] Loss: 7.6737
2024/12/03 19:46:40 - __main__ - INFO - 72 - trainer - Epoch: 144
2024/12/03 19:46:40 - __main__ - INFO - 88 - trainer - [0/214] Loss: 7.3475
2024/12/03 19:46:56 - __main__ - INFO - 88 - trainer - [43/214] Loss: 7.3862
2024/12/03 19:47:11 - __main__ - INFO - 88 - trainer - [86/214] Loss: 7.4524
2024/12/03 19:47:27 - __main__ - INFO - 88 - trainer - [129/214] Loss: 7.3129
2024/12/03 19:47:44 - __main__ - INFO - 88 - trainer - [172/214] Loss: 7.4339
2024/12/03 19:47:59 - __main__ - INFO - 72 - trainer - Epoch: 145
2024/12/03 19:47:59 - __main__ - INFO - 88 - trainer - [0/214] Loss: 7.5009
2024/12/03 19:48:15 - __main__ - INFO - 88 - trainer - [43/214] Loss: 7.3589
2024/12/03 19:48:30 - __main__ - INFO - 88 - trainer - [86/214] Loss: 7.4608
2024/12/03 19:48:45 - __main__ - INFO - 88 - trainer - [129/214] Loss: 7.1805
2024/12/03 19:49:01 - __main__ - INFO - 88 - trainer - [172/214] Loss: 7.4618
2024/12/03 19:49:17 - __main__ - INFO - 72 - trainer - Epoch: 146
2024/12/03 19:49:17 - __main__ - INFO - 88 - trainer - [0/214] Loss: 7.5386
2024/12/03 19:49:33 - __main__ - INFO - 88 - trainer - [43/214] Loss: 7.1691
2024/12/03 19:49:49 - __main__ - INFO - 88 - trainer - [86/214] Loss: 7.1182
2024/12/03 19:50:05 - __main__ - INFO - 88 - trainer - [129/214] Loss: 7.2589
2024/12/03 19:50:21 - __main__ - INFO - 88 - trainer - [172/214] Loss: 7.6454
2024/12/03 19:50:36 - __main__ - INFO - 72 - trainer - Epoch: 147
2024/12/03 19:50:37 - __main__ - INFO - 88 - trainer - [0/214] Loss: 7.3637
2024/12/03 19:50:53 - __main__ - INFO - 88 - trainer - [43/214] Loss: 7.4842
2024/12/03 19:51:08 - __main__ - INFO - 88 - trainer - [86/214] Loss: 7.3374
2024/12/03 19:51:24 - __main__ - INFO - 88 - trainer - [129/214] Loss: 7.3056
2024/12/03 19:51:40 - __main__ - INFO - 88 - trainer - [172/214] Loss: 7.1498
2024/12/03 19:51:55 - __main__ - INFO - 72 - trainer - Epoch: 148
2024/12/03 19:51:55 - __main__ - INFO - 88 - trainer - [0/214] Loss: 7.4407
2024/12/03 19:52:11 - __main__ - INFO - 88 - trainer - [43/214] Loss: 7.5160
2024/12/03 19:52:27 - __main__ - INFO - 88 - trainer - [86/214] Loss: 7.3652
2024/12/03 19:52:43 - __main__ - INFO - 88 - trainer - [129/214] Loss: 7.3069
2024/12/03 19:52:59 - __main__ - INFO - 88 - trainer - [172/214] Loss: 7.3498
2024/12/03 19:53:15 - __main__ - INFO - 72 - trainer - Epoch: 149
2024/12/03 19:53:15 - __main__ - INFO - 88 - trainer - [0/214] Loss: 7.2421
2024/12/03 19:53:31 - __main__ - INFO - 88 - trainer - [43/214] Loss: 7.2358
2024/12/03 19:53:46 - __main__ - INFO - 88 - trainer - [86/214] Loss: 7.4770
2024/12/03 19:54:02 - __main__ - INFO - 88 - trainer - [129/214] Loss: 7.5238
2024/12/03 19:54:19 - __main__ - INFO - 88 - trainer - [172/214] Loss: 7.2482
2024/12/03 19:54:33 - __main__ - INFO - 72 - trainer - Epoch: 150
2024/12/03 19:54:34 - __main__ - INFO - 88 - trainer - [0/214] Loss: 7.4217
2024/12/03 19:54:50 - __main__ - INFO - 88 - trainer - [43/214] Loss: 7.5735
2024/12/03 19:55:05 - __main__ - INFO - 88 - trainer - [86/214] Loss: 7.3077
2024/12/03 19:55:20 - __main__ - INFO - 88 - trainer - [129/214] Loss: 7.3739
2024/12/03 19:55:34 - __main__ - INFO - 88 - trainer - [172/214] Loss: 7.2860
2024/12/03 19:55:49 - __main__ - INFO - 72 - trainer - Epoch: 151
2024/12/03 19:55:49 - __main__ - INFO - 88 - trainer - [0/214] Loss: 7.2455
2024/12/03 19:56:05 - __main__ - INFO - 88 - trainer - [43/214] Loss: 7.2079
2024/12/03 19:56:20 - __main__ - INFO - 88 - trainer - [86/214] Loss: 7.3175
2024/12/03 19:56:36 - __main__ - INFO - 88 - trainer - [129/214] Loss: 7.0693
2024/12/03 19:56:51 - __main__ - INFO - 88 - trainer - [172/214] Loss: 7.0530
2024/12/03 19:57:06 - __main__ - INFO - 72 - trainer - Epoch: 152
2024/12/03 19:57:07 - __main__ - INFO - 88 - trainer - [0/214] Loss: 7.1826
2024/12/03 19:57:23 - __main__ - INFO - 88 - trainer - [43/214] Loss: 7.4527
2024/12/03 19:57:38 - __main__ - INFO - 88 - trainer - [86/214] Loss: 7.4993
2024/12/03 19:57:53 - __main__ - INFO - 88 - trainer - [129/214] Loss: 7.3089
2024/12/03 19:58:09 - __main__ - INFO - 88 - trainer - [172/214] Loss: 7.6144
2024/12/03 19:58:23 - __main__ - INFO - 72 - trainer - Epoch: 153
2024/12/03 19:58:24 - __main__ - INFO - 88 - trainer - [0/214] Loss: 7.4613
2024/12/03 19:58:40 - __main__ - INFO - 88 - trainer - [43/214] Loss: 7.3989
2024/12/03 19:58:55 - __main__ - INFO - 88 - trainer - [86/214] Loss: 7.5684
2024/12/03 19:59:11 - __main__ - INFO - 88 - trainer - [129/214] Loss: 7.5620
2024/12/03 19:59:26 - __main__ - INFO - 88 - trainer - [172/214] Loss: 7.2826
2024/12/03 19:59:41 - __main__ - INFO - 72 - trainer - Epoch: 154
2024/12/03 19:59:41 - __main__ - INFO - 88 - trainer - [0/214] Loss: 7.7683
2024/12/03 19:59:56 - __main__ - INFO - 88 - trainer - [43/214] Loss: 7.4473
2024/12/03 20:00:12 - __main__ - INFO - 88 - trainer - [86/214] Loss: 7.0120
2024/12/03 20:00:28 - __main__ - INFO - 88 - trainer - [129/214] Loss: 7.2712
2024/12/03 20:00:43 - __main__ - INFO - 88 - trainer - [172/214] Loss: 7.5024
2024/12/03 20:00:58 - __main__ - INFO - 72 - trainer - Epoch: 155
2024/12/03 20:00:58 - __main__ - INFO - 88 - trainer - [0/214] Loss: 7.4058
2024/12/03 20:01:14 - __main__ - INFO - 88 - trainer - [43/214] Loss: 7.4315
2024/12/03 20:01:29 - __main__ - INFO - 88 - trainer - [86/214] Loss: 7.2303
2024/12/03 20:01:44 - __main__ - INFO - 88 - trainer - [129/214] Loss: 7.4264
2024/12/03 20:02:00 - __main__ - INFO - 88 - trainer - [172/214] Loss: 7.4147
2024/12/03 20:02:15 - __main__ - INFO - 72 - trainer - Epoch: 156
2024/12/03 20:02:15 - __main__ - INFO - 88 - trainer - [0/214] Loss: 7.3017
2024/12/03 20:02:31 - __main__ - INFO - 88 - trainer - [43/214] Loss: 7.4258
2024/12/03 20:02:45 - __main__ - INFO - 88 - trainer - [86/214] Loss: 7.4390
2024/12/03 20:03:01 - __main__ - INFO - 88 - trainer - [129/214] Loss: 7.4764
2024/12/03 20:03:16 - __main__ - INFO - 88 - trainer - [172/214] Loss: 7.3902
2024/12/03 20:03:30 - __main__ - INFO - 72 - trainer - Epoch: 157
2024/12/03 20:03:31 - __main__ - INFO - 88 - trainer - [0/214] Loss: 7.3042
2024/12/03 20:03:46 - __main__ - INFO - 88 - trainer - [43/214] Loss: 7.6762
2024/12/03 20:04:01 - __main__ - INFO - 88 - trainer - [86/214] Loss: 7.3432
2024/12/03 20:04:17 - __main__ - INFO - 88 - trainer - [129/214] Loss: 7.2610
2024/12/03 20:04:33 - __main__ - INFO - 88 - trainer - [172/214] Loss: 7.2703
2024/12/03 20:04:48 - __main__ - INFO - 72 - trainer - Epoch: 158
2024/12/03 20:04:49 - __main__ - INFO - 88 - trainer - [0/214] Loss: 7.1839
2024/12/03 20:05:04 - __main__ - INFO - 88 - trainer - [43/214] Loss: 7.3693
2024/12/03 20:05:20 - __main__ - INFO - 88 - trainer - [86/214] Loss: 7.4465
2024/12/03 20:05:35 - __main__ - INFO - 88 - trainer - [129/214] Loss: 7.4527
2024/12/03 20:05:51 - __main__ - INFO - 88 - trainer - [172/214] Loss: 7.3313
2024/12/03 20:06:05 - __main__ - INFO - 72 - trainer - Epoch: 159
2024/12/03 20:06:06 - __main__ - INFO - 88 - trainer - [0/214] Loss: 7.3066
2024/12/03 20:06:21 - __main__ - INFO - 88 - trainer - [43/214] Loss: 7.0089
2024/12/03 20:06:37 - __main__ - INFO - 88 - trainer - [86/214] Loss: 7.1843
2024/12/03 20:06:53 - __main__ - INFO - 88 - trainer - [129/214] Loss: 7.3149
2024/12/03 20:07:09 - __main__ - INFO - 88 - trainer - [172/214] Loss: 7.3214
2024/12/03 20:07:25 - __main__ - INFO - 72 - trainer - Epoch: 160
2024/12/03 20:07:26 - __main__ - INFO - 88 - trainer - [0/214] Loss: 7.2542
2024/12/03 20:07:41 - __main__ - INFO - 88 - trainer - [43/214] Loss: 7.2312
2024/12/03 20:07:58 - __main__ - INFO - 88 - trainer - [86/214] Loss: 7.3173
2024/12/03 20:08:14 - __main__ - INFO - 88 - trainer - [129/214] Loss: 7.3839
2024/12/03 20:08:29 - __main__ - INFO - 88 - trainer - [172/214] Loss: 7.2161
2024/12/03 20:08:44 - __main__ - INFO - 94 - trainer - start predicting: 2024-12-03 20:08:44.981403
2024/12/03 20:14:29 - __main__ - INFO - 128 - trainer - {'Best_HR@5': 0.8537, 'Best_NDCG@5': 0.5377, 'Best_HR@10': 1.2546, 'Best_NDCG@10': 0.6812, 'Best_HR@20': 2.005, 'Best_NDCG@20': 0.8669}
2024/12/03 20:14:29 - __main__ - INFO - 129 - trainer - {'Best_epoch_HR@5': 40, 'Best_epoch_NDCG@5': 60, 'Best_epoch_HR@10': 60, 'Best_epoch_NDCG@10': 60, 'Best_epoch_HR@20': 60, 'Best_epoch_NDCG@20': 60}
2024/12/03 20:20:14 - __main__ - INFO - 156 - trainer - Test------------------------------------------------------
2024/12/03 20:20:14 - __main__ - INFO - 158 - trainer - {'HR@5': 0.0257, 'NDCG@5': 0.0209, 'HR@10': 0.0668, 'NDCG@10': 0.0341, 'HR@20': 0.1182, 'NDCG@20': 0.0463}
2024/12/03 20:20:14 - __main__ - INFO - 160 - trainer - Best Eval---------------------------------------------------------
2024/12/03 20:20:14 - __main__ - INFO - 163 - trainer - {'Best_HR@5': 0.8537, 'Best_NDCG@5': 0.5377, 'Best_HR@10': 1.2546, 'Best_NDCG@10': 0.6812, 'Best_HR@20': 2.005, 'Best_NDCG@20': 0.8669}
2024/12/03 20:20:14 - __main__ - INFO - 164 - trainer - {'Best_epoch_HR@5': 40, 'Best_epoch_NDCG@5': 60, 'Best_epoch_HR@10': 60, 'Best_epoch_NDCG@10': 60, 'Best_epoch_HR@20': 60, 'Best_epoch_NDCG@20': 60}
