2024/12/06 11:07:29 - __main__ - INFO - 65 - main - Namespace(batch_size=512, dataset='toys', decay_step=100, description='Diffu_norm_score', device='cuda', diffusion_steps=32, diversity_measure=False, dropout=0.1, emb_dropout=0.3, epoch_time_avg=False, epochs=500, eval_interval=20, gamma=0.1, hidden_act='gelu', hidden_size=128, lambda_uncertainty=0.001, log_file='log/', long_head=False, loss_lambda=0.001, lr=0.001, max_len=50, metric_ks=[5, 10, 20], momentum=None, noise_schedule='trunc_lin', num_blocks=4, num_gpu=1, optimizer='Adam', patience=5, random_seed=1997, rescale_timesteps=True, schedule_sampler_name='lossaware', weight_decay=0)
2024/12/06 11:07:44 - __main__ - INFO - 72 - trainer - Epoch: 0
2024/12/06 11:07:44 - __main__ - INFO - 88 - trainer - [0/214] Loss: 40.4172
2024/12/06 11:07:49 - __main__ - INFO - 88 - trainer - [43/214] Loss: 37.2720
2024/12/06 11:07:52 - __main__ - INFO - 88 - trainer - [86/214] Loss: 35.3826
2024/12/06 11:07:56 - __main__ - INFO - 88 - trainer - [129/214] Loss: 32.8516
2024/12/06 11:08:00 - __main__ - INFO - 88 - trainer - [172/214] Loss: 31.4626
2024/12/06 11:08:03 - __main__ - INFO - 72 - trainer - Epoch: 1
2024/12/06 11:08:03 - __main__ - INFO - 88 - trainer - [0/214] Loss: 30.0189
2024/12/06 11:08:07 - __main__ - INFO - 88 - trainer - [43/214] Loss: 27.8840
2024/12/06 11:08:11 - __main__ - INFO - 88 - trainer - [86/214] Loss: 26.0167
2024/12/06 11:08:14 - __main__ - INFO - 88 - trainer - [129/214] Loss: 24.0301
2024/12/06 11:08:18 - __main__ - INFO - 88 - trainer - [172/214] Loss: 20.5380
2024/12/06 11:08:22 - __main__ - INFO - 72 - trainer - Epoch: 2
2024/12/06 11:08:22 - __main__ - INFO - 88 - trainer - [0/214] Loss: 16.2612
2024/12/06 11:08:26 - __main__ - INFO - 88 - trainer - [43/214] Loss: 13.9673
2024/12/06 11:08:29 - __main__ - INFO - 88 - trainer - [86/214] Loss: 12.0433
2024/12/06 11:08:33 - __main__ - INFO - 88 - trainer - [129/214] Loss: 10.9316
2024/12/06 11:08:36 - __main__ - INFO - 88 - trainer - [172/214] Loss: 10.4495
2024/12/06 11:08:40 - __main__ - INFO - 72 - trainer - Epoch: 3
2024/12/06 11:08:40 - __main__ - INFO - 88 - trainer - [0/214] Loss: 10.3396
2024/12/06 11:08:44 - __main__ - INFO - 88 - trainer - [43/214] Loss: 9.8709
2024/12/06 11:08:47 - __main__ - INFO - 88 - trainer - [86/214] Loss: 9.9756
2024/12/06 11:08:51 - __main__ - INFO - 88 - trainer - [129/214] Loss: 9.7795
2024/12/06 11:08:55 - __main__ - INFO - 88 - trainer - [172/214] Loss: 9.7275
2024/12/06 11:08:58 - __main__ - INFO - 72 - trainer - Epoch: 4
2024/12/06 11:08:58 - __main__ - INFO - 88 - trainer - [0/214] Loss: 9.6736
2024/12/06 11:09:02 - __main__ - INFO - 88 - trainer - [43/214] Loss: 9.7411
2024/12/06 11:09:06 - __main__ - INFO - 88 - trainer - [86/214] Loss: 9.6676
2024/12/06 11:09:09 - __main__ - INFO - 88 - trainer - [129/214] Loss: 9.5476
2024/12/06 11:09:13 - __main__ - INFO - 88 - trainer - [172/214] Loss: 9.4998
2024/12/06 11:09:16 - __main__ - INFO - 72 - trainer - Epoch: 5
2024/12/06 11:09:16 - __main__ - INFO - 88 - trainer - [0/214] Loss: 9.5049
2024/12/06 11:09:20 - __main__ - INFO - 88 - trainer - [43/214] Loss: 9.5467
2024/12/06 11:09:24 - __main__ - INFO - 88 - trainer - [86/214] Loss: 9.5051
2024/12/06 11:09:28 - __main__ - INFO - 88 - trainer - [129/214] Loss: 9.5175
2024/12/06 11:09:32 - __main__ - INFO - 88 - trainer - [172/214] Loss: 9.4560
2024/12/06 11:09:35 - __main__ - INFO - 72 - trainer - Epoch: 6
2024/12/06 11:09:35 - __main__ - INFO - 88 - trainer - [0/214] Loss: 9.4582
2024/12/06 11:09:39 - __main__ - INFO - 88 - trainer - [43/214] Loss: 9.4045
2024/12/06 11:09:44 - __main__ - INFO - 88 - trainer - [86/214] Loss: 9.3953
2024/12/06 11:09:49 - __main__ - INFO - 88 - trainer - [129/214] Loss: 9.3973
2024/12/06 11:09:54 - __main__ - INFO - 88 - trainer - [172/214] Loss: 9.4110
2024/12/06 11:09:59 - __main__ - INFO - 72 - trainer - Epoch: 7
2024/12/06 11:09:59 - __main__ - INFO - 88 - trainer - [0/214] Loss: 9.3427
2024/12/06 11:10:04 - __main__ - INFO - 88 - trainer - [43/214] Loss: 9.3357
2024/12/06 11:10:08 - __main__ - INFO - 88 - trainer - [86/214] Loss: 9.3584
2024/12/06 11:10:13 - __main__ - INFO - 88 - trainer - [129/214] Loss: 9.3094
2024/12/06 11:10:18 - __main__ - INFO - 88 - trainer - [172/214] Loss: 9.3129
2024/12/06 11:10:23 - __main__ - INFO - 72 - trainer - Epoch: 8
2024/12/06 11:10:23 - __main__ - INFO - 88 - trainer - [0/214] Loss: 9.2639
2024/12/06 11:10:28 - __main__ - INFO - 88 - trainer - [43/214] Loss: 9.3149
2024/12/06 11:10:33 - __main__ - INFO - 88 - trainer - [86/214] Loss: 9.2900
2024/12/06 11:10:38 - __main__ - INFO - 88 - trainer - [129/214] Loss: 9.2571
2024/12/06 11:10:43 - __main__ - INFO - 88 - trainer - [172/214] Loss: 9.3185
2024/12/06 11:10:48 - __main__ - INFO - 72 - trainer - Epoch: 9
2024/12/06 11:10:48 - __main__ - INFO - 88 - trainer - [0/214] Loss: 9.2513
2024/12/06 11:10:53 - __main__ - INFO - 88 - trainer - [43/214] Loss: 9.2249
2024/12/06 11:10:58 - __main__ - INFO - 88 - trainer - [86/214] Loss: 9.2619
2024/12/06 11:11:03 - __main__ - INFO - 88 - trainer - [129/214] Loss: 9.1739
2024/12/06 11:11:08 - __main__ - INFO - 88 - trainer - [172/214] Loss: 9.2146
2024/12/06 11:11:13 - __main__ - INFO - 72 - trainer - Epoch: 10
2024/12/06 11:11:13 - __main__ - INFO - 88 - trainer - [0/214] Loss: 9.1397
2024/12/06 11:11:18 - __main__ - INFO - 88 - trainer - [43/214] Loss: 9.2160
2024/12/06 11:11:23 - __main__ - INFO - 88 - trainer - [86/214] Loss: 9.1637
2024/12/06 11:11:28 - __main__ - INFO - 88 - trainer - [129/214] Loss: 9.1598
2024/12/06 11:11:33 - __main__ - INFO - 88 - trainer - [172/214] Loss: 9.1451
2024/12/06 11:11:37 - __main__ - INFO - 72 - trainer - Epoch: 11
2024/12/06 11:11:38 - __main__ - INFO - 88 - trainer - [0/214] Loss: 9.1801
2024/12/06 11:11:42 - __main__ - INFO - 88 - trainer - [43/214] Loss: 9.1261
2024/12/06 11:11:47 - __main__ - INFO - 88 - trainer - [86/214] Loss: 9.1421
2024/12/06 11:11:52 - __main__ - INFO - 88 - trainer - [129/214] Loss: 9.0213
2024/12/06 11:11:57 - __main__ - INFO - 88 - trainer - [172/214] Loss: 9.1705
2024/12/06 11:12:02 - __main__ - INFO - 72 - trainer - Epoch: 12
2024/12/06 11:12:02 - __main__ - INFO - 88 - trainer - [0/214] Loss: 9.1940
2024/12/06 11:12:07 - __main__ - INFO - 88 - trainer - [43/214] Loss: 9.0500
2024/12/06 11:12:11 - __main__ - INFO - 88 - trainer - [86/214] Loss: 9.0513
2024/12/06 11:12:16 - __main__ - INFO - 88 - trainer - [129/214] Loss: 9.0265
2024/12/06 11:12:21 - __main__ - INFO - 88 - trainer - [172/214] Loss: 8.9957
2024/12/06 11:12:26 - __main__ - INFO - 72 - trainer - Epoch: 13
2024/12/06 11:12:26 - __main__ - INFO - 88 - trainer - [0/214] Loss: 9.0782
2024/12/06 11:12:31 - __main__ - INFO - 88 - trainer - [43/214] Loss: 9.0671
2024/12/06 11:12:36 - __main__ - INFO - 88 - trainer - [86/214] Loss: 8.9923
2024/12/06 11:12:41 - __main__ - INFO - 88 - trainer - [129/214] Loss: 8.9983
2024/12/06 11:12:45 - __main__ - INFO - 88 - trainer - [172/214] Loss: 8.9456
2024/12/06 11:12:50 - __main__ - INFO - 72 - trainer - Epoch: 14
2024/12/06 11:12:51 - __main__ - INFO - 88 - trainer - [0/214] Loss: 8.9814
2024/12/06 11:12:56 - __main__ - INFO - 88 - trainer - [43/214] Loss: 9.0656
2024/12/06 11:13:01 - __main__ - INFO - 88 - trainer - [86/214] Loss: 8.9856
2024/12/06 11:13:06 - __main__ - INFO - 88 - trainer - [129/214] Loss: 8.9299
2024/12/06 11:13:11 - __main__ - INFO - 88 - trainer - [172/214] Loss: 9.0512
2024/12/06 11:13:16 - __main__ - INFO - 72 - trainer - Epoch: 15
2024/12/06 11:13:16 - __main__ - INFO - 88 - trainer - [0/214] Loss: 8.9586
2024/12/06 11:13:21 - __main__ - INFO - 88 - trainer - [43/214] Loss: 9.0307
2024/12/06 11:13:26 - __main__ - INFO - 88 - trainer - [86/214] Loss: 8.9701
2024/12/06 11:13:31 - __main__ - INFO - 88 - trainer - [129/214] Loss: 8.9438
2024/12/06 11:13:35 - __main__ - INFO - 88 - trainer - [172/214] Loss: 9.0763
2024/12/06 11:13:40 - __main__ - INFO - 72 - trainer - Epoch: 16
2024/12/06 11:13:41 - __main__ - INFO - 88 - trainer - [0/214] Loss: 8.9987
2024/12/06 11:13:45 - __main__ - INFO - 88 - trainer - [43/214] Loss: 8.9724
2024/12/06 11:13:50 - __main__ - INFO - 88 - trainer - [86/214] Loss: 8.9876
2024/12/06 11:13:55 - __main__ - INFO - 88 - trainer - [129/214] Loss: 8.9423
2024/12/06 11:14:00 - __main__ - INFO - 88 - trainer - [172/214] Loss: 8.9502
2024/12/06 11:14:05 - __main__ - INFO - 72 - trainer - Epoch: 17
2024/12/06 11:14:05 - __main__ - INFO - 88 - trainer - [0/214] Loss: 8.9308
2024/12/06 11:14:10 - __main__ - INFO - 88 - trainer - [43/214] Loss: 8.9857
2024/12/06 11:14:15 - __main__ - INFO - 88 - trainer - [86/214] Loss: 8.9049
2024/12/06 11:14:20 - __main__ - INFO - 88 - trainer - [129/214] Loss: 9.0795
2024/12/06 11:14:25 - __main__ - INFO - 88 - trainer - [172/214] Loss: 8.9749
2024/12/06 11:14:30 - __main__ - INFO - 72 - trainer - Epoch: 18
2024/12/06 11:14:30 - __main__ - INFO - 88 - trainer - [0/214] Loss: 8.9235
2024/12/06 11:14:35 - __main__ - INFO - 88 - trainer - [43/214] Loss: 9.0068
2024/12/06 11:14:40 - __main__ - INFO - 88 - trainer - [86/214] Loss: 8.9896
2024/12/06 11:14:45 - __main__ - INFO - 88 - trainer - [129/214] Loss: 8.9633
2024/12/06 11:14:50 - __main__ - INFO - 88 - trainer - [172/214] Loss: 8.9006
2024/12/06 11:14:55 - __main__ - INFO - 72 - trainer - Epoch: 19
2024/12/06 11:14:55 - __main__ - INFO - 88 - trainer - [0/214] Loss: 8.8960
2024/12/06 11:15:00 - __main__ - INFO - 88 - trainer - [43/214] Loss: 8.9233
2024/12/06 11:15:05 - __main__ - INFO - 88 - trainer - [86/214] Loss: 8.9734
2024/12/06 11:15:10 - __main__ - INFO - 88 - trainer - [129/214] Loss: 8.9430
2024/12/06 11:15:15 - __main__ - INFO - 88 - trainer - [172/214] Loss: 8.9050
2024/12/06 11:15:20 - __main__ - INFO - 72 - trainer - Epoch: 20
2024/12/06 11:15:20 - __main__ - INFO - 88 - trainer - [0/214] Loss: 8.9240
2024/12/06 11:15:25 - __main__ - INFO - 88 - trainer - [43/214] Loss: 8.9737
2024/12/06 11:15:29 - __main__ - INFO - 88 - trainer - [86/214] Loss: 8.8743
2024/12/06 11:15:34 - __main__ - INFO - 88 - trainer - [129/214] Loss: 8.8086
2024/12/06 11:15:39 - __main__ - INFO - 88 - trainer - [172/214] Loss: 8.8705
2024/12/06 11:15:44 - __main__ - INFO - 94 - trainer - start predicting: 2024-12-06 11:15:44.730013
2024/12/06 11:16:34 - __main__ - INFO - 121 - trainer - {'Best_HR@5': 0.8177, 'Best_NDCG@5': 0.48, 'Best_HR@10': 1.2083, 'Best_NDCG@10': 0.6034, 'Best_HR@20': 1.9074, 'Best_NDCG@20': 0.7782}
2024/12/06 11:16:34 - __main__ - INFO - 122 - trainer - {'Best_epoch_HR@5': 20, 'Best_epoch_NDCG@5': 20, 'Best_epoch_HR@10': 20, 'Best_epoch_NDCG@10': 20, 'Best_epoch_HR@20': 20, 'Best_epoch_NDCG@20': 20}
2024/12/06 11:16:34 - __main__ - INFO - 72 - trainer - Epoch: 21
2024/12/06 11:16:34 - __main__ - INFO - 88 - trainer - [0/214] Loss: 8.9291
2024/12/06 11:16:39 - __main__ - INFO - 88 - trainer - [43/214] Loss: 8.9768
2024/12/06 11:16:44 - __main__ - INFO - 88 - trainer - [86/214] Loss: 8.9470
2024/12/06 11:16:49 - __main__ - INFO - 88 - trainer - [129/214] Loss: 8.9774
2024/12/06 11:16:54 - __main__ - INFO - 88 - trainer - [172/214] Loss: 8.9562
2024/12/06 11:16:59 - __main__ - INFO - 72 - trainer - Epoch: 22
2024/12/06 11:16:59 - __main__ - INFO - 88 - trainer - [0/214] Loss: 8.9909
2024/12/06 11:17:04 - __main__ - INFO - 88 - trainer - [43/214] Loss: 8.9787
2024/12/06 11:17:09 - __main__ - INFO - 88 - trainer - [86/214] Loss: 9.0267
2024/12/06 11:17:14 - __main__ - INFO - 88 - trainer - [129/214] Loss: 9.0318
2024/12/06 11:17:19 - __main__ - INFO - 88 - trainer - [172/214] Loss: 8.9529
2024/12/06 11:17:23 - __main__ - INFO - 72 - trainer - Epoch: 23
2024/12/06 11:17:24 - __main__ - INFO - 88 - trainer - [0/214] Loss: 8.9997
2024/12/06 11:17:28 - __main__ - INFO - 88 - trainer - [43/214] Loss: 8.8983
2024/12/06 11:17:33 - __main__ - INFO - 88 - trainer - [86/214] Loss: 8.9722
2024/12/06 11:17:39 - __main__ - INFO - 88 - trainer - [129/214] Loss: 8.9621
2024/12/06 11:17:43 - __main__ - INFO - 88 - trainer - [172/214] Loss: 9.0250
2024/12/06 11:17:48 - __main__ - INFO - 72 - trainer - Epoch: 24
2024/12/06 11:17:48 - __main__ - INFO - 88 - trainer - [0/214] Loss: 8.9844
2024/12/06 11:17:53 - __main__ - INFO - 88 - trainer - [43/214] Loss: 8.9984
2024/12/06 11:17:58 - __main__ - INFO - 88 - trainer - [86/214] Loss: 8.9408
2024/12/06 11:18:03 - __main__ - INFO - 88 - trainer - [129/214] Loss: 8.9744
2024/12/06 11:18:08 - __main__ - INFO - 88 - trainer - [172/214] Loss: 8.9914
2024/12/06 11:18:13 - __main__ - INFO - 72 - trainer - Epoch: 25
2024/12/06 11:18:13 - __main__ - INFO - 88 - trainer - [0/214] Loss: 8.9458
2024/12/06 11:18:18 - __main__ - INFO - 88 - trainer - [43/214] Loss: 8.8895
2024/12/06 11:18:23 - __main__ - INFO - 88 - trainer - [86/214] Loss: 8.9097
2024/12/06 11:18:28 - __main__ - INFO - 88 - trainer - [129/214] Loss: 8.9305
2024/12/06 11:18:33 - __main__ - INFO - 88 - trainer - [172/214] Loss: 8.9147
2024/12/06 11:18:38 - __main__ - INFO - 72 - trainer - Epoch: 26
2024/12/06 11:18:38 - __main__ - INFO - 88 - trainer - [0/214] Loss: 9.0625
2024/12/06 11:18:43 - __main__ - INFO - 88 - trainer - [43/214] Loss: 9.0188
2024/12/06 11:18:48 - __main__ - INFO - 88 - trainer - [86/214] Loss: 9.0999
2024/12/06 11:18:53 - __main__ - INFO - 88 - trainer - [129/214] Loss: 8.9120
2024/12/06 11:18:58 - __main__ - INFO - 88 - trainer - [172/214] Loss: 9.0025
2024/12/06 11:19:02 - __main__ - INFO - 72 - trainer - Epoch: 27
2024/12/06 11:19:02 - __main__ - INFO - 88 - trainer - [0/214] Loss: 8.9647
2024/12/06 11:19:07 - __main__ - INFO - 88 - trainer - [43/214] Loss: 8.9367
2024/12/06 11:19:12 - __main__ - INFO - 88 - trainer - [86/214] Loss: 8.8951
2024/12/06 11:19:17 - __main__ - INFO - 88 - trainer - [129/214] Loss: 8.9511
2024/12/06 11:19:22 - __main__ - INFO - 88 - trainer - [172/214] Loss: 8.9524
2024/12/06 11:19:27 - __main__ - INFO - 72 - trainer - Epoch: 28
2024/12/06 11:19:28 - __main__ - INFO - 88 - trainer - [0/214] Loss: 8.9703
2024/12/06 11:19:33 - __main__ - INFO - 88 - trainer - [43/214] Loss: 8.9014
2024/12/06 11:19:38 - __main__ - INFO - 88 - trainer - [86/214] Loss: 9.0165
2024/12/06 11:19:42 - __main__ - INFO - 88 - trainer - [129/214] Loss: 9.0338
2024/12/06 11:19:47 - __main__ - INFO - 88 - trainer - [172/214] Loss: 9.0200
2024/12/06 11:19:52 - __main__ - INFO - 72 - trainer - Epoch: 29
2024/12/06 11:19:52 - __main__ - INFO - 88 - trainer - [0/214] Loss: 8.9524
2024/12/06 11:19:57 - __main__ - INFO - 88 - trainer - [43/214] Loss: 8.9894
2024/12/06 11:20:02 - __main__ - INFO - 88 - trainer - [86/214] Loss: 8.9609
2024/12/06 11:20:07 - __main__ - INFO - 88 - trainer - [129/214] Loss: 8.9722
2024/12/06 11:20:12 - __main__ - INFO - 88 - trainer - [172/214] Loss: 8.9637
2024/12/06 11:20:17 - __main__ - INFO - 72 - trainer - Epoch: 30
2024/12/06 11:20:17 - __main__ - INFO - 88 - trainer - [0/214] Loss: 8.9900
2024/12/06 11:20:22 - __main__ - INFO - 88 - trainer - [43/214] Loss: 8.9211
2024/12/06 11:20:27 - __main__ - INFO - 88 - trainer - [86/214] Loss: 8.9915
2024/12/06 11:20:31 - __main__ - INFO - 88 - trainer - [129/214] Loss: 9.0178
2024/12/06 11:20:36 - __main__ - INFO - 88 - trainer - [172/214] Loss: 9.1026
2024/12/06 11:20:41 - __main__ - INFO - 72 - trainer - Epoch: 31
2024/12/06 11:20:41 - __main__ - INFO - 88 - trainer - [0/214] Loss: 8.8602
2024/12/06 11:20:46 - __main__ - INFO - 88 - trainer - [43/214] Loss: 8.9383
2024/12/06 11:20:50 - __main__ - INFO - 88 - trainer - [86/214] Loss: 8.9700
2024/12/06 11:20:55 - __main__ - INFO - 88 - trainer - [129/214] Loss: 8.9256
2024/12/06 11:20:59 - __main__ - INFO - 88 - trainer - [172/214] Loss: 9.0080
2024/12/06 11:21:04 - __main__ - INFO - 72 - trainer - Epoch: 32
2024/12/06 11:21:04 - __main__ - INFO - 88 - trainer - [0/214] Loss: 8.9026
2024/12/06 11:21:09 - __main__ - INFO - 88 - trainer - [43/214] Loss: 8.9678
2024/12/06 11:21:14 - __main__ - INFO - 88 - trainer - [86/214] Loss: 8.9764
2024/12/06 11:21:19 - __main__ - INFO - 88 - trainer - [129/214] Loss: 9.0024
2024/12/06 11:21:24 - __main__ - INFO - 88 - trainer - [172/214] Loss: 9.0301
2024/12/06 11:21:29 - __main__ - INFO - 72 - trainer - Epoch: 33
2024/12/06 11:21:29 - __main__ - INFO - 88 - trainer - [0/214] Loss: 8.8720
2024/12/06 11:21:34 - __main__ - INFO - 88 - trainer - [43/214] Loss: 8.9479
2024/12/06 11:21:39 - __main__ - INFO - 88 - trainer - [86/214] Loss: 8.9105
2024/12/06 11:21:44 - __main__ - INFO - 88 - trainer - [129/214] Loss: 8.9953
2024/12/06 11:21:48 - __main__ - INFO - 88 - trainer - [172/214] Loss: 8.9034
2024/12/06 11:21:53 - __main__ - INFO - 72 - trainer - Epoch: 34
2024/12/06 11:21:53 - __main__ - INFO - 88 - trainer - [0/214] Loss: 8.9074
2024/12/06 11:21:58 - __main__ - INFO - 88 - trainer - [43/214] Loss: 8.9878
2024/12/06 11:22:03 - __main__ - INFO - 88 - trainer - [86/214] Loss: 8.8443
2024/12/06 11:22:08 - __main__ - INFO - 88 - trainer - [129/214] Loss: 8.9197
2024/12/06 11:22:13 - __main__ - INFO - 88 - trainer - [172/214] Loss: 8.9824
2024/12/06 11:22:18 - __main__ - INFO - 72 - trainer - Epoch: 35
2024/12/06 11:22:18 - __main__ - INFO - 88 - trainer - [0/214] Loss: 8.8915
2024/12/06 11:22:23 - __main__ - INFO - 88 - trainer - [43/214] Loss: 8.9344
2024/12/06 11:22:28 - __main__ - INFO - 88 - trainer - [86/214] Loss: 8.9666
2024/12/06 11:22:33 - __main__ - INFO - 88 - trainer - [129/214] Loss: 8.9391
2024/12/06 11:22:38 - __main__ - INFO - 88 - trainer - [172/214] Loss: 8.9979
2024/12/06 11:22:43 - __main__ - INFO - 72 - trainer - Epoch: 36
2024/12/06 11:22:43 - __main__ - INFO - 88 - trainer - [0/214] Loss: 8.8875
2024/12/06 11:22:48 - __main__ - INFO - 88 - trainer - [43/214] Loss: 8.9611
2024/12/06 11:22:53 - __main__ - INFO - 88 - trainer - [86/214] Loss: 8.9842
2024/12/06 11:22:58 - __main__ - INFO - 88 - trainer - [129/214] Loss: 8.9584
2024/12/06 11:23:02 - __main__ - INFO - 88 - trainer - [172/214] Loss: 9.0492
2024/12/06 11:23:07 - __main__ - INFO - 72 - trainer - Epoch: 37
2024/12/06 11:23:07 - __main__ - INFO - 88 - trainer - [0/214] Loss: 8.9070
2024/12/06 11:23:12 - __main__ - INFO - 88 - trainer - [43/214] Loss: 8.9391
2024/12/06 11:23:17 - __main__ - INFO - 88 - trainer - [86/214] Loss: 8.9613
2024/12/06 11:23:22 - __main__ - INFO - 88 - trainer - [129/214] Loss: 8.8983
2024/12/06 11:23:27 - __main__ - INFO - 88 - trainer - [172/214] Loss: 9.0112
2024/12/06 11:23:32 - __main__ - INFO - 72 - trainer - Epoch: 38
2024/12/06 11:23:32 - __main__ - INFO - 88 - trainer - [0/214] Loss: 9.0123
2024/12/06 11:23:37 - __main__ - INFO - 88 - trainer - [43/214] Loss: 8.8214
2024/12/06 11:23:42 - __main__ - INFO - 88 - trainer - [86/214] Loss: 8.9385
2024/12/06 11:23:46 - __main__ - INFO - 88 - trainer - [129/214] Loss: 8.9878
2024/12/06 11:23:51 - __main__ - INFO - 88 - trainer - [172/214] Loss: 8.8879
2024/12/06 11:23:56 - __main__ - INFO - 72 - trainer - Epoch: 39
2024/12/06 11:23:56 - __main__ - INFO - 88 - trainer - [0/214] Loss: 9.0282
2024/12/06 11:24:01 - __main__ - INFO - 88 - trainer - [43/214] Loss: 8.9480
2024/12/06 11:24:06 - __main__ - INFO - 88 - trainer - [86/214] Loss: 8.9257
2024/12/06 11:24:11 - __main__ - INFO - 88 - trainer - [129/214] Loss: 8.9116
2024/12/06 11:24:16 - __main__ - INFO - 88 - trainer - [172/214] Loss: 8.9771
2024/12/06 11:24:21 - __main__ - INFO - 72 - trainer - Epoch: 40
2024/12/06 11:24:21 - __main__ - INFO - 88 - trainer - [0/214] Loss: 8.8658
2024/12/06 11:24:26 - __main__ - INFO - 88 - trainer - [43/214] Loss: 8.9094
2024/12/06 11:24:31 - __main__ - INFO - 88 - trainer - [86/214] Loss: 8.8166
2024/12/06 11:24:36 - __main__ - INFO - 88 - trainer - [129/214] Loss: 9.0047
2024/12/06 11:24:41 - __main__ - INFO - 88 - trainer - [172/214] Loss: 8.9824
2024/12/06 11:24:45 - __main__ - INFO - 94 - trainer - start predicting: 2024-12-06 11:24:45.715317
2024/12/06 11:25:35 - __main__ - INFO - 121 - trainer - {'Best_HR@5': 0.8331, 'Best_NDCG@5': 0.5418, 'Best_HR@10': 1.2289, 'Best_NDCG@10': 0.6713, 'Best_HR@20': 1.9074, 'Best_NDCG@20': 0.8295}
2024/12/06 11:25:35 - __main__ - INFO - 122 - trainer - {'Best_epoch_HR@5': 40, 'Best_epoch_NDCG@5': 40, 'Best_epoch_HR@10': 40, 'Best_epoch_NDCG@10': 40, 'Best_epoch_HR@20': 20, 'Best_epoch_NDCG@20': 40}
2024/12/06 11:25:35 - __main__ - INFO - 72 - trainer - Epoch: 41
2024/12/06 11:25:35 - __main__ - INFO - 88 - trainer - [0/214] Loss: 8.9817
2024/12/06 11:25:40 - __main__ - INFO - 88 - trainer - [43/214] Loss: 8.9505
2024/12/06 11:25:46 - __main__ - INFO - 88 - trainer - [86/214] Loss: 8.9053
2024/12/06 11:25:50 - __main__ - INFO - 88 - trainer - [129/214] Loss: 8.9467
2024/12/06 11:25:55 - __main__ - INFO - 88 - trainer - [172/214] Loss: 8.9473
2024/12/06 11:26:00 - __main__ - INFO - 72 - trainer - Epoch: 42
2024/12/06 11:26:00 - __main__ - INFO - 88 - trainer - [0/214] Loss: 8.9463
2024/12/06 11:26:05 - __main__ - INFO - 88 - trainer - [43/214] Loss: 8.9964
2024/12/06 11:26:10 - __main__ - INFO - 88 - trainer - [86/214] Loss: 9.0898
2024/12/06 11:26:15 - __main__ - INFO - 88 - trainer - [129/214] Loss: 8.9485
2024/12/06 11:26:21 - __main__ - INFO - 88 - trainer - [172/214] Loss: 8.9964
2024/12/06 11:26:25 - __main__ - INFO - 72 - trainer - Epoch: 43
2024/12/06 11:26:25 - __main__ - INFO - 88 - trainer - [0/214] Loss: 8.8897
2024/12/06 11:26:30 - __main__ - INFO - 88 - trainer - [43/214] Loss: 8.9557
2024/12/06 11:26:35 - __main__ - INFO - 88 - trainer - [86/214] Loss: 8.9550
2024/12/06 11:26:40 - __main__ - INFO - 88 - trainer - [129/214] Loss: 8.9458
2024/12/06 11:26:45 - __main__ - INFO - 88 - trainer - [172/214] Loss: 9.0078
2024/12/06 11:26:50 - __main__ - INFO - 72 - trainer - Epoch: 44
2024/12/06 11:26:50 - __main__ - INFO - 88 - trainer - [0/214] Loss: 8.9524
2024/12/06 11:26:55 - __main__ - INFO - 88 - trainer - [43/214] Loss: 8.9775
2024/12/06 11:27:00 - __main__ - INFO - 88 - trainer - [86/214] Loss: 8.8959
2024/12/06 11:27:05 - __main__ - INFO - 88 - trainer - [129/214] Loss: 8.9263
2024/12/06 11:27:10 - __main__ - INFO - 88 - trainer - [172/214] Loss: 8.9607
2024/12/06 11:27:15 - __main__ - INFO - 72 - trainer - Epoch: 45
2024/12/06 11:27:15 - __main__ - INFO - 88 - trainer - [0/214] Loss: 8.9990
2024/12/06 11:27:20 - __main__ - INFO - 88 - trainer - [43/214] Loss: 8.9598
2024/12/06 11:27:25 - __main__ - INFO - 88 - trainer - [86/214] Loss: 8.9507
2024/12/06 11:27:29 - __main__ - INFO - 88 - trainer - [129/214] Loss: 8.9435
2024/12/06 11:27:34 - __main__ - INFO - 88 - trainer - [172/214] Loss: 8.9558
2024/12/06 11:27:39 - __main__ - INFO - 72 - trainer - Epoch: 46
2024/12/06 11:27:39 - __main__ - INFO - 88 - trainer - [0/214] Loss: 8.9430
2024/12/06 11:27:44 - __main__ - INFO - 88 - trainer - [43/214] Loss: 8.9206
2024/12/06 11:27:49 - __main__ - INFO - 88 - trainer - [86/214] Loss: 8.9752
2024/12/06 11:27:54 - __main__ - INFO - 88 - trainer - [129/214] Loss: 8.9343
2024/12/06 11:27:59 - __main__ - INFO - 88 - trainer - [172/214] Loss: 8.9440
2024/12/06 11:28:04 - __main__ - INFO - 72 - trainer - Epoch: 47
2024/12/06 11:28:04 - __main__ - INFO - 88 - trainer - [0/214] Loss: 8.9165
2024/12/06 11:28:09 - __main__ - INFO - 88 - trainer - [43/214] Loss: 8.9725
2024/12/06 11:28:14 - __main__ - INFO - 88 - trainer - [86/214] Loss: 8.8464
2024/12/06 11:28:19 - __main__ - INFO - 88 - trainer - [129/214] Loss: 8.9816
2024/12/06 11:28:24 - __main__ - INFO - 88 - trainer - [172/214] Loss: 8.9734
2024/12/06 11:28:29 - __main__ - INFO - 72 - trainer - Epoch: 48
2024/12/06 11:28:29 - __main__ - INFO - 88 - trainer - [0/214] Loss: 8.9553
2024/12/06 11:28:34 - __main__ - INFO - 88 - trainer - [43/214] Loss: 8.9189
2024/12/06 11:28:39 - __main__ - INFO - 88 - trainer - [86/214] Loss: 8.9538
2024/12/06 11:28:44 - __main__ - INFO - 88 - trainer - [129/214] Loss: 8.9095
2024/12/06 11:28:49 - __main__ - INFO - 88 - trainer - [172/214] Loss: 8.9751
2024/12/06 11:28:54 - __main__ - INFO - 72 - trainer - Epoch: 49
2024/12/06 11:28:54 - __main__ - INFO - 88 - trainer - [0/214] Loss: 8.9760
2024/12/06 11:28:59 - __main__ - INFO - 88 - trainer - [43/214] Loss: 8.9425
2024/12/06 11:29:04 - __main__ - INFO - 88 - trainer - [86/214] Loss: 8.9975
2024/12/06 11:29:09 - __main__ - INFO - 88 - trainer - [129/214] Loss: 8.9341
2024/12/06 11:29:14 - __main__ - INFO - 88 - trainer - [172/214] Loss: 8.8974
2024/12/06 11:29:19 - __main__ - INFO - 72 - trainer - Epoch: 50
2024/12/06 11:29:19 - __main__ - INFO - 88 - trainer - [0/214] Loss: 8.8896
2024/12/06 11:29:24 - __main__ - INFO - 88 - trainer - [43/214] Loss: 8.9213
2024/12/06 11:29:29 - __main__ - INFO - 88 - trainer - [86/214] Loss: 8.9126
2024/12/06 11:29:34 - __main__ - INFO - 88 - trainer - [129/214] Loss: 8.8913
2024/12/06 11:29:38 - __main__ - INFO - 88 - trainer - [172/214] Loss: 8.9055
2024/12/06 11:29:43 - __main__ - INFO - 72 - trainer - Epoch: 51
2024/12/06 11:29:43 - __main__ - INFO - 88 - trainer - [0/214] Loss: 8.9496
2024/12/06 11:29:48 - __main__ - INFO - 88 - trainer - [43/214] Loss: 8.8279
2024/12/06 11:29:53 - __main__ - INFO - 88 - trainer - [86/214] Loss: 8.9149
2024/12/06 11:29:58 - __main__ - INFO - 88 - trainer - [129/214] Loss: 8.8540
2024/12/06 11:30:03 - __main__ - INFO - 88 - trainer - [172/214] Loss: 8.9508
2024/12/06 11:30:08 - __main__ - INFO - 72 - trainer - Epoch: 52
2024/12/06 11:30:08 - __main__ - INFO - 88 - trainer - [0/214] Loss: 8.8586
2024/12/06 11:30:14 - __main__ - INFO - 88 - trainer - [43/214] Loss: 8.8369
2024/12/06 11:30:18 - __main__ - INFO - 88 - trainer - [86/214] Loss: 8.7673
2024/12/06 11:30:23 - __main__ - INFO - 88 - trainer - [129/214] Loss: 8.8372
2024/12/06 11:30:28 - __main__ - INFO - 88 - trainer - [172/214] Loss: 8.8597
2024/12/06 11:30:33 - __main__ - INFO - 72 - trainer - Epoch: 53
2024/12/06 11:30:33 - __main__ - INFO - 88 - trainer - [0/214] Loss: 8.7830
2024/12/06 11:30:38 - __main__ - INFO - 88 - trainer - [43/214] Loss: 8.8107
2024/12/06 11:30:43 - __main__ - INFO - 88 - trainer - [86/214] Loss: 8.7067
2024/12/06 11:30:48 - __main__ - INFO - 88 - trainer - [129/214] Loss: 8.6895
2024/12/06 11:30:53 - __main__ - INFO - 88 - trainer - [172/214] Loss: 8.7263
2024/12/06 11:30:57 - __main__ - INFO - 72 - trainer - Epoch: 54
2024/12/06 11:30:57 - __main__ - INFO - 88 - trainer - [0/214] Loss: 8.6874
2024/12/06 11:31:02 - __main__ - INFO - 88 - trainer - [43/214] Loss: 8.6094
2024/12/06 11:31:07 - __main__ - INFO - 88 - trainer - [86/214] Loss: 8.5276
2024/12/06 11:31:11 - __main__ - INFO - 88 - trainer - [129/214] Loss: 8.6529
2024/12/06 11:31:16 - __main__ - INFO - 88 - trainer - [172/214] Loss: 8.5256
2024/12/06 11:31:20 - __main__ - INFO - 72 - trainer - Epoch: 55
2024/12/06 11:31:20 - __main__ - INFO - 88 - trainer - [0/214] Loss: 8.4477
2024/12/06 11:31:25 - __main__ - INFO - 88 - trainer - [43/214] Loss: 8.3557
2024/12/06 11:31:30 - __main__ - INFO - 88 - trainer - [86/214] Loss: 8.4324
2024/12/06 11:31:35 - __main__ - INFO - 88 - trainer - [129/214] Loss: 8.3871
2024/12/06 11:31:39 - __main__ - INFO - 88 - trainer - [172/214] Loss: 8.3069
2024/12/06 11:31:44 - __main__ - INFO - 72 - trainer - Epoch: 56
2024/12/06 11:31:44 - __main__ - INFO - 88 - trainer - [0/214] Loss: 8.3048
2024/12/06 11:31:49 - __main__ - INFO - 88 - trainer - [43/214] Loss: 8.3536
2024/12/06 11:31:54 - __main__ - INFO - 88 - trainer - [86/214] Loss: 8.3433
2024/12/06 11:31:59 - __main__ - INFO - 88 - trainer - [129/214] Loss: 8.1962
2024/12/06 11:32:03 - __main__ - INFO - 88 - trainer - [172/214] Loss: 8.2864
2024/12/06 11:32:08 - __main__ - INFO - 72 - trainer - Epoch: 57
2024/12/06 11:32:08 - __main__ - INFO - 88 - trainer - [0/214] Loss: 8.2136
2024/12/06 11:32:13 - __main__ - INFO - 88 - trainer - [43/214] Loss: 8.0784
2024/12/06 11:32:18 - __main__ - INFO - 88 - trainer - [86/214] Loss: 8.2015
2024/12/06 11:32:23 - __main__ - INFO - 88 - trainer - [129/214] Loss: 8.0996
2024/12/06 11:32:28 - __main__ - INFO - 88 - trainer - [172/214] Loss: 8.2916
2024/12/06 11:32:33 - __main__ - INFO - 72 - trainer - Epoch: 58
2024/12/06 11:32:33 - __main__ - INFO - 88 - trainer - [0/214] Loss: 8.1305
2024/12/06 11:32:38 - __main__ - INFO - 88 - trainer - [43/214] Loss: 8.0943
2024/12/06 11:32:43 - __main__ - INFO - 88 - trainer - [86/214] Loss: 8.3426
2024/12/06 11:32:48 - __main__ - INFO - 88 - trainer - [129/214] Loss: 8.3137
2024/12/06 11:32:53 - __main__ - INFO - 88 - trainer - [172/214] Loss: 8.2290
2024/12/06 11:32:57 - __main__ - INFO - 72 - trainer - Epoch: 59
2024/12/06 11:32:58 - __main__ - INFO - 88 - trainer - [0/214] Loss: 8.0573
2024/12/06 11:33:03 - __main__ - INFO - 88 - trainer - [43/214] Loss: 8.0264
2024/12/06 11:33:07 - __main__ - INFO - 88 - trainer - [86/214] Loss: 8.0539
2024/12/06 11:33:12 - __main__ - INFO - 88 - trainer - [129/214] Loss: 8.0971
2024/12/06 11:33:17 - __main__ - INFO - 88 - trainer - [172/214] Loss: 8.0691
2024/12/06 11:33:22 - __main__ - INFO - 72 - trainer - Epoch: 60
2024/12/06 11:33:22 - __main__ - INFO - 88 - trainer - [0/214] Loss: 7.9693
2024/12/06 11:33:27 - __main__ - INFO - 88 - trainer - [43/214] Loss: 8.0578
2024/12/06 11:33:32 - __main__ - INFO - 88 - trainer - [86/214] Loss: 8.0081
2024/12/06 11:33:37 - __main__ - INFO - 88 - trainer - [129/214] Loss: 7.8471
2024/12/06 11:33:42 - __main__ - INFO - 88 - trainer - [172/214] Loss: 7.7991
2024/12/06 11:33:46 - __main__ - INFO - 94 - trainer - start predicting: 2024-12-06 11:33:46.917804
2024/12/06 11:34:36 - __main__ - INFO - 72 - trainer - Epoch: 61
2024/12/06 11:34:36 - __main__ - INFO - 88 - trainer - [0/214] Loss: 7.8891
2024/12/06 11:34:41 - __main__ - INFO - 88 - trainer - [43/214] Loss: 8.0217
2024/12/06 11:34:46 - __main__ - INFO - 88 - trainer - [86/214] Loss: 7.8315
2024/12/06 11:34:51 - __main__ - INFO - 88 - trainer - [129/214] Loss: 7.9982
2024/12/06 11:34:56 - __main__ - INFO - 88 - trainer - [172/214] Loss: 7.8364
2024/12/06 11:35:00 - __main__ - INFO - 72 - trainer - Epoch: 62
2024/12/06 11:35:00 - __main__ - INFO - 88 - trainer - [0/214] Loss: 7.9767
2024/12/06 11:35:05 - __main__ - INFO - 88 - trainer - [43/214] Loss: 7.9617
2024/12/06 11:35:10 - __main__ - INFO - 88 - trainer - [86/214] Loss: 7.8051
2024/12/06 11:35:15 - __main__ - INFO - 88 - trainer - [129/214] Loss: 8.0079
2024/12/06 11:35:21 - __main__ - INFO - 88 - trainer - [172/214] Loss: 7.7732
2024/12/06 11:35:25 - __main__ - INFO - 72 - trainer - Epoch: 63
2024/12/06 11:35:25 - __main__ - INFO - 88 - trainer - [0/214] Loss: 7.8972
2024/12/06 11:35:30 - __main__ - INFO - 88 - trainer - [43/214] Loss: 7.8983
2024/12/06 11:35:36 - __main__ - INFO - 88 - trainer - [86/214] Loss: 7.9255
2024/12/06 11:35:41 - __main__ - INFO - 88 - trainer - [129/214] Loss: 7.8490
2024/12/06 11:35:46 - __main__ - INFO - 88 - trainer - [172/214] Loss: 7.7832
2024/12/06 11:35:50 - __main__ - INFO - 72 - trainer - Epoch: 64
2024/12/06 11:35:50 - __main__ - INFO - 88 - trainer - [0/214] Loss: 7.8592
2024/12/06 11:35:55 - __main__ - INFO - 88 - trainer - [43/214] Loss: 7.5906
2024/12/06 11:36:00 - __main__ - INFO - 88 - trainer - [86/214] Loss: 7.7818
2024/12/06 11:36:05 - __main__ - INFO - 88 - trainer - [129/214] Loss: 7.5291
2024/12/06 11:36:10 - __main__ - INFO - 88 - trainer - [172/214] Loss: 7.7915
2024/12/06 11:36:15 - __main__ - INFO - 72 - trainer - Epoch: 65
2024/12/06 11:36:15 - __main__ - INFO - 88 - trainer - [0/214] Loss: 7.9056
2024/12/06 11:36:20 - __main__ - INFO - 88 - trainer - [43/214] Loss: 7.8604
2024/12/06 11:36:25 - __main__ - INFO - 88 - trainer - [86/214] Loss: 7.6445
2024/12/06 11:36:30 - __main__ - INFO - 88 - trainer - [129/214] Loss: 7.7107
2024/12/06 11:36:35 - __main__ - INFO - 88 - trainer - [172/214] Loss: 7.6311
2024/12/06 11:36:40 - __main__ - INFO - 72 - trainer - Epoch: 66
2024/12/06 11:36:40 - __main__ - INFO - 88 - trainer - [0/214] Loss: 7.8999
2024/12/06 11:36:45 - __main__ - INFO - 88 - trainer - [43/214] Loss: 7.5766
2024/12/06 11:36:50 - __main__ - INFO - 88 - trainer - [86/214] Loss: 7.8202
2024/12/06 11:36:55 - __main__ - INFO - 88 - trainer - [129/214] Loss: 7.6153
2024/12/06 11:36:59 - __main__ - INFO - 88 - trainer - [172/214] Loss: 7.9580
2024/12/06 11:37:04 - __main__ - INFO - 72 - trainer - Epoch: 67
2024/12/06 11:37:05 - __main__ - INFO - 88 - trainer - [0/214] Loss: 7.6473
2024/12/06 11:37:09 - __main__ - INFO - 88 - trainer - [43/214] Loss: 7.6832
2024/12/06 11:37:14 - __main__ - INFO - 88 - trainer - [86/214] Loss: 7.7183
2024/12/06 11:37:19 - __main__ - INFO - 88 - trainer - [129/214] Loss: 7.5472
2024/12/06 11:37:24 - __main__ - INFO - 88 - trainer - [172/214] Loss: 7.6156
2024/12/06 11:37:29 - __main__ - INFO - 72 - trainer - Epoch: 68
2024/12/06 11:37:29 - __main__ - INFO - 88 - trainer - [0/214] Loss: 7.4934
2024/12/06 11:37:34 - __main__ - INFO - 88 - trainer - [43/214] Loss: 7.7177
2024/12/06 11:37:39 - __main__ - INFO - 88 - trainer - [86/214] Loss: 7.6827
2024/12/06 11:37:44 - __main__ - INFO - 88 - trainer - [129/214] Loss: 7.5377
2024/12/06 11:37:49 - __main__ - INFO - 88 - trainer - [172/214] Loss: 7.5047
2024/12/06 11:37:54 - __main__ - INFO - 72 - trainer - Epoch: 69
2024/12/06 11:37:54 - __main__ - INFO - 88 - trainer - [0/214] Loss: 7.5156
2024/12/06 11:37:59 - __main__ - INFO - 88 - trainer - [43/214] Loss: 7.6209
2024/12/06 11:38:04 - __main__ - INFO - 88 - trainer - [86/214] Loss: 7.3882
2024/12/06 11:38:09 - __main__ - INFO - 88 - trainer - [129/214] Loss: 7.4297
2024/12/06 11:38:14 - __main__ - INFO - 88 - trainer - [172/214] Loss: 7.7342
2024/12/06 11:38:19 - __main__ - INFO - 72 - trainer - Epoch: 70
2024/12/06 11:38:19 - __main__ - INFO - 88 - trainer - [0/214] Loss: 7.4414
2024/12/06 11:38:24 - __main__ - INFO - 88 - trainer - [43/214] Loss: 7.7368
2024/12/06 11:38:29 - __main__ - INFO - 88 - trainer - [86/214] Loss: 7.5976
2024/12/06 11:38:33 - __main__ - INFO - 88 - trainer - [129/214] Loss: 7.6940
2024/12/06 11:38:38 - __main__ - INFO - 88 - trainer - [172/214] Loss: 7.4306
2024/12/06 11:38:43 - __main__ - INFO - 72 - trainer - Epoch: 71
2024/12/06 11:38:43 - __main__ - INFO - 88 - trainer - [0/214] Loss: 7.4262
2024/12/06 11:38:48 - __main__ - INFO - 88 - trainer - [43/214] Loss: 7.5034
2024/12/06 11:38:53 - __main__ - INFO - 88 - trainer - [86/214] Loss: 7.7837
2024/12/06 11:38:58 - __main__ - INFO - 88 - trainer - [129/214] Loss: 7.4491
2024/12/06 11:39:03 - __main__ - INFO - 88 - trainer - [172/214] Loss: 7.4859
2024/12/06 11:39:08 - __main__ - INFO - 72 - trainer - Epoch: 72
2024/12/06 11:39:08 - __main__ - INFO - 88 - trainer - [0/214] Loss: 7.4523
2024/12/06 11:39:13 - __main__ - INFO - 88 - trainer - [43/214] Loss: 7.3358
2024/12/06 11:39:18 - __main__ - INFO - 88 - trainer - [86/214] Loss: 7.3582
2024/12/06 11:39:23 - __main__ - INFO - 88 - trainer - [129/214] Loss: 7.6321
2024/12/06 11:39:28 - __main__ - INFO - 88 - trainer - [172/214] Loss: 7.2233
2024/12/06 11:39:33 - __main__ - INFO - 72 - trainer - Epoch: 73
2024/12/06 11:39:33 - __main__ - INFO - 88 - trainer - [0/214] Loss: 7.3453
2024/12/06 11:39:38 - __main__ - INFO - 88 - trainer - [43/214] Loss: 7.6222
2024/12/06 11:39:43 - __main__ - INFO - 88 - trainer - [86/214] Loss: 7.4482
2024/12/06 11:39:48 - __main__ - INFO - 88 - trainer - [129/214] Loss: 7.5187
2024/12/06 11:39:53 - __main__ - INFO - 88 - trainer - [172/214] Loss: 7.4315
2024/12/06 11:39:57 - __main__ - INFO - 72 - trainer - Epoch: 74
2024/12/06 11:39:58 - __main__ - INFO - 88 - trainer - [0/214] Loss: 7.4628
2024/12/06 11:40:03 - __main__ - INFO - 88 - trainer - [43/214] Loss: 7.2006
2024/12/06 11:40:08 - __main__ - INFO - 88 - trainer - [86/214] Loss: 7.5413
2024/12/06 11:40:13 - __main__ - INFO - 88 - trainer - [129/214] Loss: 7.2846
2024/12/06 11:40:18 - __main__ - INFO - 88 - trainer - [172/214] Loss: 7.5894
2024/12/06 11:40:22 - __main__ - INFO - 72 - trainer - Epoch: 75
2024/12/06 11:40:22 - __main__ - INFO - 88 - trainer - [0/214] Loss: 7.1594
2024/12/06 11:40:27 - __main__ - INFO - 88 - trainer - [43/214] Loss: 7.6004
2024/12/06 11:40:33 - __main__ - INFO - 88 - trainer - [86/214] Loss: 7.0618
2024/12/06 11:40:37 - __main__ - INFO - 88 - trainer - [129/214] Loss: 7.2165
2024/12/06 11:40:42 - __main__ - INFO - 88 - trainer - [172/214] Loss: 7.2636
2024/12/06 11:40:47 - __main__ - INFO - 72 - trainer - Epoch: 76
2024/12/06 11:40:47 - __main__ - INFO - 88 - trainer - [0/214] Loss: 7.2507
2024/12/06 11:40:52 - __main__ - INFO - 88 - trainer - [43/214] Loss: 7.3085
2024/12/06 11:40:57 - __main__ - INFO - 88 - trainer - [86/214] Loss: 7.2815
2024/12/06 11:41:02 - __main__ - INFO - 88 - trainer - [129/214] Loss: 7.4466
2024/12/06 11:41:07 - __main__ - INFO - 88 - trainer - [172/214] Loss: 7.3438
2024/12/06 11:41:12 - __main__ - INFO - 72 - trainer - Epoch: 77
2024/12/06 11:41:12 - __main__ - INFO - 88 - trainer - [0/214] Loss: 7.2498
2024/12/06 11:41:17 - __main__ - INFO - 88 - trainer - [43/214] Loss: 7.1280
2024/12/06 11:41:22 - __main__ - INFO - 88 - trainer - [86/214] Loss: 7.2328
2024/12/06 11:41:27 - __main__ - INFO - 88 - trainer - [129/214] Loss: 7.0022
2024/12/06 11:41:32 - __main__ - INFO - 88 - trainer - [172/214] Loss: 7.1967
2024/12/06 11:41:37 - __main__ - INFO - 72 - trainer - Epoch: 78
2024/12/06 11:41:37 - __main__ - INFO - 88 - trainer - [0/214] Loss: 7.0761
2024/12/06 11:41:42 - __main__ - INFO - 88 - trainer - [43/214] Loss: 7.3866
2024/12/06 11:41:47 - __main__ - INFO - 88 - trainer - [86/214] Loss: 7.4393
2024/12/06 11:41:51 - __main__ - INFO - 88 - trainer - [129/214] Loss: 7.0704
2024/12/06 11:41:56 - __main__ - INFO - 88 - trainer - [172/214] Loss: 7.2498
2024/12/06 11:42:00 - __main__ - INFO - 72 - trainer - Epoch: 79
2024/12/06 11:42:00 - __main__ - INFO - 88 - trainer - [0/214] Loss: 7.0940
2024/12/06 11:42:05 - __main__ - INFO - 88 - trainer - [43/214] Loss: 7.2162
2024/12/06 11:42:10 - __main__ - INFO - 88 - trainer - [86/214] Loss: 7.1917
2024/12/06 11:42:14 - __main__ - INFO - 88 - trainer - [129/214] Loss: 7.2096
2024/12/06 11:42:19 - __main__ - INFO - 88 - trainer - [172/214] Loss: 6.9218
2024/12/06 11:42:24 - __main__ - INFO - 72 - trainer - Epoch: 80
2024/12/06 11:42:24 - __main__ - INFO - 88 - trainer - [0/214] Loss: 7.1833
2024/12/06 11:42:29 - __main__ - INFO - 88 - trainer - [43/214] Loss: 7.3915
2024/12/06 11:42:33 - __main__ - INFO - 88 - trainer - [86/214] Loss: 7.3044
2024/12/06 11:42:38 - __main__ - INFO - 88 - trainer - [129/214] Loss: 7.0930
2024/12/06 11:42:43 - __main__ - INFO - 88 - trainer - [172/214] Loss: 6.9744
2024/12/06 11:42:47 - __main__ - INFO - 94 - trainer - start predicting: 2024-12-06 11:42:47.764098
2024/12/06 11:43:38 - __main__ - INFO - 72 - trainer - Epoch: 81
2024/12/06 11:43:38 - __main__ - INFO - 88 - trainer - [0/214] Loss: 7.0932
2024/12/06 11:43:43 - __main__ - INFO - 88 - trainer - [43/214] Loss: 7.1495
2024/12/06 11:43:48 - __main__ - INFO - 88 - trainer - [86/214] Loss: 6.9729
2024/12/06 11:43:53 - __main__ - INFO - 88 - trainer - [129/214] Loss: 6.8870
2024/12/06 11:43:58 - __main__ - INFO - 88 - trainer - [172/214] Loss: 6.7915
2024/12/06 11:44:03 - __main__ - INFO - 72 - trainer - Epoch: 82
2024/12/06 11:44:03 - __main__ - INFO - 88 - trainer - [0/214] Loss: 6.7870
2024/12/06 11:44:08 - __main__ - INFO - 88 - trainer - [43/214] Loss: 6.8262
2024/12/06 11:44:13 - __main__ - INFO - 88 - trainer - [86/214] Loss: 7.0852
2024/12/06 11:44:18 - __main__ - INFO - 88 - trainer - [129/214] Loss: 6.8696
2024/12/06 11:44:23 - __main__ - INFO - 88 - trainer - [172/214] Loss: 6.8941
2024/12/06 11:44:28 - __main__ - INFO - 72 - trainer - Epoch: 83
2024/12/06 11:44:28 - __main__ - INFO - 88 - trainer - [0/214] Loss: 6.8052
2024/12/06 11:44:33 - __main__ - INFO - 88 - trainer - [43/214] Loss: 6.7327
2024/12/06 11:44:38 - __main__ - INFO - 88 - trainer - [86/214] Loss: 6.8489
2024/12/06 11:44:43 - __main__ - INFO - 88 - trainer - [129/214] Loss: 6.9312
2024/12/06 11:44:48 - __main__ - INFO - 88 - trainer - [172/214] Loss: 6.8499
2024/12/06 11:44:53 - __main__ - INFO - 72 - trainer - Epoch: 84
2024/12/06 11:44:53 - __main__ - INFO - 88 - trainer - [0/214] Loss: 6.7841
2024/12/06 11:44:58 - __main__ - INFO - 88 - trainer - [43/214] Loss: 6.7138
2024/12/06 11:45:03 - __main__ - INFO - 88 - trainer - [86/214] Loss: 6.8407
2024/12/06 11:45:08 - __main__ - INFO - 88 - trainer - [129/214] Loss: 6.8738
2024/12/06 11:45:13 - __main__ - INFO - 88 - trainer - [172/214] Loss: 6.7665
2024/12/06 11:45:18 - __main__ - INFO - 72 - trainer - Epoch: 85
2024/12/06 11:45:18 - __main__ - INFO - 88 - trainer - [0/214] Loss: 7.0039
2024/12/06 11:45:23 - __main__ - INFO - 88 - trainer - [43/214] Loss: 6.6697
2024/12/06 11:45:28 - __main__ - INFO - 88 - trainer - [86/214] Loss: 6.9845
2024/12/06 11:45:33 - __main__ - INFO - 88 - trainer - [129/214] Loss: 6.9356
2024/12/06 11:45:38 - __main__ - INFO - 88 - trainer - [172/214] Loss: 6.8624
2024/12/06 11:45:43 - __main__ - INFO - 72 - trainer - Epoch: 86
2024/12/06 11:45:43 - __main__ - INFO - 88 - trainer - [0/214] Loss: 6.8325
2024/12/06 11:45:48 - __main__ - INFO - 88 - trainer - [43/214] Loss: 6.7622
2024/12/06 11:45:53 - __main__ - INFO - 88 - trainer - [86/214] Loss: 6.9705
2024/12/06 11:45:58 - __main__ - INFO - 88 - trainer - [129/214] Loss: 6.5255
2024/12/06 11:46:03 - __main__ - INFO - 88 - trainer - [172/214] Loss: 7.0011
2024/12/06 11:46:08 - __main__ - INFO - 72 - trainer - Epoch: 87
2024/12/06 11:46:08 - __main__ - INFO - 88 - trainer - [0/214] Loss: 6.7806
2024/12/06 11:46:12 - __main__ - INFO - 88 - trainer - [43/214] Loss: 6.6287
2024/12/06 11:46:17 - __main__ - INFO - 88 - trainer - [86/214] Loss: 6.8498
2024/12/06 11:46:22 - __main__ - INFO - 88 - trainer - [129/214] Loss: 6.6078
2024/12/06 11:46:27 - __main__ - INFO - 88 - trainer - [172/214] Loss: 6.7895
2024/12/06 11:46:32 - __main__ - INFO - 72 - trainer - Epoch: 88
2024/12/06 11:46:32 - __main__ - INFO - 88 - trainer - [0/214] Loss: 6.6773
2024/12/06 11:46:37 - __main__ - INFO - 88 - trainer - [43/214] Loss: 6.7442
2024/12/06 11:46:42 - __main__ - INFO - 88 - trainer - [86/214] Loss: 6.6458
2024/12/06 11:46:47 - __main__ - INFO - 88 - trainer - [129/214] Loss: 6.7246
2024/12/06 11:46:52 - __main__ - INFO - 88 - trainer - [172/214] Loss: 6.7300
2024/12/06 11:46:57 - __main__ - INFO - 72 - trainer - Epoch: 89
2024/12/06 11:46:57 - __main__ - INFO - 88 - trainer - [0/214] Loss: 7.0060
2024/12/06 11:47:02 - __main__ - INFO - 88 - trainer - [43/214] Loss: 6.7401
2024/12/06 11:47:07 - __main__ - INFO - 88 - trainer - [86/214] Loss: 6.9095
2024/12/06 11:47:12 - __main__ - INFO - 88 - trainer - [129/214] Loss: 6.8777
2024/12/06 11:47:17 - __main__ - INFO - 88 - trainer - [172/214] Loss: 6.5491
2024/12/06 11:47:21 - __main__ - INFO - 72 - trainer - Epoch: 90
2024/12/06 11:47:22 - __main__ - INFO - 88 - trainer - [0/214] Loss: 6.5721
2024/12/06 11:47:27 - __main__ - INFO - 88 - trainer - [43/214] Loss: 6.7150
2024/12/06 11:47:32 - __main__ - INFO - 88 - trainer - [86/214] Loss: 7.1002
2024/12/06 11:47:37 - __main__ - INFO - 88 - trainer - [129/214] Loss: 6.6708
2024/12/06 11:47:42 - __main__ - INFO - 88 - trainer - [172/214] Loss: 6.6123
2024/12/06 11:47:46 - __main__ - INFO - 72 - trainer - Epoch: 91
2024/12/06 11:47:47 - __main__ - INFO - 88 - trainer - [0/214] Loss: 6.6967
2024/12/06 11:47:52 - __main__ - INFO - 88 - trainer - [43/214] Loss: 6.4777
2024/12/06 11:47:57 - __main__ - INFO - 88 - trainer - [86/214] Loss: 6.4664
2024/12/06 11:48:02 - __main__ - INFO - 88 - trainer - [129/214] Loss: 6.2750
2024/12/06 11:48:07 - __main__ - INFO - 88 - trainer - [172/214] Loss: 6.4095
2024/12/06 11:48:11 - __main__ - INFO - 72 - trainer - Epoch: 92
2024/12/06 11:48:11 - __main__ - INFO - 88 - trainer - [0/214] Loss: 6.3638
2024/12/06 11:48:16 - __main__ - INFO - 88 - trainer - [43/214] Loss: 6.3515
2024/12/06 11:48:21 - __main__ - INFO - 88 - trainer - [86/214] Loss: 6.4902
2024/12/06 11:48:26 - __main__ - INFO - 88 - trainer - [129/214] Loss: 6.7485
2024/12/06 11:48:31 - __main__ - INFO - 88 - trainer - [172/214] Loss: 6.3424
2024/12/06 11:48:36 - __main__ - INFO - 72 - trainer - Epoch: 93
2024/12/06 11:48:36 - __main__ - INFO - 88 - trainer - [0/214] Loss: 6.7760
2024/12/06 11:48:41 - __main__ - INFO - 88 - trainer - [43/214] Loss: 6.4219
2024/12/06 11:48:46 - __main__ - INFO - 88 - trainer - [86/214] Loss: 6.5658
2024/12/06 11:48:51 - __main__ - INFO - 88 - trainer - [129/214] Loss: 6.6067
2024/12/06 11:48:56 - __main__ - INFO - 88 - trainer - [172/214] Loss: 6.5823
2024/12/06 11:49:01 - __main__ - INFO - 72 - trainer - Epoch: 94
2024/12/06 11:49:01 - __main__ - INFO - 88 - trainer - [0/214] Loss: 6.3991
2024/12/06 11:49:06 - __main__ - INFO - 88 - trainer - [43/214] Loss: 6.7692
2024/12/06 11:49:11 - __main__ - INFO - 88 - trainer - [86/214] Loss: 6.4851
2024/12/06 11:49:16 - __main__ - INFO - 88 - trainer - [129/214] Loss: 6.5903
2024/12/06 11:49:21 - __main__ - INFO - 88 - trainer - [172/214] Loss: 6.3054
2024/12/06 11:49:26 - __main__ - INFO - 72 - trainer - Epoch: 95
2024/12/06 11:49:26 - __main__ - INFO - 88 - trainer - [0/214] Loss: 6.2505
2024/12/06 11:49:31 - __main__ - INFO - 88 - trainer - [43/214] Loss: 6.4514
2024/12/06 11:49:36 - __main__ - INFO - 88 - trainer - [86/214] Loss: 6.3400
2024/12/06 11:49:41 - __main__ - INFO - 88 - trainer - [129/214] Loss: 6.3226
2024/12/06 11:49:46 - __main__ - INFO - 88 - trainer - [172/214] Loss: 6.5571
2024/12/06 11:49:51 - __main__ - INFO - 72 - trainer - Epoch: 96
2024/12/06 11:49:51 - __main__ - INFO - 88 - trainer - [0/214] Loss: 6.5086
2024/12/06 11:49:56 - __main__ - INFO - 88 - trainer - [43/214] Loss: 6.3009
2024/12/06 11:50:01 - __main__ - INFO - 88 - trainer - [86/214] Loss: 6.2072
2024/12/06 11:50:06 - __main__ - INFO - 88 - trainer - [129/214] Loss: 6.4419
2024/12/06 11:50:11 - __main__ - INFO - 88 - trainer - [172/214] Loss: 6.5983
2024/12/06 11:50:15 - __main__ - INFO - 72 - trainer - Epoch: 97
2024/12/06 11:50:16 - __main__ - INFO - 88 - trainer - [0/214] Loss: 6.4456
2024/12/06 11:50:21 - __main__ - INFO - 88 - trainer - [43/214] Loss: 6.4510
2024/12/06 11:50:26 - __main__ - INFO - 88 - trainer - [86/214] Loss: 6.3243
2024/12/06 11:50:31 - __main__ - INFO - 88 - trainer - [129/214] Loss: 6.2200
2024/12/06 11:50:36 - __main__ - INFO - 88 - trainer - [172/214] Loss: 6.3725
2024/12/06 11:50:40 - __main__ - INFO - 72 - trainer - Epoch: 98
2024/12/06 11:50:40 - __main__ - INFO - 88 - trainer - [0/214] Loss: 6.2288
2024/12/06 11:50:46 - __main__ - INFO - 88 - trainer - [43/214] Loss: 6.0875
2024/12/06 11:50:51 - __main__ - INFO - 88 - trainer - [86/214] Loss: 6.1749
2024/12/06 11:50:56 - __main__ - INFO - 88 - trainer - [129/214] Loss: 6.2465
2024/12/06 11:51:01 - __main__ - INFO - 88 - trainer - [172/214] Loss: 6.2800
2024/12/06 11:51:06 - __main__ - INFO - 72 - trainer - Epoch: 99
2024/12/06 11:51:06 - __main__ - INFO - 88 - trainer - [0/214] Loss: 5.9309
2024/12/06 11:51:11 - __main__ - INFO - 88 - trainer - [43/214] Loss: 6.3195
2024/12/06 11:51:15 - __main__ - INFO - 88 - trainer - [86/214] Loss: 6.1020
2024/12/06 11:51:21 - __main__ - INFO - 88 - trainer - [129/214] Loss: 5.9250
2024/12/06 11:51:26 - __main__ - INFO - 88 - trainer - [172/214] Loss: 5.8809
2024/12/06 11:51:31 - __main__ - INFO - 72 - trainer - Epoch: 100
2024/12/06 11:51:31 - __main__ - INFO - 88 - trainer - [0/214] Loss: 6.2543
2024/12/06 11:51:36 - __main__ - INFO - 88 - trainer - [43/214] Loss: 6.4965
2024/12/06 11:51:41 - __main__ - INFO - 88 - trainer - [86/214] Loss: 6.3788
2024/12/06 11:51:45 - __main__ - INFO - 88 - trainer - [129/214] Loss: 6.3048
2024/12/06 11:51:51 - __main__ - INFO - 88 - trainer - [172/214] Loss: 6.1879
2024/12/06 11:51:55 - __main__ - INFO - 94 - trainer - start predicting: 2024-12-06 11:51:55.715574
2024/12/06 11:52:45 - __main__ - INFO - 72 - trainer - Epoch: 101
2024/12/06 11:52:45 - __main__ - INFO - 88 - trainer - [0/214] Loss: 6.0744
2024/12/06 11:52:50 - __main__ - INFO - 88 - trainer - [43/214] Loss: 6.3801
2024/12/06 11:52:54 - __main__ - INFO - 88 - trainer - [86/214] Loss: 6.1919
2024/12/06 11:52:59 - __main__ - INFO - 88 - trainer - [129/214] Loss: 6.1392
2024/12/06 11:53:04 - __main__ - INFO - 88 - trainer - [172/214] Loss: 6.0752
2024/12/06 11:53:09 - __main__ - INFO - 72 - trainer - Epoch: 102
2024/12/06 11:53:09 - __main__ - INFO - 88 - trainer - [0/214] Loss: 5.9013
2024/12/06 11:53:14 - __main__ - INFO - 88 - trainer - [43/214] Loss: 6.2439
2024/12/06 11:53:19 - __main__ - INFO - 88 - trainer - [86/214] Loss: 6.3867
2024/12/06 11:53:24 - __main__ - INFO - 88 - trainer - [129/214] Loss: 6.2670
2024/12/06 11:53:28 - __main__ - INFO - 88 - trainer - [172/214] Loss: 6.2509
2024/12/06 11:53:33 - __main__ - INFO - 72 - trainer - Epoch: 103
2024/12/06 11:53:33 - __main__ - INFO - 88 - trainer - [0/214] Loss: 6.2563
2024/12/06 11:53:38 - __main__ - INFO - 88 - trainer - [43/214] Loss: 6.1249
2024/12/06 11:53:43 - __main__ - INFO - 88 - trainer - [86/214] Loss: 6.1868
2024/12/06 11:53:48 - __main__ - INFO - 88 - trainer - [129/214] Loss: 6.2511
2024/12/06 11:53:53 - __main__ - INFO - 88 - trainer - [172/214] Loss: 5.9746
2024/12/06 11:53:58 - __main__ - INFO - 72 - trainer - Epoch: 104
2024/12/06 11:53:58 - __main__ - INFO - 88 - trainer - [0/214] Loss: 6.3251
2024/12/06 11:54:03 - __main__ - INFO - 88 - trainer - [43/214] Loss: 6.2393
2024/12/06 11:54:08 - __main__ - INFO - 88 - trainer - [86/214] Loss: 6.2971
2024/12/06 11:54:13 - __main__ - INFO - 88 - trainer - [129/214] Loss: 5.7938
2024/12/06 11:54:18 - __main__ - INFO - 88 - trainer - [172/214] Loss: 5.9606
2024/12/06 11:54:23 - __main__ - INFO - 72 - trainer - Epoch: 105
2024/12/06 11:54:23 - __main__ - INFO - 88 - trainer - [0/214] Loss: 5.7064
2024/12/06 11:54:28 - __main__ - INFO - 88 - trainer - [43/214] Loss: 5.9127
2024/12/06 11:54:33 - __main__ - INFO - 88 - trainer - [86/214] Loss: 5.9462
2024/12/06 11:54:38 - __main__ - INFO - 88 - trainer - [129/214] Loss: 5.8770
2024/12/06 11:54:43 - __main__ - INFO - 88 - trainer - [172/214] Loss: 5.6623
2024/12/06 11:54:48 - __main__ - INFO - 72 - trainer - Epoch: 106
2024/12/06 11:54:48 - __main__ - INFO - 88 - trainer - [0/214] Loss: 5.7927
2024/12/06 11:54:53 - __main__ - INFO - 88 - trainer - [43/214] Loss: 6.0300
2024/12/06 11:54:58 - __main__ - INFO - 88 - trainer - [86/214] Loss: 6.2570
2024/12/06 11:55:03 - __main__ - INFO - 88 - trainer - [129/214] Loss: 6.3255
2024/12/06 11:55:08 - __main__ - INFO - 88 - trainer - [172/214] Loss: 6.1379
2024/12/06 11:55:13 - __main__ - INFO - 72 - trainer - Epoch: 107
2024/12/06 11:55:13 - __main__ - INFO - 88 - trainer - [0/214] Loss: 5.9845
2024/12/06 11:55:18 - __main__ - INFO - 88 - trainer - [43/214] Loss: 6.0875
2024/12/06 11:55:22 - __main__ - INFO - 88 - trainer - [86/214] Loss: 6.1572
2024/12/06 11:55:27 - __main__ - INFO - 88 - trainer - [129/214] Loss: 5.8053
2024/12/06 11:55:32 - __main__ - INFO - 88 - trainer - [172/214] Loss: 5.9093
2024/12/06 11:55:37 - __main__ - INFO - 72 - trainer - Epoch: 108
2024/12/06 11:55:37 - __main__ - INFO - 88 - trainer - [0/214] Loss: 6.0407
2024/12/06 11:55:42 - __main__ - INFO - 88 - trainer - [43/214] Loss: 6.2036
2024/12/06 11:55:47 - __main__ - INFO - 88 - trainer - [86/214] Loss: 5.9912
2024/12/06 11:55:52 - __main__ - INFO - 88 - trainer - [129/214] Loss: 6.1556
2024/12/06 11:55:56 - __main__ - INFO - 88 - trainer - [172/214] Loss: 5.7645
2024/12/06 11:56:01 - __main__ - INFO - 72 - trainer - Epoch: 109
2024/12/06 11:56:01 - __main__ - INFO - 88 - trainer - [0/214] Loss: 6.5287
2024/12/06 11:56:06 - __main__ - INFO - 88 - trainer - [43/214] Loss: 5.9952
2024/12/06 11:56:11 - __main__ - INFO - 88 - trainer - [86/214] Loss: 5.8824
2024/12/06 11:56:16 - __main__ - INFO - 88 - trainer - [129/214] Loss: 5.5288
2024/12/06 11:56:21 - __main__ - INFO - 88 - trainer - [172/214] Loss: 5.9813
2024/12/06 11:56:26 - __main__ - INFO - 72 - trainer - Epoch: 110
2024/12/06 11:56:26 - __main__ - INFO - 88 - trainer - [0/214] Loss: 5.7011
2024/12/06 11:56:31 - __main__ - INFO - 88 - trainer - [43/214] Loss: 6.0113
2024/12/06 11:56:36 - __main__ - INFO - 88 - trainer - [86/214] Loss: 6.0107
2024/12/06 11:56:41 - __main__ - INFO - 88 - trainer - [129/214] Loss: 6.0994
2024/12/06 11:56:46 - __main__ - INFO - 88 - trainer - [172/214] Loss: 6.1128
2024/12/06 11:56:51 - __main__ - INFO - 72 - trainer - Epoch: 111
2024/12/06 11:56:51 - __main__ - INFO - 88 - trainer - [0/214] Loss: 6.2612
2024/12/06 11:56:56 - __main__ - INFO - 88 - trainer - [43/214] Loss: 6.2771
2024/12/06 11:57:01 - __main__ - INFO - 88 - trainer - [86/214] Loss: 6.1070
2024/12/06 11:57:06 - __main__ - INFO - 88 - trainer - [129/214] Loss: 6.0859
2024/12/06 11:57:11 - __main__ - INFO - 88 - trainer - [172/214] Loss: 6.0327
2024/12/06 11:57:16 - __main__ - INFO - 72 - trainer - Epoch: 112
2024/12/06 11:57:16 - __main__ - INFO - 88 - trainer - [0/214] Loss: 6.1476
2024/12/06 11:57:21 - __main__ - INFO - 88 - trainer - [43/214] Loss: 6.1236
2024/12/06 11:57:26 - __main__ - INFO - 88 - trainer - [86/214] Loss: 5.6495
2024/12/06 11:57:31 - __main__ - INFO - 88 - trainer - [129/214] Loss: 5.9992
2024/12/06 11:57:35 - __main__ - INFO - 88 - trainer - [172/214] Loss: 6.1644
2024/12/06 11:57:40 - __main__ - INFO - 72 - trainer - Epoch: 113
2024/12/06 11:57:40 - __main__ - INFO - 88 - trainer - [0/214] Loss: 6.4425
2024/12/06 11:57:45 - __main__ - INFO - 88 - trainer - [43/214] Loss: 5.9201
2024/12/06 11:57:50 - __main__ - INFO - 88 - trainer - [86/214] Loss: 6.2534
2024/12/06 11:57:55 - __main__ - INFO - 88 - trainer - [129/214] Loss: 5.6933
2024/12/06 11:58:00 - __main__ - INFO - 88 - trainer - [172/214] Loss: 6.1604
2024/12/06 11:58:05 - __main__ - INFO - 72 - trainer - Epoch: 114
2024/12/06 11:58:05 - __main__ - INFO - 88 - trainer - [0/214] Loss: 6.1260
2024/12/06 11:58:10 - __main__ - INFO - 88 - trainer - [43/214] Loss: 5.7586
2024/12/06 11:58:15 - __main__ - INFO - 88 - trainer - [86/214] Loss: 6.3134
2024/12/06 11:58:20 - __main__ - INFO - 88 - trainer - [129/214] Loss: 5.9153
2024/12/06 11:58:25 - __main__ - INFO - 88 - trainer - [172/214] Loss: 5.9322
2024/12/06 11:58:30 - __main__ - INFO - 72 - trainer - Epoch: 115
2024/12/06 11:58:30 - __main__ - INFO - 88 - trainer - [0/214] Loss: 6.0500
2024/12/06 11:58:35 - __main__ - INFO - 88 - trainer - [43/214] Loss: 5.9143
2024/12/06 11:58:40 - __main__ - INFO - 88 - trainer - [86/214] Loss: 5.9207
2024/12/06 11:58:45 - __main__ - INFO - 88 - trainer - [129/214] Loss: 6.0753
2024/12/06 11:58:50 - __main__ - INFO - 88 - trainer - [172/214] Loss: 6.0721
2024/12/06 11:58:55 - __main__ - INFO - 72 - trainer - Epoch: 116
2024/12/06 11:58:55 - __main__ - INFO - 88 - trainer - [0/214] Loss: 5.7666
2024/12/06 11:59:00 - __main__ - INFO - 88 - trainer - [43/214] Loss: 5.7185
2024/12/06 11:59:05 - __main__ - INFO - 88 - trainer - [86/214] Loss: 5.7608
2024/12/06 11:59:10 - __main__ - INFO - 88 - trainer - [129/214] Loss: 6.1891
2024/12/06 11:59:15 - __main__ - INFO - 88 - trainer - [172/214] Loss: 5.8998
2024/12/06 11:59:20 - __main__ - INFO - 72 - trainer - Epoch: 117
2024/12/06 11:59:20 - __main__ - INFO - 88 - trainer - [0/214] Loss: 5.7337
2024/12/06 11:59:25 - __main__ - INFO - 88 - trainer - [43/214] Loss: 5.8335
2024/12/06 11:59:30 - __main__ - INFO - 88 - trainer - [86/214] Loss: 5.6778
2024/12/06 11:59:35 - __main__ - INFO - 88 - trainer - [129/214] Loss: 6.2394
2024/12/06 11:59:40 - __main__ - INFO - 88 - trainer - [172/214] Loss: 5.9738
2024/12/06 11:59:44 - __main__ - INFO - 72 - trainer - Epoch: 118
2024/12/06 11:59:44 - __main__ - INFO - 88 - trainer - [0/214] Loss: 6.0374
2024/12/06 11:59:49 - __main__ - INFO - 88 - trainer - [43/214] Loss: 5.8885
2024/12/06 11:59:54 - __main__ - INFO - 88 - trainer - [86/214] Loss: 6.0694
2024/12/06 11:59:59 - __main__ - INFO - 88 - trainer - [129/214] Loss: 5.8571
2024/12/06 12:00:04 - __main__ - INFO - 88 - trainer - [172/214] Loss: 5.8063
2024/12/06 12:00:09 - __main__ - INFO - 72 - trainer - Epoch: 119
2024/12/06 12:00:09 - __main__ - INFO - 88 - trainer - [0/214] Loss: 5.8650
2024/12/06 12:00:14 - __main__ - INFO - 88 - trainer - [43/214] Loss: 6.1572
2024/12/06 12:00:19 - __main__ - INFO - 88 - trainer - [86/214] Loss: 5.5940
2024/12/06 12:00:25 - __main__ - INFO - 88 - trainer - [129/214] Loss: 6.0956
2024/12/06 12:00:30 - __main__ - INFO - 88 - trainer - [172/214] Loss: 5.7732
2024/12/06 12:00:34 - __main__ - INFO - 72 - trainer - Epoch: 120
2024/12/06 12:00:34 - __main__ - INFO - 88 - trainer - [0/214] Loss: 6.2000
2024/12/06 12:00:39 - __main__ - INFO - 88 - trainer - [43/214] Loss: 5.9553
2024/12/06 12:00:44 - __main__ - INFO - 88 - trainer - [86/214] Loss: 5.6749
2024/12/06 12:00:50 - __main__ - INFO - 88 - trainer - [129/214] Loss: 6.0672
2024/12/06 12:00:55 - __main__ - INFO - 88 - trainer - [172/214] Loss: 5.7769
2024/12/06 12:00:59 - __main__ - INFO - 94 - trainer - start predicting: 2024-12-06 12:00:59.944634
2024/12/06 12:01:50 - __main__ - INFO - 72 - trainer - Epoch: 121
2024/12/06 12:01:51 - __main__ - INFO - 88 - trainer - [0/214] Loss: 5.8067
2024/12/06 12:01:56 - __main__ - INFO - 88 - trainer - [43/214] Loss: 5.9392
2024/12/06 12:02:01 - __main__ - INFO - 88 - trainer - [86/214] Loss: 5.8910
2024/12/06 12:02:06 - __main__ - INFO - 88 - trainer - [129/214] Loss: 5.8737
2024/12/06 12:02:11 - __main__ - INFO - 88 - trainer - [172/214] Loss: 6.2503
2024/12/06 12:02:16 - __main__ - INFO - 72 - trainer - Epoch: 122
2024/12/06 12:02:16 - __main__ - INFO - 88 - trainer - [0/214] Loss: 5.9481
2024/12/06 12:02:21 - __main__ - INFO - 88 - trainer - [43/214] Loss: 5.8177
2024/12/06 12:02:26 - __main__ - INFO - 88 - trainer - [86/214] Loss: 6.0492
2024/12/06 12:02:31 - __main__ - INFO - 88 - trainer - [129/214] Loss: 6.0160
2024/12/06 12:02:36 - __main__ - INFO - 88 - trainer - [172/214] Loss: 6.0438
2024/12/06 12:02:40 - __main__ - INFO - 72 - trainer - Epoch: 123
2024/12/06 12:02:41 - __main__ - INFO - 88 - trainer - [0/214] Loss: 6.1373
2024/12/06 12:02:45 - __main__ - INFO - 88 - trainer - [43/214] Loss: 5.7303
2024/12/06 12:02:50 - __main__ - INFO - 88 - trainer - [86/214] Loss: 5.9312
2024/12/06 12:02:55 - __main__ - INFO - 88 - trainer - [129/214] Loss: 5.9136
2024/12/06 12:03:00 - __main__ - INFO - 88 - trainer - [172/214] Loss: 6.0015
2024/12/06 12:03:06 - __main__ - INFO - 72 - trainer - Epoch: 124
2024/12/06 12:03:06 - __main__ - INFO - 88 - trainer - [0/214] Loss: 5.8501
2024/12/06 12:03:11 - __main__ - INFO - 88 - trainer - [43/214] Loss: 5.7532
2024/12/06 12:03:16 - __main__ - INFO - 88 - trainer - [86/214] Loss: 5.7096
2024/12/06 12:03:21 - __main__ - INFO - 88 - trainer - [129/214] Loss: 5.9446
2024/12/06 12:03:26 - __main__ - INFO - 88 - trainer - [172/214] Loss: 6.0289
2024/12/06 12:03:31 - __main__ - INFO - 72 - trainer - Epoch: 125
2024/12/06 12:03:31 - __main__ - INFO - 88 - trainer - [0/214] Loss: 5.8963
2024/12/06 12:03:36 - __main__ - INFO - 88 - trainer - [43/214] Loss: 6.0310
2024/12/06 12:03:40 - __main__ - INFO - 88 - trainer - [86/214] Loss: 5.9892
2024/12/06 12:03:45 - __main__ - INFO - 88 - trainer - [129/214] Loss: 5.6633
2024/12/06 12:03:50 - __main__ - INFO - 88 - trainer - [172/214] Loss: 5.5973
2024/12/06 12:03:54 - __main__ - INFO - 72 - trainer - Epoch: 126
2024/12/06 12:03:54 - __main__ - INFO - 88 - trainer - [0/214] Loss: 6.1953
2024/12/06 12:03:59 - __main__ - INFO - 88 - trainer - [43/214] Loss: 5.7954
2024/12/06 12:04:04 - __main__ - INFO - 88 - trainer - [86/214] Loss: 5.7458
2024/12/06 12:04:09 - __main__ - INFO - 88 - trainer - [129/214] Loss: 5.7919
2024/12/06 12:04:13 - __main__ - INFO - 88 - trainer - [172/214] Loss: 5.9963
2024/12/06 12:04:18 - __main__ - INFO - 72 - trainer - Epoch: 127
2024/12/06 12:04:18 - __main__ - INFO - 88 - trainer - [0/214] Loss: 6.1072
2024/12/06 12:04:23 - __main__ - INFO - 88 - trainer - [43/214] Loss: 5.8155
2024/12/06 12:04:28 - __main__ - INFO - 88 - trainer - [86/214] Loss: 5.6995
2024/12/06 12:04:32 - __main__ - INFO - 88 - trainer - [129/214] Loss: 5.7907
2024/12/06 12:04:37 - __main__ - INFO - 88 - trainer - [172/214] Loss: 5.7244
2024/12/06 12:04:42 - __main__ - INFO - 72 - trainer - Epoch: 128
2024/12/06 12:04:42 - __main__ - INFO - 88 - trainer - [0/214] Loss: 5.8885
2024/12/06 12:04:47 - __main__ - INFO - 88 - trainer - [43/214] Loss: 6.2495
2024/12/06 12:04:52 - __main__ - INFO - 88 - trainer - [86/214] Loss: 5.9740
2024/12/06 12:04:57 - __main__ - INFO - 88 - trainer - [129/214] Loss: 5.8352
2024/12/06 12:05:02 - __main__ - INFO - 88 - trainer - [172/214] Loss: 6.3739
2024/12/06 12:05:07 - __main__ - INFO - 72 - trainer - Epoch: 129
2024/12/06 12:05:07 - __main__ - INFO - 88 - trainer - [0/214] Loss: 5.8024
2024/12/06 12:05:12 - __main__ - INFO - 88 - trainer - [43/214] Loss: 5.8028
2024/12/06 12:05:17 - __main__ - INFO - 88 - trainer - [86/214] Loss: 5.9078
2024/12/06 12:05:21 - __main__ - INFO - 88 - trainer - [129/214] Loss: 6.0222
2024/12/06 12:05:26 - __main__ - INFO - 88 - trainer - [172/214] Loss: 5.9243
2024/12/06 12:05:31 - __main__ - INFO - 72 - trainer - Epoch: 130
2024/12/06 12:05:31 - __main__ - INFO - 88 - trainer - [0/214] Loss: 6.2061
2024/12/06 12:05:36 - __main__ - INFO - 88 - trainer - [43/214] Loss: 5.8543
2024/12/06 12:05:41 - __main__ - INFO - 88 - trainer - [86/214] Loss: 5.9765
2024/12/06 12:05:46 - __main__ - INFO - 88 - trainer - [129/214] Loss: 5.9031
2024/12/06 12:05:51 - __main__ - INFO - 88 - trainer - [172/214] Loss: 5.6148
2024/12/06 12:05:56 - __main__ - INFO - 72 - trainer - Epoch: 131
2024/12/06 12:05:56 - __main__ - INFO - 88 - trainer - [0/214] Loss: 6.0309
2024/12/06 12:06:01 - __main__ - INFO - 88 - trainer - [43/214] Loss: 5.8701
2024/12/06 12:06:06 - __main__ - INFO - 88 - trainer - [86/214] Loss: 5.8590
2024/12/06 12:06:11 - __main__ - INFO - 88 - trainer - [129/214] Loss: 5.4329
2024/12/06 12:06:16 - __main__ - INFO - 88 - trainer - [172/214] Loss: 5.6905
2024/12/06 12:06:21 - __main__ - INFO - 72 - trainer - Epoch: 132
2024/12/06 12:06:21 - __main__ - INFO - 88 - trainer - [0/214] Loss: 5.8740
2024/12/06 12:06:26 - __main__ - INFO - 88 - trainer - [43/214] Loss: 5.8271
2024/12/06 12:06:31 - __main__ - INFO - 88 - trainer - [86/214] Loss: 6.0166
2024/12/06 12:06:36 - __main__ - INFO - 88 - trainer - [129/214] Loss: 5.7071
2024/12/06 12:06:41 - __main__ - INFO - 88 - trainer - [172/214] Loss: 5.8224
2024/12/06 12:06:45 - __main__ - INFO - 72 - trainer - Epoch: 133
2024/12/06 12:06:45 - __main__ - INFO - 88 - trainer - [0/214] Loss: 5.9070
2024/12/06 12:06:51 - __main__ - INFO - 88 - trainer - [43/214] Loss: 5.8903
2024/12/06 12:06:56 - __main__ - INFO - 88 - trainer - [86/214] Loss: 5.7561
2024/12/06 12:07:01 - __main__ - INFO - 88 - trainer - [129/214] Loss: 5.6612
2024/12/06 12:07:05 - __main__ - INFO - 88 - trainer - [172/214] Loss: 5.9898
2024/12/06 12:07:10 - __main__ - INFO - 72 - trainer - Epoch: 134
2024/12/06 12:07:10 - __main__ - INFO - 88 - trainer - [0/214] Loss: 6.1706
2024/12/06 12:07:15 - __main__ - INFO - 88 - trainer - [43/214] Loss: 5.8182
2024/12/06 12:07:20 - __main__ - INFO - 88 - trainer - [86/214] Loss: 5.8769
2024/12/06 12:07:25 - __main__ - INFO - 88 - trainer - [129/214] Loss: 5.7593
2024/12/06 12:07:30 - __main__ - INFO - 88 - trainer - [172/214] Loss: 5.8327
2024/12/06 12:07:35 - __main__ - INFO - 72 - trainer - Epoch: 135
2024/12/06 12:07:35 - __main__ - INFO - 88 - trainer - [0/214] Loss: 5.9471
2024/12/06 12:07:40 - __main__ - INFO - 88 - trainer - [43/214] Loss: 5.6805
2024/12/06 12:07:45 - __main__ - INFO - 88 - trainer - [86/214] Loss: 5.9475
2024/12/06 12:07:50 - __main__ - INFO - 88 - trainer - [129/214] Loss: 5.7757
2024/12/06 12:07:55 - __main__ - INFO - 88 - trainer - [172/214] Loss: 5.8615
2024/12/06 12:08:00 - __main__ - INFO - 72 - trainer - Epoch: 136
2024/12/06 12:08:00 - __main__ - INFO - 88 - trainer - [0/214] Loss: 5.8270
2024/12/06 12:08:04 - __main__ - INFO - 88 - trainer - [43/214] Loss: 5.9880
2024/12/06 12:08:09 - __main__ - INFO - 88 - trainer - [86/214] Loss: 5.6400
2024/12/06 12:08:14 - __main__ - INFO - 88 - trainer - [129/214] Loss: 5.8105
2024/12/06 12:08:19 - __main__ - INFO - 88 - trainer - [172/214] Loss: 5.7888
2024/12/06 12:08:24 - __main__ - INFO - 72 - trainer - Epoch: 137
2024/12/06 12:08:24 - __main__ - INFO - 88 - trainer - [0/214] Loss: 5.5635
2024/12/06 12:08:29 - __main__ - INFO - 88 - trainer - [43/214] Loss: 5.8489
2024/12/06 12:08:34 - __main__ - INFO - 88 - trainer - [86/214] Loss: 5.9835
2024/12/06 12:08:39 - __main__ - INFO - 88 - trainer - [129/214] Loss: 5.9415
2024/12/06 12:08:44 - __main__ - INFO - 88 - trainer - [172/214] Loss: 6.0319
2024/12/06 12:08:48 - __main__ - INFO - 72 - trainer - Epoch: 138
2024/12/06 12:08:48 - __main__ - INFO - 88 - trainer - [0/214] Loss: 6.1508
2024/12/06 12:08:54 - __main__ - INFO - 88 - trainer - [43/214] Loss: 5.6855
2024/12/06 12:08:59 - __main__ - INFO - 88 - trainer - [86/214] Loss: 5.7961
2024/12/06 12:09:04 - __main__ - INFO - 88 - trainer - [129/214] Loss: 5.9812
2024/12/06 12:09:08 - __main__ - INFO - 88 - trainer - [172/214] Loss: 5.8831
2024/12/06 12:09:13 - __main__ - INFO - 72 - trainer - Epoch: 139
2024/12/06 12:09:13 - __main__ - INFO - 88 - trainer - [0/214] Loss: 5.8415
2024/12/06 12:09:18 - __main__ - INFO - 88 - trainer - [43/214] Loss: 5.8370
2024/12/06 12:09:23 - __main__ - INFO - 88 - trainer - [86/214] Loss: 5.5457
2024/12/06 12:09:28 - __main__ - INFO - 88 - trainer - [129/214] Loss: 5.9130
2024/12/06 12:09:33 - __main__ - INFO - 88 - trainer - [172/214] Loss: 5.7473
2024/12/06 12:09:38 - __main__ - INFO - 72 - trainer - Epoch: 140
2024/12/06 12:09:38 - __main__ - INFO - 88 - trainer - [0/214] Loss: 5.9255
2024/12/06 12:09:43 - __main__ - INFO - 88 - trainer - [43/214] Loss: 5.9405
2024/12/06 12:09:48 - __main__ - INFO - 88 - trainer - [86/214] Loss: 5.9231
2024/12/06 12:09:53 - __main__ - INFO - 88 - trainer - [129/214] Loss: 5.9748
2024/12/06 12:09:58 - __main__ - INFO - 88 - trainer - [172/214] Loss: 5.8727
2024/12/06 12:10:03 - __main__ - INFO - 94 - trainer - start predicting: 2024-12-06 12:10:03.118627
2024/12/06 12:10:53 - __main__ - INFO - 128 - trainer - {'Best_HR@5': 0.8331, 'Best_NDCG@5': 0.5418, 'Best_HR@10': 1.2289, 'Best_NDCG@10': 0.6713, 'Best_HR@20': 1.9074, 'Best_NDCG@20': 0.8295}
2024/12/06 12:10:53 - __main__ - INFO - 129 - trainer - {'Best_epoch_HR@5': 40, 'Best_epoch_NDCG@5': 40, 'Best_epoch_HR@10': 40, 'Best_epoch_NDCG@10': 40, 'Best_epoch_HR@20': 20, 'Best_epoch_NDCG@20': 40}
2024/12/06 12:11:44 - __main__ - INFO - 156 - trainer - Test------------------------------------------------------
2024/12/06 12:11:44 - __main__ - INFO - 158 - trainer - {'HR@5': 0.0257, 'NDCG@5': 0.0212, 'HR@10': 0.0411, 'NDCG@10': 0.026, 'HR@20': 0.1028, 'NDCG@20': 0.0408}
2024/12/06 12:11:44 - __main__ - INFO - 160 - trainer - Best Eval---------------------------------------------------------
2024/12/06 12:11:44 - __main__ - INFO - 163 - trainer - {'Best_HR@5': 0.8331, 'Best_NDCG@5': 0.5418, 'Best_HR@10': 1.2289, 'Best_NDCG@10': 0.6713, 'Best_HR@20': 1.9074, 'Best_NDCG@20': 0.8295}
2024/12/06 12:11:44 - __main__ - INFO - 164 - trainer - {'Best_epoch_HR@5': 40, 'Best_epoch_NDCG@5': 40, 'Best_epoch_HR@10': 40, 'Best_epoch_NDCG@10': 40, 'Best_epoch_HR@20': 20, 'Best_epoch_NDCG@20': 40}
